#
# There is insufficient memory for the Java Runtime Environment to continue.
# Native memory allocation (mmap) failed to map 372244480 bytes for G1 virtual space
# Possible reasons:
#   The system is out of physical RAM or swap space
#   The process is running with CompressedOops enabled, and the Java Heap may be blocking the growth of the native heap
# Possible solutions:
#   Reduce memory load on the system
#   Increase physical memory or swap space
#   Check if swap backing store is full
#   Decrease Java heap size (-Xmx/-Xms)
#   Decrease number of Java threads
#   Decrease Java thread stack sizes (-Xss)
#   Set larger code cache with -XX:ReservedCodeCacheSize=
#   JVM is running with Unscaled Compressed Oops mode in which the Java heap is
#     placed in the first 4GB address space. The Java Heap base address is the
#     maximum limit for the native heap growth. Please use -XX:HeapBaseMinAddress
#     to set the Java Heap base and to place the Java Heap above 4GB virtual address.
# This output file may be truncated or incomplete.
#
#  Out of Memory Error (os_windows.cpp:3769), pid=4316, tid=5712
#
# JRE version: OpenJDK Runtime Environment (17.0.6) (build 17.0.6+0-b2043.56-9586694)
# Java VM: OpenJDK 64-Bit Server VM (17.0.6+0-b2043.56-9586694, mixed mode, tiered, compressed oops, compressed class ptrs, g1 gc, windows-amd64)
# No core dump will be written. Minidumps are not enabled by default on client versions of Windows
#

---------------  S U M M A R Y ------------

Command Line: --add-opens=java.base/java.util=ALL-UNNAMED --add-opens=java.base/java.lang=ALL-UNNAMED --add-opens=java.base/java.lang.invoke=ALL-UNNAMED --add-opens=java.prefs/java.util.prefs=ALL-UNNAMED --add-opens=java.base/java.nio.charset=ALL-UNNAMED --add-opens=java.base/java.net=ALL-UNNAMED --add-opens=java.base/java.util.concurrent.atomic=ALL-UNNAMED -Xmx2048m -Dfile.encoding=UTF-8 -Duser.country=BR -Duser.language=pt -Duser.variant org.gradle.launcher.daemon.bootstrap.GradleDaemon 8.0

Host: Intel(R) Core(TM) i3-6100U CPU @ 2.30GHz, 4 cores, 3G,  Windows 10 , 64 bit Build 19041 (10.0.19041.3031)
Time: Thu Oct 19 15:33:05 2023 Hora oficial do Brasil elapsed time: 3209.697543 seconds (0d 0h 53m 29s)

---------------  T H R E A D  ---------------

Current thread (0x0000023bb405f4a0):  VMThread "VM Thread" [stack: 0x000000fd2b100000,0x000000fd2b200000] [id=5712]

Stack: [0x000000fd2b100000,0x000000fd2b200000]
Native frames: (J=compiled Java code, j=interpreted, Vv=VM code, C=native code)
V  [jvm.dll+0x683b4a]
V  [jvm.dll+0x842654]
V  [jvm.dll+0x843dfe]
V  [jvm.dll+0x844463]
V  [jvm.dll+0x249b75]
V  [jvm.dll+0x680a19]
V  [jvm.dll+0x674f0a]
V  [jvm.dll+0x309acb]
V  [jvm.dll+0x310f86]
V  [jvm.dll+0x3608ee]
V  [jvm.dll+0x360b1f]
V  [jvm.dll+0x2dfbf8]
V  [jvm.dll+0x2ddec4]
V  [jvm.dll+0x2dd4cc]
V  [jvm.dll+0x321f3b]
V  [jvm.dll+0x84893b]
V  [jvm.dll+0x849674]
V  [jvm.dll+0x849b8d]
V  [jvm.dll+0x849f64]
V  [jvm.dll+0x84a030]
V  [jvm.dll+0x7f25fa]
V  [jvm.dll+0x682985]
C  [ucrtbase.dll+0x21bb2]
C  [KERNEL32.DLL+0x17614]
C  [ntdll.dll+0x526f1]

VM_Operation (0x000000fd30df5ed0): G1CollectForAllocation, mode: safepoint, requested by thread 0x0000023bbfb1f540


---------------  P R O C E S S  ---------------

Threads class SMR info:
_java_thread_list=0x0000023bc2d68c00, length=97, elements={
0x0000023b98b9db30, 0x0000023bb4096610, 0x0000023bb4098dc0, 0x0000023bb409e2e0,
0x0000023bb4081020, 0x0000023bb4c08810, 0x0000023bb4c09870, 0x0000023bb4c0d630,
0x0000023bb4c0e6d0, 0x0000023bb4c0efd0, 0x0000023bb4d4a000, 0x0000023bb4d90860,
0x0000023bb7aaa800, 0x0000023bb83b6840, 0x0000023bb7137150, 0x0000023bb6488c30,
0x0000023bb6487dc0, 0x0000023bb6488290, 0x0000023bb6488760, 0x0000023bb64895d0,
0x0000023bb6487420, 0x0000023bb82c8030, 0x0000023bb82c5e80, 0x0000023bb82c41a0,
0x0000023bb82c3330, 0x0000023bb82c1180, 0x0000023bb7f0a020, 0x0000023bbb686780,
0x0000023bbb685440, 0x0000023bbfb4b1a0, 0x0000023bbdee57f0, 0x0000023bbd2a6df0,
0x0000023bb7f0f6c0, 0x0000023bc2780110, 0x0000023bc2781df0, 0x0000023bc27805e0,
0x0000023bc2780f80, 0x0000023bc2783130, 0x0000023bc2781450, 0x0000023bb7f0bd00,
0x0000023bb7f10530, 0x0000023bb7f0a9c0, 0x0000023bb7f0c1d0, 0x0000023bb7f09b50,
0x0000023bb7f0d9e0, 0x0000023bbdac34c0, 0x0000023bbdac1cb0, 0x0000023bbd1486f0,
0x0000023bbd148220, 0x0000023bbd146540, 0x0000023bbdac2180, 0x0000023bbdac2b20,
0x0000023bbdac17e0, 0x0000023bbdac3e60, 0x0000023bbdac2ff0, 0x0000023bbdac3990,
0x0000023bbdac04a0, 0x0000023bbdac0970, 0x0000023bbdac0e40, 0x0000023bbdee5cc0,
0x0000023bbdee6660, 0x0000023bbfb20880, 0x0000023bbfb1fa10, 0x0000023bbfb20d50,
0x0000023bbfb1fee0, 0x0000023bbfb22090, 0x0000023bbfb22a30, 0x0000023bbfb203b0,
0x0000023bbfb22560, 0x0000023bbfb21220, 0x0000023bb7f0f1f0, 0x0000023bbd146ee0,
0x0000023bbd149560, 0x0000023bbd1473b0, 0x0000023bbd148bc0, 0x0000023bbd149090,
0x0000023bbf6615b0, 0x0000023bb7f0c6a0, 0x0000023bb7f0cb70, 0x0000023bbf660c10,
0x0000023bb90ab090, 0x0000023bbfb216f0, 0x0000023bb7f113a0, 0x0000023bb7f0d040,
0x0000023bb7f0d510, 0x0000023bb7f0b830, 0x0000023bb7f0deb0, 0x0000023bb7f0ed20,
0x0000023bb7f0e380, 0x0000023bbfb21bc0, 0x0000023bbfb1f540, 0x0000023bbfb1f070,
0x0000023bb7f0ae90, 0x0000023bc2781920, 0x0000023bc2782790, 0x0000023bb7c4ca80,
0x0000023bb7c4c0e0
}

Java Threads: ( => current thread )
  0x0000023b98b9db30 JavaThread "main" [_thread_blocked, id=3996, stack(0x000000fd2ab00000,0x000000fd2ac00000)]
  0x0000023bb4096610 JavaThread "Reference Handler" daemon [_thread_blocked, id=5860, stack(0x000000fd2b200000,0x000000fd2b300000)]
  0x0000023bb4098dc0 JavaThread "Finalizer" daemon [_thread_blocked, id=8, stack(0x000000fd2b300000,0x000000fd2b400000)]
  0x0000023bb409e2e0 JavaThread "Signal Dispatcher" daemon [_thread_blocked, id=964, stack(0x000000fd2b400000,0x000000fd2b500000)]
  0x0000023bb4081020 JavaThread "Attach Listener" daemon [_thread_blocked, id=5748, stack(0x000000fd2b500000,0x000000fd2b600000)]
  0x0000023bb4c08810 JavaThread "Service Thread" daemon [_thread_blocked, id=3040, stack(0x000000fd2b600000,0x000000fd2b700000)]
  0x0000023bb4c09870 JavaThread "Monitor Deflation Thread" daemon [_thread_blocked, id=4780, stack(0x000000fd2b700000,0x000000fd2b800000)]
  0x0000023bb4c0d630 JavaThread "C2 CompilerThread0" daemon [_thread_blocked, id=1216, stack(0x000000fd2b800000,0x000000fd2b900000)]
  0x0000023bb4c0e6d0 JavaThread "C1 CompilerThread0" daemon [_thread_blocked, id=1868, stack(0x000000fd2b900000,0x000000fd2ba00000)]
  0x0000023bb4c0efd0 JavaThread "Sweeper thread" daemon [_thread_blocked, id=6920, stack(0x000000fd2ba00000,0x000000fd2bb00000)]
  0x0000023bb4d4a000 JavaThread "Common-Cleaner" daemon [_thread_blocked, id=5244, stack(0x000000fd2bb00000,0x000000fd2bc00000)]
  0x0000023bb4d90860 JavaThread "Notification Thread" daemon [_thread_blocked, id=5488, stack(0x000000fd2bc00000,0x000000fd2bd00000)]
  0x0000023bb7aaa800 JavaThread "Daemon health stats" [_thread_blocked, id=5768, stack(0x000000fd2be00000,0x000000fd2bf00000)]
  0x0000023bb83b6840 JavaThread "Incoming local TCP Connector on port 61811" [_thread_in_native, id=6344, stack(0x000000fd2c200000,0x000000fd2c300000)]
  0x0000023bb7137150 JavaThread "Daemon periodic checks" [_thread_blocked, id=6640, stack(0x000000fd2c300000,0x000000fd2c400000)]
  0x0000023bb6488c30 JavaThread "Cache worker for journal cache (C:\Users\Mauricio\.gradle\caches\journal-1)" [_thread_blocked, id=4196, stack(0x000000fd2cb00000,0x000000fd2cc00000)]
  0x0000023bb6487dc0 JavaThread "File lock request listener" [_thread_in_native, id=6480, stack(0x000000fd2cc00000,0x000000fd2cd00000)]
  0x0000023bb6488290 JavaThread "Cache worker for file hash cache (C:\Users\Mauricio\.gradle\caches\8.0\fileHashes)" [_thread_blocked, id=5524, stack(0x000000fd2cd00000,0x000000fd2ce00000)]
  0x0000023bb6488760 JavaThread "File watcher server" daemon [_thread_blocked, id=4916, stack(0x000000fd2ce00000,0x000000fd2cf00000)]
  0x0000023bb64895d0 JavaThread "File watcher consumer" daemon [_thread_blocked, id=6912, stack(0x000000fd2cf00000,0x000000fd2d000000)]
  0x0000023bb6487420 JavaThread "Cache worker for file content cache (C:\Users\Mauricio\.gradle\caches\8.0\fileContent)" [_thread_blocked, id=7068, stack(0x000000fd2d200000,0x000000fd2d300000)]
  0x0000023bb82c8030 JavaThread "Cache worker for execution history cache (C:\Users\Mauricio\.gradle\caches\8.0\executionHistory)" [_thread_blocked, id=6492, stack(0x000000fd2d500000,0x000000fd2d600000)]
  0x0000023bb82c5e80 JavaThread "jar transforms" [_thread_blocked, id=5556, stack(0x000000fd2d700000,0x000000fd2d800000)]
  0x0000023bb82c41a0 JavaThread "jar transforms Thread 2" [_thread_blocked, id=5056, stack(0x000000fd2d800000,0x000000fd2d900000)]
  0x0000023bb82c3330 JavaThread "jar transforms Thread 3" [_thread_blocked, id=2752, stack(0x000000fd2da00000,0x000000fd2db00000)]
  0x0000023bb82c1180 JavaThread "jar transforms Thread 4" [_thread_blocked, id=6184, stack(0x000000fd2db00000,0x000000fd2dc00000)]
  0x0000023bb7f0a020 JavaThread "Memory manager" [_thread_blocked, id=4864, stack(0x000000fd30700000,0x000000fd30800000)]
  0x0000023bbb686780 JavaThread "pool-3-thread-1" [_thread_blocked, id=4940, stack(0x000000fd30800000,0x000000fd30900000)]
  0x0000023bbb685440 JavaThread "Cache worker for Java compile cache (C:\Users\Mauricio\.gradle\caches\8.0\javaCompile)" [_thread_blocked, id=3964, stack(0x000000fd2a900000,0x000000fd2aa00000)]
  0x0000023bbfb4b1a0 JavaThread "pool-8-thread-1" [_thread_blocked, id=1152, stack(0x000000fd30500000,0x000000fd30600000)]
  0x0000023bbdee57f0 JavaThread "pool-12-thread-1" [_thread_blocked, id=5236, stack(0x000000fd30600000,0x000000fd30700000)]
  0x0000023bbd2a6df0 JavaThread "pool-15-thread-1" [_thread_blocked, id=3080, stack(0x000000fd2d900000,0x000000fd2da00000)]
  0x0000023bb7f0f6c0 JavaThread "Daemon Thread 4" [_thread_blocked, id=7896, stack(0x000000fd2a800000,0x000000fd2a900000)]
  0x0000023bc2780110 JavaThread "Handler for socket connection from /127.0.0.1:61811 to /127.0.0.1:64278" [_thread_in_native, id=1852, stack(0x000000fd2aa00000,0x000000fd2ab00000)]
  0x0000023bc2781df0 JavaThread "Cancel handler" [_thread_blocked, id=7792, stack(0x000000fd2c400000,0x000000fd2c500000)]
  0x0000023bc27805e0 JavaThread "Daemon worker Thread 4" [_thread_blocked, id=5992, stack(0x000000fd2c500000,0x000000fd2c600000)]
  0x0000023bc2780f80 JavaThread "Asynchronous log dispatcher for DefaultDaemonConnection: socket connection from /127.0.0.1:61811 to /127.0.0.1:64278" [_thread_blocked, id=7300, stack(0x000000fd2c600000,0x000000fd2c700000)]
  0x0000023bc2783130 JavaThread "Stdin handler" [_thread_blocked, id=4792, stack(0x000000fd2c700000,0x000000fd2c800000)]
  0x0000023bc2781450 JavaThread "Daemon client event forwarder" [_thread_blocked, id=528, stack(0x000000fd2c800000,0x000000fd2c900000)]
  0x0000023bb7f0bd00 JavaThread "Cache worker for checksums cache (C:\PROGRAMAS\ComprasAndroid\.gradle\8.0\checksums)" [_thread_blocked, id=6244, stack(0x000000fd2c900000,0x000000fd2ca00000)]
  0x0000023bb7f10530 JavaThread "Cache worker for cache directory md-rule (C:\Users\Mauricio\.gradle\caches\8.0\md-rule)" [_thread_blocked, id=7576, stack(0x000000fd2ca00000,0x000000fd2cb00000)]
  0x0000023bb7f0a9c0 JavaThread "Cache worker for file hash cache (C:\PROGRAMAS\ComprasAndroid\.gradle\8.0\fileHashes)" [_thread_blocked, id=7732, stack(0x000000fd2d000000,0x000000fd2d100000)]
  0x0000023bb7f0c1d0 JavaThread "Cache worker for cache directory md-supplier (C:\Users\Mauricio\.gradle\caches\8.0\md-supplier)" [_thread_blocked, id=7688, stack(0x000000fd2d100000,0x000000fd2d200000)]
  0x0000023bb7f09b50 JavaThread "Cache worker for dependencies-accessors (C:\PROGRAMAS\ComprasAndroid\.gradle\8.0\dependencies-accessors)" [_thread_blocked, id=7676, stack(0x000000fd2d300000,0x000000fd2d400000)]
  0x0000023bb7f0d9e0 JavaThread "Cache worker for Build Output Cleanup Cache (C:\PROGRAMAS\ComprasAndroid\.gradle\buildOutputCleanup)" [_thread_blocked, id=6296, stack(0x000000fd2d400000,0x000000fd2d500000)]
  0x0000023bbdac34c0 JavaThread "Unconstrained build operations" [_thread_blocked, id=6432, stack(0x000000fd2dc00000,0x000000fd2dd00000)]
  0x0000023bbdac1cb0 JavaThread "Unconstrained build operations Thread 2" [_thread_blocked, id=7468, stack(0x000000fd2dd00000,0x000000fd2de00000)]
  0x0000023bbd1486f0 JavaThread "Unconstrained build operations Thread 3" [_thread_blocked, id=224, stack(0x000000fd2de00000,0x000000fd2df00000)]
  0x0000023bbd148220 JavaThread "Unconstrained build operations Thread 4" [_thread_blocked, id=7020, stack(0x000000fd2df00000,0x000000fd2e000000)]
  0x0000023bbd146540 JavaThread "Unconstrained build operations Thread 5" [_thread_blocked, id=3688, stack(0x000000fd2e000000,0x000000fd2e100000)]
  0x0000023bbdac2180 JavaThread "Unconstrained build operations Thread 6" [_thread_blocked, id=4228, stack(0x000000fd2e100000,0x000000fd2e200000)]
  0x0000023bbdac2b20 JavaThread "Unconstrained build operations Thread 7" [_thread_blocked, id=3120, stack(0x000000fd2e200000,0x000000fd2e300000)]
  0x0000023bbdac17e0 JavaThread "Unconstrained build operations Thread 8" [_thread_blocked, id=7564, stack(0x000000fd2e300000,0x000000fd2e400000)]
  0x0000023bbdac3e60 JavaThread "Unconstrained build operations Thread 9" [_thread_blocked, id=7592, stack(0x000000fd2e400000,0x000000fd2e500000)]
  0x0000023bbdac2ff0 JavaThread "Unconstrained build operations Thread 10" [_thread_blocked, id=7320, stack(0x000000fd2e500000,0x000000fd2e600000)]
  0x0000023bbdac3990 JavaThread "Unconstrained build operations Thread 11" [_thread_blocked, id=3976, stack(0x000000fd2e600000,0x000000fd2e700000)]
  0x0000023bbdac04a0 JavaThread "Unconstrained build operations Thread 12" [_thread_blocked, id=2204, stack(0x000000fd2e700000,0x000000fd2e800000)]
  0x0000023bbdac0970 JavaThread "Unconstrained build operations Thread 13" [_thread_blocked, id=7380, stack(0x000000fd2e800000,0x000000fd2e900000)]
  0x0000023bbdac0e40 JavaThread "Unconstrained build operations Thread 14" [_thread_blocked, id=6356, stack(0x000000fd2e900000,0x000000fd2ea00000)]
  0x0000023bbdee5cc0 JavaThread "Unconstrained build operations Thread 15" [_thread_blocked, id=7540, stack(0x000000fd2ea00000,0x000000fd2eb00000)]
  0x0000023bbdee6660 JavaThread "Unconstrained build operations Thread 16" [_thread_blocked, id=8120, stack(0x000000fd2eb00000,0x000000fd2ec00000)]
  0x0000023bbfb20880 JavaThread "Unconstrained build operations Thread 17" [_thread_blocked, id=7872, stack(0x000000fd2ec00000,0x000000fd2ed00000)]
  0x0000023bbfb1fa10 JavaThread "Unconstrained build operations Thread 18" [_thread_blocked, id=5196, stack(0x000000fd2ed00000,0x000000fd2ee00000)]
  0x0000023bbfb20d50 JavaThread "Unconstrained build operations Thread 19" [_thread_blocked, id=7620, stack(0x000000fd2ee00000,0x000000fd2ef00000)]
  0x0000023bbfb1fee0 JavaThread "Unconstrained build operations Thread 20" [_thread_blocked, id=7940, stack(0x000000fd2ef00000,0x000000fd2f000000)]
  0x0000023bbfb22090 JavaThread "Unconstrained build operations Thread 21" [_thread_blocked, id=7368, stack(0x000000fd2f000000,0x000000fd2f100000)]
  0x0000023bbfb22a30 JavaThread "Unconstrained build operations Thread 22" [_thread_blocked, id=7520, stack(0x000000fd2f100000,0x000000fd2f200000)]
  0x0000023bbfb203b0 JavaThread "Unconstrained build operations Thread 23" [_thread_blocked, id=8024, stack(0x000000fd2f200000,0x000000fd2f300000)]
  0x0000023bbfb22560 JavaThread "Unconstrained build operations Thread 24" [_thread_blocked, id=5028, stack(0x000000fd2f300000,0x000000fd2f400000)]
  0x0000023bbfb21220 JavaThread "Unconstrained build operations Thread 25" [_thread_blocked, id=7652, stack(0x000000fd2f400000,0x000000fd2f500000)]
  0x0000023bb7f0f1f0 JavaThread "Unconstrained build operations Thread 26" [_thread_blocked, id=3616, stack(0x000000fd2f500000,0x000000fd2f600000)]
  0x0000023bbd146ee0 JavaThread "Unconstrained build operations Thread 27" [_thread_blocked, id=5884, stack(0x000000fd2f600000,0x000000fd2f700000)]
  0x0000023bbd149560 JavaThread "Unconstrained build operations Thread 28" [_thread_blocked, id=3212, stack(0x000000fd2f700000,0x000000fd2f800000)]
  0x0000023bbd1473b0 JavaThread "Unconstrained build operations Thread 29" [_thread_blocked, id=1552, stack(0x000000fd2f800000,0x000000fd2f900000)]
  0x0000023bbd148bc0 JavaThread "Unconstrained build operations Thread 30" [_thread_blocked, id=7900, stack(0x000000fd2f900000,0x000000fd2fa00000)]
  0x0000023bbd149090 JavaThread "Unconstrained build operations Thread 31" [_thread_blocked, id=3472, stack(0x000000fd2fa00000,0x000000fd2fb00000)]
  0x0000023bbf6615b0 JavaThread "Unconstrained build operations Thread 32" [_thread_blocked, id=7348, stack(0x000000fd2fb00000,0x000000fd2fc00000)]
  0x0000023bb7f0c6a0 JavaThread "Unconstrained build operations Thread 33" [_thread_blocked, id=4232, stack(0x000000fd2fc00000,0x000000fd2fd00000)]
  0x0000023bb7f0cb70 JavaThread "Unconstrained build operations Thread 34" [_thread_blocked, id=7192, stack(0x000000fd2fd00000,0x000000fd2fe00000)]
  0x0000023bbf660c10 JavaThread "Unconstrained build operations Thread 35" [_thread_blocked, id=3960, stack(0x000000fd2fe00000,0x000000fd2ff00000)]
  0x0000023bb90ab090 JavaThread "Unconstrained build operations Thread 36" [_thread_blocked, id=4776, stack(0x000000fd2ff00000,0x000000fd30000000)]
  0x0000023bbfb216f0 JavaThread "Unconstrained build operations Thread 37" [_thread_blocked, id=7328, stack(0x000000fd30000000,0x000000fd30100000)]
  0x0000023bb7f113a0 JavaThread "Unconstrained build operations Thread 38" [_thread_blocked, id=7716, stack(0x000000fd30100000,0x000000fd30200000)]
  0x0000023bb7f0d040 JavaThread "Unconstrained build operations Thread 39" [_thread_blocked, id=2136, stack(0x000000fd30200000,0x000000fd30300000)]
  0x0000023bb7f0d510 JavaThread "Unconstrained build operations Thread 40" [_thread_blocked, id=6780, stack(0x000000fd30300000,0x000000fd30400000)]
  0x0000023bb7f0b830 JavaThread "build event listener" [_thread_blocked, id=6668, stack(0x000000fd30400000,0x000000fd30500000)]
  0x0000023bb7f0deb0 JavaThread "pool-20-thread-1" [_thread_blocked, id=5732, stack(0x000000fd30900000,0x000000fd30a00000)]
  0x0000023bb7f0ed20 JavaThread "build event listener" [_thread_blocked, id=6840, stack(0x000000fd30a00000,0x000000fd30b00000)]
  0x0000023bb7f0e380 JavaThread "included builds" [_thread_blocked, id=1928, stack(0x000000fd30b00000,0x000000fd30c00000)]
  0x0000023bbfb21bc0 JavaThread "Execution worker" [_thread_blocked, id=3176, stack(0x000000fd30c00000,0x000000fd30d00000)]
  0x0000023bbfb1f540 JavaThread "Execution worker Thread 2" [_thread_blocked, id=7984, stack(0x000000fd30d00000,0x000000fd30e00000)]
  0x0000023bbfb1f070 JavaThread "Execution worker Thread 3" [_thread_blocked, id=7212, stack(0x000000fd30e00000,0x000000fd30f00000)]
  0x0000023bb7f0ae90 JavaThread "Cache worker for execution history cache (C:\PROGRAMAS\ComprasAndroid\.gradle\8.0\executionHistory)" [_thread_blocked, id=7524, stack(0x000000fd30f00000,0x000000fd31000000)]
  0x0000023bc2781920 JavaThread "Build operations" [_thread_blocked, id=7724, stack(0x000000fd31000000,0x000000fd31100000)]
  0x0000023bc2782790 JavaThread "Build operations Thread 2" [_thread_blocked, id=6584, stack(0x000000fd31100000,0x000000fd31200000)]
  0x0000023bb7c4ca80 JavaThread "Build operations Thread 3" [_thread_blocked, id=4552, stack(0x000000fd31200000,0x000000fd31300000)]
  0x0000023bb7c4c0e0 JavaThread "Build operations Thread 4" [_thread_blocked, id=5144, stack(0x000000fd31300000,0x000000fd31400000)]

Other Threads:
=>0x0000023bb405f4a0 VMThread "VM Thread" [stack: 0x000000fd2b100000,0x000000fd2b200000] [id=5712]
  0x0000023bb4d92d40 WatcherThread [stack: 0x000000fd2bd00000,0x000000fd2be00000] [id=7144]
  0x0000023b98bfb780 GCTaskThread "GC Thread#0" [stack: 0x000000fd2ac00000,0x000000fd2ad00000] [id=1708]
  0x0000023bb4f57420 GCTaskThread "GC Thread#1" [stack: 0x000000fd2bf00000,0x000000fd2c000000] [id=5912]
  0x0000023bb52fe440 GCTaskThread "GC Thread#2" [stack: 0x000000fd2c000000,0x000000fd2c100000] [id=6708]
  0x0000023bb4e9a850 GCTaskThread "GC Thread#3" [stack: 0x000000fd2c100000,0x000000fd2c200000] [id=5656]
  0x0000023b98c0c5d0 ConcurrentGCThread "G1 Main Marker" [stack: 0x000000fd2ad00000,0x000000fd2ae00000] [id=2792]
  0x0000023b98c0d690 ConcurrentGCThread "G1 Conc#0" [stack: 0x000000fd2ae00000,0x000000fd2af00000] [id=6972]
  0x0000023b98c57a30 ConcurrentGCThread "G1 Refine#0" [stack: 0x000000fd2af00000,0x000000fd2b000000] [id=6384]
  0x0000023bb77176b0 ConcurrentGCThread "G1 Refine#1" [stack: 0x000000fd2d600000,0x000000fd2d700000] [id=5068]
  0x0000023b98c59370 ConcurrentGCThread "G1 Service" [stack: 0x000000fd2b000000,0x000000fd2b100000] [id=2756]

Threads with active compile tasks:
C2 CompilerThread0  3210149 24127       4       com.sun.tools.javac.util.List::reverse (55 bytes)

VM state: at safepoint (normal execution)

VM Mutex/Monitor currently owned by a thread:  ([mutex/lock_event])
[0x0000023b98b98fd0] Threads_lock - owner thread: 0x0000023bb405f4a0
[0x0000023b98b9a530] Heap_lock - owner thread: 0x0000023bbfb1f540

Heap address: 0x0000000080000000, size: 2048 MB, Compressed Oops mode: 32-bit

CDS archive(s) not mapped
Compressed class space mapped at: 0x0000000100000000-0x0000000140000000, reserved size: 1073741824
Narrow klass base: 0x0000000000000000, Narrow klass shift: 3, Narrow klass range: 0x140000000

GC Precious Log:
 CPUs: 4 total, 4 available
 Memory: 3977M
 Large Page Support: Disabled
 NUMA Support: Disabled
 Compressed Oops: Enabled (32-bit)
 Heap Region Size: 1M
 Heap Min Capacity: 8M
 Heap Initial Capacity: 64M
 Heap Max Capacity: 2G
 Pre-touch: Disabled
 Parallel Workers: 4
 Concurrent Workers: 1
 Concurrent Refinement Workers: 4
 Periodic GC: Disabled

Heap:
 garbage-first heap   total 243712K, used 157816K [0x0000000080000000, 0x0000000100000000)
  region size 1024K, 2 young (2048K), 2 survivors (2048K)
 Metaspace       used 136652K, committed 137600K, reserved 1171456K
  class space    used 17921K, committed 18368K, reserved 1048576K

Heap Regions: E=young(eden), S=young(survivor), O=old, HS=humongous(starts), HC=humongous(continues), CS=collection set, F=free, OA=open archive, CA=closed archive, TAMS=top-at-mark-start (previous, next)
|   0|0x0000000080000000, 0x0000000080100000, 0x0000000080100000|100%| O|  |TAMS 0x0000000080100000, 0x0000000080000000| Untracked 
|   1|0x0000000080100000, 0x0000000080200000, 0x0000000080200000|100%| O|  |TAMS 0x0000000080200000, 0x0000000080100000| Untracked 
|   2|0x0000000080200000, 0x0000000080300000, 0x0000000080300000|100%|HS|  |TAMS 0x0000000080300000, 0x0000000080200000| Complete 
|   3|0x0000000080300000, 0x0000000080400000, 0x0000000080400000|100%|HC|  |TAMS 0x0000000080400000, 0x0000000080300000| Complete 
|   4|0x0000000080400000, 0x0000000080500000, 0x0000000080500000|100%|HC|  |TAMS 0x0000000080500000, 0x0000000080400000| Complete 
|   5|0x0000000080500000, 0x0000000080600000, 0x0000000080600000|100%|HC|  |TAMS 0x0000000080600000, 0x0000000080500000| Complete 
|   6|0x0000000080600000, 0x0000000080700000, 0x0000000080700000|100%| O|  |TAMS 0x0000000080700000, 0x0000000080600000| Untracked 
|   7|0x0000000080700000, 0x0000000080800000, 0x0000000080800000|100%| O|  |TAMS 0x0000000080800000, 0x0000000080700000| Untracked 
|   8|0x0000000080800000, 0x0000000080900000, 0x0000000080900000|100%| O|  |TAMS 0x0000000080900000, 0x0000000080800000| Untracked 
|   9|0x0000000080900000, 0x0000000080a00000, 0x0000000080a00000|100%| O|  |TAMS 0x0000000080a00000, 0x0000000080900000| Untracked 
|  10|0x0000000080a00000, 0x0000000080b00000, 0x0000000080b00000|100%| O|  |TAMS 0x0000000080b00000, 0x0000000080a00000| Untracked 
|  11|0x0000000080b00000, 0x0000000080c00000, 0x0000000080c00000|100%| O|  |TAMS 0x0000000080c00000, 0x0000000080b00000| Untracked 
|  12|0x0000000080c00000, 0x0000000080d00000, 0x0000000080d00000|100%| O|  |TAMS 0x0000000080d00000, 0x0000000080c00000| Untracked 
|  13|0x0000000080d00000, 0x0000000080e00000, 0x0000000080e00000|100%| O|  |TAMS 0x0000000080e00000, 0x0000000080d00000| Untracked 
|  14|0x0000000080e00000, 0x0000000080f00000, 0x0000000080f00000|100%| O|  |TAMS 0x0000000080f00000, 0x0000000080e00000| Untracked 
|  15|0x0000000080f00000, 0x0000000081000000, 0x0000000081000000|100%| O|  |TAMS 0x0000000081000000, 0x0000000080f00000| Untracked 
|  16|0x0000000081000000, 0x0000000081100000, 0x0000000081100000|100%| O|  |TAMS 0x0000000081100000, 0x0000000081000000| Untracked 
|  17|0x0000000081100000, 0x0000000081200000, 0x0000000081200000|100%| O|  |TAMS 0x0000000081200000, 0x0000000081100000| Untracked 
|  18|0x0000000081200000, 0x0000000081300000, 0x0000000081300000|100%| O|  |TAMS 0x0000000081300000, 0x0000000081200000| Untracked 
|  19|0x0000000081300000, 0x0000000081400000, 0x0000000081400000|100%| O|  |TAMS 0x0000000081400000, 0x0000000081300000| Untracked 
|  20|0x0000000081400000, 0x0000000081500000, 0x0000000081500000|100%| O|  |TAMS 0x0000000081500000, 0x0000000081400000| Untracked 
|  21|0x0000000081500000, 0x0000000081600000, 0x0000000081600000|100%| O|  |TAMS 0x0000000081600000, 0x0000000081500000| Untracked 
|  22|0x0000000081600000, 0x0000000081700000, 0x0000000081700000|100%| O|  |TAMS 0x0000000081700000, 0x0000000081600000| Untracked 
|  23|0x0000000081700000, 0x0000000081800000, 0x0000000081800000|100%|HS|  |TAMS 0x0000000081800000, 0x0000000081700000| Complete 
|  24|0x0000000081800000, 0x0000000081900000, 0x0000000081900000|100%| O|  |TAMS 0x0000000081800000, 0x0000000081800000| Untracked 
|  25|0x0000000081900000, 0x0000000081a00000, 0x0000000081a00000|100%| O|  |TAMS 0x0000000081a00000, 0x0000000081900000| Untracked 
|  26|0x0000000081a00000, 0x0000000081b00000, 0x0000000081b00000|100%| O|  |TAMS 0x0000000081a00000, 0x0000000081a00000| Untracked 
|  27|0x0000000081b00000, 0x0000000081c00000, 0x0000000081c00000|100%| O|  |TAMS 0x0000000081c00000, 0x0000000081b00000| Untracked 
|  28|0x0000000081c00000, 0x0000000081d00000, 0x0000000081d00000|100%| O|  |TAMS 0x0000000081d00000, 0x0000000081c00000| Untracked 
|  29|0x0000000081d00000, 0x0000000081e00000, 0x0000000081e00000|100%| O|  |TAMS 0x0000000081e00000, 0x0000000081d00000| Untracked 
|  30|0x0000000081e00000, 0x0000000081f00000, 0x0000000081f00000|100%| O|  |TAMS 0x0000000081f00000, 0x0000000081e00000| Untracked 
|  31|0x0000000081f00000, 0x0000000082000000, 0x0000000082000000|100%| O|  |TAMS 0x0000000082000000, 0x0000000081f00000| Untracked 
|  32|0x0000000082000000, 0x0000000082100000, 0x0000000082100000|100%| O|  |TAMS 0x0000000082100000, 0x0000000082000000| Untracked 
|  33|0x0000000082100000, 0x0000000082200000, 0x0000000082200000|100%| O|  |TAMS 0x0000000082200000, 0x0000000082100000| Untracked 
|  34|0x0000000082200000, 0x0000000082300000, 0x0000000082300000|100%| O|  |TAMS 0x0000000082300000, 0x0000000082200000| Untracked 
|  35|0x0000000082300000, 0x0000000082400000, 0x0000000082400000|100%| O|  |TAMS 0x0000000082400000, 0x0000000082300000| Untracked 
|  36|0x0000000082400000, 0x0000000082500000, 0x0000000082500000|100%| O|  |TAMS 0x0000000082500000, 0x0000000082400000| Untracked 
|  37|0x0000000082500000, 0x0000000082600000, 0x0000000082600000|100%|HS|  |TAMS 0x0000000082600000, 0x0000000082500000| Complete 
|  38|0x0000000082600000, 0x0000000082700000, 0x0000000082700000|100%| O|  |TAMS 0x0000000082700000, 0x0000000082600000| Untracked 
|  39|0x0000000082700000, 0x0000000082800000, 0x0000000082800000|100%| O|  |TAMS 0x0000000082800000, 0x0000000082700000| Untracked 
|  40|0x0000000082800000, 0x0000000082900000, 0x0000000082900000|100%| O|  |TAMS 0x0000000082900000, 0x0000000082800000| Untracked 
|  41|0x0000000082900000, 0x0000000082a00000, 0x0000000082a00000|100%| O|  |TAMS 0x0000000082a00000, 0x0000000082900000| Untracked 
|  42|0x0000000082a00000, 0x0000000082b00000, 0x0000000082b00000|100%| O|  |TAMS 0x0000000082b00000, 0x0000000082a00000| Untracked 
|  43|0x0000000082b00000, 0x0000000082c00000, 0x0000000082c00000|100%| O|  |TAMS 0x0000000082c00000, 0x0000000082b00000| Untracked 
|  44|0x0000000082c00000, 0x0000000082d00000, 0x0000000082d00000|100%| O|  |TAMS 0x0000000082d00000, 0x0000000082c00000| Untracked 
|  45|0x0000000082d00000, 0x0000000082e00000, 0x0000000082e00000|100%| O|  |TAMS 0x0000000082e00000, 0x0000000082d00000| Untracked 
|  46|0x0000000082e00000, 0x0000000082f00000, 0x0000000082f00000|100%| O|  |TAMS 0x0000000082f00000, 0x0000000082e00000| Untracked 
|  47|0x0000000082f00000, 0x0000000083000000, 0x0000000083000000|100%| O|  |TAMS 0x0000000083000000, 0x0000000082f00000| Untracked 
|  48|0x0000000083000000, 0x0000000083100000, 0x0000000083100000|100%| O|  |TAMS 0x0000000083100000, 0x0000000083000000| Untracked 
|  49|0x0000000083100000, 0x0000000083200000, 0x0000000083200000|100%| O|  |TAMS 0x0000000083200000, 0x0000000083100000| Untracked 
|  50|0x0000000083200000, 0x0000000083300000, 0x0000000083300000|100%| O|  |TAMS 0x0000000083300000, 0x0000000083200000| Untracked 
|  51|0x0000000083300000, 0x0000000083400000, 0x0000000083400000|100%| O|  |TAMS 0x0000000083400000, 0x0000000083300000| Untracked 
|  52|0x0000000083400000, 0x0000000083500000, 0x0000000083500000|100%| O|  |TAMS 0x0000000083500000, 0x0000000083400000| Untracked 
|  53|0x0000000083500000, 0x0000000083600000, 0x0000000083600000|100%| O|  |TAMS 0x0000000083600000, 0x0000000083500000| Untracked 
|  54|0x0000000083600000, 0x0000000083700000, 0x0000000083700000|100%| O|  |TAMS 0x0000000083700000, 0x0000000083600000| Untracked 
|  55|0x0000000083700000, 0x0000000083800000, 0x0000000083800000|100%| O|  |TAMS 0x0000000083800000, 0x0000000083700000| Untracked 
|  56|0x0000000083800000, 0x0000000083900000, 0x0000000083900000|100%| O|  |TAMS 0x0000000083900000, 0x0000000083800000| Untracked 
|  57|0x0000000083900000, 0x0000000083a00000, 0x0000000083a00000|100%| O|  |TAMS 0x0000000083a00000, 0x0000000083900000| Untracked 
|  58|0x0000000083a00000, 0x0000000083b00000, 0x0000000083b00000|100%| O|  |TAMS 0x0000000083b00000, 0x0000000083a00000| Untracked 
|  59|0x0000000083b00000, 0x0000000083c00000, 0x0000000083c00000|100%| O|  |TAMS 0x0000000083c00000, 0x0000000083b00000| Untracked 
|  60|0x0000000083c00000, 0x0000000083d00000, 0x0000000083d00000|100%| O|  |TAMS 0x0000000083d00000, 0x0000000083c00000| Untracked 
|  61|0x0000000083d00000, 0x0000000083e00000, 0x0000000083e00000|100%| O|  |TAMS 0x0000000083e00000, 0x0000000083d00000| Untracked 
|  62|0x0000000083e00000, 0x0000000083f00000, 0x0000000083f00000|100%| O|  |TAMS 0x0000000083f00000, 0x0000000083e00000| Untracked 
|  63|0x0000000083f00000, 0x0000000084000000, 0x0000000084000000|100%| O|  |TAMS 0x0000000084000000, 0x0000000083f00000| Untracked 
|  64|0x0000000084000000, 0x0000000084100000, 0x0000000084100000|100%| O|  |TAMS 0x0000000084100000, 0x0000000084000000| Untracked 
|  65|0x0000000084100000, 0x0000000084200000, 0x0000000084200000|100%| O|  |TAMS 0x0000000084200000, 0x0000000084100000| Untracked 
|  66|0x0000000084200000, 0x0000000084300000, 0x0000000084300000|100%| O|  |TAMS 0x0000000084300000, 0x0000000084200000| Untracked 
|  67|0x0000000084300000, 0x0000000084400000, 0x0000000084400000|100%| O|  |TAMS 0x0000000084400000, 0x0000000084300000| Untracked 
|  68|0x0000000084400000, 0x0000000084500000, 0x0000000084500000|100%| O|  |TAMS 0x0000000084500000, 0x0000000084400000| Untracked 
|  69|0x0000000084500000, 0x0000000084600000, 0x0000000084600000|100%| O|  |TAMS 0x0000000084600000, 0x0000000084500000| Untracked 
|  70|0x0000000084600000, 0x0000000084700000, 0x0000000084700000|100%| O|  |TAMS 0x0000000084700000, 0x0000000084600000| Untracked 
|  71|0x0000000084700000, 0x0000000084800000, 0x0000000084800000|100%| O|  |TAMS 0x0000000084800000, 0x0000000084700000| Untracked 
|  72|0x0000000084800000, 0x0000000084900000, 0x0000000084900000|100%| O|  |TAMS 0x0000000084900000, 0x0000000084800000| Untracked 
|  73|0x0000000084900000, 0x0000000084a00000, 0x0000000084a00000|100%| O|  |TAMS 0x0000000084a00000, 0x0000000084900000| Untracked 
|  74|0x0000000084a00000, 0x0000000084b00000, 0x0000000084b00000|100%| O|  |TAMS 0x0000000084b00000, 0x0000000084a00000| Untracked 
|  75|0x0000000084b00000, 0x0000000084c00000, 0x0000000084c00000|100%| O|  |TAMS 0x0000000084c00000, 0x0000000084b00000| Untracked 
|  76|0x0000000084c00000, 0x0000000084d00000, 0x0000000084d00000|100%| O|  |TAMS 0x0000000084d00000, 0x0000000084c00000| Untracked 
|  77|0x0000000084d00000, 0x0000000084e00000, 0x0000000084e00000|100%| O|  |TAMS 0x0000000084dc4400, 0x0000000084d00000| Untracked 
|  78|0x0000000084e00000, 0x0000000084f00000, 0x0000000084f00000|100%| O|  |TAMS 0x0000000084e00000, 0x0000000084e00000| Untracked 
|  79|0x0000000084f00000, 0x0000000085000000, 0x0000000085000000|100%| O|  |TAMS 0x0000000084f00000, 0x0000000084f00000| Untracked 
|  80|0x0000000085000000, 0x0000000085100000, 0x0000000085100000|100%| O|  |TAMS 0x0000000085000000, 0x0000000085000000| Untracked 
|  81|0x0000000085100000, 0x0000000085200000, 0x0000000085200000|100%| O|  |TAMS 0x0000000085100000, 0x0000000085100000| Untracked 
|  82|0x0000000085200000, 0x0000000085300000, 0x0000000085300000|100%|HS|  |TAMS 0x0000000085200000, 0x0000000085200000| Complete 
|  83|0x0000000085300000, 0x0000000085400000, 0x0000000085400000|100%|HC|  |TAMS 0x0000000085300000, 0x0000000085300000| Complete 
|  84|0x0000000085400000, 0x0000000085500000, 0x0000000085500000|100%| O|  |TAMS 0x0000000085400000, 0x0000000085400000| Untracked 
|  85|0x0000000085500000, 0x0000000085600000, 0x0000000085600000|100%| O|  |TAMS 0x0000000085500000, 0x0000000085500000| Untracked 
|  86|0x0000000085600000, 0x0000000085700000, 0x0000000085700000|100%| O|  |TAMS 0x0000000085600000, 0x0000000085600000| Untracked 
|  87|0x0000000085700000, 0x0000000085800000, 0x0000000085800000|100%| O|  |TAMS 0x0000000085700000, 0x0000000085700000| Untracked 
|  88|0x0000000085800000, 0x0000000085900000, 0x0000000085900000|100%| O|  |TAMS 0x0000000085800000, 0x0000000085800000| Untracked 
|  89|0x0000000085900000, 0x0000000085a00000, 0x0000000085a00000|100%| O|  |TAMS 0x0000000085900000, 0x0000000085900000| Untracked 
|  90|0x0000000085a00000, 0x0000000085b00000, 0x0000000085b00000|100%| O|  |TAMS 0x0000000085a00000, 0x0000000085a00000| Untracked 
|  91|0x0000000085b00000, 0x0000000085c00000, 0x0000000085c00000|100%| O|  |TAMS 0x0000000085b00000, 0x0000000085b00000| Untracked 
|  92|0x0000000085c00000, 0x0000000085d00000, 0x0000000085d00000|100%| O|  |TAMS 0x0000000085c00000, 0x0000000085c00000| Untracked 
|  93|0x0000000085d00000, 0x0000000085e00000, 0x0000000085e00000|100%|HS|  |TAMS 0x0000000085d00000, 0x0000000085d00000| Complete 
|  94|0x0000000085e00000, 0x0000000085f00000, 0x0000000085f00000|100%|HC|  |TAMS 0x0000000085e00000, 0x0000000085e00000| Complete 
|  95|0x0000000085f00000, 0x0000000086000000, 0x0000000086000000|100%| O|  |TAMS 0x0000000085f00000, 0x0000000085f00000| Untracked 
|  96|0x0000000086000000, 0x0000000086100000, 0x0000000086100000|100%| O|  |TAMS 0x0000000086000000, 0x0000000086000000| Untracked 
|  97|0x0000000086100000, 0x0000000086200000, 0x0000000086200000|100%| O|  |TAMS 0x0000000086100000, 0x0000000086100000| Untracked 
|  98|0x0000000086200000, 0x0000000086300000, 0x0000000086300000|100%| O|  |TAMS 0x0000000086200000, 0x0000000086200000| Untracked 
|  99|0x0000000086300000, 0x0000000086400000, 0x0000000086400000|100%| O|  |TAMS 0x0000000086300000, 0x0000000086300000| Untracked 
| 100|0x0000000086400000, 0x0000000086500000, 0x0000000086500000|100%| O|  |TAMS 0x0000000086400000, 0x0000000086400000| Untracked 
| 101|0x0000000086500000, 0x0000000086600000, 0x0000000086600000|100%| O|  |TAMS 0x0000000086500000, 0x0000000086500000| Untracked 
| 102|0x0000000086600000, 0x0000000086700000, 0x0000000086700000|100%| O|  |TAMS 0x0000000086600000, 0x0000000086600000| Untracked 
| 103|0x0000000086700000, 0x0000000086800000, 0x0000000086800000|100%| O|  |TAMS 0x0000000086700000, 0x0000000086700000| Untracked 
| 104|0x0000000086800000, 0x0000000086900000, 0x0000000086900000|100%| O|  |TAMS 0x0000000086800000, 0x0000000086800000| Untracked 
| 105|0x0000000086900000, 0x0000000086a00000, 0x0000000086a00000|100%| O|  |TAMS 0x0000000086900000, 0x0000000086900000| Untracked 
| 106|0x0000000086a00000, 0x0000000086b00000, 0x0000000086b00000|100%| O|  |TAMS 0x0000000086a00000, 0x0000000086a00000| Untracked 
| 107|0x0000000086b00000, 0x0000000086c00000, 0x0000000086c00000|100%|HS|  |TAMS 0x0000000086b00000, 0x0000000086b00000| Complete 
| 108|0x0000000086c00000, 0x0000000086d00000, 0x0000000086d00000|100%|HC|  |TAMS 0x0000000086c00000, 0x0000000086c00000| Complete 
| 109|0x0000000086d00000, 0x0000000086e00000, 0x0000000086e00000|100%| O|  |TAMS 0x0000000086d00000, 0x0000000086d00000| Untracked 
| 110|0x0000000086e00000, 0x0000000086f00000, 0x0000000086f00000|100%| O|  |TAMS 0x0000000086e00000, 0x0000000086e00000| Untracked 
| 111|0x0000000086f00000, 0x0000000087000000, 0x0000000087000000|100%| O|  |TAMS 0x0000000086f00000, 0x0000000086f00000| Untracked 
| 112|0x0000000087000000, 0x0000000087100000, 0x0000000087100000|100%| O|  |TAMS 0x0000000087000000, 0x0000000087000000| Untracked 
| 113|0x0000000087100000, 0x0000000087200000, 0x0000000087200000|100%| O|  |TAMS 0x0000000087100000, 0x0000000087100000| Untracked 
| 114|0x0000000087200000, 0x0000000087300000, 0x0000000087300000|100%| O|  |TAMS 0x0000000087200000, 0x0000000087200000| Untracked 
| 115|0x0000000087300000, 0x0000000087400000, 0x0000000087400000|100%| O|  |TAMS 0x0000000087300000, 0x0000000087300000| Untracked 
| 116|0x0000000087400000, 0x0000000087500000, 0x0000000087500000|100%| O|  |TAMS 0x0000000087400000, 0x0000000087400000| Untracked 
| 117|0x0000000087500000, 0x0000000087600000, 0x0000000087600000|100%| O|  |TAMS 0x0000000087500000, 0x0000000087500000| Untracked 
| 118|0x0000000087600000, 0x0000000087700000, 0x0000000087700000|100%| O|  |TAMS 0x0000000087600000, 0x0000000087600000| Untracked 
| 119|0x0000000087700000, 0x0000000087800000, 0x0000000087800000|100%| O|  |TAMS 0x0000000087700000, 0x0000000087700000| Untracked 
| 120|0x0000000087800000, 0x0000000087900000, 0x0000000087900000|100%| O|  |TAMS 0x0000000087800000, 0x0000000087800000| Untracked 
| 121|0x0000000087900000, 0x0000000087a00000, 0x0000000087a00000|100%| O|  |TAMS 0x0000000087900000, 0x0000000087900000| Untracked 
| 122|0x0000000087a00000, 0x0000000087b00000, 0x0000000087b00000|100%| O|  |TAMS 0x0000000087a00000, 0x0000000087a00000| Untracked 
| 123|0x0000000087b00000, 0x0000000087c00000, 0x0000000087c00000|100%| O|  |TAMS 0x0000000087b00000, 0x0000000087b00000| Untracked 
| 124|0x0000000087c00000, 0x0000000087d00000, 0x0000000087d00000|100%| O|  |TAMS 0x0000000087c00000, 0x0000000087c00000| Untracked 
| 125|0x0000000087d00000, 0x0000000087e00000, 0x0000000087e00000|100%| O|  |TAMS 0x0000000087d00000, 0x0000000087d00000| Untracked 
| 126|0x0000000087e00000, 0x0000000087f00000, 0x0000000087f00000|100%| O|  |TAMS 0x0000000087e00000, 0x0000000087e00000| Untracked 
| 127|0x0000000087f00000, 0x0000000088000000, 0x0000000088000000|100%| O|  |TAMS 0x0000000087f00000, 0x0000000087f00000| Untracked 
| 128|0x0000000088000000, 0x0000000088100000, 0x0000000088100000|100%| O|  |TAMS 0x0000000088000000, 0x0000000088000000| Untracked 
| 129|0x0000000088100000, 0x0000000088200000, 0x0000000088200000|100%| O|  |TAMS 0x0000000088100000, 0x0000000088100000| Untracked 
| 130|0x0000000088200000, 0x0000000088300000, 0x0000000088300000|100%|HS|  |TAMS 0x0000000088200000, 0x0000000088200000| Complete 
| 131|0x0000000088300000, 0x0000000088400000, 0x0000000088400000|100%|HC|  |TAMS 0x0000000088300000, 0x0000000088300000| Complete 
| 132|0x0000000088400000, 0x0000000088500000, 0x0000000088500000|100%| O|  |TAMS 0x0000000088400000, 0x0000000088400000| Untracked 
| 133|0x0000000088500000, 0x0000000088600000, 0x0000000088600000|100%| O|  |TAMS 0x0000000088500000, 0x0000000088500000| Untracked 
| 134|0x0000000088600000, 0x0000000088700000, 0x0000000088700000|100%| O|  |TAMS 0x0000000088600000, 0x0000000088600000| Untracked 
| 135|0x0000000088700000, 0x0000000088800000, 0x0000000088800000|100%| O|  |TAMS 0x0000000088700000, 0x0000000088700000| Untracked 
| 136|0x0000000088800000, 0x0000000088900000, 0x0000000088900000|100%| O|  |TAMS 0x0000000088800000, 0x0000000088800000| Untracked 
| 137|0x0000000088900000, 0x0000000088a00000, 0x0000000088a00000|100%| O|  |TAMS 0x0000000088900000, 0x0000000088900000| Untracked 
| 138|0x0000000088a00000, 0x0000000088b00000, 0x0000000088b00000|100%| O|  |TAMS 0x0000000088a00000, 0x0000000088a00000| Untracked 
| 139|0x0000000088b00000, 0x0000000088c00000, 0x0000000088c00000|100%| O|  |TAMS 0x0000000088b00000, 0x0000000088b00000| Untracked 
| 140|0x0000000088c00000, 0x0000000088d00000, 0x0000000088d00000|100%| O|  |TAMS 0x0000000088c00000, 0x0000000088c00000| Untracked 
| 141|0x0000000088d00000, 0x0000000088e00000, 0x0000000088e00000|100%| O|  |TAMS 0x0000000088d00000, 0x0000000088d00000| Untracked 
| 142|0x0000000088e00000, 0x0000000088f00000, 0x0000000088f00000|100%| O|  |TAMS 0x0000000088e00000, 0x0000000088e00000| Untracked 
| 143|0x0000000088f00000, 0x0000000089000000, 0x0000000089000000|100%| O|  |TAMS 0x0000000088f00000, 0x0000000088f00000| Untracked 
| 144|0x0000000089000000, 0x0000000089100000, 0x0000000089100000|100%| O|  |TAMS 0x0000000089000000, 0x0000000089000000| Untracked 
| 145|0x0000000089100000, 0x0000000089200000, 0x0000000089200000|100%| O|  |TAMS 0x0000000089100000, 0x0000000089100000| Untracked 
| 146|0x0000000089200000, 0x0000000089300000, 0x0000000089300000|100%| O|  |TAMS 0x0000000089200000, 0x0000000089200000| Untracked 
| 147|0x0000000089300000, 0x0000000089400000, 0x0000000089400000|100%| O|  |TAMS 0x0000000089300000, 0x0000000089300000| Untracked 
| 148|0x0000000089400000, 0x0000000089500000, 0x0000000089500000|100%| O|  |TAMS 0x0000000089400000, 0x0000000089400000| Untracked 
| 149|0x0000000089500000, 0x0000000089600000, 0x0000000089600000|100%| O|  |TAMS 0x0000000089500000, 0x0000000089500000| Untracked 
| 150|0x0000000089600000, 0x0000000089700000, 0x0000000089700000|100%| O|  |TAMS 0x0000000089600000, 0x0000000089600000| Untracked 
| 151|0x0000000089700000, 0x0000000089800000, 0x0000000089800000|100%| O|  |TAMS 0x0000000089700000, 0x0000000089700000| Untracked 
| 152|0x0000000089800000, 0x000000008981e200, 0x0000000089900000| 11%| O|  |TAMS 0x0000000089800000, 0x0000000089800000| Untracked 
| 153|0x0000000089900000, 0x0000000089900000, 0x0000000089a00000|  0%| F|  |TAMS 0x0000000089900000, 0x0000000089900000| Untracked 
| 154|0x0000000089a00000, 0x0000000089a00000, 0x0000000089b00000|  0%| F|  |TAMS 0x0000000089a00000, 0x0000000089a00000| Untracked 
| 155|0x0000000089b00000, 0x0000000089b00000, 0x0000000089c00000|  0%| F|  |TAMS 0x0000000089b00000, 0x0000000089b00000| Untracked 
| 156|0x0000000089c00000, 0x0000000089c00000, 0x0000000089d00000|  0%| F|  |TAMS 0x0000000089c00000, 0x0000000089c00000| Untracked 
| 157|0x0000000089d00000, 0x0000000089d00000, 0x0000000089e00000|  0%| F|  |TAMS 0x0000000089d00000, 0x0000000089d00000| Untracked 
| 158|0x0000000089e00000, 0x0000000089e00000, 0x0000000089f00000|  0%| F|  |TAMS 0x0000000089e00000, 0x0000000089e00000| Untracked 
| 159|0x0000000089f00000, 0x0000000089f00000, 0x000000008a000000|  0%| F|  |TAMS 0x0000000089f00000, 0x0000000089f00000| Untracked 
| 160|0x000000008a000000, 0x000000008a000000, 0x000000008a100000|  0%| F|  |TAMS 0x000000008a000000, 0x000000008a000000| Untracked 
| 161|0x000000008a100000, 0x000000008a100000, 0x000000008a200000|  0%| F|  |TAMS 0x000000008a100000, 0x000000008a100000| Untracked 
| 162|0x000000008a200000, 0x000000008a200000, 0x000000008a300000|  0%| F|  |TAMS 0x000000008a200000, 0x000000008a200000| Untracked 
| 163|0x000000008a300000, 0x000000008a300000, 0x000000008a400000|  0%| F|  |TAMS 0x000000008a300000, 0x000000008a300000| Untracked 
| 164|0x000000008a400000, 0x000000008a400000, 0x000000008a500000|  0%| F|  |TAMS 0x000000008a400000, 0x000000008a400000| Untracked 
| 165|0x000000008a500000, 0x000000008a500000, 0x000000008a600000|  0%| F|  |TAMS 0x000000008a500000, 0x000000008a500000| Untracked 
| 166|0x000000008a600000, 0x000000008a600000, 0x000000008a700000|  0%| F|  |TAMS 0x000000008a600000, 0x000000008a600000| Untracked 
| 167|0x000000008a700000, 0x000000008a700000, 0x000000008a800000|  0%| F|  |TAMS 0x000000008a700000, 0x000000008a700000| Untracked 
| 168|0x000000008a800000, 0x000000008a800000, 0x000000008a900000|  0%| F|  |TAMS 0x000000008a800000, 0x000000008a800000| Untracked 
| 169|0x000000008a900000, 0x000000008a900000, 0x000000008aa00000|  0%| F|  |TAMS 0x000000008a900000, 0x000000008a900000| Untracked 
| 170|0x000000008aa00000, 0x000000008aa00000, 0x000000008ab00000|  0%| F|  |TAMS 0x000000008aa00000, 0x000000008aa00000| Untracked 
| 171|0x000000008ab00000, 0x000000008ab00000, 0x000000008ac00000|  0%| F|  |TAMS 0x000000008ab00000, 0x000000008ab00000| Untracked 
| 172|0x000000008ac00000, 0x000000008ac00000, 0x000000008ad00000|  0%| F|  |TAMS 0x000000008ac00000, 0x000000008ac00000| Untracked 
| 173|0x000000008ad00000, 0x000000008ad00000, 0x000000008ae00000|  0%| F|  |TAMS 0x000000008ad00000, 0x000000008ad00000| Untracked 
| 174|0x000000008ae00000, 0x000000008ae00000, 0x000000008af00000|  0%| F|  |TAMS 0x000000008ae00000, 0x000000008ae00000| Untracked 
| 175|0x000000008af00000, 0x000000008af00000, 0x000000008b000000|  0%| F|  |TAMS 0x000000008af00000, 0x000000008af00000| Untracked 
| 176|0x000000008b000000, 0x000000008b000000, 0x000000008b100000|  0%| F|  |TAMS 0x000000008b000000, 0x000000008b000000| Untracked 
| 177|0x000000008b100000, 0x000000008b100000, 0x000000008b200000|  0%| F|  |TAMS 0x000000008b100000, 0x000000008b100000| Untracked 
| 178|0x000000008b200000, 0x000000008b200000, 0x000000008b300000|  0%| F|  |TAMS 0x000000008b200000, 0x000000008b200000| Untracked 
| 179|0x000000008b300000, 0x000000008b300000, 0x000000008b400000|  0%| F|  |TAMS 0x000000008b300000, 0x000000008b300000| Untracked 
| 180|0x000000008b400000, 0x000000008b400000, 0x000000008b500000|  0%| F|  |TAMS 0x000000008b400000, 0x000000008b400000| Untracked 
| 181|0x000000008b500000, 0x000000008b500000, 0x000000008b600000|  0%| F|  |TAMS 0x000000008b500000, 0x000000008b500000| Untracked 
| 182|0x000000008b600000, 0x000000008b600000, 0x000000008b700000|  0%| F|  |TAMS 0x000000008b600000, 0x000000008b600000| Untracked 
| 183|0x000000008b700000, 0x000000008b700000, 0x000000008b800000|  0%| F|  |TAMS 0x000000008b700000, 0x000000008b700000| Untracked 
| 184|0x000000008b800000, 0x000000008b800000, 0x000000008b900000|  0%| F|  |TAMS 0x000000008b800000, 0x000000008b800000| Untracked 
| 185|0x000000008b900000, 0x000000008b900000, 0x000000008ba00000|  0%| F|  |TAMS 0x000000008b900000, 0x000000008b900000| Untracked 
| 186|0x000000008ba00000, 0x000000008ba00000, 0x000000008bb00000|  0%| F|  |TAMS 0x000000008ba00000, 0x000000008ba00000| Untracked 
| 187|0x000000008bb00000, 0x000000008bb00000, 0x000000008bc00000|  0%| F|  |TAMS 0x000000008bb00000, 0x000000008bb00000| Untracked 
| 188|0x000000008bc00000, 0x000000008bc00000, 0x000000008bd00000|  0%| F|  |TAMS 0x000000008bc00000, 0x000000008bc00000| Untracked 
| 189|0x000000008bd00000, 0x000000008bd00000, 0x000000008be00000|  0%| F|  |TAMS 0x000000008bd00000, 0x000000008bd00000| Untracked 
| 190|0x000000008be00000, 0x000000008be00000, 0x000000008bf00000|  0%| F|  |TAMS 0x000000008be00000, 0x000000008be00000| Untracked 
| 191|0x000000008bf00000, 0x000000008bf00000, 0x000000008c000000|  0%| F|  |TAMS 0x000000008bf00000, 0x000000008bf00000| Untracked 
| 192|0x000000008c000000, 0x000000008c000000, 0x000000008c100000|  0%| F|  |TAMS 0x000000008c000000, 0x000000008c000000| Untracked 
| 193|0x000000008c100000, 0x000000008c100000, 0x000000008c200000|  0%| F|  |TAMS 0x000000008c100000, 0x000000008c100000| Untracked 
| 194|0x000000008c200000, 0x000000008c200000, 0x000000008c300000|  0%| F|  |TAMS 0x000000008c200000, 0x000000008c200000| Untracked 
| 195|0x000000008c300000, 0x000000008c300000, 0x000000008c400000|  0%| F|  |TAMS 0x000000008c300000, 0x000000008c300000| Untracked 
| 196|0x000000008c400000, 0x000000008c400000, 0x000000008c500000|  0%| F|  |TAMS 0x000000008c400000, 0x000000008c400000| Untracked 
| 197|0x000000008c500000, 0x000000008c500000, 0x000000008c600000|  0%| F|  |TAMS 0x000000008c500000, 0x000000008c500000| Untracked 
| 198|0x000000008c600000, 0x000000008c600000, 0x000000008c700000|  0%| F|  |TAMS 0x000000008c600000, 0x000000008c600000| Untracked 
| 199|0x000000008c700000, 0x000000008c700000, 0x000000008c800000|  0%| F|  |TAMS 0x000000008c700000, 0x000000008c700000| Untracked 
| 200|0x000000008c800000, 0x000000008c800000, 0x000000008c900000|  0%| F|  |TAMS 0x000000008c800000, 0x000000008c800000| Untracked 
| 201|0x000000008c900000, 0x000000008c900000, 0x000000008ca00000|  0%| F|  |TAMS 0x000000008c900000, 0x000000008c900000| Untracked 
| 202|0x000000008ca00000, 0x000000008ca00000, 0x000000008cb00000|  0%| F|  |TAMS 0x000000008ca00000, 0x000000008ca00000| Untracked 
| 203|0x000000008cb00000, 0x000000008cb00000, 0x000000008cc00000|  0%| F|  |TAMS 0x000000008cb00000, 0x000000008cb00000| Untracked 
| 204|0x000000008cc00000, 0x000000008cc00000, 0x000000008cd00000|  0%| F|  |TAMS 0x000000008cc00000, 0x000000008cc00000| Untracked 
| 205|0x000000008cd00000, 0x000000008cd00000, 0x000000008ce00000|  0%| F|  |TAMS 0x000000008cd00000, 0x000000008cd00000| Untracked 
| 206|0x000000008ce00000, 0x000000008ce00000, 0x000000008cf00000|  0%| F|  |TAMS 0x000000008ce00000, 0x000000008ce00000| Untracked 
| 207|0x000000008cf00000, 0x000000008cf00000, 0x000000008d000000|  0%| F|  |TAMS 0x000000008cf00000, 0x000000008cf00000| Untracked 
| 208|0x000000008d000000, 0x000000008d000000, 0x000000008d100000|  0%| F|  |TAMS 0x000000008d000000, 0x000000008d000000| Untracked 
| 209|0x000000008d100000, 0x000000008d100000, 0x000000008d200000|  0%| F|  |TAMS 0x000000008d100000, 0x000000008d100000| Untracked 
| 210|0x000000008d200000, 0x000000008d200000, 0x000000008d300000|  0%| F|  |TAMS 0x000000008d200000, 0x000000008d200000| Untracked 
| 211|0x000000008d300000, 0x000000008d300000, 0x000000008d400000|  0%| F|  |TAMS 0x000000008d300000, 0x000000008d300000| Untracked 
| 212|0x000000008d400000, 0x000000008d400000, 0x000000008d500000|  0%| F|  |TAMS 0x000000008d400000, 0x000000008d400000| Untracked 
| 213|0x000000008d500000, 0x000000008d500000, 0x000000008d600000|  0%| F|  |TAMS 0x000000008d500000, 0x000000008d500000| Untracked 
| 214|0x000000008d600000, 0x000000008d600000, 0x000000008d700000|  0%| F|  |TAMS 0x000000008d600000, 0x000000008d600000| Untracked 
| 215|0x000000008d700000, 0x000000008d700000, 0x000000008d800000|  0%| F|  |TAMS 0x000000008d700000, 0x000000008d700000| Untracked 
| 216|0x000000008d800000, 0x000000008d800000, 0x000000008d900000|  0%| F|  |TAMS 0x000000008d800000, 0x000000008d800000| Untracked 
| 217|0x000000008d900000, 0x000000008d900000, 0x000000008da00000|  0%| F|  |TAMS 0x000000008d900000, 0x000000008d900000| Untracked 
| 218|0x000000008da00000, 0x000000008da00000, 0x000000008db00000|  0%| F|  |TAMS 0x000000008da00000, 0x000000008da00000| Untracked 
| 219|0x000000008db00000, 0x000000008db00000, 0x000000008dc00000|  0%| F|  |TAMS 0x000000008db00000, 0x000000008db00000| Untracked 
| 220|0x000000008dc00000, 0x000000008dc00000, 0x000000008dd00000|  0%| F|  |TAMS 0x000000008dc00000, 0x000000008dc00000| Untracked 
| 221|0x000000008dd00000, 0x000000008dd00000, 0x000000008de00000|  0%| F|  |TAMS 0x000000008dd00000, 0x000000008dd00000| Untracked 
| 222|0x000000008de00000, 0x000000008de00000, 0x000000008df00000|  0%| F|  |TAMS 0x000000008de00000, 0x000000008de00000| Untracked 
| 223|0x000000008df00000, 0x000000008df00000, 0x000000008e000000|  0%| F|  |TAMS 0x000000008df00000, 0x000000008df00000| Untracked 
| 224|0x000000008e000000, 0x000000008e000000, 0x000000008e100000|  0%| F|  |TAMS 0x000000008e000000, 0x000000008e000000| Untracked 
| 225|0x000000008e100000, 0x000000008e200000, 0x000000008e200000|100%| S|CS|TAMS 0x000000008e100000, 0x000000008e100000| Complete 
| 226|0x000000008e200000, 0x000000008e300000, 0x000000008e300000|100%| S|CS|TAMS 0x000000008e200000, 0x000000008e200000| Complete 
| 227|0x000000008e300000, 0x000000008e300000, 0x000000008e400000|  0%| F|  |TAMS 0x000000008e300000, 0x000000008e300000| Untracked 
| 228|0x000000008e400000, 0x000000008e400000, 0x000000008e500000|  0%| F|  |TAMS 0x000000008e400000, 0x000000008e400000| Untracked 
| 229|0x000000008e500000, 0x000000008e500000, 0x000000008e600000|  0%| F|  |TAMS 0x000000008e500000, 0x000000008e500000| Untracked 
| 230|0x000000008e600000, 0x000000008e600000, 0x000000008e700000|  0%| F|  |TAMS 0x000000008e600000, 0x000000008e600000| Untracked 
| 231|0x000000008e700000, 0x000000008e700000, 0x000000008e800000|  0%| F|  |TAMS 0x000000008e700000, 0x000000008e700000| Untracked 
| 232|0x000000008e800000, 0x000000008e800000, 0x000000008e900000|  0%| F|  |TAMS 0x000000008e800000, 0x000000008e800000| Untracked 
| 233|0x000000008e900000, 0x000000008e900000, 0x000000008ea00000|  0%| F|  |TAMS 0x000000008e900000, 0x000000008e900000| Untracked 
| 234|0x000000008ea00000, 0x000000008ea00000, 0x000000008eb00000|  0%| F|  |TAMS 0x000000008ea00000, 0x000000008ea00000| Untracked 
| 235|0x000000008eb00000, 0x000000008eb00000, 0x000000008ec00000|  0%| F|  |TAMS 0x000000008eb00000, 0x000000008eb00000| Untracked 
| 236|0x000000008ec00000, 0x000000008ec00000, 0x000000008ed00000|  0%| F|  |TAMS 0x000000008ec00000, 0x000000008ec00000| Untracked 
| 237|0x000000008ed00000, 0x000000008ed00000, 0x000000008ee00000|  0%| F|  |TAMS 0x000000008ed00000, 0x000000008ed00000| Untracked 

Card table byte_map: [0x0000023bad290000,0x0000023bad690000] _byte_map_base: 0x0000023bace90000

Marking Bits (Prev, Next): (CMBitMap*) 0x0000023b98bfbca0, (CMBitMap*) 0x0000023b98bfbce0
 Prev Bits: [0x0000023bada90000, 0x0000023bafa90000)
 Next Bits: [0x0000023bafa90000, 0x0000023bb1a90000)

Polling page: 0x0000023b98a40000

Metaspace:

Usage:
  Non-class:    115.95 MB used.
      Class:     17.50 MB used.
       Both:    133.45 MB used.

Virtual space:
  Non-class space:      120.00 MB reserved,     116.44 MB ( 97%) committed,  15 nodes.
      Class space:        1.00 GB reserved,      17.94 MB (  2%) committed,  1 nodes.
             Both:        1.12 GB reserved,     134.38 MB ( 12%) committed. 

Chunk freelists:
   Non-Class:  2.62 MB
       Class:  1.97 MB
        Both:  4.59 MB

MaxMetaspaceSize: unlimited
CompressedClassSpaceSize: 1.00 GB
Initial GC threshold: 21.00 MB
Current GC threshold: 143.38 MB
CDS: off
MetaspaceReclaimPolicy: balanced
 - commit_granule_bytes: 65536.
 - commit_granule_words: 8192.
 - virtual_space_node_default_size: 1048576.
 - enlarge_chunks_in_place: 1.
 - new_chunks_are_fully_committed: 0.
 - uncommit_free_chunks: 1.
 - use_allocation_guard: 0.
 - handle_deallocations: 1.


Internal statistics:

num_allocs_failed_limit: 9.
num_arena_births: 1546.
num_arena_deaths: 0.
num_vsnodes_births: 16.
num_vsnodes_deaths: 0.
num_space_committed: 2150.
num_space_uncommitted: 0.
num_chunks_returned_to_freelist: 9.
num_chunks_taken_from_freelist: 6747.
num_chunk_merges: 6.
num_chunk_splits: 4495.
num_chunks_enlarged: 3051.
num_purges: 0.
num_inconsistent_stats: 0.

CodeHeap 'non-profiled nmethods': size=120000Kb used=13679Kb max_used=13679Kb free=106320Kb
 bounds [0x0000023ba5340000, 0x0000023ba60a0000, 0x0000023bac870000]
CodeHeap 'profiled nmethods': size=120000Kb used=39134Kb max_used=39134Kb free=80865Kb
 bounds [0x0000023b9d870000, 0x0000023b9feb0000, 0x0000023ba4da0000]
CodeHeap 'non-nmethods': size=5760Kb used=2450Kb max_used=2543Kb free=3309Kb
 bounds [0x0000023ba4da0000, 0x0000023ba5030000, 0x0000023ba5340000]
 total_blobs=20802 nmethods=19809 adapters=903
 compilation: enabled
              stopped_count=0, restarted_count=0
 full_count=0

Compilation events (20 events):
Event: 3209.090 Thread 0x0000023bb4c0d630 24115       4       com.sun.tools.javac.jvm.PoolReader::readPool (239 bytes)
Event: 3209.090 Thread 0x0000023bb4c0e6d0 nmethod 24117 0x0000023b9fea0910 code [0x0000023b9fea0ae0, 0x0000023b9fea0f58]
Event: 3209.100 Thread 0x0000023bb4c0d630 nmethod 24115 0x0000023ba6097610 code [0x0000023ba60977c0, 0x0000023ba6097fb8]
Event: 3209.104 Thread 0x0000023bb4c0d630 24118       4       com.sun.tools.javac.comp.Check::checkDisjoint (53 bytes)
Event: 3209.104 Thread 0x0000023bb4c0e6d0 24119       3       com.sun.tools.javac.comp.Attr::attribTypeVariables (257 bytes)
Event: 3209.105 Thread 0x0000023bb4c0d630 nmethod 24118 0x0000023ba6098390 code [0x0000023ba6098500, 0x0000023ba60985d8]
Event: 3209.117 Thread 0x0000023bb4c0d630 24120       4       com.sun.tools.javac.util.ListBuffer::next (56 bytes)
Event: 3209.119 Thread 0x0000023bb4c0e6d0 nmethod 24119 0x0000023b9fea1110 code [0x0000023b9fea15c0, 0x0000023b9fea4318]
Event: 3209.121 Thread 0x0000023bb4c0d630 nmethod 24120 0x0000023ba6098690 code [0x0000023ba6098820, 0x0000023ba6098ad8]
Event: 3209.121 Thread 0x0000023bb4c0d630 24121   !   4       com.sun.tools.javac.jvm.ClassReader$AnnotationCompleter::run (228 bytes)
Event: 3209.149 Thread 0x0000023bb4c0e6d0 24126       3       com.sun.tools.javac.code.Symbol$ClassSymbol::getSuperclass (60 bytes)
Event: 3209.150 Thread 0x0000023bb4c0e6d0 nmethod 24126 0x0000023b9fea5090 code [0x0000023b9fea52a0, 0x0000023b9fea5b48]
Event: 3209.155 Thread 0x0000023bb4c0e6d0 24129       3       com.sun.tools.javac.code.Types::isDerivedRawInternal (57 bytes)
Event: 3209.155 Thread 0x0000023bb4c0e6d0 nmethod 24129 0x0000023b9fea5d90 code [0x0000023b9fea6000, 0x0000023b9fea6be8]
Event: 3209.156 Thread 0x0000023bb4c0e6d0 24131       3       com.sun.tools.javac.comp.Check$$Lambda$1378/0x0000000100de4330::accept (12 bytes)
Event: 3209.157 Thread 0x0000023bb4c0e6d0 nmethod 24131 0x0000023b9fea6f10 code [0x0000023b9fea70e0, 0x0000023b9fea76e8]
Event: 3209.160 Thread 0x0000023bb4c0d630 nmethod 24121 0x0000023ba6098c10 code [0x0000023ba6098e80, 0x0000023ba609a6e8]
Event: 3209.160 Thread 0x0000023bb4c0d630 24122       4       com.sun.tools.javac.jvm.ClassReader$AnnotationDeproxy::deproxyCompoundList (46 bytes)
Event: 3209.168 Thread 0x0000023bb4c0d630 nmethod 24122 0x0000023ba609b390 code [0x0000023ba609b540, 0x0000023ba609bb98]
Event: 3209.168 Thread 0x0000023bb4c0d630 24127       4       com.sun.tools.javac.util.List::reverse (55 bytes)

GC Heap History (20 events):
Event: 730.899 GC heap after
{Heap after GC invocations=67 (full 0):
 garbage-first heap   total 243712K, used 127367K [0x0000000080000000, 0x0000000100000000)
  region size 1024K, 7 young (7168K), 7 survivors (7168K)
 Metaspace       used 131344K, committed 132288K, reserved 1171456K
  class space    used 17426K, committed 17856K, reserved 1048576K
}
Event: 740.531 GC heap before
{Heap before GC invocations=67 (full 0):
 garbage-first heap   total 243712K, used 212359K [0x0000000080000000, 0x0000000100000000)
  region size 1024K, 74 young (75776K), 7 survivors (7168K)
 Metaspace       used 135598K, committed 136576K, reserved 1171456K
  class space    used 17917K, committed 18368K, reserved 1048576K
}
Event: 740.637 GC heap after
{Heap after GC invocations=68 (full 0):
 garbage-first heap   total 243712K, used 130351K [0x0000000080000000, 0x0000000100000000)
  region size 1024K, 3 young (3072K), 3 survivors (3072K)
 Metaspace       used 135598K, committed 136576K, reserved 1171456K
  class space    used 17917K, committed 18368K, reserved 1048576K
}
Event: 759.197 GC heap before
{Heap before GC invocations=68 (full 0):
 garbage-first heap   total 243712K, used 201007K [0x0000000080000000, 0x0000000100000000)
  region size 1024K, 71 young (72704K), 3 survivors (3072K)
 Metaspace       used 135772K, committed 136704K, reserved 1171456K
  class space    used 17918K, committed 18368K, reserved 1048576K
}
Event: 759.264 GC heap after
{Heap after GC invocations=69 (full 0):
 garbage-first heap   total 243712K, used 139134K [0x0000000080000000, 0x0000000100000000)
  region size 1024K, 9 young (9216K), 9 survivors (9216K)
 Metaspace       used 135772K, committed 136704K, reserved 1171456K
  class space    used 17918K, committed 18368K, reserved 1048576K
}
Event: 760.917 GC heap before
{Heap before GC invocations=69 (full 0):
 garbage-first heap   total 243712K, used 200574K [0x0000000080000000, 0x0000000100000000)
  region size 1024K, 68 young (69632K), 9 survivors (9216K)
 Metaspace       used 136009K, committed 136960K, reserved 1171456K
  class space    used 17919K, committed 18368K, reserved 1048576K
}
Event: 760.953 GC heap after
{Heap after GC invocations=70 (full 0):
 garbage-first heap   total 243712K, used 141326K [0x0000000080000000, 0x0000000100000000)
  region size 1024K, 5 young (5120K), 5 survivors (5120K)
 Metaspace       used 136009K, committed 136960K, reserved 1171456K
  class space    used 17919K, committed 18368K, reserved 1048576K
}
Event: 761.778 GC heap before
{Heap before GC invocations=70 (full 0):
 garbage-first heap   total 243712K, used 199694K [0x0000000080000000, 0x0000000100000000)
  region size 1024K, 62 young (63488K), 5 survivors (5120K)
 Metaspace       used 136285K, committed 137216K, reserved 1171456K
  class space    used 17919K, committed 18368K, reserved 1048576K
}
Event: 761.783 GC heap after
{Heap after GC invocations=71 (full 0):
 garbage-first heap   total 243712K, used 140413K [0x0000000080000000, 0x0000000100000000)
  region size 1024K, 4 young (4096K), 4 survivors (4096K)
 Metaspace       used 136285K, committed 137216K, reserved 1171456K
  class space    used 17919K, committed 18368K, reserved 1048576K
}
Event: 2441.201 GC heap before
{Heap before GC invocations=71 (full 0):
 garbage-first heap   total 243712K, used 213117K [0x0000000080000000, 0x0000000100000000)
  region size 1024K, 64 young (65536K), 4 survivors (4096K)
 Metaspace       used 136455K, committed 137408K, reserved 1171456K
  class space    used 17920K, committed 18368K, reserved 1048576K
}
Event: 2441.910 GC heap after
{Heap after GC invocations=72 (full 0):
 garbage-first heap   total 243712K, used 138149K [0x0000000080000000, 0x0000000100000000)
  region size 1024K, 2 young (2048K), 2 survivors (2048K)
 Metaspace       used 136455K, committed 137408K, reserved 1171456K
  class space    used 17920K, committed 18368K, reserved 1048576K
}
Event: 3205.874 GC heap before
{Heap before GC invocations=72 (full 0):
 garbage-first heap   total 243712K, used 203685K [0x0000000080000000, 0x0000000100000000)
  region size 1024K, 67 young (68608K), 2 survivors (2048K)
 Metaspace       used 136643K, committed 137600K, reserved 1171456K
  class space    used 17921K, committed 18368K, reserved 1048576K
}
Event: 3206.991 GC heap after
{Heap after GC invocations=73 (full 0):
 garbage-first heap   total 243712K, used 145418K [0x0000000080000000, 0x0000000100000000)
  region size 1024K, 9 young (9216K), 9 survivors (9216K)
 Metaspace       used 136643K, committed 137600K, reserved 1171456K
  class space    used 17921K, committed 18368K, reserved 1048576K
}
Event: 3207.740 GC heap before
{Heap before GC invocations=73 (full 0):
 garbage-first heap   total 243712K, used 148490K [0x0000000080000000, 0x0000000100000000)
  region size 1024K, 11 young (11264K), 9 survivors (9216K)
 Metaspace       used 136644K, committed 137600K, reserved 1171456K
  class space    used 17921K, committed 18368K, reserved 1048576K
}
Event: 3208.096 GC heap after
{Heap after GC invocations=74 (full 0):
 garbage-first heap   total 243712K, used 149519K [0x0000000080000000, 0x0000000100000000)
  region size 1024K, 2 young (2048K), 2 survivors (2048K)
 Metaspace       used 136644K, committed 137600K, reserved 1171456K
  class space    used 17921K, committed 18368K, reserved 1048576K
}
Event: 3208.247 GC heap before
{Heap before GC invocations=74 (full 0):
 garbage-first heap   total 243712K, used 157711K [0x0000000080000000, 0x0000000100000000)
  region size 1024K, 11 young (11264K), 2 survivors (2048K)
 Metaspace       used 136644K, committed 137600K, reserved 1171456K
  class space    used 17921K, committed 18368K, reserved 1048576K
}
Event: 3208.315 GC heap after
{Heap after GC invocations=75 (full 0):
 garbage-first heap   total 243712K, used 151811K [0x0000000080000000, 0x0000000100000000)
  region size 1024K, 2 young (2048K), 2 survivors (2048K)
 Metaspace       used 136644K, committed 137600K, reserved 1171456K
  class space    used 17921K, committed 18368K, reserved 1048576K
}
Event: 3208.745 GC heap before
{Heap before GC invocations=75 (full 0):
 garbage-first heap   total 243712K, used 161027K [0x0000000080000000, 0x0000000100000000)
  region size 1024K, 11 young (11264K), 2 survivors (2048K)
 Metaspace       used 136646K, committed 137600K, reserved 1171456K
  class space    used 17921K, committed 18368K, reserved 1048576K
}
Event: 3208.841 GC heap after
{Heap after GC invocations=76 (full 0):
 garbage-first heap   total 243712K, used 155135K [0x0000000080000000, 0x0000000100000000)
  region size 1024K, 2 young (2048K), 2 survivors (2048K)
 Metaspace       used 136646K, committed 137600K, reserved 1171456K
  class space    used 17921K, committed 18368K, reserved 1048576K
}
Event: 3209.171 GC heap before
{Heap before GC invocations=76 (full 0):
 garbage-first heap   total 243712K, used 164351K [0x0000000080000000, 0x0000000100000000)
  region size 1024K, 11 young (11264K), 2 survivors (2048K)
 Metaspace       used 136652K, committed 137600K, reserved 1171456K
  class space    used 17921K, committed 18368K, reserved 1048576K
}

Dll operation events (2 events):
Event: 0.148 Loaded shared library C:\Program Files\Android\Android Studio\jbr\bin\java.dll
Event: 7.738 Loaded shared library C:\Program Files\Android\Android Studio\jbr\bin\verify.dll

Deoptimization events (20 events):
Event: 3200.724 Thread 0x0000023bbfb1f540 DEOPT PACKING pc=0x0000023ba53584d0 sp=0x000000fd30dfb800
Event: 3200.741 Thread 0x0000023bbfb1f540 DEOPT UNPACKING pc=0x0000023ba4df69a3 sp=0x000000fd30dfb7a8 mode 2
Event: 3201.389 Thread 0x0000023bbfb1f540 Uncommon trap: trap_request=0xffffffd6 fr.pc=0x0000023ba53584d0 relative=0x00000000000003b0
Event: 3201.389 Thread 0x0000023bbfb1f540 Uncommon trap: reason=array_check action=maybe_recompile pc=0x0000023ba53584d0 method=java.util.LinkedHashMap.keysToArray([Ljava/lang/Object;)[Ljava/lang/Object; @ 25 c2
Event: 3201.389 Thread 0x0000023bbfb1f540 DEOPT PACKING pc=0x0000023ba53584d0 sp=0x000000fd30dfb910
Event: 3201.400 Thread 0x0000023bbfb1f540 DEOPT UNPACKING pc=0x0000023ba4df69a3 sp=0x000000fd30dfb8b8 mode 2
Event: 3201.401 Thread 0x0000023bbfb1f540 Uncommon trap: trap_request=0xffffffd6 fr.pc=0x0000023ba53584d0 relative=0x00000000000003b0
Event: 3201.401 Thread 0x0000023bbfb1f540 Uncommon trap: reason=array_check action=maybe_recompile pc=0x0000023ba53584d0 method=java.util.LinkedHashMap.keysToArray([Ljava/lang/Object;)[Ljava/lang/Object; @ 25 c2
Event: 3201.401 Thread 0x0000023bbfb1f540 DEOPT PACKING pc=0x0000023ba53584d0 sp=0x000000fd30dfb910
Event: 3201.401 Thread 0x0000023bbfb1f540 DEOPT UNPACKING pc=0x0000023ba4df69a3 sp=0x000000fd30dfb8b8 mode 2
Event: 3202.581 Thread 0x0000023bbfb1f540 DEOPT PACKING pc=0x0000023b9eb5a3e5 sp=0x000000fd30dfb560
Event: 3202.581 Thread 0x0000023bbfb1f540 DEOPT UNPACKING pc=0x0000023ba4df7143 sp=0x000000fd30dfa9f0 mode 0
Event: 3202.584 Thread 0x0000023bbfb1f540 DEOPT PACKING pc=0x0000023b9eb5a3e5 sp=0x000000fd30dfb700
Event: 3202.584 Thread 0x0000023bbfb1f540 DEOPT UNPACKING pc=0x0000023ba4df7143 sp=0x000000fd30dfab90 mode 0
Event: 3207.329 Thread 0x0000023bbfb1f540 Uncommon trap: trap_request=0xffffffe4 fr.pc=0x0000023ba5efc514 relative=0x00000000000024b4
Event: 3207.329 Thread 0x0000023bbfb1f540 Uncommon trap: reason=range_check action=make_not_entrant pc=0x0000023ba5efc514 method=com.sun.tools.javac.util.Convert.utf2chars([BI[CII)I @ 25 c2
Event: 3207.329 Thread 0x0000023bbfb1f540 DEOPT PACKING pc=0x0000023ba5efc514 sp=0x000000fd30df8e10
Event: 3207.370 Thread 0x0000023bbfb1f540 DEOPT UNPACKING pc=0x0000023ba4df69a3 sp=0x000000fd30df8ba8 mode 2
Event: 3209.085 Thread 0x0000023bbfb1f540 DEOPT PACKING pc=0x0000023b9eeadcc4 sp=0x000000fd30df8d70
Event: 3209.085 Thread 0x0000023bbfb1f540 DEOPT UNPACKING pc=0x0000023ba4df7143 sp=0x000000fd30df8238 mode 0

Classes unloaded (0 events):
No events

Classes redefined (0 events):
No events

Internal exceptions (20 events):
Event: 3209.118 Thread 0x0000023bbfb1f540 Exception <a 'sun/nio/fs/WindowsException'{0x000000008e8ac870}> (0x000000008e8ac870) 
thrown [s\src\hotspot\share\prims\jni.cpp, line 517]
Event: 3209.118 Thread 0x0000023bbfb1f540 Exception <a 'sun/nio/fs/WindowsException'{0x000000008e8acbc8}> (0x000000008e8acbc8) 
thrown [s\src\hotspot\share\prims\jni.cpp, line 517]
Event: 3209.119 Thread 0x0000023bbfb1f540 Exception <a 'sun/nio/fs/WindowsException'{0x000000008e8d8518}> (0x000000008e8d8518) 
thrown [s\src\hotspot\share\prims\jni.cpp, line 517]
Event: 3209.119 Thread 0x0000023bbfb1f540 Exception <a 'sun/nio/fs/WindowsException'{0x000000008e8d8868}> (0x000000008e8d8868) 
thrown [s\src\hotspot\share\prims\jni.cpp, line 517]
Event: 3209.122 Thread 0x0000023bbfb1f540 Exception <a 'sun/nio/fs/WindowsException'{0x000000008e724120}> (0x000000008e724120) 
thrown [s\src\hotspot\share\prims\jni.cpp, line 517]
Event: 3209.122 Thread 0x0000023bbfb1f540 Exception <a 'sun/nio/fs/WindowsException'{0x000000008e724420}> (0x000000008e724420) 
thrown [s\src\hotspot\share\prims\jni.cpp, line 517]
Event: 3209.123 Thread 0x0000023bbfb1f540 Exception <a 'sun/nio/fs/WindowsException'{0x000000008e791e10}> (0x000000008e791e10) 
thrown [s\src\hotspot\share\prims\jni.cpp, line 517]
Event: 3209.124 Thread 0x0000023bbfb1f540 Exception <a 'sun/nio/fs/WindowsException'{0x000000008e792170}> (0x000000008e792170) 
thrown [s\src\hotspot\share\prims\jni.cpp, line 517]
Event: 3209.125 Thread 0x0000023bbfb1f540 Exception <a 'sun/nio/fs/WindowsException'{0x000000008e7b06e8}> (0x000000008e7b06e8) 
thrown [s\src\hotspot\share\prims\jni.cpp, line 517]
Event: 3209.125 Thread 0x0000023bbfb1f540 Exception <a 'sun/nio/fs/WindowsException'{0x000000008e7b0a38}> (0x000000008e7b0a38) 
thrown [s\src\hotspot\share\prims\jni.cpp, line 517]
Event: 3209.137 Thread 0x0000023bbfb1f540 Exception <a 'sun/nio/fs/WindowsException'{0x000000008e7cc530}> (0x000000008e7cc530) 
thrown [s\src\hotspot\share\prims\jni.cpp, line 517]
Event: 3209.137 Thread 0x0000023bbfb1f540 Exception <a 'sun/nio/fs/WindowsException'{0x000000008e7cc850}> (0x000000008e7cc850) 
thrown [s\src\hotspot\share\prims\jni.cpp, line 517]
Event: 3209.143 Thread 0x0000023bbfb1f540 Exception <a 'sun/nio/fs/WindowsException'{0x000000008e61f140}> (0x000000008e61f140) 
thrown [s\src\hotspot\share\prims\jni.cpp, line 517]
Event: 3209.143 Thread 0x0000023bbfb1f540 Exception <a 'sun/nio/fs/WindowsException'{0x000000008e61f450}> (0x000000008e61f450) 
thrown [s\src\hotspot\share\prims\jni.cpp, line 517]
Event: 3209.146 Thread 0x0000023bbfb1f540 Exception <a 'sun/nio/fs/WindowsException'{0x000000008e684100}> (0x000000008e684100) 
thrown [s\src\hotspot\share\prims\jni.cpp, line 517]
Event: 3209.146 Thread 0x0000023bbfb1f540 Exception <a 'sun/nio/fs/WindowsException'{0x000000008e684450}> (0x000000008e684450) 
thrown [s\src\hotspot\share\prims\jni.cpp, line 517]
Event: 3209.152 Thread 0x0000023bbfb1f540 Exception <a 'sun/nio/fs/WindowsException'{0x000000008e558520}> (0x000000008e558520) 
thrown [s\src\hotspot\share\prims\jni.cpp, line 517]
Event: 3209.152 Thread 0x0000023bbfb1f540 Exception <a 'sun/nio/fs/WindowsException'{0x000000008e558870}> (0x000000008e558870) 
thrown [s\src\hotspot\share\prims\jni.cpp, line 517]
Event: 3209.153 Thread 0x0000023bbfb1f540 Exception <a 'sun/nio/fs/WindowsException'{0x000000008e592ba8}> (0x000000008e592ba8) 
thrown [s\src\hotspot\share\prims\jni.cpp, line 517]
Event: 3209.153 Thread 0x0000023bbfb1f540 Exception <a 'sun/nio/fs/WindowsException'{0x000000008e592f58}> (0x000000008e592f58) 
thrown [s\src\hotspot\share\prims\jni.cpp, line 517]

VM Operations (20 events):
Event: 3200.428 Executing VM operation: Cleanup done
Event: 3201.439 Executing VM operation: Cleanup
Event: 3201.469 Executing VM operation: Cleanup done
Event: 3202.484 Executing VM operation: Cleanup
Event: 3202.500 Executing VM operation: Cleanup done
Event: 3203.500 Executing VM operation: Cleanup
Event: 3203.501 Executing VM operation: Cleanup done
Event: 3204.504 Executing VM operation: Cleanup
Event: 3204.504 Executing VM operation: Cleanup done
Event: 3205.514 Executing VM operation: Cleanup
Event: 3205.514 Executing VM operation: Cleanup done
Event: 3205.874 Executing VM operation: G1CollectForAllocation
Event: 3206.991 Executing VM operation: G1CollectForAllocation done
Event: 3207.740 Executing VM operation: G1CollectForAllocation
Event: 3208.104 Executing VM operation: G1CollectForAllocation done
Event: 3208.247 Executing VM operation: G1CollectForAllocation
Event: 3208.315 Executing VM operation: G1CollectForAllocation done
Event: 3208.745 Executing VM operation: G1CollectForAllocation
Event: 3208.841 Executing VM operation: G1CollectForAllocation done
Event: 3209.171 Executing VM operation: G1CollectForAllocation

Events (20 events):
Event: 3194.491 Thread 0x0000023bb7f0c6a0 Thread added: 0x0000023bb7f0c6a0
Event: 3194.541 Thread 0x0000023bb7f0cb70 Thread added: 0x0000023bb7f0cb70
Event: 3194.566 Thread 0x0000023bbf660c10 Thread added: 0x0000023bbf660c10
Event: 3194.597 Thread 0x0000023bb90ab090 Thread added: 0x0000023bb90ab090
Event: 3194.630 Thread 0x0000023bbfb216f0 Thread added: 0x0000023bbfb216f0
Event: 3194.631 Thread 0x0000023bb7f113a0 Thread added: 0x0000023bb7f113a0
Event: 3194.631 Thread 0x0000023bb7f0d040 Thread added: 0x0000023bb7f0d040
Event: 3194.631 Thread 0x0000023bb7f0d510 Thread added: 0x0000023bb7f0d510
Event: 3196.305 Thread 0x0000023bb7f0b830 Thread added: 0x0000023bb7f0b830
Event: 3199.806 Thread 0x0000023bb7f0deb0 Thread added: 0x0000023bb7f0deb0
Event: 3199.806 Thread 0x0000023bb7f0ed20 Thread added: 0x0000023bb7f0ed20
Event: 3199.942 Thread 0x0000023bb7f0e380 Thread added: 0x0000023bb7f0e380
Event: 3199.980 Thread 0x0000023bbfb21bc0 Thread added: 0x0000023bbfb21bc0
Event: 3199.980 Thread 0x0000023bbfb1f540 Thread added: 0x0000023bbfb1f540
Event: 3199.980 Thread 0x0000023bbfb1f070 Thread added: 0x0000023bbfb1f070
Event: 3200.028 Thread 0x0000023bb7f0ae90 Thread added: 0x0000023bb7f0ae90
Event: 3203.239 Thread 0x0000023bc2781920 Thread added: 0x0000023bc2781920
Event: 3203.240 Thread 0x0000023bc2782790 Thread added: 0x0000023bc2782790
Event: 3203.240 Thread 0x0000023bb7c4ca80 Thread added: 0x0000023bb7c4ca80
Event: 3203.240 Thread 0x0000023bb7c4c0e0 Thread added: 0x0000023bb7c4c0e0


Dynamic libraries:
0x00007ff60d8b0000 - 0x00007ff60d8ba000 	C:\Program Files\Android\Android Studio\jbr\bin\java.exe
0x00007ffe94f10000 - 0x00007ffe95108000 	C:\Windows\SYSTEM32\ntdll.dll
0x00007ffe94e10000 - 0x00007ffe94ecf000 	C:\Windows\System32\KERNEL32.DLL
0x00007ffe926f0000 - 0x00007ffe929e6000 	C:\Windows\System32\KERNELBASE.dll
0x00007ffe925f0000 - 0x00007ffe926f0000 	C:\Windows\System32\ucrtbase.dll
0x00007ffe75950000 - 0x00007ffe7596b000 	C:\Program Files\Android\Android Studio\jbr\bin\VCRUNTIME140.dll
0x00007ffe74dd0000 - 0x00007ffe74de7000 	C:\Program Files\Android\Android Studio\jbr\bin\jli.dll
0x00007ffe945e0000 - 0x00007ffe9477d000 	C:\Windows\System32\USER32.dll
0x00007ffe7e610000 - 0x00007ffe7e8aa000 	C:\Windows\WinSxS\amd64_microsoft.windows.common-controls_6595b64144ccf1df_6.0.19041.1110_none_60b5254171f9507e\COMCTL32.dll
0x00007ffe92f40000 - 0x00007ffe92f62000 	C:\Windows\System32\win32u.dll
0x00007ffe94b50000 - 0x00007ffe94bee000 	C:\Windows\System32\msvcrt.dll
0x00007ffe93d20000 - 0x00007ffe93d4c000 	C:\Windows\System32\GDI32.dll
0x00007ffe92dd0000 - 0x00007ffe92ee5000 	C:\Windows\System32\gdi32full.dll
0x00007ffe92b60000 - 0x00007ffe92bfd000 	C:\Windows\System32\msvcp_win.dll
0x00007ffe94dd0000 - 0x00007ffe94e00000 	C:\Windows\System32\IMM32.DLL
0x00007ffe8d5d0000 - 0x00007ffe8d5dc000 	C:\Program Files\Android\Android Studio\jbr\bin\vcruntime140_1.dll
0x00007ffe69ab0000 - 0x00007ffe69b3d000 	C:\Program Files\Android\Android Studio\jbr\bin\msvcp140.dll
0x00007ffe5b8e0000 - 0x00007ffe5c54d000 	C:\Program Files\Android\Android Studio\jbr\bin\server\jvm.dll
0x00007ffe94bf0000 - 0x00007ffe94c9f000 	C:\Windows\System32\ADVAPI32.dll
0x00007ffe93bc0000 - 0x00007ffe93c5c000 	C:\Windows\System32\sechost.dll
0x00007ffe94890000 - 0x00007ffe949b6000 	C:\Windows\System32\RPCRT4.dll
0x00007ffe774c0000 - 0x00007ffe774e7000 	C:\Windows\SYSTEM32\WINMM.dll
0x00007ffe83ee0000 - 0x00007ffe83eea000 	C:\Windows\SYSTEM32\VERSION.dll
0x00007ffe8d5c0000 - 0x00007ffe8d5c9000 	C:\Windows\SYSTEM32\WSOCK32.dll
0x00007ffe944a0000 - 0x00007ffe9450b000 	C:\Windows\System32\WS2_32.dll
0x00007ffe904a0000 - 0x00007ffe904b2000 	C:\Windows\SYSTEM32\kernel.appcore.dll
0x00007ffe8cc70000 - 0x00007ffe8cc7a000 	C:\Program Files\Android\Android Studio\jbr\bin\jimage.dll
0x00007ffe6c5f0000 - 0x00007ffe6c7d4000 	C:\Windows\SYSTEM32\DBGHELP.DLL
0x00007ffe678c0000 - 0x00007ffe678f4000 	C:\Windows\SYSTEM32\dbgcore.DLL
0x00007ffe92ad0000 - 0x00007ffe92b52000 	C:\Windows\System32\bcryptPrimitives.dll
0x00007ffe8bcf0000 - 0x00007ffe8bd15000 	C:\Program Files\Android\Android Studio\jbr\bin\java.dll
0x00007ffe8bcd0000 - 0x00007ffe8bce8000 	C:\Program Files\Android\Android Studio\jbr\bin\zip.dll
0x00007ffe93d50000 - 0x00007ffe94494000 	C:\Windows\System32\SHELL32.dll
0x00007ffe906a0000 - 0x00007ffe90e33000 	C:\Windows\SYSTEM32\windows.storage.dll
0x00007ffe93720000 - 0x00007ffe93a74000 	C:\Windows\System32\combase.dll
0x00007ffe91fd0000 - 0x00007ffe91ffe000 	C:\Windows\SYSTEM32\Wldp.dll
0x00007ffe949c0000 - 0x00007ffe94a6d000 	C:\Windows\System32\SHCORE.dll
0x00007ffe93c60000 - 0x00007ffe93cb5000 	C:\Windows\System32\shlwapi.dll
0x00007ffe92530000 - 0x00007ffe9254f000 	C:\Windows\SYSTEM32\profapi.dll
0x00007ffe8bcb0000 - 0x00007ffe8bcc9000 	C:\Program Files\Android\Android Studio\jbr\bin\net.dll
0x00007ffe8a9d0000 - 0x00007ffe8aada000 	C:\Windows\SYSTEM32\WINHTTP.dll
0x00007ffe91cc0000 - 0x00007ffe91d2a000 	C:\Windows\system32\mswsock.dll
0x00007ffe82200000 - 0x00007ffe82216000 	C:\Program Files\Android\Android Studio\jbr\bin\nio.dll
0x00007ffe821e0000 - 0x00007ffe821f0000 	C:\Program Files\Android\Android Studio\jbr\bin\verify.dll
0x00007ffe74a60000 - 0x00007ffe74a87000 	C:\Users\Mauricio\.gradle\native\68d5fa5c4cc2d200863cafc0d521ce42e7d3e7ee720ec0a83991735586a16f82\windows-amd64\native-platform.dll
0x00007ffe5cdd0000 - 0x00007ffe5cf14000 	C:\Users\Mauricio\.gradle\native\e376f236ea51e6404a007f0833ffe2c6e607c4080706a723a18a27aeea778392\windows-amd64\native-platform-file-events.dll
0x00007ffe83dc0000 - 0x00007ffe83dc9000 	C:\Program Files\Android\Android Studio\jbr\bin\management.dll
0x00007ffe821f0000 - 0x00007ffe821fb000 	C:\Program Files\Android\Android Studio\jbr\bin\management_ext.dll
0x00007ffe94a70000 - 0x00007ffe94a78000 	C:\Windows\System32\PSAPI.DLL
0x00007ffe91f20000 - 0x00007ffe91f38000 	C:\Windows\SYSTEM32\CRYPTSP.dll
0x00007ffe915e0000 - 0x00007ffe91614000 	C:\Windows\system32\rsaenh.dll
0x00007ffe92aa0000 - 0x00007ffe92ac7000 	C:\Windows\System32\bcrypt.dll
0x00007ffe924f0000 - 0x00007ffe9251e000 	C:\Windows\SYSTEM32\USERENV.dll
0x00007ffe91f40000 - 0x00007ffe91f4c000 	C:\Windows\SYSTEM32\CRYPTBASE.dll
0x00007ffe919b0000 - 0x00007ffe919ec000 	C:\Windows\SYSTEM32\IPHLPAPI.DLL
0x00007ffe94e00000 - 0x00007ffe94e08000 	C:\Windows\System32\NSI.dll
0x00007ffe85070000 - 0x00007ffe85087000 	C:\Windows\SYSTEM32\dhcpcsvc6.DLL
0x00007ffe88cf0000 - 0x00007ffe88d0d000 	C:\Windows\SYSTEM32\dhcpcsvc.DLL
0x00007ffe919f0000 - 0x00007ffe91aba000 	C:\Windows\SYSTEM32\DNSAPI.dll
0x00007ffe821b0000 - 0x00007ffe821b7000 	C:\Windows\system32\wshunix.dll
0x00007ffe91700000 - 0x00007ffe91733000 	C:\Windows\SYSTEM32\ntmarta.dll

dbghelp: loaded successfully - version: 4.0.5 - missing functions: none
symbol engine: initialized successfully - sym options: 0x614 - pdb path: .;C:\Program Files\Android\Android Studio\jbr\bin;C:\Windows\SYSTEM32;C:\Windows\WinSxS\amd64_microsoft.windows.common-controls_6595b64144ccf1df_6.0.19041.1110_none_60b5254171f9507e;C:\Program Files\Android\Android Studio\jbr\bin\server;C:\Users\Mauricio\.gradle\native\68d5fa5c4cc2d200863cafc0d521ce42e7d3e7ee720ec0a83991735586a16f82\windows-amd64;C:\Users\Mauricio\.gradle\native\e376f236ea51e6404a007f0833ffe2c6e607c4080706a723a18a27aeea778392\windows-amd64

VM Arguments:
jvm_args: --add-opens=java.base/java.util=ALL-UNNAMED --add-opens=java.base/java.lang=ALL-UNNAMED --add-opens=java.base/java.lang.invoke=ALL-UNNAMED --add-opens=java.prefs/java.util.prefs=ALL-UNNAMED --add-opens=java.base/java.nio.charset=ALL-UNNAMED --add-opens=java.base/java.net=ALL-UNNAMED --add-opens=java.base/java.util.concurrent.atomic=ALL-UNNAMED -Xmx2048m -Dfile.encoding=UTF-8 -Duser.country=BR -Duser.language=pt -Duser.variant 
java_command: org.gradle.launcher.daemon.bootstrap.GradleDaemon 8.0
java_class_path (initial): C:\Users\Mauricio\.gradle\wrapper\dists\gradle-8.0-bin\ca5e32bp14vu59qr306oxotwh\gradle-8.0\lib\gradle-launcher-8.0.jar
Launcher Type: SUN_STANDARD

[Global flags]
     intx CICompilerCount                          = 3                                         {product} {ergonomic}
     uint ConcGCThreads                            = 1                                         {product} {ergonomic}
     uint G1ConcRefinementThreads                  = 4                                         {product} {ergonomic}
   size_t G1HeapRegionSize                         = 1048576                                   {product} {ergonomic}
    uintx GCDrainStackTargetSize                   = 64                                        {product} {ergonomic}
   size_t InitialHeapSize                          = 67108864                                  {product} {ergonomic}
   size_t MarkStackSize                            = 4194304                                   {product} {ergonomic}
   size_t MaxHeapSize                              = 2147483648                                {product} {command line}
   size_t MaxNewSize                               = 1287651328                                {product} {ergonomic}
   size_t MinHeapDeltaBytes                        = 1048576                                   {product} {ergonomic}
   size_t MinHeapSize                              = 8388608                                   {product} {ergonomic}
    uintx NonNMethodCodeHeapSize                   = 5832780                                {pd product} {ergonomic}
    uintx NonProfiledCodeHeapSize                  = 122912730                              {pd product} {ergonomic}
    uintx ProfiledCodeHeapSize                     = 122912730                              {pd product} {ergonomic}
    uintx ReservedCodeCacheSize                    = 251658240                              {pd product} {ergonomic}
     bool SegmentedCodeCache                       = true                                      {product} {ergonomic}
   size_t SoftMaxHeapSize                          = 2147483648                             {manageable} {ergonomic}
     bool UseCompressedClassPointers               = true                           {product lp64_product} {ergonomic}
     bool UseCompressedOops                        = true                           {product lp64_product} {ergonomic}
     bool UseG1GC                                  = true                                      {product} {ergonomic}
     bool UseLargePagesIndividualAllocation        = false                                  {pd product} {ergonomic}

Logging:
Log output configuration:
 #0: stdout all=warning uptime,level,tags
 #1: stderr all=off uptime,level,tags

Environment Variables:
PATH=C:\Program Files (x86)\Common Files\Oracle\Java\javapath;C:\Windows\system32;C:\Windows;C:\Windows\System32\Wbem;C:\Windows\System32\WindowsPowerShell\v1.0\;C:\Windows\System32\OpenSSH\;C:\Program Files\Microsoft SQL Server\Client SDK\ODBC\170\Tools\Binn\;C:\Program Files (x86)\Microsoft SQL Server\150\Tools\Binn\;C:\Program Files\Microsoft SQL Server\150\Tools\Binn\;C:\Program Files\Microsoft SQL Server\150\DTS\Binn\;C:\Program Files (x86)\Microsoft SQL Server\150\DTS\Binn\;C:\Program Files\Azure Data Studio\bin;C:\Users\Mauricio\AppData\Local\Microsoft\WindowsApps;;C:\Program Files\Azure Data Studio\bin;C:\Users\Mauricio\AppData\Local\Programs\Microsoft VS Code\bin
USERNAME=Mauricio
OS=Windows_NT
PROCESSOR_IDENTIFIER=Intel64 Family 6 Model 78 Stepping 3, GenuineIntel
TMP=C:\Users\Mauricio\AppData\Local\Temp
TEMP=C:\Users\Mauricio\AppData\Local\Temp



---------------  S Y S T E M  ---------------

OS:
 Windows 10 , 64 bit Build 19041 (10.0.19041.3031)
OS uptime: 0 days 5:36 hours

CPU: total 4 (initial active 4) (2 cores per cpu, 2 threads per core) family 6 model 78 stepping 3 microcode 0xcc, cx8, cmov, fxsr, ht, mmx, 3dnowpref, sse, sse2, sse3, ssse3, sse4.1, sse4.2, popcnt, lzcnt, tsc, tscinvbit, avx, avx2, aes, erms, clmul, bmi1, bmi2, rtm, adx, fma, vzeroupper, clflush, clflushopt

Memory: 4k page, system-wide physical 3977M (275M free)
TotalPageFile size 6014M (AvailPageFile size 312M)
current process WorkingSet (physical memory assigned to process): 340M, peak: 556M
current process commit charge ("private bytes"): 612M, peak: 967M

vm_info: OpenJDK 64-Bit Server VM (17.0.6+0-b2043.56-9586694) for windows-amd64 JRE (17.0.6+0-b2043.56-9586694), built on Feb  9 2023 20:06:20 by "androidbuild" with MS VC++ 16.10 / 16.11 (VS2019)

END.
