#
# There is insufficient memory for the Java Runtime Environment to continue.
# Native memory allocation (mmap) failed to map 245366784 bytes for G1 virtual space
# Possible reasons:
#   The system is out of physical RAM or swap space
#   The process is running with CompressedOops enabled, and the Java Heap may be blocking the growth of the native heap
# Possible solutions:
#   Reduce memory load on the system
#   Increase physical memory or swap space
#   Check if swap backing store is full
#   Decrease Java heap size (-Xmx/-Xms)
#   Decrease number of Java threads
#   Decrease Java thread stack sizes (-Xss)
#   Set larger code cache with -XX:ReservedCodeCacheSize=
#   JVM is running with Unscaled Compressed Oops mode in which the Java heap is
#     placed in the first 4GB address space. The Java Heap base address is the
#     maximum limit for the native heap growth. Please use -XX:HeapBaseMinAddress
#     to set the Java Heap base and to place the Java Heap above 4GB virtual address.
# This output file may be truncated or incomplete.
#
#  Out of Memory Error (os_windows.cpp:3769), pid=6908, tid=6768
#
# JRE version: OpenJDK Runtime Environment (17.0.6) (build 17.0.6+0-b2043.56-9586694)
# Java VM: OpenJDK 64-Bit Server VM (17.0.6+0-b2043.56-9586694, mixed mode, tiered, compressed oops, compressed class ptrs, g1 gc, windows-amd64)
# No core dump will be written. Minidumps are not enabled by default on client versions of Windows
#

---------------  S U M M A R Y ------------

Command Line: --add-opens=java.base/java.util=ALL-UNNAMED --add-opens=java.base/java.lang=ALL-UNNAMED --add-opens=java.base/java.lang.invoke=ALL-UNNAMED --add-opens=java.prefs/java.util.prefs=ALL-UNNAMED --add-opens=java.base/java.nio.charset=ALL-UNNAMED --add-opens=java.base/java.net=ALL-UNNAMED --add-opens=java.base/java.util.concurrent.atomic=ALL-UNNAMED -Xmx2048m -Dfile.encoding=UTF-8 -Duser.country=BR -Duser.language=pt -Duser.variant org.gradle.launcher.daemon.bootstrap.GradleDaemon 8.0

Host: Intel(R) Core(TM) i3-6100U CPU @ 2.30GHz, 4 cores, 3G,  Windows 10 , 64 bit Build 19041 (10.0.19041.3031)
Time: Mon Sep 25 10:57:27 2023 Hora oficial do Brasil elapsed time: 163.730504 seconds (0d 0h 2m 43s)

---------------  T H R E A D  ---------------

Current thread (0x0000021cc9b2ecf0):  VMThread "VM Thread" [stack: 0x000000c194000000,0x000000c194100000] [id=6768]

Stack: [0x000000c194000000,0x000000c194100000]
Native frames: (J=compiled Java code, j=interpreted, Vv=VM code, C=native code)
V  [jvm.dll+0x683b4a]
V  [jvm.dll+0x842654]
V  [jvm.dll+0x843dfe]
V  [jvm.dll+0x844463]
V  [jvm.dll+0x249b75]
V  [jvm.dll+0x680a19]
V  [jvm.dll+0x674f0a]
V  [jvm.dll+0x309acb]
V  [jvm.dll+0x310f86]
V  [jvm.dll+0x3608ee]
V  [jvm.dll+0x360b1f]
V  [jvm.dll+0x2dfbf8]
V  [jvm.dll+0x2ddec4]
V  [jvm.dll+0x2dd4cc]
V  [jvm.dll+0x321f3b]
V  [jvm.dll+0x84893b]
V  [jvm.dll+0x849674]
V  [jvm.dll+0x849b8d]
V  [jvm.dll+0x849f64]
V  [jvm.dll+0x84a030]
V  [jvm.dll+0x7f25fa]
V  [jvm.dll+0x682985]
C  [ucrtbase.dll+0x21bb2]
C  [KERNEL32.DLL+0x17614]
C  [ntdll.dll+0x526f1]

VM_Operation (0x000000c196afc3c0): G1CollectForAllocation, mode: safepoint, requested by thread 0x0000021cd11a6ed0


---------------  P R O C E S S  ---------------

Threads class SMR info:
_java_thread_list=0x0000021cd1a02810, length=87, elements={
0x0000021cae658b80, 0x0000021cc9b33920, 0x0000021cc9b35d40, 0x0000021cc9b89050,
0x0000021cc9b89910, 0x0000021cc9b8d1f0, 0x0000021cc9b93dd0, 0x0000021cc9b9fed0,
0x0000021cc9ba17e0, 0x0000021cc9bac8c0, 0x0000021cca698430, 0x0000021cca69cd20,
0x0000021ccbaa7530, 0x0000021ccbaaaa20, 0x0000021ccbaa7060, 0x0000021ccbaa7a00,
0x0000021ccbaa7ed0, 0x0000021ccbaa83a0, 0x0000021ccbaa8d40, 0x0000021ccbaa9210,
0x0000021ccbaaa080, 0x0000021ccbaa8870, 0x0000021ccbaaa550, 0x0000021ccbaa9bb0,
0x0000021ccdb77820, 0x0000021ccdb77350, 0x0000021ccdb72650, 0x0000021ccdb75670,
0x0000021ccdb781c0, 0x0000021ccdb751a0, 0x0000021ccdb717e0, 0x0000021ccdb77cf0,
0x0000021ccdb72ff0, 0x0000021ccdb71cb0, 0x0000021ccdb71310, 0x0000021ccdb74800,
0x0000021ccdb76010, 0x0000021ccdb78b60, 0x0000021ccdb72180, 0x0000021ccdb769b0,
0x0000021ccdb734c0, 0x0000021ccdb73e60, 0x0000021ccdb73990, 0x0000021ccdb74330,
0x0000021ccdb74cd0, 0x0000021ccbaa96e0, 0x0000021ccda4e820, 0x0000021ccda4ecf0,
0x0000021ccda487e0, 0x0000021ccda4cb40, 0x0000021ccda49650, 0x0000021ccda4b800,
0x0000021ccda4f1c0, 0x0000021ccda49180, 0x0000021ccda4ae60, 0x0000021ccda4e350,
0x0000021ccda49b20, 0x0000021ccda4fb60, 0x0000021ccda49ff0, 0x0000021ccda48cb0,
0x0000021ccda4d010, 0x0000021ccda4a4c0, 0x0000021ccda4a990, 0x0000021ccda4b330,
0x0000021ccda4bcd0, 0x0000021ccda4c1a0, 0x0000021ccda4c670, 0x0000021ccda4d4e0,
0x0000021ccda4d9b0, 0x0000021ccda4de80, 0x0000021ccda4f690, 0x0000021ccda48310,
0x0000021cd11a86e0, 0x0000021cd11a9ef0, 0x0000021cd11a7d40, 0x0000021cd11a8bb0,
0x0000021cd11aa890, 0x0000021cd11a9550, 0x0000021cd11aad60, 0x0000021cd11a6060,
0x0000021cd11a73a0, 0x0000021cd11ab700, 0x0000021cd11a6a00, 0x0000021cd11a9080,
0x0000021cd11ad3e0, 0x0000021cd11a6ed0, 0x0000021ccf05ef00
}

Java Threads: ( => current thread )
  0x0000021cae658b80 JavaThread "main" [_thread_blocked, id=6920, stack(0x000000c193a00000,0x000000c193b00000)]
  0x0000021cc9b33920 JavaThread "Reference Handler" daemon [_thread_blocked, id=420, stack(0x000000c194100000,0x000000c194200000)]
  0x0000021cc9b35d40 JavaThread "Finalizer" daemon [_thread_blocked, id=1664, stack(0x000000c194200000,0x000000c194300000)]
  0x0000021cc9b89050 JavaThread "Signal Dispatcher" daemon [_thread_blocked, id=2340, stack(0x000000c194300000,0x000000c194400000)]
  0x0000021cc9b89910 JavaThread "Attach Listener" daemon [_thread_blocked, id=6684, stack(0x000000c194400000,0x000000c194500000)]
  0x0000021cc9b8d1f0 JavaThread "Service Thread" daemon [_thread_blocked, id=2920, stack(0x000000c194500000,0x000000c194600000)]
  0x0000021cc9b93dd0 JavaThread "Monitor Deflation Thread" daemon [_thread_blocked, id=1364, stack(0x000000c194600000,0x000000c194700000)]
  0x0000021cc9b9fed0 JavaThread "C2 CompilerThread0" daemon [_thread_blocked, id=5228, stack(0x000000c194700000,0x000000c194800000)]
  0x0000021cc9ba17e0 JavaThread "C1 CompilerThread0" daemon [_thread_blocked, id=5040, stack(0x000000c194800000,0x000000c194900000)]
  0x0000021cc9bac8c0 JavaThread "Sweeper thread" daemon [_thread_blocked, id=5840, stack(0x000000c194900000,0x000000c194a00000)]
  0x0000021cca698430 JavaThread "Common-Cleaner" daemon [_thread_blocked, id=6764, stack(0x000000c194a00000,0x000000c194b00000)]
  0x0000021cca69cd20 JavaThread "Notification Thread" daemon [_thread_blocked, id=6860, stack(0x000000c194b00000,0x000000c194c00000)]
  0x0000021ccbaa7530 JavaThread "Daemon health stats" [_thread_blocked, id=6788, stack(0x000000c195000000,0x000000c195100000)]
  0x0000021ccbaaaa20 JavaThread "Incoming local TCP Connector on port 50038" [_thread_in_native, id=6664, stack(0x000000c195100000,0x000000c195200000)]
  0x0000021ccbaa7060 JavaThread "Daemon periodic checks" [_thread_blocked, id=7040, stack(0x000000c195200000,0x000000c195300000)]
  0x0000021ccbaa7a00 JavaThread "Daemon" [_thread_blocked, id=2548, stack(0x000000c195300000,0x000000c195400000)]
  0x0000021ccbaa7ed0 JavaThread "Handler for socket connection from /127.0.0.1:50038 to /127.0.0.1:50039" [_thread_in_native, id=2936, stack(0x000000c195400000,0x000000c195500000)]
  0x0000021ccbaa83a0 JavaThread "Cancel handler" [_thread_blocked, id=6180, stack(0x000000c195500000,0x000000c195600000)]
  0x0000021ccbaa8d40 JavaThread "Daemon worker" [_thread_blocked, id=5080, stack(0x000000c195600000,0x000000c195700000)]
  0x0000021ccbaa9210 JavaThread "Asynchronous log dispatcher for DefaultDaemonConnection: socket connection from /127.0.0.1:50038 to /127.0.0.1:50039" [_thread_blocked, id=748, stack(0x000000c195700000,0x000000c195800000)]
  0x0000021ccbaaa080 JavaThread "Daemon client event forwarder" [_thread_blocked, id=4536, stack(0x000000c195900000,0x000000c195a00000)]
  0x0000021ccbaa8870 JavaThread "Cache worker for journal cache (C:\Users\Mauricio\.gradle\caches\journal-1)" [_thread_blocked, id=2288, stack(0x000000c195a00000,0x000000c195b00000)]
  0x0000021ccbaaa550 JavaThread "File lock request listener" [_thread_in_native, id=4672, stack(0x000000c195b00000,0x000000c195c00000)]
  0x0000021ccbaa9bb0 JavaThread "Cache worker for file hash cache (C:\Users\Mauricio\.gradle\caches\8.0\fileHashes)" [_thread_blocked, id=4132, stack(0x000000c195c00000,0x000000c195d00000)]
  0x0000021ccdb77820 JavaThread "File watcher server" daemon [_thread_in_native, id=1760, stack(0x000000c195d00000,0x000000c195e00000)]
  0x0000021ccdb77350 JavaThread "File watcher consumer" daemon [_thread_blocked, id=3236, stack(0x000000c195e00000,0x000000c195f00000)]
  0x0000021ccdb72650 JavaThread "jar transforms" [_thread_blocked, id=1380, stack(0x000000c195f00000,0x000000c196000000)]
  0x0000021ccdb75670 JavaThread "jar transforms Thread 2" [_thread_blocked, id=6740, stack(0x000000c196000000,0x000000c196100000)]
  0x0000021ccdb781c0 JavaThread "jar transforms Thread 3" [_thread_blocked, id=6296, stack(0x000000c196100000,0x000000c196200000)]
  0x0000021ccdb751a0 JavaThread "jar transforms Thread 4" [_thread_blocked, id=832, stack(0x000000c196200000,0x000000c196300000)]
  0x0000021ccdb717e0 JavaThread "Cache worker for checksums cache (C:\PROGRAMAS\ComprasAndroid\.gradle\8.0\checksums)" [_thread_blocked, id=5600, stack(0x000000c196300000,0x000000c196400000)]
  0x0000021ccdb77cf0 JavaThread "Cache worker for cache directory md-rule (C:\Users\Mauricio\.gradle\caches\8.0\md-rule)" [_thread_blocked, id=6524, stack(0x000000c196400000,0x000000c196500000)]
  0x0000021ccdb72ff0 JavaThread "Cache worker for file content cache (C:\Users\Mauricio\.gradle\caches\8.0\fileContent)" [_thread_blocked, id=6984, stack(0x000000c196500000,0x000000c196600000)]
  0x0000021ccdb71cb0 JavaThread "Cache worker for file hash cache (C:\PROGRAMAS\ComprasAndroid\.gradle\8.0\fileHashes)" [_thread_blocked, id=6588, stack(0x000000c196600000,0x000000c196700000)]
  0x0000021ccdb71310 JavaThread "Cache worker for cache directory md-supplier (C:\Users\Mauricio\.gradle\caches\8.0\md-supplier)" [_thread_blocked, id=4556, stack(0x000000c196700000,0x000000c196800000)]
  0x0000021ccdb74800 JavaThread "Cache worker for execution history cache (C:\Users\Mauricio\.gradle\caches\8.0\executionHistory)" [_thread_blocked, id=5112, stack(0x000000c196800000,0x000000c196900000)]
  0x0000021ccdb76010 JavaThread "Cache worker for dependencies-accessors (C:\PROGRAMAS\ComprasAndroid\.gradle\8.0\dependencies-accessors)" [_thread_blocked, id=3548, stack(0x000000c196900000,0x000000c196a00000)]
  0x0000021ccdb78b60 JavaThread "Cache worker for Build Output Cleanup Cache (C:\PROGRAMAS\ComprasAndroid\.gradle\buildOutputCleanup)" [_thread_blocked, id=6276, stack(0x000000c196c00000,0x000000c196d00000)]
  0x0000021ccdb72180 JavaThread "Unconstrained build operations" [_thread_blocked, id=3700, stack(0x000000c193800000,0x000000c193900000)]
  0x0000021ccdb769b0 JavaThread "Unconstrained build operations Thread 2" [_thread_blocked, id=5756, stack(0x000000c193900000,0x000000c193a00000)]
  0x0000021ccdb734c0 JavaThread "Unconstrained build operations Thread 3" [_thread_blocked, id=4440, stack(0x000000c195800000,0x000000c195900000)]
  0x0000021ccdb73e60 JavaThread "Unconstrained build operations Thread 4" [_thread_blocked, id=2784, stack(0x000000c196d00000,0x000000c196e00000)]
  0x0000021ccdb73990 JavaThread "Unconstrained build operations Thread 5" [_thread_blocked, id=6872, stack(0x000000c196e00000,0x000000c196f00000)]
  0x0000021ccdb74330 JavaThread "Unconstrained build operations Thread 6" [_thread_blocked, id=1776, stack(0x000000c196f00000,0x000000c197000000)]
  0x0000021ccdb74cd0 JavaThread "Unconstrained build operations Thread 7" [_thread_blocked, id=5664, stack(0x000000c197000000,0x000000c197100000)]
  0x0000021ccbaa96e0 JavaThread "Unconstrained build operations Thread 8" [_thread_blocked, id=2764, stack(0x000000c197100000,0x000000c197200000)]
  0x0000021ccda4e820 JavaThread "Unconstrained build operations Thread 9" [_thread_blocked, id=6016, stack(0x000000c197200000,0x000000c197300000)]
  0x0000021ccda4ecf0 JavaThread "Unconstrained build operations Thread 10" [_thread_blocked, id=3568, stack(0x000000c197300000,0x000000c197400000)]
  0x0000021ccda487e0 JavaThread "Unconstrained build operations Thread 11" [_thread_blocked, id=2484, stack(0x000000c197400000,0x000000c197500000)]
  0x0000021ccda4cb40 JavaThread "Unconstrained build operations Thread 12" [_thread_blocked, id=6820, stack(0x000000c197500000,0x000000c197600000)]
  0x0000021ccda49650 JavaThread "Unconstrained build operations Thread 13" [_thread_blocked, id=2480, stack(0x000000c197600000,0x000000c197700000)]
  0x0000021ccda4b800 JavaThread "Unconstrained build operations Thread 14" [_thread_blocked, id=3392, stack(0x000000c197700000,0x000000c197800000)]
  0x0000021ccda4f1c0 JavaThread "Unconstrained build operations Thread 15" [_thread_blocked, id=5352, stack(0x000000c197800000,0x000000c197900000)]
  0x0000021ccda49180 JavaThread "Unconstrained build operations Thread 16" [_thread_blocked, id=7028, stack(0x000000c197900000,0x000000c197a00000)]
  0x0000021ccda4ae60 JavaThread "Unconstrained build operations Thread 17" [_thread_blocked, id=5548, stack(0x000000c197a00000,0x000000c197b00000)]
  0x0000021ccda4e350 JavaThread "Unconstrained build operations Thread 18" [_thread_blocked, id=2320, stack(0x000000c197b00000,0x000000c197c00000)]
  0x0000021ccda49b20 JavaThread "Unconstrained build operations Thread 19" [_thread_blocked, id=1428, stack(0x000000c197c00000,0x000000c197d00000)]
  0x0000021ccda4fb60 JavaThread "Unconstrained build operations Thread 20" [_thread_blocked, id=2940, stack(0x000000c197d00000,0x000000c197e00000)]
  0x0000021ccda49ff0 JavaThread "Unconstrained build operations Thread 21" [_thread_blocked, id=4764, stack(0x000000c197e00000,0x000000c197f00000)]
  0x0000021ccda48cb0 JavaThread "Unconstrained build operations Thread 22" [_thread_blocked, id=6676, stack(0x000000c197f00000,0x000000c198000000)]
  0x0000021ccda4d010 JavaThread "Unconstrained build operations Thread 23" [_thread_blocked, id=4232, stack(0x000000c198000000,0x000000c198100000)]
  0x0000021ccda4a4c0 JavaThread "Unconstrained build operations Thread 24" [_thread_blocked, id=4380, stack(0x000000c198100000,0x000000c198200000)]
  0x0000021ccda4a990 JavaThread "Unconstrained build operations Thread 25" [_thread_blocked, id=5776, stack(0x000000c198200000,0x000000c198300000)]
  0x0000021ccda4b330 JavaThread "Unconstrained build operations Thread 26" [_thread_blocked, id=4404, stack(0x000000c198300000,0x000000c198400000)]
  0x0000021ccda4bcd0 JavaThread "Unconstrained build operations Thread 27" [_thread_blocked, id=2140, stack(0x000000c198400000,0x000000c198500000)]
  0x0000021ccda4c1a0 JavaThread "Unconstrained build operations Thread 28" [_thread_blocked, id=4956, stack(0x000000c198500000,0x000000c198600000)]
  0x0000021ccda4c670 JavaThread "Unconstrained build operations Thread 29" [_thread_blocked, id=5500, stack(0x000000c198600000,0x000000c198700000)]
  0x0000021ccda4d4e0 JavaThread "Unconstrained build operations Thread 30" [_thread_blocked, id=5168, stack(0x000000c198700000,0x000000c198800000)]
  0x0000021ccda4d9b0 JavaThread "Unconstrained build operations Thread 31" [_thread_blocked, id=5144, stack(0x000000c198800000,0x000000c198900000)]
  0x0000021ccda4de80 JavaThread "Unconstrained build operations Thread 32" [_thread_blocked, id=3212, stack(0x000000c198900000,0x000000c198a00000)]
  0x0000021ccda4f690 JavaThread "Unconstrained build operations Thread 33" [_thread_blocked, id=5444, stack(0x000000c198a00000,0x000000c198b00000)]
  0x0000021ccda48310 JavaThread "Unconstrained build operations Thread 34" [_thread_blocked, id=4156, stack(0x000000c198b00000,0x000000c198c00000)]
  0x0000021cd11a86e0 JavaThread "Unconstrained build operations Thread 35" [_thread_blocked, id=1104, stack(0x000000c198c00000,0x000000c198d00000)]
  0x0000021cd11a9ef0 JavaThread "Unconstrained build operations Thread 36" [_thread_blocked, id=5496, stack(0x000000c198d00000,0x000000c198e00000)]
  0x0000021cd11a7d40 JavaThread "Unconstrained build operations Thread 37" [_thread_blocked, id=4528, stack(0x000000c198e00000,0x000000c198f00000)]
  0x0000021cd11a8bb0 JavaThread "Unconstrained build operations Thread 38" [_thread_blocked, id=2400, stack(0x000000c198f00000,0x000000c199000000)]
  0x0000021cd11aa890 JavaThread "Unconstrained build operations Thread 39" [_thread_blocked, id=3388, stack(0x000000c199000000,0x000000c199100000)]
  0x0000021cd11a9550 JavaThread "Unconstrained build operations Thread 40" [_thread_blocked, id=4264, stack(0x000000c199100000,0x000000c199200000)]
  0x0000021cd11aad60 JavaThread "Memory manager" [_thread_blocked, id=1080, stack(0x000000c199200000,0x000000c199300000)]
  0x0000021cd11a6060 JavaThread "pool-3-thread-1" [_thread_blocked, id=6612, stack(0x000000c199300000,0x000000c199400000)]
  0x0000021cd11a73a0 JavaThread "included builds" [_thread_blocked, id=6792, stack(0x000000c199400000,0x000000c199500000)]
  0x0000021cd11ab700 JavaThread "Execution worker" [_thread_blocked, id=6916, stack(0x000000c199500000,0x000000c199600000)]
  0x0000021cd11a6a00 JavaThread "Execution worker Thread 2" [_thread_blocked, id=7132, stack(0x000000c199600000,0x000000c199700000)]
  0x0000021cd11a9080 JavaThread "Execution worker Thread 3" [_thread_blocked, id=6420, stack(0x000000c199700000,0x000000c199800000)]
  0x0000021cd11ad3e0 JavaThread "Cache worker for execution history cache (C:\PROGRAMAS\ComprasAndroid\.gradle\8.0\executionHistory)" [_thread_blocked, id=3288, stack(0x000000c199800000,0x000000c199900000)]
  0x0000021cd11a6ed0 JavaThread "idea-tooling-model-converter" [_thread_blocked, id=5976, stack(0x000000c196a00000,0x000000c196b00000)]
  0x0000021ccf05ef00 JavaThread "C2 CompilerThread1" daemon [_thread_blocked, id=1904, stack(0x000000c199900000,0x000000c199a00000)]

Other Threads:
=>0x0000021cc9b2ecf0 VMThread "VM Thread" [stack: 0x000000c194000000,0x000000c194100000] [id=6768]
  0x0000021cca566090 WatcherThread [stack: 0x000000c194c00000,0x000000c194d00000] [id=6784]
  0x0000021cae6b71f0 GCTaskThread "GC Thread#0" [stack: 0x000000c193b00000,0x000000c193c00000] [id=3768]
  0x0000021ccaf25c50 GCTaskThread "GC Thread#1" [stack: 0x000000c194d00000,0x000000c194e00000] [id=3784]
  0x0000021ccadb2600 GCTaskThread "GC Thread#2" [stack: 0x000000c194e00000,0x000000c194f00000] [id=6700]
  0x0000021ccafbda50 GCTaskThread "GC Thread#3" [stack: 0x000000c194f00000,0x000000c195000000] [id=3460]
  0x0000021cae6c8040 ConcurrentGCThread "G1 Main Marker" [stack: 0x000000c193c00000,0x000000c193d00000] [id=6772]
  0x0000021cae6c8f70 ConcurrentGCThread "G1 Conc#0" [stack: 0x000000c193d00000,0x000000c193e00000] [id=912]
  0x0000021cae7172b0 ConcurrentGCThread "G1 Refine#0" [stack: 0x000000c193e00000,0x000000c193f00000] [id=2052]
  0x0000021cae718bf0 ConcurrentGCThread "G1 Service" [stack: 0x000000c193f00000,0x000000c194000000] [id=5952]

Threads with active compile tasks:

VM state: at safepoint (normal execution)

VM Mutex/Monitor currently owned by a thread:  ([mutex/lock_event])
[0x0000021cae655040] Threads_lock - owner thread: 0x0000021cc9b2ecf0
[0x0000021cae655160] Heap_lock - owner thread: 0x0000021cd11a6ed0

Heap address: 0x0000000080000000, size: 2048 MB, Compressed Oops mode: 32-bit

CDS archive(s) not mapped
Compressed class space mapped at: 0x0000000100000000-0x0000000140000000, reserved size: 1073741824
Narrow klass base: 0x0000000000000000, Narrow klass shift: 3, Narrow klass range: 0x140000000

GC Precious Log:
 CPUs: 4 total, 4 available
 Memory: 3977M
 Large Page Support: Disabled
 NUMA Support: Disabled
 Compressed Oops: Enabled (32-bit)
 Heap Region Size: 1M
 Heap Min Capacity: 8M
 Heap Initial Capacity: 64M
 Heap Max Capacity: 2G
 Pre-touch: Disabled
 Parallel Workers: 4
 Concurrent Workers: 1
 Concurrent Refinement Workers: 4
 Periodic GC: Disabled

Heap:
 garbage-first heap   total 239616K, used 172258K [0x0000000080000000, 0x0000000100000000)
  region size 1024K, 3 young (3072K), 3 survivors (3072K)
 Metaspace       used 91918K, committed 92672K, reserved 1130496K
  class space    used 12326K, committed 12672K, reserved 1048576K

Heap Regions: E=young(eden), S=young(survivor), O=old, HS=humongous(starts), HC=humongous(continues), CS=collection set, F=free, OA=open archive, CA=closed archive, TAMS=top-at-mark-start (previous, next)
|   0|0x0000000080000000, 0x0000000080100000, 0x0000000080100000|100%| O|  |TAMS 0x0000000080100000, 0x0000000080000000| Untracked 
|   1|0x0000000080100000, 0x0000000080200000, 0x0000000080200000|100%| O|  |TAMS 0x0000000080200000, 0x0000000080100000| Untracked 
|   2|0x0000000080200000, 0x0000000080300000, 0x0000000080300000|100%|HS|  |TAMS 0x0000000080300000, 0x0000000080200000| Complete 
|   3|0x0000000080300000, 0x0000000080400000, 0x0000000080400000|100%|HC|  |TAMS 0x0000000080400000, 0x0000000080300000| Complete 
|   4|0x0000000080400000, 0x0000000080500000, 0x0000000080500000|100%|HC|  |TAMS 0x0000000080500000, 0x0000000080400000| Complete 
|   5|0x0000000080500000, 0x0000000080600000, 0x0000000080600000|100%|HC|  |TAMS 0x0000000080600000, 0x0000000080500000| Complete 
|   6|0x0000000080600000, 0x0000000080700000, 0x0000000080700000|100%| O|  |TAMS 0x0000000080700000, 0x0000000080600000| Untracked 
|   7|0x0000000080700000, 0x0000000080800000, 0x0000000080800000|100%| O|  |TAMS 0x0000000080800000, 0x0000000080700000| Untracked 
|   8|0x0000000080800000, 0x0000000080900000, 0x0000000080900000|100%| O|  |TAMS 0x0000000080900000, 0x0000000080800000| Untracked 
|   9|0x0000000080900000, 0x0000000080a00000, 0x0000000080a00000|100%| O|  |TAMS 0x0000000080a00000, 0x0000000080900000| Untracked 
|  10|0x0000000080a00000, 0x0000000080b00000, 0x0000000080b00000|100%| O|  |TAMS 0x0000000080b00000, 0x0000000080a00000| Untracked 
|  11|0x0000000080b00000, 0x0000000080c00000, 0x0000000080c00000|100%| O|  |TAMS 0x0000000080c00000, 0x0000000080b00000| Untracked 
|  12|0x0000000080c00000, 0x0000000080d00000, 0x0000000080d00000|100%| O|  |TAMS 0x0000000080d00000, 0x0000000080c00000| Untracked 
|  13|0x0000000080d00000, 0x0000000080e00000, 0x0000000080e00000|100%| O|  |TAMS 0x0000000080e00000, 0x0000000080d00000| Untracked 
|  14|0x0000000080e00000, 0x0000000080f00000, 0x0000000080f00000|100%| O|  |TAMS 0x0000000080f00000, 0x0000000080e00000| Untracked 
|  15|0x0000000080f00000, 0x0000000081000000, 0x0000000081000000|100%| O|  |TAMS 0x0000000081000000, 0x0000000080f00000| Untracked 
|  16|0x0000000081000000, 0x0000000081100000, 0x0000000081100000|100%| O|  |TAMS 0x0000000081100000, 0x0000000081000000| Untracked 
|  17|0x0000000081100000, 0x0000000081200000, 0x0000000081200000|100%| O|  |TAMS 0x0000000081200000, 0x0000000081100000| Untracked 
|  18|0x0000000081200000, 0x0000000081300000, 0x0000000081300000|100%| O|  |TAMS 0x0000000081300000, 0x0000000081200000| Untracked 
|  19|0x0000000081300000, 0x0000000081400000, 0x0000000081400000|100%| O|  |TAMS 0x0000000081400000, 0x0000000081300000| Untracked 
|  20|0x0000000081400000, 0x0000000081500000, 0x0000000081500000|100%| O|  |TAMS 0x0000000081500000, 0x0000000081400000| Untracked 
|  21|0x0000000081500000, 0x0000000081600000, 0x0000000081600000|100%|HS|  |TAMS 0x0000000081600000, 0x0000000081500000| Complete 
|  22|0x0000000081600000, 0x0000000081700000, 0x0000000081700000|100%|HC|  |TAMS 0x0000000081700000, 0x0000000081600000| Complete 
|  23|0x0000000081700000, 0x0000000081800000, 0x0000000081800000|100%|HS|  |TAMS 0x0000000081800000, 0x0000000081700000| Complete 
|  24|0x0000000081800000, 0x0000000081900000, 0x0000000081900000|100%|HC|  |TAMS 0x0000000081900000, 0x0000000081800000| Complete 
|  25|0x0000000081900000, 0x0000000081a00000, 0x0000000081a00000|100%|HC|  |TAMS 0x0000000081a00000, 0x0000000081900000| Complete 
|  26|0x0000000081a00000, 0x0000000081b00000, 0x0000000081b00000|100%|HS|  |TAMS 0x0000000081b00000, 0x0000000081a00000| Complete 
|  27|0x0000000081b00000, 0x0000000081c00000, 0x0000000081c00000|100%|HC|  |TAMS 0x0000000081c00000, 0x0000000081b00000| Complete 
|  28|0x0000000081c00000, 0x0000000081d00000, 0x0000000081d00000|100%|HC|  |TAMS 0x0000000081d00000, 0x0000000081c00000| Complete 
|  29|0x0000000081d00000, 0x0000000081e00000, 0x0000000081e00000|100%|HS|  |TAMS 0x0000000081e00000, 0x0000000081d00000| Complete 
|  30|0x0000000081e00000, 0x0000000081f00000, 0x0000000081f00000|100%|HC|  |TAMS 0x0000000081f00000, 0x0000000081e00000| Complete 
|  31|0x0000000081f00000, 0x0000000082000000, 0x0000000082000000|100%| O|  |TAMS 0x0000000082000000, 0x0000000081f00000| Untracked 
|  32|0x0000000082000000, 0x0000000082100000, 0x0000000082100000|100%| O|  |TAMS 0x0000000082100000, 0x0000000082000000| Untracked 
|  33|0x0000000082100000, 0x0000000082200000, 0x0000000082200000|100%|HS|  |TAMS 0x0000000082200000, 0x0000000082100000| Complete 
|  34|0x0000000082200000, 0x0000000082300000, 0x0000000082300000|100%|HC|  |TAMS 0x0000000082300000, 0x0000000082200000| Complete 
|  35|0x0000000082300000, 0x0000000082400000, 0x0000000082400000|100%|HC|  |TAMS 0x0000000082400000, 0x0000000082300000| Complete 
|  36|0x0000000082400000, 0x0000000082500000, 0x0000000082500000|100%|HC|  |TAMS 0x0000000082500000, 0x0000000082400000| Complete 
|  37|0x0000000082500000, 0x0000000082600000, 0x0000000082600000|100%|HC|  |TAMS 0x0000000082600000, 0x0000000082500000| Complete 
|  38|0x0000000082600000, 0x0000000082700000, 0x0000000082700000|100%|HC|  |TAMS 0x0000000082700000, 0x0000000082600000| Complete 
|  39|0x0000000082700000, 0x0000000082800000, 0x0000000082800000|100%|HC|  |TAMS 0x0000000082800000, 0x0000000082700000| Complete 
|  40|0x0000000082800000, 0x0000000082900000, 0x0000000082900000|100%|HC|  |TAMS 0x0000000082900000, 0x0000000082800000| Complete 
|  41|0x0000000082900000, 0x0000000082a00000, 0x0000000082a00000|100%|HC|  |TAMS 0x0000000082a00000, 0x0000000082900000| Complete 
|  42|0x0000000082a00000, 0x0000000082b00000, 0x0000000082b00000|100%|HC|  |TAMS 0x0000000082b00000, 0x0000000082a00000| Complete 
|  43|0x0000000082b00000, 0x0000000082c00000, 0x0000000082c00000|100%|HS|  |TAMS 0x0000000082c00000, 0x0000000082b00000| Complete 
|  44|0x0000000082c00000, 0x0000000082d00000, 0x0000000082d00000|100%|HC|  |TAMS 0x0000000082d00000, 0x0000000082c00000| Complete 
|  45|0x0000000082d00000, 0x0000000082e00000, 0x0000000082e00000|100%|HS|  |TAMS 0x0000000082e00000, 0x0000000082d00000| Complete 
|  46|0x0000000082e00000, 0x0000000082f00000, 0x0000000082f00000|100%|HC|  |TAMS 0x0000000082f00000, 0x0000000082e00000| Complete 
|  47|0x0000000082f00000, 0x0000000083000000, 0x0000000083000000|100%|HC|  |TAMS 0x0000000083000000, 0x0000000082f00000| Complete 
|  48|0x0000000083000000, 0x0000000083100000, 0x0000000083100000|100%|HC|  |TAMS 0x0000000083100000, 0x0000000083000000| Complete 
|  49|0x0000000083100000, 0x0000000083200000, 0x0000000083200000|100%|HC|  |TAMS 0x0000000083200000, 0x0000000083100000| Complete 
|  50|0x0000000083200000, 0x0000000083300000, 0x0000000083300000|100%|HC|  |TAMS 0x0000000083300000, 0x0000000083200000| Complete 
|  51|0x0000000083300000, 0x0000000083400000, 0x0000000083400000|100%|HS|  |TAMS 0x0000000083400000, 0x0000000083300000| Complete 
|  52|0x0000000083400000, 0x0000000083500000, 0x0000000083500000|100%| O|  |TAMS 0x0000000083500000, 0x0000000083400000| Untracked 
|  53|0x0000000083500000, 0x0000000083600000, 0x0000000083600000|100%| O|  |TAMS 0x0000000083600000, 0x0000000083500000| Untracked 
|  54|0x0000000083600000, 0x0000000083700000, 0x0000000083700000|100%| O|  |TAMS 0x0000000083700000, 0x0000000083600000| Untracked 
|  55|0x0000000083700000, 0x0000000083800000, 0x0000000083800000|100%| O|  |TAMS 0x0000000083800000, 0x0000000083700000| Untracked 
|  56|0x0000000083800000, 0x0000000083900000, 0x0000000083900000|100%| O|  |TAMS 0x0000000083900000, 0x0000000083800000| Untracked 
|  57|0x0000000083900000, 0x0000000083900000, 0x0000000083a00000|  0%| F|  |TAMS 0x0000000083900000, 0x0000000083900000| Untracked 
|  58|0x0000000083a00000, 0x0000000083b00000, 0x0000000083b00000|100%| O|  |TAMS 0x0000000083b00000, 0x0000000083a00000| Untracked 
|  59|0x0000000083b00000, 0x0000000083c00000, 0x0000000083c00000|100%| O|  |TAMS 0x0000000083c00000, 0x0000000083b00000| Untracked 
|  60|0x0000000083c00000, 0x0000000083d00000, 0x0000000083d00000|100%| O|  |TAMS 0x0000000083d00000, 0x0000000083c00000| Untracked 
|  61|0x0000000083d00000, 0x0000000083e00000, 0x0000000083e00000|100%| O|  |TAMS 0x0000000083e00000, 0x0000000083d00000| Untracked 
|  62|0x0000000083e00000, 0x0000000083f00000, 0x0000000083f00000|100%| O|  |TAMS 0x0000000083f00000, 0x0000000083e00000| Untracked 
|  63|0x0000000083f00000, 0x0000000084000000, 0x0000000084000000|100%| O|  |TAMS 0x0000000084000000, 0x0000000083f00000| Untracked 
|  64|0x0000000084000000, 0x0000000084100000, 0x0000000084100000|100%|HS|  |TAMS 0x0000000084100000, 0x0000000084000000| Complete 
|  65|0x0000000084100000, 0x0000000084200000, 0x0000000084200000|100%|HC|  |TAMS 0x0000000084200000, 0x0000000084100000| Complete 
|  66|0x0000000084200000, 0x0000000084300000, 0x0000000084300000|100%|HC|  |TAMS 0x0000000084300000, 0x0000000084200000| Complete 
|  67|0x0000000084300000, 0x0000000084400000, 0x0000000084400000|100%|HC|  |TAMS 0x0000000084400000, 0x0000000084300000| Complete 
|  68|0x0000000084400000, 0x0000000084500000, 0x0000000084500000|100%|HC|  |TAMS 0x0000000084500000, 0x0000000084400000| Complete 
|  69|0x0000000084500000, 0x0000000084600000, 0x0000000084600000|100%|HC|  |TAMS 0x0000000084600000, 0x0000000084500000| Complete 
|  70|0x0000000084600000, 0x0000000084700000, 0x0000000084700000|100%|HC|  |TAMS 0x0000000084700000, 0x0000000084600000| Complete 
|  71|0x0000000084700000, 0x0000000084800000, 0x0000000084800000|100%|HC|  |TAMS 0x0000000084800000, 0x0000000084700000| Complete 
|  72|0x0000000084800000, 0x0000000084900000, 0x0000000084900000|100%|HC|  |TAMS 0x0000000084900000, 0x0000000084800000| Complete 
|  73|0x0000000084900000, 0x0000000084a00000, 0x0000000084a00000|100%|HC|  |TAMS 0x0000000084a00000, 0x0000000084900000| Complete 
|  74|0x0000000084a00000, 0x0000000084b00000, 0x0000000084b00000|100%|HC|  |TAMS 0x0000000084b00000, 0x0000000084a00000| Complete 
|  75|0x0000000084b00000, 0x0000000084c00000, 0x0000000084c00000|100%|HS|  |TAMS 0x0000000084c00000, 0x0000000084b00000| Complete 
|  76|0x0000000084c00000, 0x0000000084d00000, 0x0000000084d00000|100%|HC|  |TAMS 0x0000000084d00000, 0x0000000084c00000| Complete 
|  77|0x0000000084d00000, 0x0000000084e00000, 0x0000000084e00000|100%|HS|  |TAMS 0x0000000084e00000, 0x0000000084d00000| Complete 
|  78|0x0000000084e00000, 0x0000000084f00000, 0x0000000084f00000|100%|HC|  |TAMS 0x0000000084f00000, 0x0000000084e00000| Complete 
|  79|0x0000000084f00000, 0x0000000085000000, 0x0000000085000000|100%|HC|  |TAMS 0x0000000085000000, 0x0000000084f00000| Complete 
|  80|0x0000000085000000, 0x0000000085100000, 0x0000000085100000|100%|HS|  |TAMS 0x0000000085100000, 0x0000000085000000| Complete 
|  81|0x0000000085100000, 0x0000000085200000, 0x0000000085200000|100%|HC|  |TAMS 0x0000000085200000, 0x0000000085100000| Complete 
|  82|0x0000000085200000, 0x0000000085300000, 0x0000000085300000|100%|HS|  |TAMS 0x0000000085300000, 0x0000000085200000| Complete 
|  83|0x0000000085300000, 0x0000000085400000, 0x0000000085400000|100%|HC|  |TAMS 0x0000000085400000, 0x0000000085300000| Complete 
|  84|0x0000000085400000, 0x0000000085500000, 0x0000000085500000|100%|HC|  |TAMS 0x0000000085500000, 0x0000000085400000| Complete 
|  85|0x0000000085500000, 0x0000000085600000, 0x0000000085600000|100%| O|  |TAMS 0x0000000085600000, 0x0000000085500000| Untracked 
|  86|0x0000000085600000, 0x0000000085700000, 0x0000000085700000|100%| O|  |TAMS 0x0000000085700000, 0x0000000085600000| Untracked 
|  87|0x0000000085700000, 0x0000000085800000, 0x0000000085800000|100%| O|  |TAMS 0x0000000085800000, 0x0000000085700000| Untracked 
|  88|0x0000000085800000, 0x0000000085900000, 0x0000000085900000|100%| O|  |TAMS 0x0000000085900000, 0x0000000085800000| Untracked 
|  89|0x0000000085900000, 0x0000000085a00000, 0x0000000085a00000|100%|HS|  |TAMS 0x0000000085a00000, 0x0000000085900000| Complete 
|  90|0x0000000085a00000, 0x0000000085b00000, 0x0000000085b00000|100%|HC|  |TAMS 0x0000000085b00000, 0x0000000085a00000| Complete 
|  91|0x0000000085b00000, 0x0000000085c00000, 0x0000000085c00000|100%|HC|  |TAMS 0x0000000085c00000, 0x0000000085b00000| Complete 
|  92|0x0000000085c00000, 0x0000000085d00000, 0x0000000085d00000|100%|HC|  |TAMS 0x0000000085d00000, 0x0000000085c00000| Complete 
|  93|0x0000000085d00000, 0x0000000085e00000, 0x0000000085e00000|100%|HC|  |TAMS 0x0000000085e00000, 0x0000000085d00000| Complete 
|  94|0x0000000085e00000, 0x0000000085f00000, 0x0000000085f00000|100%|HC|  |TAMS 0x0000000085f00000, 0x0000000085e00000| Complete 
|  95|0x0000000085f00000, 0x0000000086000000, 0x0000000086000000|100%|HS|  |TAMS 0x0000000086000000, 0x0000000085f00000| Complete 
|  96|0x0000000086000000, 0x0000000086100000, 0x0000000086100000|100%| O|  |TAMS 0x0000000086100000, 0x0000000086000000| Untracked 
|  97|0x0000000086100000, 0x0000000086200000, 0x0000000086200000|100%| O|  |TAMS 0x0000000086200000, 0x0000000086100000| Untracked 
|  98|0x0000000086200000, 0x0000000086300000, 0x0000000086300000|100%| O|  |TAMS 0x0000000086300000, 0x0000000086200000| Untracked 
|  99|0x0000000086300000, 0x0000000086400000, 0x0000000086400000|100%| O|  |TAMS 0x0000000086400000, 0x0000000086300000| Untracked 
| 100|0x0000000086400000, 0x0000000086500000, 0x0000000086500000|100%| O|  |TAMS 0x0000000086500000, 0x0000000086400000| Untracked 
| 101|0x0000000086500000, 0x0000000086600000, 0x0000000086600000|100%| O|  |TAMS 0x0000000086600000, 0x0000000086500000| Untracked 
| 102|0x0000000086600000, 0x0000000086700000, 0x0000000086700000|100%| O|  |TAMS 0x0000000086700000, 0x0000000086600000| Untracked 
| 103|0x0000000086700000, 0x0000000086800000, 0x0000000086800000|100%|HS|  |TAMS 0x0000000086800000, 0x0000000086700000| Complete 
| 104|0x0000000086800000, 0x0000000086900000, 0x0000000086900000|100%|HS|  |TAMS 0x0000000086900000, 0x0000000086800000| Complete 
| 105|0x0000000086900000, 0x0000000086a00000, 0x0000000086a00000|100%| O|  |TAMS 0x0000000086a00000, 0x0000000086900000| Untracked 
| 106|0x0000000086a00000, 0x0000000086b00000, 0x0000000086b00000|100%| O|  |TAMS 0x0000000086b00000, 0x0000000086a00000| Untracked 
| 107|0x0000000086b00000, 0x0000000086c00000, 0x0000000086c00000|100%| O|  |TAMS 0x0000000086c00000, 0x0000000086b00000| Untracked 
| 108|0x0000000086c00000, 0x0000000086d00000, 0x0000000086d00000|100%| O|  |TAMS 0x0000000086d00000, 0x0000000086c00000| Untracked 
| 109|0x0000000086d00000, 0x0000000086e00000, 0x0000000086e00000|100%| O|  |TAMS 0x0000000086e00000, 0x0000000086d00000| Untracked 
| 110|0x0000000086e00000, 0x0000000086f00000, 0x0000000086f00000|100%| O|  |TAMS 0x0000000086f00000, 0x0000000086e00000| Untracked 
| 111|0x0000000086f00000, 0x0000000087000000, 0x0000000087000000|100%| O|  |TAMS 0x0000000087000000, 0x0000000086f00000| Untracked 
| 112|0x0000000087000000, 0x0000000087100000, 0x0000000087100000|100%| O|  |TAMS 0x0000000087100000, 0x0000000087000000| Untracked 
| 113|0x0000000087100000, 0x0000000087200000, 0x0000000087200000|100%| O|  |TAMS 0x0000000087200000, 0x0000000087100000| Untracked 
| 114|0x0000000087200000, 0x0000000087300000, 0x0000000087300000|100%| O|  |TAMS 0x0000000087300000, 0x0000000087200000| Untracked 
| 115|0x0000000087300000, 0x0000000087400000, 0x0000000087400000|100%| O|  |TAMS 0x0000000087400000, 0x0000000087300000| Untracked 
| 116|0x0000000087400000, 0x0000000087500000, 0x0000000087500000|100%| O|  |TAMS 0x0000000087500000, 0x0000000087400000| Untracked 
| 117|0x0000000087500000, 0x0000000087600000, 0x0000000087600000|100%| O|  |TAMS 0x0000000087600000, 0x0000000087500000| Untracked 
| 118|0x0000000087600000, 0x0000000087700000, 0x0000000087700000|100%| O|  |TAMS 0x0000000087700000, 0x0000000087600000| Untracked 
| 119|0x0000000087700000, 0x0000000087800000, 0x0000000087800000|100%| O|  |TAMS 0x0000000087800000, 0x0000000087700000| Untracked 
| 120|0x0000000087800000, 0x0000000087900000, 0x0000000087900000|100%| O|  |TAMS 0x0000000087900000, 0x0000000087800000| Untracked 
| 121|0x0000000087900000, 0x0000000087a00000, 0x0000000087a00000|100%| O|  |TAMS 0x0000000087a00000, 0x0000000087900000| Untracked 
| 122|0x0000000087a00000, 0x0000000087b00000, 0x0000000087b00000|100%|HS|  |TAMS 0x0000000087b00000, 0x0000000087a00000| Complete 
| 123|0x0000000087b00000, 0x0000000087c00000, 0x0000000087c00000|100%|HC|  |TAMS 0x0000000087c00000, 0x0000000087b00000| Complete 
| 124|0x0000000087c00000, 0x0000000087d00000, 0x0000000087d00000|100%| O|  |TAMS 0x0000000087d00000, 0x0000000087c00000| Untracked 
| 125|0x0000000087d00000, 0x0000000087e00000, 0x0000000087e00000|100%| O|  |TAMS 0x0000000087e00000, 0x0000000087d00000| Untracked 
| 126|0x0000000087e00000, 0x0000000087f00000, 0x0000000087f00000|100%| O|  |TAMS 0x0000000087f00000, 0x0000000087e00000| Untracked 
| 127|0x0000000087f00000, 0x0000000088000000, 0x0000000088000000|100%| O|  |TAMS 0x0000000088000000, 0x0000000087f00000| Untracked 
| 128|0x0000000088000000, 0x0000000088100000, 0x0000000088100000|100%| O|  |TAMS 0x0000000088100000, 0x0000000088000000| Untracked 
| 129|0x0000000088100000, 0x0000000088200000, 0x0000000088200000|100%| O|  |TAMS 0x0000000088200000, 0x0000000088100000| Untracked 
| 130|0x0000000088200000, 0x0000000088300000, 0x0000000088300000|100%| O|  |TAMS 0x0000000088300000, 0x0000000088200000| Untracked 
| 131|0x0000000088300000, 0x0000000088400000, 0x0000000088400000|100%| O|  |TAMS 0x0000000088365600, 0x0000000088300000| Untracked 
| 132|0x0000000088400000, 0x0000000088500000, 0x0000000088500000|100%|HS|  |TAMS 0x0000000088500000, 0x0000000088400000| Complete 
| 133|0x0000000088500000, 0x0000000088600000, 0x0000000088600000|100%|HC|  |TAMS 0x0000000088600000, 0x0000000088500000| Complete 
| 134|0x0000000088600000, 0x0000000088700000, 0x0000000088700000|100%|HC|  |TAMS 0x0000000088700000, 0x0000000088600000| Complete 
| 135|0x0000000088700000, 0x0000000088800000, 0x0000000088800000|100%|HS|  |TAMS 0x0000000088700000, 0x0000000088700000| Complete 
| 136|0x0000000088800000, 0x0000000088900000, 0x0000000088900000|100%|HC|  |TAMS 0x0000000088800000, 0x0000000088800000| Complete 
| 137|0x0000000088900000, 0x0000000088a00000, 0x0000000088a00000|100%|HC|  |TAMS 0x0000000088900000, 0x0000000088900000| Complete 
| 138|0x0000000088a00000, 0x0000000088b00000, 0x0000000088b00000|100%|HS|  |TAMS 0x0000000088a00000, 0x0000000088a00000| Complete 
| 139|0x0000000088b00000, 0x0000000088c00000, 0x0000000088c00000|100%|HC|  |TAMS 0x0000000088b00000, 0x0000000088b00000| Complete 
| 140|0x0000000088c00000, 0x0000000088d00000, 0x0000000088d00000|100%|HS|  |TAMS 0x0000000088c00000, 0x0000000088c00000| Complete 
| 141|0x0000000088d00000, 0x0000000088e00000, 0x0000000088e00000|100%|HC|  |TAMS 0x0000000088d00000, 0x0000000088d00000| Complete 
| 142|0x0000000088e00000, 0x0000000088f00000, 0x0000000088f00000|100%|HC|  |TAMS 0x0000000088e00000, 0x0000000088e00000| Complete 
| 143|0x0000000088f00000, 0x0000000089000000, 0x0000000089000000|100%|HC|  |TAMS 0x0000000088f00000, 0x0000000088f00000| Complete 
| 144|0x0000000089000000, 0x0000000089100000, 0x0000000089100000|100%|HC|  |TAMS 0x0000000089000000, 0x0000000089000000| Complete 
| 145|0x0000000089100000, 0x0000000089200000, 0x0000000089200000|100%|HC|  |TAMS 0x0000000089100000, 0x0000000089100000| Complete 
| 146|0x0000000089200000, 0x0000000089300000, 0x0000000089300000|100%|HC|  |TAMS 0x0000000089200000, 0x0000000089200000| Complete 
| 147|0x0000000089300000, 0x0000000089400000, 0x0000000089400000|100%|HC|  |TAMS 0x0000000089300000, 0x0000000089300000| Complete 
| 148|0x0000000089400000, 0x0000000089500000, 0x0000000089500000|100%|HC|  |TAMS 0x0000000089400000, 0x0000000089400000| Complete 
| 149|0x0000000089500000, 0x0000000089600000, 0x0000000089600000|100%|HC|  |TAMS 0x0000000089500000, 0x0000000089500000| Complete 
| 150|0x0000000089600000, 0x0000000089700000, 0x0000000089700000|100%|HS|  |TAMS 0x0000000089600000, 0x0000000089600000| Complete 
| 151|0x0000000089700000, 0x0000000089800000, 0x0000000089800000|100%|HC|  |TAMS 0x0000000089700000, 0x0000000089700000| Complete 
| 152|0x0000000089800000, 0x0000000089900000, 0x0000000089900000|100%|HS|  |TAMS 0x0000000089800000, 0x0000000089800000| Complete 
| 153|0x0000000089900000, 0x0000000089a00000, 0x0000000089a00000|100%|HC|  |TAMS 0x0000000089900000, 0x0000000089900000| Complete 
| 154|0x0000000089a00000, 0x0000000089b00000, 0x0000000089b00000|100%|HC|  |TAMS 0x0000000089a00000, 0x0000000089a00000| Complete 
| 155|0x0000000089b00000, 0x0000000089c00000, 0x0000000089c00000|100%|HC|  |TAMS 0x0000000089b00000, 0x0000000089b00000| Complete 
| 156|0x0000000089c00000, 0x0000000089d00000, 0x0000000089d00000|100%|HC|  |TAMS 0x0000000089c00000, 0x0000000089c00000| Complete 
| 157|0x0000000089d00000, 0x0000000089e00000, 0x0000000089e00000|100%|HC|  |TAMS 0x0000000089d00000, 0x0000000089d00000| Complete 
| 158|0x0000000089e00000, 0x0000000089f00000, 0x0000000089f00000|100%|HS|  |TAMS 0x0000000089e00000, 0x0000000089e00000| Complete 
| 159|0x0000000089f00000, 0x000000008a000000, 0x000000008a000000|100%| O|  |TAMS 0x0000000089f00000, 0x0000000089f00000| Untracked 
| 160|0x000000008a000000, 0x000000008a100000, 0x000000008a100000|100%| O|  |TAMS 0x000000008a000000, 0x000000008a000000| Untracked 
| 161|0x000000008a100000, 0x000000008a200000, 0x000000008a200000|100%| O|  |TAMS 0x000000008a100000, 0x000000008a100000| Untracked 
| 162|0x000000008a200000, 0x000000008a300000, 0x000000008a300000|100%| O|  |TAMS 0x000000008a200000, 0x000000008a200000| Untracked 
| 163|0x000000008a300000, 0x000000008a400000, 0x000000008a400000|100%| O|  |TAMS 0x000000008a300000, 0x000000008a300000| Untracked 
| 164|0x000000008a400000, 0x000000008a500000, 0x000000008a500000|100%| O|  |TAMS 0x000000008a400000, 0x000000008a400000| Untracked 
| 165|0x000000008a500000, 0x000000008a600000, 0x000000008a600000|100%| O|  |TAMS 0x000000008a500000, 0x000000008a500000| Untracked 
| 166|0x000000008a600000, 0x000000008a6ede00, 0x000000008a700000| 92%| O|  |TAMS 0x000000008a600000, 0x000000008a600000| Untracked 
| 167|0x000000008a700000, 0x000000008a700000, 0x000000008a800000|  0%| F|  |TAMS 0x000000008a700000, 0x000000008a700000| Untracked 
| 168|0x000000008a800000, 0x000000008a800000, 0x000000008a900000|  0%| F|  |TAMS 0x000000008a800000, 0x000000008a800000| Untracked 
| 169|0x000000008a900000, 0x000000008a900000, 0x000000008aa00000|  0%| F|  |TAMS 0x000000008a900000, 0x000000008a900000| Untracked 
| 170|0x000000008aa00000, 0x000000008aa00000, 0x000000008ab00000|  0%| F|  |TAMS 0x000000008aa00000, 0x000000008aa00000| Untracked 
| 171|0x000000008ab00000, 0x000000008ab00000, 0x000000008ac00000|  0%| F|  |TAMS 0x000000008ab00000, 0x000000008ab00000| Untracked 
| 172|0x000000008ac00000, 0x000000008ac00000, 0x000000008ad00000|  0%| F|  |TAMS 0x000000008ac00000, 0x000000008ac00000| Untracked 
| 173|0x000000008ad00000, 0x000000008ad00000, 0x000000008ae00000|  0%| F|  |TAMS 0x000000008ad00000, 0x000000008ad00000| Untracked 
| 174|0x000000008ae00000, 0x000000008ae00000, 0x000000008af00000|  0%| F|  |TAMS 0x000000008ae00000, 0x000000008ae00000| Untracked 
| 175|0x000000008af00000, 0x000000008af00000, 0x000000008b000000|  0%| F|  |TAMS 0x000000008af00000, 0x000000008af00000| Untracked 
| 176|0x000000008b000000, 0x000000008b000000, 0x000000008b100000|  0%| F|  |TAMS 0x000000008b000000, 0x000000008b000000| Untracked 
| 177|0x000000008b100000, 0x000000008b100000, 0x000000008b200000|  0%| F|  |TAMS 0x000000008b100000, 0x000000008b100000| Untracked 
| 178|0x000000008b200000, 0x000000008b200000, 0x000000008b300000|  0%| F|  |TAMS 0x000000008b200000, 0x000000008b200000| Untracked 
| 179|0x000000008b300000, 0x000000008b300000, 0x000000008b400000|  0%| F|  |TAMS 0x000000008b300000, 0x000000008b300000| Untracked 
| 180|0x000000008b400000, 0x000000008b400000, 0x000000008b500000|  0%| F|  |TAMS 0x000000008b400000, 0x000000008b400000| Untracked 
| 181|0x000000008b500000, 0x000000008b500000, 0x000000008b600000|  0%| F|  |TAMS 0x000000008b500000, 0x000000008b500000| Untracked 
| 182|0x000000008b600000, 0x000000008b600000, 0x000000008b700000|  0%| F|  |TAMS 0x000000008b600000, 0x000000008b600000| Untracked 
| 183|0x000000008b700000, 0x000000008b700000, 0x000000008b800000|  0%| F|  |TAMS 0x000000008b700000, 0x000000008b700000| Untracked 
| 184|0x000000008b800000, 0x000000008b800000, 0x000000008b900000|  0%| F|  |TAMS 0x000000008b800000, 0x000000008b800000| Untracked 
| 185|0x000000008b900000, 0x000000008b900000, 0x000000008ba00000|  0%| F|  |TAMS 0x000000008b900000, 0x000000008b900000| Untracked 
| 186|0x000000008ba00000, 0x000000008ba00000, 0x000000008bb00000|  0%| F|  |TAMS 0x000000008ba00000, 0x000000008ba00000| Untracked 
| 187|0x000000008bb00000, 0x000000008bb00000, 0x000000008bc00000|  0%| F|  |TAMS 0x000000008bb00000, 0x000000008bb00000| Untracked 
| 188|0x000000008bc00000, 0x000000008bc00000, 0x000000008bd00000|  0%| F|  |TAMS 0x000000008bc00000, 0x000000008bc00000| Untracked 
| 189|0x000000008bd00000, 0x000000008bd00000, 0x000000008be00000|  0%| F|  |TAMS 0x000000008bd00000, 0x000000008bd00000| Untracked 
| 190|0x000000008be00000, 0x000000008be00000, 0x000000008bf00000|  0%| F|  |TAMS 0x000000008be00000, 0x000000008be00000| Untracked 
| 191|0x000000008bf00000, 0x000000008bf00000, 0x000000008c000000|  0%| F|  |TAMS 0x000000008bf00000, 0x000000008bf00000| Untracked 
| 192|0x000000008c000000, 0x000000008c000000, 0x000000008c100000|  0%| F|  |TAMS 0x000000008c000000, 0x000000008c000000| Untracked 
| 193|0x000000008c100000, 0x000000008c100000, 0x000000008c200000|  0%| F|  |TAMS 0x000000008c100000, 0x000000008c100000| Untracked 
| 194|0x000000008c200000, 0x000000008c200000, 0x000000008c300000|  0%| F|  |TAMS 0x000000008c200000, 0x000000008c200000| Untracked 
| 195|0x000000008c300000, 0x000000008c300000, 0x000000008c400000|  0%| F|  |TAMS 0x000000008c300000, 0x000000008c300000| Untracked 
| 196|0x000000008c400000, 0x000000008c400000, 0x000000008c500000|  0%| F|  |TAMS 0x000000008c400000, 0x000000008c400000| Untracked 
| 197|0x000000008c500000, 0x000000008c500000, 0x000000008c600000|  0%| F|  |TAMS 0x000000008c500000, 0x000000008c500000| Untracked 
| 198|0x000000008c600000, 0x000000008c600000, 0x000000008c700000|  0%| F|  |TAMS 0x000000008c600000, 0x000000008c600000| Untracked 
| 199|0x000000008c700000, 0x000000008c700000, 0x000000008c800000|  0%| F|  |TAMS 0x000000008c700000, 0x000000008c700000| Untracked 
| 200|0x000000008c800000, 0x000000008c800000, 0x000000008c900000|  0%| F|  |TAMS 0x000000008c800000, 0x000000008c800000| Untracked 
| 201|0x000000008c900000, 0x000000008c900000, 0x000000008ca00000|  0%| F|  |TAMS 0x000000008c900000, 0x000000008c900000| Untracked 
| 202|0x000000008ca00000, 0x000000008ca00000, 0x000000008cb00000|  0%| F|  |TAMS 0x000000008ca00000, 0x000000008ca00000| Untracked 
| 203|0x000000008cb00000, 0x000000008cb4ab50, 0x000000008cc00000| 29%| S|CS|TAMS 0x000000008cb00000, 0x000000008cb00000| Complete 
| 204|0x000000008cc00000, 0x000000008cd00000, 0x000000008cd00000|100%| S|CS|TAMS 0x000000008cc00000, 0x000000008cc00000| Complete 
| 205|0x000000008cd00000, 0x000000008ce00000, 0x000000008ce00000|100%| S|CS|TAMS 0x000000008cd00000, 0x000000008cd00000| Complete 
| 206|0x000000008ce00000, 0x000000008ce00000, 0x000000008cf00000|  0%| F|  |TAMS 0x000000008ce00000, 0x000000008ce00000| Untracked 
| 207|0x000000008cf00000, 0x000000008cf00000, 0x000000008d000000|  0%| F|  |TAMS 0x000000008cf00000, 0x000000008cf00000| Untracked 
| 208|0x000000008d000000, 0x000000008d000000, 0x000000008d100000|  0%| F|  |TAMS 0x000000008d000000, 0x000000008d000000| Untracked 
| 209|0x000000008d100000, 0x000000008d100000, 0x000000008d200000|  0%| F|  |TAMS 0x000000008d100000, 0x000000008d100000| Untracked 
| 210|0x000000008d200000, 0x000000008d200000, 0x000000008d300000|  0%| F|  |TAMS 0x000000008d200000, 0x000000008d200000| Untracked 
| 211|0x000000008d300000, 0x000000008d300000, 0x000000008d400000|  0%| F|  |TAMS 0x000000008d300000, 0x000000008d300000| Untracked 
| 212|0x000000008d400000, 0x000000008d400000, 0x000000008d500000|  0%| F|  |TAMS 0x000000008d400000, 0x000000008d400000| Untracked 
| 213|0x000000008d500000, 0x000000008d500000, 0x000000008d600000|  0%| F|  |TAMS 0x000000008d500000, 0x000000008d500000| Untracked 
| 214|0x000000008d600000, 0x000000008d600000, 0x000000008d700000|  0%| F|  |TAMS 0x000000008d600000, 0x000000008d600000| Untracked 
| 215|0x000000008d700000, 0x000000008d700000, 0x000000008d800000|  0%| F|  |TAMS 0x000000008d700000, 0x000000008d700000| Untracked 
| 216|0x000000008d800000, 0x000000008d800000, 0x000000008d900000|  0%| F|  |TAMS 0x000000008d800000, 0x000000008d800000| Untracked 
| 217|0x000000008d900000, 0x000000008d900000, 0x000000008da00000|  0%| F|  |TAMS 0x000000008d900000, 0x000000008d900000| Untracked 
| 218|0x000000008da00000, 0x000000008da00000, 0x000000008db00000|  0%| F|  |TAMS 0x000000008da00000, 0x000000008da00000| Untracked 
| 219|0x000000008db00000, 0x000000008db00000, 0x000000008dc00000|  0%| F|  |TAMS 0x000000008db00000, 0x000000008db00000| Untracked 
| 220|0x000000008dc00000, 0x000000008dc00000, 0x000000008dd00000|  0%| F|  |TAMS 0x000000008dc00000, 0x000000008dc00000| Untracked 
| 221|0x000000008dd00000, 0x000000008dd00000, 0x000000008de00000|  0%| F|  |TAMS 0x000000008dd00000, 0x000000008dd00000| Untracked 
| 222|0x000000008de00000, 0x000000008de00000, 0x000000008df00000|  0%| F|  |TAMS 0x000000008de00000, 0x000000008de00000| Untracked 
| 223|0x000000008df00000, 0x000000008df00000, 0x000000008e000000|  0%| F|  |TAMS 0x000000008df00000, 0x000000008df00000| Untracked 
| 224|0x000000008e000000, 0x000000008e000000, 0x000000008e100000|  0%| F|  |TAMS 0x000000008e000000, 0x000000008e000000| Untracked 
| 225|0x000000008e100000, 0x000000008e100000, 0x000000008e200000|  0%| F|  |TAMS 0x000000008e100000, 0x000000008e100000| Untracked 
| 226|0x000000008e200000, 0x000000008e200000, 0x000000008e300000|  0%| F|  |TAMS 0x000000008e200000, 0x000000008e200000| Untracked 
| 227|0x000000008e300000, 0x000000008e300000, 0x000000008e400000|  0%| F|  |TAMS 0x000000008e300000, 0x000000008e300000| Untracked 
| 228|0x000000008e400000, 0x000000008e400000, 0x000000008e500000|  0%| F|  |TAMS 0x000000008e400000, 0x000000008e400000| Untracked 
| 229|0x000000008e500000, 0x000000008e500000, 0x000000008e600000|  0%| F|  |TAMS 0x000000008e500000, 0x000000008e500000| Untracked 
| 230|0x000000008e600000, 0x000000008e600000, 0x000000008e700000|  0%| F|  |TAMS 0x000000008e600000, 0x000000008e600000| Untracked 
| 231|0x000000008e700000, 0x000000008e700000, 0x000000008e800000|  0%| F|  |TAMS 0x000000008e700000, 0x000000008e700000| Untracked 
| 232|0x000000008e800000, 0x000000008e800000, 0x000000008e900000|  0%| F|  |TAMS 0x000000008e800000, 0x000000008e800000| Untracked 
| 233|0x000000008e900000, 0x000000008e900000, 0x000000008ea00000|  0%| F|  |TAMS 0x000000008e900000, 0x000000008e900000| Untracked 

Card table byte_map: [0x0000021cc2d70000,0x0000021cc3170000] _byte_map_base: 0x0000021cc2970000

Marking Bits (Prev, Next): (CMBitMap*) 0x0000021cae6b7710, (CMBitMap*) 0x0000021cae6b7750
 Prev Bits: [0x0000021cc3570000, 0x0000021cc5570000)
 Next Bits: [0x0000021cc5570000, 0x0000021cc7570000)

Polling page: 0x0000021cae4f0000

Metaspace:

Usage:
  Non-class:     77.73 MB used.
      Class:     12.04 MB used.
       Both:     89.76 MB used.

Virtual space:
  Non-class space:       80.00 MB reserved,      78.12 MB ( 98%) committed,  10 nodes.
      Class space:        1.00 GB reserved,      12.38 MB (  1%) committed,  1 nodes.
             Both:        1.08 GB reserved,      90.50 MB (  8%) committed. 

Chunk freelists:
   Non-Class:  1.62 MB
       Class:  3.66 MB
        Both:  5.28 MB

MaxMetaspaceSize: unlimited
CompressedClassSpaceSize: 1.00 GB
Initial GC threshold: 21.00 MB
Current GC threshold: 140.88 MB
CDS: off
MetaspaceReclaimPolicy: balanced
 - commit_granule_bytes: 65536.
 - commit_granule_words: 8192.
 - virtual_space_node_default_size: 1048576.
 - enlarge_chunks_in_place: 1.
 - new_chunks_are_fully_committed: 0.
 - uncommit_free_chunks: 1.
 - use_allocation_guard: 0.
 - handle_deallocations: 1.


Internal statistics:

num_allocs_failed_limit: 3.
num_arena_births: 866.
num_arena_deaths: 0.
num_vsnodes_births: 11.
num_vsnodes_deaths: 0.
num_space_committed: 1448.
num_space_uncommitted: 0.
num_chunks_returned_to_freelist: 3.
num_chunks_taken_from_freelist: 4109.
num_chunk_merges: 3.
num_chunk_splits: 2707.
num_chunks_enlarged: 1794.
num_purges: 0.
num_inconsistent_stats: 0.

CodeHeap 'non-profiled nmethods': size=120000Kb used=5296Kb max_used=5296Kb free=114703Kb
 bounds [0x0000021cbae20000, 0x0000021cbb350000, 0x0000021cc2350000]
CodeHeap 'profiled nmethods': size=120000Kb used=16912Kb max_used=16912Kb free=103087Kb
 bounds [0x0000021cb3350000, 0x0000021cb43e0000, 0x0000021cba880000]
CodeHeap 'non-nmethods': size=5760Kb used=2409Kb max_used=2504Kb free=3350Kb
 bounds [0x0000021cba880000, 0x0000021cbab10000, 0x0000021cbae20000]
 total_blobs=9386 nmethods=8438 adapters=858
 compilation: enabled
              stopped_count=0, restarted_count=0
 full_count=0

Compilation events (20 events):
Event: 162.865 Thread 0x0000021ccf05ef00 nmethod 9272 0x0000021cbb33b510 code [0x0000021cbb33b6c0, 0x0000021cbb33c478]
Event: 162.865 Thread 0x0000021ccf05ef00 9276       4       org.objectweb.asm.SymbolTable::get (13 bytes)
Event: 162.866 Thread 0x0000021ccf05ef00 nmethod 9276 0x0000021cbb33c810 code [0x0000021cbb33c980, 0x0000021cbb33ca58]
Event: 162.866 Thread 0x0000021ccf05ef00 9270       4       java.util.Optional::orElse (16 bytes)
Event: 162.867 Thread 0x0000021ccf05ef00 nmethod 9270 0x0000021cbb33cb10 code [0x0000021cbb33cc80, 0x0000021cbb33cd18]
Event: 162.867 Thread 0x0000021ccf05ef00 9274       4       com.google.common.collect.ImmutableEntry::<init> (15 bytes)
Event: 162.869 Thread 0x0000021ccf05ef00 nmethod 9274 0x0000021cbb33ce10 code [0x0000021cbb33cf80, 0x0000021cbb33d1d8]
Event: 162.913 Thread 0x0000021cc9ba17e0 9281       3       org.objectweb.asm.AnnotationWriter::putAnnotations (67 bytes)
Event: 162.913 Thread 0x0000021cc9ba17e0 nmethod 9281 0x0000021cb43ccd10 code [0x0000021cb43ccf20, 0x0000021cb43cd358]
Event: 162.918 Thread 0x0000021cc9ba17e0 9282       1       org.gradle.api.internal.project.DefaultProject::getServices (5 bytes)
Event: 162.918 Thread 0x0000021cc9ba17e0 nmethod 9282 0x0000021cbb33d290 code [0x0000021cbb33d420, 0x0000021cbb33d4f8]
Event: 162.923 Thread 0x0000021ccf05ef00 9283       4       java.util.LinkedList::listIterator (15 bytes)
Event: 162.923 Thread 0x0000021cc9ba17e0 9284       3       org.slf4j.LoggerFactory::getLogger (65 bytes)
Event: 162.925 Thread 0x0000021cc9ba17e0 nmethod 9284 0x0000021cb43cd610 code [0x0000021cb43cda00, 0x0000021cb43cf1f8]
Event: 162.925 Thread 0x0000021cc9ba17e0 9285       3       org.gradle.tooling.internal.adapter.TypeInspector::visit (198 bytes)
Event: 162.928 Thread 0x0000021cc9ba17e0 nmethod 9285 0x0000021cb43cfa90 code [0x0000021cb43d0000, 0x0000021cb43d3218]
Event: 162.930 Thread 0x0000021ccf05ef00 nmethod 9283 0x0000021cbb33d590 code [0x0000021cbb33d720, 0x0000021cbb33d9d8]
Event: 163.026 Thread 0x0000021cc9b9fed0 nmethod 9210 0x0000021cbb33db90 code [0x0000021cbb33e200, 0x0000021cbb3455a8]
Event: 163.267 Thread 0x0000021ccf05ef00 9286       4       java.net.URLClassLoader::getAndVerifyPackage (109 bytes)
Event: 163.349 Thread 0x0000021ccf05ef00 nmethod 9286 0x0000021cbb348b10 code [0x0000021cbb348dc0, 0x0000021cbb34ad50]

GC Heap History (20 events):
Event: 123.061 GC heap after
{Heap after GC invocations=47 (full 0):
 garbage-first heap   total 198656K, used 119701K [0x0000000080000000, 0x0000000100000000)
  region size 1024K, 5 young (5120K), 5 survivors (5120K)
 Metaspace       used 73242K, committed 73920K, reserved 1114112K
  class space    used 9661K, committed 9984K, reserved 1048576K
}
Event: 123.383 GC heap before
{Heap before GC invocations=47 (full 0):
 garbage-first heap   total 198656K, used 123797K [0x0000000080000000, 0x0000000100000000)
  region size 1024K, 9 young (9216K), 5 survivors (5120K)
 Metaspace       used 73597K, committed 74240K, reserved 1114112K
  class space    used 9712K, committed 9984K, reserved 1048576K
}
Event: 123.391 GC heap after
{Heap after GC invocations=48 (full 0):
 garbage-first heap   total 198656K, used 119876K [0x0000000080000000, 0x0000000100000000)
  region size 1024K, 1 young (1024K), 1 survivors (1024K)
 Metaspace       used 73597K, committed 74240K, reserved 1114112K
  class space    used 9712K, committed 9984K, reserved 1048576K
}
Event: 126.162 GC heap before
{Heap before GC invocations=48 (full 0):
 garbage-first heap   total 198656K, used 156740K [0x0000000080000000, 0x0000000100000000)
  region size 1024K, 36 young (36864K), 1 survivors (1024K)
 Metaspace       used 76558K, committed 77248K, reserved 1122304K
  class space    used 10108K, committed 10432K, reserved 1048576K
}
Event: 126.167 GC heap after
{Heap after GC invocations=49 (full 0):
 garbage-first heap   total 198656K, used 121632K [0x0000000080000000, 0x0000000100000000)
  region size 1024K, 3 young (3072K), 3 survivors (3072K)
 Metaspace       used 76558K, committed 77248K, reserved 1122304K
  class space    used 10108K, committed 10432K, reserved 1048576K
}
Event: 127.062 GC heap before
{Heap before GC invocations=50 (full 0):
 garbage-first heap   total 219136K, used 157472K [0x0000000080000000, 0x0000000100000000)
  region size 1024K, 38 young (38912K), 3 survivors (3072K)
 Metaspace       used 77424K, committed 78080K, reserved 1122304K
  class space    used 10202K, committed 10496K, reserved 1048576K
}
Event: 127.074 GC heap after
{Heap after GC invocations=51 (full 0):
 garbage-first heap   total 219136K, used 124364K [0x0000000080000000, 0x0000000100000000)
  region size 1024K, 5 young (5120K), 5 survivors (5120K)
 Metaspace       used 77424K, committed 78080K, reserved 1122304K
  class space    used 10202K, committed 10496K, reserved 1048576K
}
Event: 130.504 GC heap before
{Heap before GC invocations=51 (full 0):
 garbage-first heap   total 219136K, used 174540K [0x0000000080000000, 0x0000000100000000)
  region size 1024K, 54 young (55296K), 5 survivors (5120K)
 Metaspace       used 83211K, committed 83904K, reserved 1122304K
  class space    used 11208K, committed 11520K, reserved 1048576K
}
Event: 130.517 GC heap after
{Heap after GC invocations=52 (full 0):
 garbage-first heap   total 219136K, used 127890K [0x0000000080000000, 0x0000000100000000)
  region size 1024K, 6 young (6144K), 6 survivors (6144K)
 Metaspace       used 83211K, committed 83904K, reserved 1122304K
  class space    used 11208K, committed 11520K, reserved 1048576K
}
Event: 138.038 GC heap before
{Heap before GC invocations=52 (full 0):
 garbage-first heap   total 219136K, used 147346K [0x0000000080000000, 0x0000000100000000)
  region size 1024K, 26 young (26624K), 6 survivors (6144K)
 Metaspace       used 85826K, committed 86528K, reserved 1130496K
  class space    used 11457K, committed 11776K, reserved 1048576K
}
Event: 138.051 GC heap after
{Heap after GC invocations=53 (full 0):
 garbage-first heap   total 219136K, used 132081K [0x0000000080000000, 0x0000000100000000)
  region size 1024K, 7 young (7168K), 7 survivors (7168K)
 Metaspace       used 85826K, committed 86528K, reserved 1130496K
  class space    used 11457K, committed 11776K, reserved 1048576K
}
Event: 139.079 GC heap before
{Heap before GC invocations=54 (full 0):
 garbage-first heap   total 225280K, used 134129K [0x0000000080000000, 0x0000000100000000)
  region size 1024K, 8 young (8192K), 7 survivors (7168K)
 Metaspace       used 85826K, committed 86528K, reserved 1130496K
  class space    used 11457K, committed 11776K, reserved 1048576K
}
Event: 139.089 GC heap after
{Heap after GC invocations=55 (full 0):
 garbage-first heap   total 225280K, used 135573K [0x0000000080000000, 0x0000000100000000)
  region size 1024K, 1 young (1024K), 1 survivors (1024K)
 Metaspace       used 85826K, committed 86528K, reserved 1130496K
  class space    used 11457K, committed 11776K, reserved 1048576K
}
Event: 140.980 GC heap before
{Heap before GC invocations=56 (full 0):
 garbage-first heap   total 234496K, used 138645K [0x0000000080000000, 0x0000000100000000)
  region size 1024K, 2 young (2048K), 1 survivors (1024K)
 Metaspace       used 85828K, committed 86528K, reserved 1130496K
  class space    used 11457K, committed 11776K, reserved 1048576K
}
Event: 140.983 GC heap after
{Heap after GC invocations=57 (full 0):
 garbage-first heap   total 234496K, used 138326K [0x0000000080000000, 0x0000000100000000)
  region size 1024K, 1 young (1024K), 1 survivors (1024K)
 Metaspace       used 85828K, committed 86528K, reserved 1130496K
  class space    used 11457K, committed 11776K, reserved 1048576K
}
Event: 161.561 GC heap before
{Heap before GC invocations=58 (full 0):
 garbage-first heap   total 239616K, used 205910K [0x0000000080000000, 0x0000000100000000)
  region size 1024K, 44 young (45056K), 1 survivors (1024K)
 Metaspace       used 89041K, committed 89792K, reserved 1130496K
  class space    used 11957K, committed 12288K, reserved 1048576K
}
Event: 161.569 GC heap after
{Heap after GC invocations=59 (full 0):
 garbage-first heap   total 239616K, used 170521K [0x0000000080000000, 0x0000000100000000)
  region size 1024K, 6 young (6144K), 6 survivors (6144K)
 Metaspace       used 89041K, committed 89792K, reserved 1130496K
  class space    used 11957K, committed 12288K, reserved 1048576K
}
Event: 161.797 GC heap before
{Heap before GC invocations=59 (full 0):
 garbage-first heap   total 239616K, used 175641K [0x0000000080000000, 0x0000000100000000)
  region size 1024K, 11 young (11264K), 6 survivors (6144K)
 Metaspace       used 89388K, committed 90048K, reserved 1130496K
  class space    used 12008K, committed 12288K, reserved 1048576K
}
Event: 161.804 GC heap after
{Heap after GC invocations=60 (full 0):
 garbage-first heap   total 239616K, used 170243K [0x0000000080000000, 0x0000000100000000)
  region size 1024K, 1 young (1024K), 1 survivors (1024K)
 Metaspace       used 89388K, committed 90048K, reserved 1130496K
  class space    used 12008K, committed 12288K, reserved 1048576K
}
Event: 163.469 GC heap before
{Heap before GC invocations=60 (full 0):
 garbage-first heap   total 239616K, used 197891K [0x0000000080000000, 0x0000000100000000)
  region size 1024K, 28 young (28672K), 1 survivors (1024K)
 Metaspace       used 91918K, committed 92672K, reserved 1130496K
  class space    used 12326K, committed 12672K, reserved 1048576K
}

Dll operation events (2 events):
Event: 0.499 Loaded shared library C:\Program Files\Android\Android Studio\jbr\bin\java.dll
Event: 2.427 Loaded shared library C:\Program Files\Android\Android Studio\jbr\bin\verify.dll

Deoptimization events (20 events):
Event: 162.864 Thread 0x0000021ccbaa8d40 Uncommon trap: trap_request=0xffffffde fr.pc=0x0000021cbb1f3e3c relative=0x000000000000055c
Event: 162.864 Thread 0x0000021ccbaa8d40 Uncommon trap: reason=class_check action=maybe_recompile pc=0x0000021cbb1f3e3c method=java.util.regex.Matcher.search(I)Z @ 121 c2
Event: 162.864 Thread 0x0000021ccbaa8d40 DEOPT PACKING pc=0x0000021cbb1f3e3c sp=0x000000c1956fb1e0
Event: 162.864 Thread 0x0000021ccbaa8d40 DEOPT UNPACKING pc=0x0000021cba8d69a3 sp=0x000000c1956fb190 mode 2
Event: 162.865 Thread 0x0000021ccbaa8d40 Uncommon trap: trap_request=0xffffffde fr.pc=0x0000021cbb1f3e3c relative=0x000000000000055c
Event: 162.865 Thread 0x0000021ccbaa8d40 Uncommon trap: reason=class_check action=maybe_recompile pc=0x0000021cbb1f3e3c method=java.util.regex.Matcher.search(I)Z @ 121 c2
Event: 162.865 Thread 0x0000021ccbaa8d40 DEOPT PACKING pc=0x0000021cbb1f3e3c sp=0x000000c1956fb480
Event: 162.865 Thread 0x0000021ccbaa8d40 DEOPT UNPACKING pc=0x0000021cba8d69a3 sp=0x000000c1956fb430 mode 2
Event: 162.866 Thread 0x0000021ccbaa8d40 Uncommon trap: trap_request=0xffffffde fr.pc=0x0000021cbb1f3e3c relative=0x000000000000055c
Event: 162.866 Thread 0x0000021ccbaa8d40 Uncommon trap: reason=class_check action=maybe_recompile pc=0x0000021cbb1f3e3c method=java.util.regex.Matcher.search(I)Z @ 121 c2
Event: 162.866 Thread 0x0000021ccbaa8d40 DEOPT PACKING pc=0x0000021cbb1f3e3c sp=0x000000c1956fb1d0
Event: 162.866 Thread 0x0000021ccbaa8d40 DEOPT UNPACKING pc=0x0000021cba8d69a3 sp=0x000000c1956fb180 mode 2
Event: 163.136 Thread 0x0000021ccbaa8d40 Uncommon trap: trap_request=0xffffffde fr.pc=0x0000021cbb1588e0 relative=0x0000000000000380
Event: 163.136 Thread 0x0000021ccbaa8d40 Uncommon trap: reason=class_check action=maybe_recompile pc=0x0000021cbb1588e0 method=java.util.stream.AbstractPipeline.copyIntoWithCancel(Ljava/util/stream/Sink;Ljava/util/Spliterator;)Z @ 32 c2
Event: 163.136 Thread 0x0000021ccbaa8d40 DEOPT PACKING pc=0x0000021cbb1588e0 sp=0x000000c1956fb5b0
Event: 163.136 Thread 0x0000021ccbaa8d40 DEOPT UNPACKING pc=0x0000021cba8d69a3 sp=0x000000c1956fb470 mode 2
Event: 163.136 Thread 0x0000021ccbaa8d40 Uncommon trap: trap_request=0xffffffde fr.pc=0x0000021cbb1575dc relative=0x000000000000027c
Event: 163.136 Thread 0x0000021ccbaa8d40 Uncommon trap: reason=class_check action=maybe_recompile pc=0x0000021cbb1575dc method=java.util.stream.AbstractPipeline.copyIntoWithCancel(Ljava/util/stream/Sink;Ljava/util/Spliterator;)Z @ 32 c2
Event: 163.136 Thread 0x0000021ccbaa8d40 DEOPT PACKING pc=0x0000021cbb1575dc sp=0x000000c1956fb550
Event: 163.136 Thread 0x0000021ccbaa8d40 DEOPT UNPACKING pc=0x0000021cba8d69a3 sp=0x000000c1956fb470 mode 2

Classes unloaded (0 events):
No events

Classes redefined (0 events):
No events

Internal exceptions (20 events):
Event: 162.311 Thread 0x0000021ccbaa8d40 Exception <a 'java/lang/ClassNotFoundException'{0x000000008e0e0e30}: org/gradle/api/internal/project/ant/BasicAntBuilderCustomizer> (0x000000008e0e0e30) 
thrown [s\src\hotspot\share\classfile\systemDictionary.cpp, line 256]
Event: 162.312 Thread 0x0000021ccbaa8d40 Exception <a 'java/lang/ClassNotFoundException'{0x000000008e0fce10}: org/gradle/api/internal/project/DefaultAntBuilderCustomizer> (0x000000008e0fce10) 
thrown [s\src\hotspot\share\classfile\systemDictionary.cpp, line 256]
Event: 162.545 Thread 0x0000021ccbaa8d40 Exception <a 'java/lang/ClassNotFoundException'{0x000000008dbfb258}: org/gradle/api/internal/tasks/DefaultTaskContainer_DecoratedBeanInfo> (0x000000008dbfb258) 
thrown [s\src\hotspot\share\classfile\systemDictionary.cpp, line 256]
Event: 162.546 Thread 0x0000021ccbaa8d40 Exception <a 'java/lang/ClassNotFoundException'{0x000000008da04670}: org/gradle/api/internal/tasks/DefaultTaskContainerBeanInfo> (0x000000008da04670) 
thrown [s\src\hotspot\share\classfile\systemDictionary.cpp, line 256]
Event: 162.546 Thread 0x0000021ccbaa8d40 Exception <a 'java/lang/ClassNotFoundException'{0x000000008da0d808}: org/gradle/api/internal/tasks/DefaultTaskCollectionBeanInfo> (0x000000008da0d808) 
thrown [s\src\hotspot\share\classfile\systemDictionary.cpp, line 256]
Event: 162.547 Thread 0x0000021ccbaa8d40 Exception <a 'java/lang/ClassNotFoundException'{0x000000008da16c18}: org/gradle/api/internal/tasks/DefaultTaskCollectionCustomizer> (0x000000008da16c18) 
thrown [s\src\hotspot\share\classfile\systemDictionary.cpp, line 256]
Event: 162.551 Thread 0x0000021ccbaa8d40 Exception <a 'java/lang/ClassNotFoundException'{0x000000008da4c4f8}: org/gradle/api/internal/tasks/DefaultTaskContainerCustomizer> (0x000000008da4c4f8) 
thrown [s\src\hotspot\share\classfile\systemDictionary.cpp, line 256]
Event: 162.554 Thread 0x0000021ccbaa8d40 Exception <a 'java/lang/ClassNotFoundException'{0x000000008daa5fb8}: org/gradle/api/internal/tasks/DefaultTaskContainer_DecoratedCustomizer> (0x000000008daa5fb8) 
thrown [s\src\hotspot\share\classfile\systemDictionary.cpp, line 256]
Event: 162.602 Thread 0x0000021ccbaa8d40 Exception <a 'java/lang/ClassNotFoundException'{0x000000008d80f940}: java/util/ArrayListBeanInfo> (0x000000008d80f940) 
thrown [s\src\hotspot\share\classfile\systemDictionary.cpp, line 256]
Event: 162.603 Thread 0x0000021ccbaa8d40 Exception <a 'java/lang/ClassNotFoundException'{0x000000008d813e98}: java/util/ArrayListCustomizer> (0x000000008d813e98) 
thrown [s\src\hotspot\share\classfile\systemDictionary.cpp, line 256]
Event: 162.626 Thread 0x0000021ccbaa8d40 Exception <a 'java/lang/ClassNotFoundException'{0x000000008d89d228}: java/util/CollectionBeanInfo> (0x000000008d89d228) 
thrown [s\src\hotspot\share\classfile\systemDictionary.cpp, line 256]
Event: 162.627 Thread 0x0000021ccbaa8d40 Exception <a 'java/lang/ClassNotFoundException'{0x000000008d8a1780}: java/util/CollectionCustomizer> (0x000000008d8a1780) 
thrown [s\src\hotspot\share\classfile\systemDictionary.cpp, line 256]
Event: 162.636 Thread 0x0000021ccbaa8d40 Exception <a 'java/lang/ClassNotFoundException'{0x000000008d8ef600}: org/gradle/api/tasks/SourceSetBeanInfo> (0x000000008d8ef600) 
thrown [s\src\hotspot\share\classfile\systemDictionary.cpp, line 256]
Event: 162.637 Thread 0x0000021ccbaa8d40 Exception <a 'java/lang/ClassNotFoundException'{0x000000008d8f8fa0}: org/gradle/api/tasks/SourceSetCustomizer> (0x000000008d8f8fa0) 
thrown [s\src\hotspot\share\classfile\systemDictionary.cpp, line 256]
Event: 162.641 Thread 0x0000021ccbaa8d40 Exception <a 'java/lang/ClassNotFoundException'{0x000000008d7681d8}: java/util/LinkedHashMapBeanInfo> (0x000000008d7681d8) 
thrown [s\src\hotspot\share\classfile\systemDictionary.cpp, line 256]
Event: 162.642 Thread 0x0000021ccbaa8d40 Exception <a 'java/lang/ClassNotFoundException'{0x000000008d76c750}: java/util/HashMapBeanInfo> (0x000000008d76c750) 
thrown [s\src\hotspot\share\classfile\systemDictionary.cpp, line 256]
Event: 162.642 Thread 0x0000021ccbaa8d40 Exception <a 'java/lang/ClassNotFoundException'{0x000000008d771220}: java/util/AbstractMapBeanInfo> (0x000000008d771220) 
thrown [s\src\hotspot\share\classfile\systemDictionary.cpp, line 256]
Event: 162.642 Thread 0x0000021ccbaa8d40 Exception <a 'java/lang/ClassNotFoundException'{0x000000008d775798}: java/util/AbstractMapCustomizer> (0x000000008d775798) 
thrown [s\src\hotspot\share\classfile\systemDictionary.cpp, line 256]
Event: 162.644 Thread 0x0000021ccbaa8d40 Exception <a 'java/lang/ClassNotFoundException'{0x000000008d784068}: java/util/HashMapCustomizer> (0x000000008d784068) 
thrown [s\src\hotspot\share\classfile\systemDictionary.cpp, line 256]
Event: 162.645 Thread 0x0000021ccbaa8d40 Exception <a 'java/lang/ClassNotFoundException'{0x000000008d7a0418}: java/util/LinkedHashMapCustomizer> (0x000000008d7a0418) 
thrown [s\src\hotspot\share\classfile\systemDictionary.cpp, line 256]

VM Operations (20 events):
Event: 157.058 Executing VM operation: Cleanup done
Event: 157.346 Executing VM operation: HandshakeAllThreads
Event: 157.346 Executing VM operation: HandshakeAllThreads done
Event: 157.347 Executing VM operation: HandshakeAllThreads
Event: 157.347 Executing VM operation: HandshakeAllThreads done
Event: 158.348 Executing VM operation: Cleanup
Event: 158.348 Executing VM operation: Cleanup done
Event: 159.368 Executing VM operation: Cleanup
Event: 159.368 Executing VM operation: Cleanup done
Event: 160.368 Executing VM operation: Cleanup
Event: 160.368 Executing VM operation: Cleanup done
Event: 161.378 Executing VM operation: Cleanup
Event: 161.378 Executing VM operation: Cleanup done
Event: 161.561 Executing VM operation: G1CollectForAllocation
Event: 161.570 Executing VM operation: G1CollectForAllocation done
Event: 161.797 Executing VM operation: G1CollectForAllocation
Event: 161.804 Executing VM operation: G1CollectForAllocation done
Event: 162.806 Executing VM operation: Cleanup
Event: 162.806 Executing VM operation: Cleanup done
Event: 163.469 Executing VM operation: G1CollectForAllocation

Events (20 events):
Event: 162.641 loading class java/util/HashMapBeanInfo
Event: 162.641 loading class java/util/HashMapBeanInfo done
Event: 162.642 loading class java/util/HashMapBeanInfo
Event: 162.642 loading class java/util/HashMapBeanInfo done
Event: 162.642 loading class java/util/AbstractMapBeanInfo
Event: 162.642 loading class java/util/AbstractMapBeanInfo done
Event: 162.642 loading class java/util/AbstractMapBeanInfo
Event: 162.642 loading class java/util/AbstractMapBeanInfo done
Event: 162.642 loading class java/util/AbstractMapCustomizer
Event: 162.642 loading class java/util/AbstractMapCustomizer done
Event: 162.642 loading class java/util/AbstractMapCustomizer
Event: 162.642 loading class java/util/AbstractMapCustomizer done
Event: 162.643 loading class java/util/HashMapCustomizer
Event: 162.643 loading class java/util/HashMapCustomizer done
Event: 162.643 loading class java/util/HashMapCustomizer
Event: 162.643 loading class java/util/HashMapCustomizer done
Event: 162.645 loading class java/util/LinkedHashMapCustomizer
Event: 162.645 loading class java/util/LinkedHashMapCustomizer done
Event: 162.645 loading class java/util/LinkedHashMapCustomizer
Event: 162.645 loading class java/util/LinkedHashMapCustomizer done


Dynamic libraries:
0x00007ff6d34b0000 - 0x00007ff6d34ba000 	C:\Program Files\Android\Android Studio\jbr\bin\java.exe
0x00007ff90b4f0000 - 0x00007ff90b6e8000 	C:\Windows\SYSTEM32\ntdll.dll
0x00007ff909b20000 - 0x00007ff909bdf000 	C:\Windows\System32\KERNEL32.DLL
0x00007ff909030000 - 0x00007ff909326000 	C:\Windows\System32\KERNELBASE.dll
0x00007ff909450000 - 0x00007ff909550000 	C:\Windows\System32\ucrtbase.dll
0x00007ff903af0000 - 0x00007ff903b07000 	C:\Program Files\Android\Android Studio\jbr\bin\jli.dll
0x00007ff909770000 - 0x00007ff90990d000 	C:\Windows\System32\USER32.dll
0x00007ff908da0000 - 0x00007ff908dc2000 	C:\Windows\System32\win32u.dll
0x00007ff909f20000 - 0x00007ff909f4c000 	C:\Windows\System32\GDI32.dll
0x00007ff909330000 - 0x00007ff909445000 	C:\Windows\System32\gdi32full.dll
0x00007ff908f40000 - 0x00007ff908fdd000 	C:\Windows\System32\msvcp_win.dll
0x00007ff8fb670000 - 0x00007ff8fb68b000 	C:\Program Files\Android\Android Studio\jbr\bin\VCRUNTIME140.dll
0x00007ff8f2b70000 - 0x00007ff8f2e0a000 	C:\Windows\WinSxS\amd64_microsoft.windows.common-controls_6595b64144ccf1df_6.0.19041.1110_none_60b5254171f9507e\COMCTL32.dll
0x00007ff9095b0000 - 0x00007ff90964e000 	C:\Windows\System32\msvcrt.dll
0x00007ff909f80000 - 0x00007ff909fb0000 	C:\Windows\System32\IMM32.DLL
0x00007ff902110000 - 0x00007ff90211c000 	C:\Program Files\Android\Android Studio\jbr\bin\vcruntime140_1.dll
0x00007ff8f9b40000 - 0x00007ff8f9bcd000 	C:\Program Files\Android\Android Studio\jbr\bin\msvcp140.dll
0x00007ff8d1880000 - 0x00007ff8d24ed000 	C:\Program Files\Android\Android Studio\jbr\bin\server\jvm.dll
0x00007ff909d20000 - 0x00007ff909dcf000 	C:\Windows\System32\ADVAPI32.dll
0x00007ff909dd0000 - 0x00007ff909e6c000 	C:\Windows\System32\sechost.dll
0x00007ff909be0000 - 0x00007ff909d06000 	C:\Windows\System32\RPCRT4.dll
0x00007ff8ee250000 - 0x00007ff8ee277000 	C:\Windows\SYSTEM32\WINMM.dll
0x00007ff8f9990000 - 0x00007ff8f999a000 	C:\Windows\SYSTEM32\VERSION.dll
0x00007ff903d90000 - 0x00007ff903d99000 	C:\Windows\SYSTEM32\WSOCK32.dll
0x00007ff90ac90000 - 0x00007ff90acfb000 	C:\Windows\System32\ws2_32.DLL
0x00007ff906a80000 - 0x00007ff906a92000 	C:\Windows\SYSTEM32\kernel.appcore.dll
0x00007ff903d80000 - 0x00007ff903d8a000 	C:\Program Files\Android\Android Studio\jbr\bin\jimage.dll
0x00007ff8e2fc0000 - 0x00007ff8e31a4000 	C:\Windows\SYSTEM32\DBGHELP.DLL
0x00007ff8dd9a0000 - 0x00007ff8dd9d4000 	C:\Windows\SYSTEM32\dbgcore.DLL
0x00007ff908e00000 - 0x00007ff908e82000 	C:\Windows\System32\bcryptPrimitives.dll
0x00007ff902e00000 - 0x00007ff902e25000 	C:\Program Files\Android\Android Studio\jbr\bin\java.dll
0x00007ff903380000 - 0x00007ff903398000 	C:\Program Files\Android\Android Studio\jbr\bin\zip.dll
0x00007ff90a540000 - 0x00007ff90ac84000 	C:\Windows\System32\SHELL32.dll
0x00007ff906c80000 - 0x00007ff907413000 	C:\Windows\SYSTEM32\windows.storage.dll
0x00007ff90b020000 - 0x00007ff90b374000 	C:\Windows\System32\combase.dll
0x00007ff9085b0000 - 0x00007ff9085de000 	C:\Windows\SYSTEM32\Wldp.dll
0x00007ff909e70000 - 0x00007ff909f1d000 	C:\Windows\System32\SHCORE.dll
0x00007ff909910000 - 0x00007ff909965000 	C:\Windows\System32\shlwapi.dll
0x00007ff908b10000 - 0x00007ff908b2f000 	C:\Windows\SYSTEM32\profapi.dll
0x00007ff903190000 - 0x00007ff9031a9000 	C:\Program Files\Android\Android Studio\jbr\bin\net.dll
0x00007ff901ac0000 - 0x00007ff901bca000 	C:\Windows\SYSTEM32\WINHTTP.dll
0x00007ff9082a0000 - 0x00007ff90830a000 	C:\Windows\system32\mswsock.dll
0x00007ff902de0000 - 0x00007ff902df6000 	C:\Program Files\Android\Android Studio\jbr\bin\nio.dll
0x00007ff8e1d10000 - 0x00007ff8e1d20000 	C:\Program Files\Android\Android Studio\jbr\bin\verify.dll
0x00007ff902030000 - 0x00007ff902057000 	C:\Users\Mauricio\.gradle\native\68d5fa5c4cc2d200863cafc0d521ce42e7d3e7ee720ec0a83991735586a16f82\windows-amd64\native-platform.dll
0x00007ff8d33e0000 - 0x00007ff8d3524000 	C:\Users\Mauricio\.gradle\native\e376f236ea51e6404a007f0833ffe2c6e607c4080706a723a18a27aeea778392\windows-amd64\native-platform-file-events.dll
0x00007ff902dd0000 - 0x00007ff902dd9000 	C:\Program Files\Android\Android Studio\jbr\bin\management.dll
0x00007ff902dc0000 - 0x00007ff902dcb000 	C:\Program Files\Android\Android Studio\jbr\bin\management_ext.dll
0x00007ff909fb0000 - 0x00007ff909fb8000 	C:\Windows\System32\PSAPI.DLL
0x00007ff908490000 - 0x00007ff9084a8000 	C:\Windows\SYSTEM32\CRYPTSP.dll
0x00007ff907bc0000 - 0x00007ff907bf4000 	C:\Windows\system32\rsaenh.dll
0x00007ff908dd0000 - 0x00007ff908df7000 	C:\Windows\System32\bcrypt.dll
0x00007ff908ad0000 - 0x00007ff908afe000 	C:\Windows\SYSTEM32\USERENV.dll
0x00007ff9084b0000 - 0x00007ff9084bc000 	C:\Windows\SYSTEM32\CRYPTBASE.dll
0x00007ff907f90000 - 0x00007ff907fcc000 	C:\Windows\SYSTEM32\IPHLPAPI.DLL
0x00007ff909d10000 - 0x00007ff909d18000 	C:\Windows\System32\NSI.dll
0x00007ff8fb650000 - 0x00007ff8fb667000 	C:\Windows\SYSTEM32\dhcpcsvc6.DLL
0x00007ff8ffb40000 - 0x00007ff8ffb5d000 	C:\Windows\SYSTEM32\dhcpcsvc.DLL
0x00007ff907fe0000 - 0x00007ff9080aa000 	C:\Windows\SYSTEM32\DNSAPI.dll
0x00007ff8e1ce0000 - 0x00007ff8e1ce7000 	C:\Windows\system32\wshunix.dll
0x00007ff8fb0d0000 - 0x00007ff8fb0da000 	C:\Windows\System32\rasadhlp.dll
0x00007ff8f9df0000 - 0x00007ff8f9e72000 	C:\Windows\System32\fwpuclnt.dll

dbghelp: loaded successfully - version: 4.0.5 - missing functions: none
symbol engine: initialized successfully - sym options: 0x614 - pdb path: .;C:\Program Files\Android\Android Studio\jbr\bin;C:\Windows\SYSTEM32;C:\Windows\WinSxS\amd64_microsoft.windows.common-controls_6595b64144ccf1df_6.0.19041.1110_none_60b5254171f9507e;C:\Program Files\Android\Android Studio\jbr\bin\server;C:\Users\Mauricio\.gradle\native\68d5fa5c4cc2d200863cafc0d521ce42e7d3e7ee720ec0a83991735586a16f82\windows-amd64;C:\Users\Mauricio\.gradle\native\e376f236ea51e6404a007f0833ffe2c6e607c4080706a723a18a27aeea778392\windows-amd64

VM Arguments:
jvm_args: --add-opens=java.base/java.util=ALL-UNNAMED --add-opens=java.base/java.lang=ALL-UNNAMED --add-opens=java.base/java.lang.invoke=ALL-UNNAMED --add-opens=java.prefs/java.util.prefs=ALL-UNNAMED --add-opens=java.base/java.nio.charset=ALL-UNNAMED --add-opens=java.base/java.net=ALL-UNNAMED --add-opens=java.base/java.util.concurrent.atomic=ALL-UNNAMED -Xmx2048m -Dfile.encoding=UTF-8 -Duser.country=BR -Duser.language=pt -Duser.variant 
java_command: org.gradle.launcher.daemon.bootstrap.GradleDaemon 8.0
java_class_path (initial): C:\Users\Mauricio\.gradle\wrapper\dists\gradle-8.0-bin\ca5e32bp14vu59qr306oxotwh\gradle-8.0\lib\gradle-launcher-8.0.jar
Launcher Type: SUN_STANDARD

[Global flags]
     intx CICompilerCount                          = 3                                         {product} {ergonomic}
     uint ConcGCThreads                            = 1                                         {product} {ergonomic}
     uint G1ConcRefinementThreads                  = 4                                         {product} {ergonomic}
   size_t G1HeapRegionSize                         = 1048576                                   {product} {ergonomic}
    uintx GCDrainStackTargetSize                   = 64                                        {product} {ergonomic}
   size_t InitialHeapSize                          = 67108864                                  {product} {ergonomic}
   size_t MarkStackSize                            = 4194304                                   {product} {ergonomic}
   size_t MaxHeapSize                              = 2147483648                                {product} {command line}
   size_t MaxNewSize                               = 1287651328                                {product} {ergonomic}
   size_t MinHeapDeltaBytes                        = 1048576                                   {product} {ergonomic}
   size_t MinHeapSize                              = 8388608                                   {product} {ergonomic}
    uintx NonNMethodCodeHeapSize                   = 5832780                                {pd product} {ergonomic}
    uintx NonProfiledCodeHeapSize                  = 122912730                              {pd product} {ergonomic}
    uintx ProfiledCodeHeapSize                     = 122912730                              {pd product} {ergonomic}
    uintx ReservedCodeCacheSize                    = 251658240                              {pd product} {ergonomic}
     bool SegmentedCodeCache                       = true                                      {product} {ergonomic}
   size_t SoftMaxHeapSize                          = 2147483648                             {manageable} {ergonomic}
     bool UseCompressedClassPointers               = true                           {product lp64_product} {ergonomic}
     bool UseCompressedOops                        = true                           {product lp64_product} {ergonomic}
     bool UseG1GC                                  = true                                      {product} {ergonomic}
     bool UseLargePagesIndividualAllocation        = false                                  {pd product} {ergonomic}

Logging:
Log output configuration:
 #0: stdout all=warning uptime,level,tags
 #1: stderr all=off uptime,level,tags

Environment Variables:
PATH=C:\Program Files (x86)\Common Files\Oracle\Java\javapath;C:\Windows\system32;C:\Windows;C:\Windows\System32\Wbem;C:\Windows\System32\WindowsPowerShell\v1.0\;C:\Windows\System32\OpenSSH\;C:\Program Files\Microsoft SQL Server\Client SDK\ODBC\170\Tools\Binn\;C:\Program Files (x86)\Microsoft SQL Server\150\Tools\Binn\;C:\Program Files\Microsoft SQL Server\150\Tools\Binn\;C:\Program Files\Microsoft SQL Server\150\DTS\Binn\;C:\Program Files (x86)\Microsoft SQL Server\150\DTS\Binn\;C:\Program Files\Azure Data Studio\bin;C:\Users\Mauricio\AppData\Local\Microsoft\WindowsApps;;C:\Program Files\Azure Data Studio\bin;C:\Users\Mauricio\AppData\Local\Programs\Microsoft VS Code\bin
USERNAME=Mauricio
OS=Windows_NT
PROCESSOR_IDENTIFIER=Intel64 Family 6 Model 78 Stepping 3, GenuineIntel
TMP=C:\Users\Mauricio\AppData\Local\Temp
TEMP=C:\Users\Mauricio\AppData\Local\Temp



---------------  S Y S T E M  ---------------

OS:
 Windows 10 , 64 bit Build 19041 (10.0.19041.3031)
OS uptime: 0 days 1:07 hours

CPU: total 4 (initial active 4) (2 cores per cpu, 2 threads per core) family 6 model 78 stepping 3 microcode 0xcc, cx8, cmov, fxsr, ht, mmx, 3dnowpref, sse, sse2, sse3, ssse3, sse4.1, sse4.2, popcnt, lzcnt, tsc, tscinvbit, avx, avx2, aes, erms, clmul, bmi1, bmi2, rtm, adx, fma, vzeroupper, clflush, clflushopt

Memory: 4k page, system-wide physical 3977M (661M free)
TotalPageFile size 5963M (AvailPageFile size 118M)
current process WorkingSet (physical memory assigned to process): 423M, peak: 464M
current process commit charge ("private bytes"): 481M, peak: 745M

vm_info: OpenJDK 64-Bit Server VM (17.0.6+0-b2043.56-9586694) for windows-amd64 JRE (17.0.6+0-b2043.56-9586694), built on Feb  9 2023 20:06:20 by "androidbuild" with MS VC++ 16.10 / 16.11 (VS2019)

END.
