#
# There is insufficient memory for the Java Runtime Environment to continue.
# Native memory allocation (mmap) failed to map 67108864 bytes for G1 virtual space
# Possible reasons:
#   The system is out of physical RAM or swap space
#   The process is running with CompressedOops enabled, and the Java Heap may be blocking the growth of the native heap
# Possible solutions:
#   Reduce memory load on the system
#   Increase physical memory or swap space
#   Check if swap backing store is full
#   Decrease Java heap size (-Xmx/-Xms)
#   Decrease number of Java threads
#   Decrease Java thread stack sizes (-Xss)
#   Set larger code cache with -XX:ReservedCodeCacheSize=
#   JVM is running with Unscaled Compressed Oops mode in which the Java heap is
#     placed in the first 4GB address space. The Java Heap base address is the
#     maximum limit for the native heap growth. Please use -XX:HeapBaseMinAddress
#     to set the Java Heap base and to place the Java Heap above 4GB virtual address.
# This output file may be truncated or incomplete.
#
#  Out of Memory Error (os_windows.cpp:3769), pid=3540, tid=4128
#
# JRE version: OpenJDK Runtime Environment (17.0.6) (build 17.0.6+0-b2043.56-9586694)
# Java VM: OpenJDK 64-Bit Server VM (17.0.6+0-b2043.56-9586694, mixed mode, tiered, compressed oops, compressed class ptrs, g1 gc, windows-amd64)
# No core dump will be written. Minidumps are not enabled by default on client versions of Windows
#

---------------  S U M M A R Y ------------

Command Line: --add-opens=java.base/java.util=ALL-UNNAMED --add-opens=java.base/java.lang=ALL-UNNAMED --add-opens=java.base/java.lang.invoke=ALL-UNNAMED --add-opens=java.prefs/java.util.prefs=ALL-UNNAMED --add-opens=java.base/java.nio.charset=ALL-UNNAMED --add-opens=java.base/java.net=ALL-UNNAMED --add-opens=java.base/java.util.concurrent.atomic=ALL-UNNAMED -Xmx2048m -Dfile.encoding=UTF-8 -Duser.country=BR -Duser.language=pt -Duser.variant org.gradle.launcher.daemon.bootstrap.GradleDaemon 8.0

Host: Intel(R) Core(TM) i3-6100U CPU @ 2.30GHz, 4 cores, 3G,  Windows 10 , 64 bit Build 19041 (10.0.19041.3031)
Time: Sun Jul 30 10:29:00 2023 Hora oficial do Brasil elapsed time: 136.773806 seconds (0d 0h 2m 16s)

---------------  T H R E A D  ---------------

Current thread (0x0000017ca80fab00):  VMThread "VM Thread" [stack: 0x0000000510a00000,0x0000000510b00000] [id=4128]

Stack: [0x0000000510a00000,0x0000000510b00000]
Native frames: (J=compiled Java code, j=interpreted, Vv=VM code, C=native code)
V  [jvm.dll+0x683b4a]
V  [jvm.dll+0x842654]
V  [jvm.dll+0x843dfe]
V  [jvm.dll+0x844463]
V  [jvm.dll+0x249b75]
V  [jvm.dll+0x680a19]
V  [jvm.dll+0x674f0a]
V  [jvm.dll+0x309acb]
V  [jvm.dll+0x310f86]
V  [jvm.dll+0x3608ee]
V  [jvm.dll+0x360b1f]
V  [jvm.dll+0x2dfbf8]
V  [jvm.dll+0x2e2ce6]
V  [jvm.dll+0x2ed478]
V  [jvm.dll+0x322150]
V  [jvm.dll+0x84893b]
V  [jvm.dll+0x849674]
V  [jvm.dll+0x849b8d]
V  [jvm.dll+0x849f64]
V  [jvm.dll+0x84a030]
V  [jvm.dll+0x7f25fa]
V  [jvm.dll+0x682985]
C  [ucrtbase.dll+0x21bb2]
C  [KERNEL32.DLL+0x17614]
C  [ntdll.dll+0x526f1]

VM_Operation (0x00000005106ff510): G1Concurrent, mode: safepoint, requested by thread 0x0000017c8ebc8040


---------------  P R O C E S S  ---------------

Threads class SMR info:
_java_thread_list=0x0000017cb074fcc0, length=86, elements={
0x0000017c8eb58b80, 0x0000017ca80e3540, 0x0000017ca80e4ad0, 0x0000017ca8c00080,
0x0000017ca8c01b50, 0x0000017ca8c02410, 0x0000017ca813e2a0, 0x0000017ca8142390,
0x0000017ca8143ca0, 0x0000017ca814e5c0, 0x0000017ca8d94030, 0x0000017ca8d977c0,
0x0000017ca987c7c0, 0x0000017ca9d2c090, 0x0000017ca9196010, 0x0000017caa61e470,
0x0000017caa6f5f60, 0x0000017ca9009420, 0x0000017ca900b5d0, 0x0000017ca900a290,
0x0000017ca90085b0, 0x0000017ca90098f0, 0x0000017ca900baa0, 0x0000017ca900ac30,
0x0000017ca9009dc0, 0x0000017ca90080e0, 0x0000017ca9008f50, 0x0000017ca9008a80,
0x0000017cacf3ba00, 0x0000017cacf3c870, 0x0000017cacf376a0, 0x0000017cacf38510,
0x0000017cacf3c3a0, 0x0000017cacf3a1f0, 0x0000017cacf3d210, 0x0000017cacf3bed0,
0x0000017cacf38eb0, 0x0000017cacf3a6c0, 0x0000017cacf3b060, 0x0000017cacf371d0,
0x0000017cacf36360, 0x0000017cacf36830, 0x0000017cacf37b70, 0x0000017cacf3b530,
0x0000017cacf3cd40, 0x0000017cacf38040, 0x0000017cacf359c0, 0x0000017cacf35e90,
0x0000017cacf389e0, 0x0000017cacf39380, 0x0000017ca900a760, 0x0000017cab84c1a0,
0x0000017cab849180, 0x0000017cab847e40, 0x0000017cab84bcd0, 0x0000017cab84b800,
0x0000017cab84a990, 0x0000017cab847970, 0x0000017cab849b20, 0x0000017cab849650,
0x0000017cab849ff0, 0x0000017cab848310, 0x0000017cab84e820, 0x0000017cab84d010,
0x0000017cab8487e0, 0x0000017cab84c670, 0x0000017cab84cb40, 0x0000017cab84d4e0,
0x0000017cab84b330, 0x0000017cab84de80, 0x0000017cab848cb0, 0x0000017cab84d9b0,
0x0000017cab84a4c0, 0x0000017cab84e350, 0x0000017cab84ae60, 0x0000017cab846fd0,
0x0000017cab8474a0, 0x0000017caf98c0a0, 0x0000017caf98cf10, 0x0000017caf98d3e0,
0x0000017caf988210, 0x0000017caf987d40, 0x0000017caf98d8b0, 0x0000017caf986060,
0x0000017caf986530, 0x0000017caf986a00
}

Java Threads: ( => current thread )
  0x0000017c8eb58b80 JavaThread "main" [_thread_blocked, id=6784, stack(0x0000000510400000,0x0000000510500000)]
  0x0000017ca80e3540 JavaThread "Reference Handler" daemon [_thread_blocked, id=7176, stack(0x0000000510b00000,0x0000000510c00000)]
  0x0000017ca80e4ad0 JavaThread "Finalizer" daemon [_thread_blocked, id=4500, stack(0x0000000510c00000,0x0000000510d00000)]
  0x0000017ca8c00080 JavaThread "Signal Dispatcher" daemon [_thread_blocked, id=1352, stack(0x0000000510d00000,0x0000000510e00000)]
  0x0000017ca8c01b50 JavaThread "Attach Listener" daemon [_thread_blocked, id=5128, stack(0x0000000510e00000,0x0000000510f00000)]
  0x0000017ca8c02410 JavaThread "Service Thread" daemon [_thread_blocked, id=4816, stack(0x0000000510f00000,0x0000000511000000)]
  0x0000017ca813e2a0 JavaThread "Monitor Deflation Thread" daemon [_thread_blocked, id=7192, stack(0x0000000511000000,0x0000000511100000)]
  0x0000017ca8142390 JavaThread "C2 CompilerThread0" daemon [_thread_blocked, id=7832, stack(0x0000000511100000,0x0000000511200000)]
  0x0000017ca8143ca0 JavaThread "C1 CompilerThread0" daemon [_thread_blocked, id=7304, stack(0x0000000511200000,0x0000000511300000)]
  0x0000017ca814e5c0 JavaThread "Sweeper thread" daemon [_thread_blocked, id=2740, stack(0x0000000511300000,0x0000000511400000)]
  0x0000017ca8d94030 JavaThread "Common-Cleaner" daemon [_thread_blocked, id=7632, stack(0x0000000511400000,0x0000000511500000)]
  0x0000017ca8d977c0 JavaThread "Notification Thread" daemon [_thread_blocked, id=1400, stack(0x0000000511500000,0x0000000511600000)]
  0x0000017ca987c7c0 JavaThread "Daemon health stats" [_thread_blocked, id=2864, stack(0x0000000511a00000,0x0000000511b00000)]
  0x0000017ca9d2c090 JavaThread "Incoming local TCP Connector on port 50822" [_thread_in_native, id=6172, stack(0x0000000511b00000,0x0000000511c00000)]
  0x0000017ca9196010 JavaThread "Daemon periodic checks" [_thread_blocked, id=4724, stack(0x0000000511c00000,0x0000000511d00000)]
  0x0000017caa61e470 JavaThread "Daemon" [_thread_blocked, id=6488, stack(0x0000000511d00000,0x0000000511e00000)]
  0x0000017caa6f5f60 JavaThread "Handler for socket connection from /127.0.0.1:50822 to /127.0.0.1:50823" [_thread_in_native, id=296, stack(0x0000000511e00000,0x0000000511f00000)]
  0x0000017ca9009420 JavaThread "Cancel handler" [_thread_blocked, id=7512, stack(0x0000000511f00000,0x0000000512000000)]
  0x0000017ca900b5d0 JavaThread "Daemon worker" [_thread_blocked, id=4632, stack(0x0000000512000000,0x0000000512100000)]
  0x0000017ca900a290 JavaThread "Asynchronous log dispatcher for DefaultDaemonConnection: socket connection from /127.0.0.1:50822 to /127.0.0.1:50823" [_thread_blocked, id=4484, stack(0x0000000512100000,0x0000000512200000)]
  0x0000017ca90085b0 JavaThread "Daemon client event forwarder" [_thread_blocked, id=3068, stack(0x0000000512300000,0x0000000512400000)]
  0x0000017ca90098f0 JavaThread "Cache worker for journal cache (C:\Users\Mauricio\.gradle\caches\journal-1)" [_thread_blocked, id=5904, stack(0x0000000512400000,0x0000000512500000)]
  0x0000017ca900baa0 JavaThread "File lock request listener" [_thread_in_native, id=2516, stack(0x0000000512500000,0x0000000512600000)]
  0x0000017ca900ac30 JavaThread "Cache worker for file hash cache (C:\Users\Mauricio\.gradle\caches\8.0\fileHashes)" [_thread_blocked, id=5508, stack(0x0000000512600000,0x0000000512700000)]
  0x0000017ca9009dc0 JavaThread "File watcher server" daemon [_thread_in_native, id=7916, stack(0x0000000512700000,0x0000000512800000)]
  0x0000017ca90080e0 JavaThread "File watcher consumer" daemon [_thread_blocked, id=7972, stack(0x0000000512800000,0x0000000512900000)]
  0x0000017ca9008f50 JavaThread "jar transforms" [_thread_blocked, id=5112, stack(0x0000000512900000,0x0000000512a00000)]
  0x0000017ca9008a80 JavaThread "jar transforms Thread 2" [_thread_blocked, id=7864, stack(0x0000000512a00000,0x0000000512b00000)]
  0x0000017cacf3ba00 JavaThread "jar transforms Thread 3" [_thread_blocked, id=1172, stack(0x0000000512b00000,0x0000000512c00000)]
  0x0000017cacf3c870 JavaThread "jar transforms Thread 4" [_thread_blocked, id=1652, stack(0x0000000512c00000,0x0000000512d00000)]
  0x0000017cacf376a0 JavaThread "Cache worker for checksums cache (C:\PROGRAMAS\ComprasAndroid\.gradle\8.0\checksums)" [_thread_blocked, id=6016, stack(0x0000000512f00000,0x0000000513000000)]
  0x0000017cacf38510 JavaThread "Cache worker for cache directory md-rule (C:\Users\Mauricio\.gradle\caches\8.0\md-rule)" [_thread_blocked, id=7232, stack(0x0000000513000000,0x0000000513100000)]
  0x0000017cacf3c3a0 JavaThread "Cache worker for file content cache (C:\Users\Mauricio\.gradle\caches\8.0\fileContent)" [_thread_blocked, id=8096, stack(0x0000000513100000,0x0000000513200000)]
  0x0000017cacf3a1f0 JavaThread "Cache worker for file hash cache (C:\PROGRAMAS\ComprasAndroid\.gradle\8.0\fileHashes)" [_thread_blocked, id=1856, stack(0x0000000513200000,0x0000000513300000)]
  0x0000017cacf3d210 JavaThread "Cache worker for cache directory md-supplier (C:\Users\Mauricio\.gradle\caches\8.0\md-supplier)" [_thread_blocked, id=6732, stack(0x0000000510100000,0x0000000510200000)]
  0x0000017cacf3bed0 JavaThread "Cache worker for execution history cache (C:\Users\Mauricio\.gradle\caches\8.0\executionHistory)" [_thread_blocked, id=792, stack(0x0000000510200000,0x0000000510300000)]
  0x0000017cacf38eb0 JavaThread "Cache worker for dependencies-accessors (C:\PROGRAMAS\ComprasAndroid\.gradle\8.0\dependencies-accessors)" [_thread_blocked, id=6872, stack(0x0000000510300000,0x0000000510400000)]
  0x0000017cacf3a6c0 JavaThread "Cache worker for Build Output Cleanup Cache (C:\PROGRAMAS\ComprasAndroid\.gradle\buildOutputCleanup)" [_thread_blocked, id=428, stack(0x0000000512200000,0x0000000512300000)]
  0x0000017cacf3b060 JavaThread "Unconstrained build operations" [_thread_blocked, id=7336, stack(0x0000000513400000,0x0000000513500000)]
  0x0000017cacf371d0 JavaThread "Unconstrained build operations Thread 2" [_thread_blocked, id=5756, stack(0x0000000513500000,0x0000000513600000)]
  0x0000017cacf36360 JavaThread "Unconstrained build operations Thread 3" [_thread_blocked, id=3184, stack(0x0000000513600000,0x0000000513700000)]
  0x0000017cacf36830 JavaThread "Unconstrained build operations Thread 4" [_thread_blocked, id=6376, stack(0x0000000513700000,0x0000000513800000)]
  0x0000017cacf37b70 JavaThread "Unconstrained build operations Thread 5" [_thread_blocked, id=3056, stack(0x0000000513800000,0x0000000513900000)]
  0x0000017cacf3b530 JavaThread "Unconstrained build operations Thread 6" [_thread_blocked, id=1044, stack(0x0000000513900000,0x0000000513a00000)]
  0x0000017cacf3cd40 JavaThread "Unconstrained build operations Thread 7" [_thread_blocked, id=5932, stack(0x0000000513a00000,0x0000000513b00000)]
  0x0000017cacf38040 JavaThread "Unconstrained build operations Thread 8" [_thread_blocked, id=2448, stack(0x0000000513b00000,0x0000000513c00000)]
  0x0000017cacf359c0 JavaThread "Unconstrained build operations Thread 9" [_thread_blocked, id=1084, stack(0x0000000513c00000,0x0000000513d00000)]
  0x0000017cacf35e90 JavaThread "Unconstrained build operations Thread 10" [_thread_blocked, id=7568, stack(0x0000000513d00000,0x0000000513e00000)]
  0x0000017cacf389e0 JavaThread "Unconstrained build operations Thread 11" [_thread_blocked, id=2008, stack(0x0000000513e00000,0x0000000513f00000)]
  0x0000017cacf39380 JavaThread "Unconstrained build operations Thread 12" [_thread_blocked, id=1304, stack(0x0000000513f00000,0x0000000514000000)]
  0x0000017ca900a760 JavaThread "Unconstrained build operations Thread 13" [_thread_blocked, id=2004, stack(0x0000000514000000,0x0000000514100000)]
  0x0000017cab84c1a0 JavaThread "Unconstrained build operations Thread 14" [_thread_blocked, id=6808, stack(0x0000000514100000,0x0000000514200000)]
  0x0000017cab849180 JavaThread "Unconstrained build operations Thread 15" [_thread_blocked, id=6424, stack(0x0000000514200000,0x0000000514300000)]
  0x0000017cab847e40 JavaThread "Unconstrained build operations Thread 16" [_thread_blocked, id=1272, stack(0x0000000514300000,0x0000000514400000)]
  0x0000017cab84bcd0 JavaThread "Unconstrained build operations Thread 17" [_thread_blocked, id=3700, stack(0x0000000514400000,0x0000000514500000)]
  0x0000017cab84b800 JavaThread "Unconstrained build operations Thread 18" [_thread_blocked, id=6696, stack(0x0000000514500000,0x0000000514600000)]
  0x0000017cab84a990 JavaThread "Unconstrained build operations Thread 19" [_thread_blocked, id=1408, stack(0x0000000514600000,0x0000000514700000)]
  0x0000017cab847970 JavaThread "Unconstrained build operations Thread 20" [_thread_blocked, id=7660, stack(0x0000000514700000,0x0000000514800000)]
  0x0000017cab849b20 JavaThread "Unconstrained build operations Thread 21" [_thread_blocked, id=6272, stack(0x0000000514800000,0x0000000514900000)]
  0x0000017cab849650 JavaThread "Unconstrained build operations Thread 22" [_thread_blocked, id=3524, stack(0x0000000514900000,0x0000000514a00000)]
  0x0000017cab849ff0 JavaThread "Unconstrained build operations Thread 23" [_thread_blocked, id=2660, stack(0x0000000514a00000,0x0000000514b00000)]
  0x0000017cab848310 JavaThread "Unconstrained build operations Thread 24" [_thread_blocked, id=6164, stack(0x0000000514b00000,0x0000000514c00000)]
  0x0000017cab84e820 JavaThread "Unconstrained build operations Thread 25" [_thread_blocked, id=7544, stack(0x0000000514c00000,0x0000000514d00000)]
  0x0000017cab84d010 JavaThread "Unconstrained build operations Thread 26" [_thread_blocked, id=2868, stack(0x0000000514d00000,0x0000000514e00000)]
  0x0000017cab8487e0 JavaThread "Unconstrained build operations Thread 27" [_thread_blocked, id=8116, stack(0x0000000514e00000,0x0000000514f00000)]
  0x0000017cab84c670 JavaThread "Unconstrained build operations Thread 28" [_thread_blocked, id=7032, stack(0x0000000514f00000,0x0000000515000000)]
  0x0000017cab84cb40 JavaThread "Unconstrained build operations Thread 29" [_thread_blocked, id=5148, stack(0x0000000515000000,0x0000000515100000)]
  0x0000017cab84d4e0 JavaThread "Unconstrained build operations Thread 30" [_thread_blocked, id=7188, stack(0x0000000515100000,0x0000000515200000)]
  0x0000017cab84b330 JavaThread "Unconstrained build operations Thread 31" [_thread_blocked, id=6608, stack(0x0000000515200000,0x0000000515300000)]
  0x0000017cab84de80 JavaThread "Unconstrained build operations Thread 32" [_thread_blocked, id=6876, stack(0x0000000515300000,0x0000000515400000)]
  0x0000017cab848cb0 JavaThread "Unconstrained build operations Thread 33" [_thread_blocked, id=8080, stack(0x0000000515400000,0x0000000515500000)]
  0x0000017cab84d9b0 JavaThread "Unconstrained build operations Thread 34" [_thread_blocked, id=7608, stack(0x0000000515500000,0x0000000515600000)]
  0x0000017cab84a4c0 JavaThread "Unconstrained build operations Thread 35" [_thread_blocked, id=7588, stack(0x0000000515600000,0x0000000515700000)]
  0x0000017cab84e350 JavaThread "Unconstrained build operations Thread 36" [_thread_blocked, id=6920, stack(0x0000000515700000,0x0000000515800000)]
  0x0000017cab84ae60 JavaThread "Unconstrained build operations Thread 37" [_thread_blocked, id=6916, stack(0x0000000515800000,0x0000000515900000)]
  0x0000017cab846fd0 JavaThread "Unconstrained build operations Thread 38" [_thread_blocked, id=1060, stack(0x0000000515900000,0x0000000515a00000)]
  0x0000017cab8474a0 JavaThread "Unconstrained build operations Thread 39" [_thread_blocked, id=7340, stack(0x0000000515a00000,0x0000000515b00000)]
  0x0000017caf98c0a0 JavaThread "Unconstrained build operations Thread 40" [_thread_blocked, id=4524, stack(0x0000000515b00000,0x0000000515c00000)]
  0x0000017caf98cf10 JavaThread "Memory manager" [_thread_blocked, id=5064, stack(0x0000000515c00000,0x0000000515d00000)]
  0x0000017caf98d3e0 JavaThread "pool-3-thread-1" [_thread_blocked, id=4404, stack(0x0000000515d00000,0x0000000515e00000)]
  0x0000017caf988210 JavaThread "included builds" [_thread_blocked, id=2332, stack(0x0000000515e00000,0x0000000515f00000)]
  0x0000017caf987d40 JavaThread "Execution worker" [_thread_blocked, id=3384, stack(0x0000000515f00000,0x0000000516000000)]
  0x0000017caf98d8b0 JavaThread "Execution worker Thread 2" [_thread_blocked, id=4708, stack(0x0000000516000000,0x0000000516100000)]
  0x0000017caf986060 JavaThread "Execution worker Thread 3" [_thread_blocked, id=368, stack(0x0000000516100000,0x0000000516200000)]
  0x0000017caf986530 JavaThread "Cache worker for execution history cache (C:\PROGRAMAS\ComprasAndroid\.gradle\8.0\executionHistory)" [_thread_blocked, id=8048, stack(0x0000000516200000,0x0000000516300000)]
  0x0000017caf986a00 JavaThread "idea-tooling-model-converter" [_thread_blocked, id=7572, stack(0x0000000516300000,0x0000000516400000)]

Other Threads:
=>0x0000017ca80fab00 VMThread "VM Thread" [stack: 0x0000000510a00000,0x0000000510b00000] [id=4128]
  0x0000017ca8d9dcb0 WatcherThread [stack: 0x0000000511600000,0x0000000511700000] [id=7872]
  0x0000017c8ebb71f0 GCTaskThread "GC Thread#0" [stack: 0x0000000510500000,0x0000000510600000] [id=6852]
  0x0000017ca92aa810 GCTaskThread "GC Thread#1" [stack: 0x0000000511700000,0x0000000511800000] [id=7992]
  0x0000017ca92f3f70 GCTaskThread "GC Thread#2" [stack: 0x0000000511800000,0x0000000511900000] [id=7472]
  0x0000017ca994b850 GCTaskThread "GC Thread#3" [stack: 0x0000000511900000,0x0000000511a00000] [id=5760]
  0x0000017c8ebc8040 ConcurrentGCThread "G1 Main Marker" [stack: 0x0000000510600000,0x0000000510700000] [id=4352]
  0x0000017c8ebc9100 ConcurrentGCThread "G1 Conc#0" [stack: 0x0000000510700000,0x0000000510800000] [id=4252]
  0x0000017c8ec16ca0 ConcurrentGCThread "G1 Refine#0" [stack: 0x0000000510800000,0x0000000510900000] [id=4560]
  0x0000017c8ec185e0 ConcurrentGCThread "G1 Service" [stack: 0x0000000510900000,0x0000000510a00000] [id=7224]

Threads with active compile tasks:
C2 CompilerThread0   137316 9211       4       java.lang.Class::privateGetPublicMethods (224 bytes)

VM state: at safepoint (normal execution)

VM Mutex/Monitor currently owned by a thread:  ([mutex/lock_event])
[0x0000017c8eb547d0] Threads_lock - owner thread: 0x0000017ca80fab00
[0x0000017c8eb53c00] Heap_lock - owner thread: 0x0000017c8ebc8040

Heap address: 0x0000000080000000, size: 2048 MB, Compressed Oops mode: 32-bit

CDS archive(s) not mapped
Compressed class space mapped at: 0x0000000100000000-0x0000000140000000, reserved size: 1073741824
Narrow klass base: 0x0000000000000000, Narrow klass shift: 3, Narrow klass range: 0x140000000

GC Precious Log:
 CPUs: 4 total, 4 available
 Memory: 3977M
 Large Page Support: Disabled
 NUMA Support: Disabled
 Compressed Oops: Enabled (32-bit)
 Heap Region Size: 1M
 Heap Min Capacity: 8M
 Heap Initial Capacity: 64M
 Heap Max Capacity: 2G
 Pre-touch: Disabled
 Parallel Workers: 4
 Concurrent Workers: 1
 Concurrent Refinement Workers: 4
 Periodic GC: Disabled

Heap:
 garbage-first heap   total 230400K, used 175698K [0x0000000080000000, 0x0000000100000000)
  region size 1024K, 5 young (5120K), 3 survivors (3072K)
 Metaspace       used 93360K, committed 94016K, reserved 1130496K
  class space    used 12438K, committed 12736K, reserved 1048576K

Heap Regions: E=young(eden), S=young(survivor), O=old, HS=humongous(starts), HC=humongous(continues), CS=collection set, F=free, OA=open archive, CA=closed archive, TAMS=top-at-mark-start (previous, next)
|   0|0x0000000080000000, 0x0000000080100000, 0x0000000080100000|100%| O|  |TAMS 0x0000000080100000, 0x0000000080000000| Untracked 
|   1|0x0000000080100000, 0x0000000080200000, 0x0000000080200000|100%| O|  |TAMS 0x0000000080200000, 0x0000000080100000| Updating 
|   2|0x0000000080200000, 0x0000000080300000, 0x0000000080300000|100%|HS|  |TAMS 0x0000000080300000, 0x0000000080200000| Complete 
|   3|0x0000000080300000, 0x0000000080400000, 0x0000000080400000|100%|HC|  |TAMS 0x0000000080400000, 0x0000000080300000| Complete 
|   4|0x0000000080400000, 0x0000000080500000, 0x0000000080500000|100%|HC|  |TAMS 0x0000000080500000, 0x0000000080400000| Complete 
|   5|0x0000000080500000, 0x0000000080600000, 0x0000000080600000|100%|HC|  |TAMS 0x0000000080600000, 0x0000000080500000| Complete 
|   6|0x0000000080600000, 0x0000000080700000, 0x0000000080700000|100%| O|  |TAMS 0x0000000080700000, 0x0000000080600000| Untracked 
|   7|0x0000000080700000, 0x0000000080800000, 0x0000000080800000|100%| O|  |TAMS 0x0000000080800000, 0x0000000080700000| Untracked 
|   8|0x0000000080800000, 0x0000000080900000, 0x0000000080900000|100%| O|  |TAMS 0x0000000080900000, 0x0000000080800000| Untracked 
|   9|0x0000000080900000, 0x0000000080a00000, 0x0000000080a00000|100%| O|  |TAMS 0x0000000080a00000, 0x0000000080900000| Untracked 
|  10|0x0000000080a00000, 0x0000000080b00000, 0x0000000080b00000|100%| O|  |TAMS 0x0000000080b00000, 0x0000000080a00000| Updating 
|  11|0x0000000080b00000, 0x0000000080c00000, 0x0000000080c00000|100%| O|  |TAMS 0x0000000080c00000, 0x0000000080b00000| Untracked 
|  12|0x0000000080c00000, 0x0000000080d00000, 0x0000000080d00000|100%| O|  |TAMS 0x0000000080d00000, 0x0000000080c00000| Untracked 
|  13|0x0000000080d00000, 0x0000000080e00000, 0x0000000080e00000|100%| O|  |TAMS 0x0000000080e00000, 0x0000000080d00000| Untracked 
|  14|0x0000000080e00000, 0x0000000080f00000, 0x0000000080f00000|100%| O|  |TAMS 0x0000000080f00000, 0x0000000080e00000| Untracked 
|  15|0x0000000080f00000, 0x0000000081000000, 0x0000000081000000|100%| O|  |TAMS 0x0000000081000000, 0x0000000080f00000| Untracked 
|  16|0x0000000081000000, 0x0000000081100000, 0x0000000081100000|100%| O|  |TAMS 0x0000000081100000, 0x0000000081000000| Untracked 
|  17|0x0000000081100000, 0x0000000081200000, 0x0000000081200000|100%| O|  |TAMS 0x0000000081200000, 0x0000000081100000| Untracked 
|  18|0x0000000081200000, 0x0000000081300000, 0x0000000081300000|100%| O|  |TAMS 0x0000000081300000, 0x0000000081200000| Untracked 
|  19|0x0000000081300000, 0x0000000081400000, 0x0000000081400000|100%| O|  |TAMS 0x0000000081400000, 0x0000000081300000| Untracked 
|  20|0x0000000081400000, 0x0000000081500000, 0x0000000081500000|100%| O|  |TAMS 0x0000000081500000, 0x0000000081400000| Updating 
|  21|0x0000000081500000, 0x0000000081600000, 0x0000000081600000|100%|HS|  |TAMS 0x0000000081600000, 0x0000000081500000| Complete 
|  22|0x0000000081600000, 0x0000000081700000, 0x0000000081700000|100%|HC|  |TAMS 0x0000000081700000, 0x0000000081600000| Complete 
|  23|0x0000000081700000, 0x0000000081800000, 0x0000000081800000|100%|HS|  |TAMS 0x0000000081800000, 0x0000000081700000| Complete 
|  24|0x0000000081800000, 0x0000000081900000, 0x0000000081900000|100%|HC|  |TAMS 0x0000000081900000, 0x0000000081800000| Complete 
|  25|0x0000000081900000, 0x0000000081a00000, 0x0000000081a00000|100%|HC|  |TAMS 0x0000000081a00000, 0x0000000081900000| Complete 
|  26|0x0000000081a00000, 0x0000000081b00000, 0x0000000081b00000|100%|HS|  |TAMS 0x0000000081b00000, 0x0000000081a00000| Complete 
|  27|0x0000000081b00000, 0x0000000081c00000, 0x0000000081c00000|100%|HC|  |TAMS 0x0000000081c00000, 0x0000000081b00000| Complete 
|  28|0x0000000081c00000, 0x0000000081d00000, 0x0000000081d00000|100%|HC|  |TAMS 0x0000000081d00000, 0x0000000081c00000| Complete 
|  29|0x0000000081d00000, 0x0000000081e00000, 0x0000000081e00000|100%|HS|  |TAMS 0x0000000081e00000, 0x0000000081d00000| Complete 
|  30|0x0000000081e00000, 0x0000000081f00000, 0x0000000081f00000|100%|HC|  |TAMS 0x0000000081f00000, 0x0000000081e00000| Complete 
|  31|0x0000000081f00000, 0x0000000082000000, 0x0000000082000000|100%| O|  |TAMS 0x0000000082000000, 0x0000000081f00000| Untracked 
|  32|0x0000000082000000, 0x0000000082100000, 0x0000000082100000|100%| O|  |TAMS 0x0000000082100000, 0x0000000082000000| Updating 
|  33|0x0000000082100000, 0x0000000082200000, 0x0000000082200000|100%|HS|  |TAMS 0x0000000082200000, 0x0000000082100000| Complete 
|  34|0x0000000082200000, 0x0000000082300000, 0x0000000082300000|100%|HC|  |TAMS 0x0000000082300000, 0x0000000082200000| Complete 
|  35|0x0000000082300000, 0x0000000082400000, 0x0000000082400000|100%|HC|  |TAMS 0x0000000082400000, 0x0000000082300000| Complete 
|  36|0x0000000082400000, 0x0000000082500000, 0x0000000082500000|100%|HC|  |TAMS 0x0000000082500000, 0x0000000082400000| Complete 
|  37|0x0000000082500000, 0x0000000082600000, 0x0000000082600000|100%|HC|  |TAMS 0x0000000082600000, 0x0000000082500000| Complete 
|  38|0x0000000082600000, 0x0000000082700000, 0x0000000082700000|100%|HC|  |TAMS 0x0000000082700000, 0x0000000082600000| Complete 
|  39|0x0000000082700000, 0x0000000082800000, 0x0000000082800000|100%|HS|  |TAMS 0x0000000082800000, 0x0000000082700000| Complete 
|  40|0x0000000082800000, 0x0000000082900000, 0x0000000082900000|100%|HS|  |TAMS 0x0000000082900000, 0x0000000082800000| Complete 
|  41|0x0000000082900000, 0x0000000082a00000, 0x0000000082a00000|100%|HC|  |TAMS 0x0000000082a00000, 0x0000000082900000| Complete 
|  42|0x0000000082a00000, 0x0000000082b00000, 0x0000000082b00000|100%|HC|  |TAMS 0x0000000082b00000, 0x0000000082a00000| Complete 
|  43|0x0000000082b00000, 0x0000000082c00000, 0x0000000082c00000|100%|HC|  |TAMS 0x0000000082c00000, 0x0000000082b00000| Complete 
|  44|0x0000000082c00000, 0x0000000082d00000, 0x0000000082d00000|100%|HC|  |TAMS 0x0000000082d00000, 0x0000000082c00000| Complete 
|  45|0x0000000082d00000, 0x0000000082e00000, 0x0000000082e00000|100%|HC|  |TAMS 0x0000000082e00000, 0x0000000082d00000| Complete 
|  46|0x0000000082e00000, 0x0000000082f00000, 0x0000000082f00000|100%|HC|  |TAMS 0x0000000082f00000, 0x0000000082e00000| Complete 
|  47|0x0000000082f00000, 0x0000000083000000, 0x0000000083000000|100%|HC|  |TAMS 0x0000000083000000, 0x0000000082f00000| Complete 
|  48|0x0000000083000000, 0x0000000083100000, 0x0000000083100000|100%|HC|  |TAMS 0x0000000083100000, 0x0000000083000000| Complete 
|  49|0x0000000083100000, 0x0000000083200000, 0x0000000083200000|100%|HC|  |TAMS 0x0000000083200000, 0x0000000083100000| Complete 
|  50|0x0000000083200000, 0x0000000083300000, 0x0000000083300000|100%|HS|  |TAMS 0x0000000083300000, 0x0000000083200000| Complete 
|  51|0x0000000083300000, 0x0000000083400000, 0x0000000083400000|100%|HC|  |TAMS 0x0000000083400000, 0x0000000083300000| Complete 
|  52|0x0000000083400000, 0x0000000083500000, 0x0000000083500000|100%| O|  |TAMS 0x0000000083500000, 0x0000000083400000| Updating 
|  53|0x0000000083500000, 0x0000000083600000, 0x0000000083600000|100%| O|  |TAMS 0x0000000083600000, 0x0000000083500000| Updating 
|  54|0x0000000083600000, 0x0000000083700000, 0x0000000083700000|100%| O|  |TAMS 0x0000000083700000, 0x0000000083600000| Untracked 
|  55|0x0000000083700000, 0x0000000083800000, 0x0000000083800000|100%| O|  |TAMS 0x0000000083800000, 0x0000000083700000| Untracked 
|  56|0x0000000083800000, 0x0000000083900000, 0x0000000083900000|100%| O|  |TAMS 0x0000000083900000, 0x0000000083800000| Untracked 
|  57|0x0000000083900000, 0x0000000083a00000, 0x0000000083a00000|100%| O|  |TAMS 0x0000000083a00000, 0x0000000083900000| Untracked 
|  58|0x0000000083a00000, 0x0000000083b00000, 0x0000000083b00000|100%| O|  |TAMS 0x0000000083b00000, 0x0000000083a00000| Untracked 
|  59|0x0000000083b00000, 0x0000000083c00000, 0x0000000083c00000|100%| O|  |TAMS 0x0000000083c00000, 0x0000000083b00000| Untracked 
|  60|0x0000000083c00000, 0x0000000083d00000, 0x0000000083d00000|100%| O|  |TAMS 0x0000000083d00000, 0x0000000083c00000| Updating 
|  61|0x0000000083d00000, 0x0000000083e00000, 0x0000000083e00000|100%|HS|  |TAMS 0x0000000083e00000, 0x0000000083d00000| Complete 
|  62|0x0000000083e00000, 0x0000000083f00000, 0x0000000083f00000|100%|HC|  |TAMS 0x0000000083f00000, 0x0000000083e00000| Complete 
|  63|0x0000000083f00000, 0x0000000084000000, 0x0000000084000000|100%|HC|  |TAMS 0x0000000084000000, 0x0000000083f00000| Complete 
|  64|0x0000000084000000, 0x0000000084100000, 0x0000000084100000|100%|HC|  |TAMS 0x0000000084100000, 0x0000000084000000| Complete 
|  65|0x0000000084100000, 0x0000000084200000, 0x0000000084200000|100%|HC|  |TAMS 0x0000000084200000, 0x0000000084100000| Complete 
|  66|0x0000000084200000, 0x0000000084300000, 0x0000000084300000|100%|HC|  |TAMS 0x0000000084300000, 0x0000000084200000| Complete 
|  67|0x0000000084300000, 0x0000000084400000, 0x0000000084400000|100%|HC|  |TAMS 0x0000000084400000, 0x0000000084300000| Complete 
|  68|0x0000000084400000, 0x0000000084500000, 0x0000000084500000|100%|HC|  |TAMS 0x0000000084500000, 0x0000000084400000| Complete 
|  69|0x0000000084500000, 0x0000000084600000, 0x0000000084600000|100%|HC|  |TAMS 0x0000000084600000, 0x0000000084500000| Complete 
|  70|0x0000000084600000, 0x0000000084700000, 0x0000000084700000|100%|HC|  |TAMS 0x0000000084700000, 0x0000000084600000| Complete 
|  71|0x0000000084700000, 0x0000000084800000, 0x0000000084800000|100%|HC|  |TAMS 0x0000000084800000, 0x0000000084700000| Complete 
|  72|0x0000000084800000, 0x0000000084900000, 0x0000000084900000|100%| O|  |TAMS 0x0000000084900000, 0x0000000084800000| Untracked 
|  73|0x0000000084900000, 0x0000000084a00000, 0x0000000084a00000|100%| O|  |TAMS 0x0000000084a00000, 0x0000000084900000| Untracked 
|  74|0x0000000084a00000, 0x0000000084b00000, 0x0000000084b00000|100%|HS|  |TAMS 0x0000000084b00000, 0x0000000084a00000| Complete 
|  75|0x0000000084b00000, 0x0000000084c00000, 0x0000000084c00000|100%|HC|  |TAMS 0x0000000084c00000, 0x0000000084b00000| Complete 
|  76|0x0000000084c00000, 0x0000000084d00000, 0x0000000084d00000|100%|HS|  |TAMS 0x0000000084d00000, 0x0000000084c00000| Complete 
|  77|0x0000000084d00000, 0x0000000084e00000, 0x0000000084e00000|100%|HC|  |TAMS 0x0000000084e00000, 0x0000000084d00000| Complete 
|  78|0x0000000084e00000, 0x0000000084f00000, 0x0000000084f00000|100%|HC|  |TAMS 0x0000000084f00000, 0x0000000084e00000| Complete 
|  79|0x0000000084f00000, 0x0000000085000000, 0x0000000085000000|100%|HS|  |TAMS 0x0000000085000000, 0x0000000084f00000| Complete 
|  80|0x0000000085000000, 0x0000000085100000, 0x0000000085100000|100%|HC|  |TAMS 0x0000000085100000, 0x0000000085000000| Complete 
|  81|0x0000000085100000, 0x0000000085200000, 0x0000000085200000|100%|HS|  |TAMS 0x0000000085200000, 0x0000000085100000| Complete 
|  82|0x0000000085200000, 0x0000000085300000, 0x0000000085300000|100%|HC|  |TAMS 0x0000000085300000, 0x0000000085200000| Complete 
|  83|0x0000000085300000, 0x0000000085400000, 0x0000000085400000|100%|HC|  |TAMS 0x0000000085400000, 0x0000000085300000| Complete 
|  84|0x0000000085400000, 0x0000000085500000, 0x0000000085500000|100%| O|  |TAMS 0x0000000085500000, 0x0000000085400000| Untracked 
|  85|0x0000000085500000, 0x0000000085600000, 0x0000000085600000|100%| O|  |TAMS 0x0000000085600000, 0x0000000085500000| Updating 
|  86|0x0000000085600000, 0x0000000085700000, 0x0000000085700000|100%| O|  |TAMS 0x0000000085700000, 0x0000000085600000| Untracked 
|  87|0x0000000085700000, 0x0000000085800000, 0x0000000085800000|100%| O|  |TAMS 0x0000000085800000, 0x0000000085700000| Untracked 
|  88|0x0000000085800000, 0x0000000085900000, 0x0000000085900000|100%|HS|  |TAMS 0x0000000085900000, 0x0000000085800000| Complete 
|  89|0x0000000085900000, 0x0000000085a00000, 0x0000000085a00000|100%|HC|  |TAMS 0x0000000085a00000, 0x0000000085900000| Complete 
|  90|0x0000000085a00000, 0x0000000085b00000, 0x0000000085b00000|100%|HC|  |TAMS 0x0000000085b00000, 0x0000000085a00000| Complete 
|  91|0x0000000085b00000, 0x0000000085c00000, 0x0000000085c00000|100%|HC|  |TAMS 0x0000000085c00000, 0x0000000085b00000| Complete 
|  92|0x0000000085c00000, 0x0000000085d00000, 0x0000000085d00000|100%|HC|  |TAMS 0x0000000085d00000, 0x0000000085c00000| Complete 
|  93|0x0000000085d00000, 0x0000000085e00000, 0x0000000085e00000|100%|HC|  |TAMS 0x0000000085e00000, 0x0000000085d00000| Complete 
|  94|0x0000000085e00000, 0x0000000085f00000, 0x0000000085f00000|100%|HS|  |TAMS 0x0000000085f00000, 0x0000000085e00000| Complete 
|  95|0x0000000085f00000, 0x0000000086000000, 0x0000000086000000|100%| O|  |TAMS 0x0000000086000000, 0x0000000085f00000| Untracked 
|  96|0x0000000086000000, 0x0000000086100000, 0x0000000086100000|100%| O|  |TAMS 0x0000000086100000, 0x0000000086000000| Untracked 
|  97|0x0000000086100000, 0x0000000086200000, 0x0000000086200000|100%| O|  |TAMS 0x0000000086200000, 0x0000000086100000| Untracked 
|  98|0x0000000086200000, 0x0000000086300000, 0x0000000086300000|100%| O|  |TAMS 0x0000000086300000, 0x0000000086200000| Untracked 
|  99|0x0000000086300000, 0x0000000086400000, 0x0000000086400000|100%| O|  |TAMS 0x0000000086400000, 0x0000000086300000| Untracked 
| 100|0x0000000086400000, 0x0000000086500000, 0x0000000086500000|100%| O|  |TAMS 0x0000000086500000, 0x0000000086400000| Untracked 
| 101|0x0000000086500000, 0x0000000086600000, 0x0000000086600000|100%| O|  |TAMS 0x0000000086600000, 0x0000000086500000| Updating 
| 102|0x0000000086600000, 0x0000000086700000, 0x0000000086700000|100%|HS|  |TAMS 0x0000000086700000, 0x0000000086600000| Complete 
| 103|0x0000000086700000, 0x0000000086800000, 0x0000000086800000|100%|HS|  |TAMS 0x0000000086800000, 0x0000000086700000| Complete 
| 104|0x0000000086800000, 0x0000000086900000, 0x0000000086900000|100%| O|  |TAMS 0x0000000086900000, 0x0000000086800000| Untracked 
| 105|0x0000000086900000, 0x0000000086a00000, 0x0000000086a00000|100%| O|  |TAMS 0x0000000086a00000, 0x0000000086900000| Untracked 
| 106|0x0000000086a00000, 0x0000000086b00000, 0x0000000086b00000|100%| O|  |TAMS 0x0000000086b00000, 0x0000000086a00000| Updating 
| 107|0x0000000086b00000, 0x0000000086c00000, 0x0000000086c00000|100%| O|  |TAMS 0x0000000086c00000, 0x0000000086b00000| Untracked 
| 108|0x0000000086c00000, 0x0000000086d00000, 0x0000000086d00000|100%| O|  |TAMS 0x0000000086d00000, 0x0000000086c00000| Untracked 
| 109|0x0000000086d00000, 0x0000000086e00000, 0x0000000086e00000|100%| O|  |TAMS 0x0000000086e00000, 0x0000000086d00000| Untracked 
| 110|0x0000000086e00000, 0x0000000086f00000, 0x0000000086f00000|100%| O|  |TAMS 0x0000000086f00000, 0x0000000086e00000| Untracked 
| 111|0x0000000086f00000, 0x0000000087000000, 0x0000000087000000|100%| O|  |TAMS 0x0000000087000000, 0x0000000086f00000| Untracked 
| 112|0x0000000087000000, 0x0000000087100000, 0x0000000087100000|100%| O|  |TAMS 0x0000000087100000, 0x0000000087000000| Updating 
| 113|0x0000000087100000, 0x0000000087200000, 0x0000000087200000|100%| O|  |TAMS 0x0000000087200000, 0x0000000087100000| Untracked 
| 114|0x0000000087200000, 0x0000000087300000, 0x0000000087300000|100%| O|  |TAMS 0x0000000087300000, 0x0000000087200000| Updating 
| 115|0x0000000087300000, 0x0000000087400000, 0x0000000087400000|100%| O|  |TAMS 0x0000000087400000, 0x0000000087300000| Untracked 
| 116|0x0000000087400000, 0x0000000087500000, 0x0000000087500000|100%| O|  |TAMS 0x0000000087500000, 0x0000000087400000| Untracked 
| 117|0x0000000087500000, 0x0000000087600000, 0x0000000087600000|100%| O|  |TAMS 0x0000000087600000, 0x0000000087500000| Untracked 
| 118|0x0000000087600000, 0x0000000087700000, 0x0000000087700000|100%|HS|  |TAMS 0x0000000087600000, 0x0000000087600000| Complete 
| 119|0x0000000087700000, 0x0000000087800000, 0x0000000087800000|100%| O|  |TAMS 0x0000000087800000, 0x0000000087700000| Untracked 
| 120|0x0000000087800000, 0x0000000087900000, 0x0000000087900000|100%| O|  |TAMS 0x0000000087900000, 0x0000000087800000| Untracked 
| 121|0x0000000087900000, 0x0000000087a00000, 0x0000000087a00000|100%| O|  |TAMS 0x0000000087a00000, 0x0000000087900000| Untracked 
| 122|0x0000000087a00000, 0x0000000087b00000, 0x0000000087b00000|100%|HS|  |TAMS 0x0000000087b00000, 0x0000000087a00000| Complete 
| 123|0x0000000087b00000, 0x0000000087c00000, 0x0000000087c00000|100%|HC|  |TAMS 0x0000000087c00000, 0x0000000087b00000| Complete 
| 124|0x0000000087c00000, 0x0000000087d00000, 0x0000000087d00000|100%|HS|  |TAMS 0x0000000087d00000, 0x0000000087c00000| Complete 
| 125|0x0000000087d00000, 0x0000000087e00000, 0x0000000087e00000|100%|HC|  |TAMS 0x0000000087e00000, 0x0000000087d00000| Complete 
| 126|0x0000000087e00000, 0x0000000087f00000, 0x0000000087f00000|100%|HC|  |TAMS 0x0000000087f00000, 0x0000000087e00000| Complete 
| 127|0x0000000087f00000, 0x0000000088000000, 0x0000000088000000|100%|HS|  |TAMS 0x0000000088000000, 0x0000000087f00000| Complete 
| 128|0x0000000088000000, 0x0000000088100000, 0x0000000088100000|100%|HC|  |TAMS 0x0000000088100000, 0x0000000088000000| Complete 
| 129|0x0000000088100000, 0x0000000088200000, 0x0000000088200000|100%|HC|  |TAMS 0x0000000088200000, 0x0000000088100000| Complete 
| 130|0x0000000088200000, 0x0000000088300000, 0x0000000088300000|100%|HS|  |TAMS 0x0000000088300000, 0x0000000088200000| Complete 
| 131|0x0000000088300000, 0x0000000088400000, 0x0000000088400000|100%|HC|  |TAMS 0x0000000088400000, 0x0000000088300000| Complete 
| 132|0x0000000088400000, 0x0000000088500000, 0x0000000088500000|100%|HS|  |TAMS 0x0000000088500000, 0x0000000088400000| Complete 
| 133|0x0000000088500000, 0x0000000088600000, 0x0000000088600000|100%|HC|  |TAMS 0x0000000088600000, 0x0000000088500000| Complete 
| 134|0x0000000088600000, 0x0000000088700000, 0x0000000088700000|100%|HC|  |TAMS 0x0000000088700000, 0x0000000088600000| Complete 
| 135|0x0000000088700000, 0x0000000088800000, 0x0000000088800000|100%|HC|  |TAMS 0x0000000088800000, 0x0000000088700000| Complete 
| 136|0x0000000088800000, 0x0000000088900000, 0x0000000088900000|100%|HC|  |TAMS 0x0000000088900000, 0x0000000088800000| Complete 
| 137|0x0000000088900000, 0x0000000088a00000, 0x0000000088a00000|100%|HC|  |TAMS 0x0000000088a00000, 0x0000000088900000| Complete 
| 138|0x0000000088a00000, 0x0000000088b00000, 0x0000000088b00000|100%|HS|  |TAMS 0x0000000088b00000, 0x0000000088a00000| Complete 
| 139|0x0000000088b00000, 0x0000000088c00000, 0x0000000088c00000|100%|HS|  |TAMS 0x0000000088c00000, 0x0000000088b00000| Complete 
| 140|0x0000000088c00000, 0x0000000088d00000, 0x0000000088d00000|100%|HC|  |TAMS 0x0000000088d00000, 0x0000000088c00000| Complete 
| 141|0x0000000088d00000, 0x0000000088e00000, 0x0000000088e00000|100%|HC|  |TAMS 0x0000000088e00000, 0x0000000088d00000| Complete 
| 142|0x0000000088e00000, 0x0000000088f00000, 0x0000000088f00000|100%|HC|  |TAMS 0x0000000088f00000, 0x0000000088e00000| Complete 
| 143|0x0000000088f00000, 0x0000000089000000, 0x0000000089000000|100%|HC|  |TAMS 0x0000000089000000, 0x0000000088f00000| Complete 
| 144|0x0000000089000000, 0x0000000089100000, 0x0000000089100000|100%|HC|  |TAMS 0x0000000089100000, 0x0000000089000000| Complete 
| 145|0x0000000089100000, 0x0000000089200000, 0x0000000089200000|100%|HC|  |TAMS 0x0000000089200000, 0x0000000089100000| Complete 
| 146|0x0000000089200000, 0x0000000089300000, 0x0000000089300000|100%|HC|  |TAMS 0x0000000089300000, 0x0000000089200000| Complete 
| 147|0x0000000089300000, 0x0000000089400000, 0x0000000089400000|100%|HC|  |TAMS 0x0000000089400000, 0x0000000089300000| Complete 
| 148|0x0000000089400000, 0x0000000089500000, 0x0000000089500000|100%|HC|  |TAMS 0x0000000089500000, 0x0000000089400000| Complete 
| 149|0x0000000089500000, 0x0000000089600000, 0x0000000089600000|100%|HS|  |TAMS 0x0000000089600000, 0x0000000089500000| Complete 
| 150|0x0000000089600000, 0x0000000089700000, 0x0000000089700000|100%|HC|  |TAMS 0x0000000089700000, 0x0000000089600000| Complete 
| 151|0x0000000089700000, 0x0000000089800000, 0x0000000089800000|100%| O|  |TAMS 0x0000000089800000, 0x0000000089700000| Updating 
| 152|0x0000000089800000, 0x0000000089900000, 0x0000000089900000|100%| O|  |TAMS 0x0000000089900000, 0x0000000089800000| Untracked 
| 153|0x0000000089900000, 0x0000000089a00000, 0x0000000089a00000|100%| O|  |TAMS 0x0000000089a00000, 0x0000000089900000| Untracked 
| 154|0x0000000089a00000, 0x0000000089b00000, 0x0000000089b00000|100%| O|  |TAMS 0x0000000089b00000, 0x0000000089a00000| Untracked 
| 155|0x0000000089b00000, 0x0000000089c00000, 0x0000000089c00000|100%| O|  |TAMS 0x0000000089c00000, 0x0000000089b00000| Untracked 
| 156|0x0000000089c00000, 0x0000000089d00000, 0x0000000089d00000|100%| O|  |TAMS 0x0000000089d00000, 0x0000000089c00000| Untracked 
| 157|0x0000000089d00000, 0x0000000089e00000, 0x0000000089e00000|100%| O|  |TAMS 0x0000000089e00000, 0x0000000089d00000| Untracked 
| 158|0x0000000089e00000, 0x0000000089f00000, 0x0000000089f00000|100%| O|  |TAMS 0x0000000089f00000, 0x0000000089e00000| Untracked 
| 159|0x0000000089f00000, 0x000000008a000000, 0x000000008a000000|100%| O|  |TAMS 0x000000008a000000, 0x0000000089f00000| Updating 
| 160|0x000000008a000000, 0x000000008a100000, 0x000000008a100000|100%| O|  |TAMS 0x000000008a100000, 0x000000008a000000| Updating 
| 161|0x000000008a100000, 0x000000008a200000, 0x000000008a200000|100%| O|  |TAMS 0x000000008a200000, 0x000000008a100000| Updating 
| 162|0x000000008a200000, 0x000000008a300000, 0x000000008a300000|100%| O|  |TAMS 0x000000008a300000, 0x000000008a200000| Untracked 
| 163|0x000000008a300000, 0x000000008a400000, 0x000000008a400000|100%| O|  |TAMS 0x000000008a400000, 0x000000008a300000| Untracked 
| 164|0x000000008a400000, 0x000000008a500000, 0x000000008a500000|100%| O|  |TAMS 0x000000008a500000, 0x000000008a400000| Updating 
| 165|0x000000008a500000, 0x000000008a600000, 0x000000008a600000|100%| O|  |TAMS 0x000000008a600000, 0x000000008a500000| Untracked 
| 166|0x000000008a600000, 0x000000008a700000, 0x000000008a700000|100%| O|  |TAMS 0x000000008a700000, 0x000000008a600000| Updating 
| 167|0x000000008a700000, 0x000000008a7f0c00, 0x000000008a800000| 94%| O|  |TAMS 0x000000008a790400, 0x000000008a700000| Updating 
| 168|0x000000008a800000, 0x000000008a800000, 0x000000008a900000|  0%| F|  |TAMS 0x000000008a800000, 0x000000008a800000| Untracked 
| 169|0x000000008a900000, 0x000000008a900000, 0x000000008aa00000|  0%| F|  |TAMS 0x000000008a900000, 0x000000008a900000| Untracked 
| 170|0x000000008aa00000, 0x000000008aa00000, 0x000000008ab00000|  0%| F|  |TAMS 0x000000008aa00000, 0x000000008aa00000| Untracked 
| 171|0x000000008ab00000, 0x000000008ab00000, 0x000000008ac00000|  0%| F|  |TAMS 0x000000008ab00000, 0x000000008ab00000| Untracked 
| 172|0x000000008ac00000, 0x000000008ac00000, 0x000000008ad00000|  0%| F|  |TAMS 0x000000008ac00000, 0x000000008ac00000| Untracked 
| 173|0x000000008ad00000, 0x000000008ad00000, 0x000000008ae00000|  0%| F|  |TAMS 0x000000008ad00000, 0x000000008ad00000| Untracked 
| 174|0x000000008ae00000, 0x000000008ae00000, 0x000000008af00000|  0%| F|  |TAMS 0x000000008ae00000, 0x000000008ae00000| Untracked 
| 175|0x000000008af00000, 0x000000008af00000, 0x000000008b000000|  0%| F|  |TAMS 0x000000008af00000, 0x000000008af00000| Untracked 
| 176|0x000000008b000000, 0x000000008b000000, 0x000000008b100000|  0%| F|  |TAMS 0x000000008b000000, 0x000000008b000000| Untracked 
| 177|0x000000008b100000, 0x000000008b100000, 0x000000008b200000|  0%| F|  |TAMS 0x000000008b100000, 0x000000008b100000| Untracked 
| 178|0x000000008b200000, 0x000000008b200000, 0x000000008b300000|  0%| F|  |TAMS 0x000000008b200000, 0x000000008b200000| Untracked 
| 179|0x000000008b300000, 0x000000008b300000, 0x000000008b400000|  0%| F|  |TAMS 0x000000008b300000, 0x000000008b300000| Untracked 
| 180|0x000000008b400000, 0x000000008b400000, 0x000000008b500000|  0%| F|  |TAMS 0x000000008b400000, 0x000000008b400000| Untracked 
| 181|0x000000008b500000, 0x000000008b500000, 0x000000008b600000|  0%| F|  |TAMS 0x000000008b500000, 0x000000008b500000| Untracked 
| 182|0x000000008b600000, 0x000000008b600000, 0x000000008b700000|  0%| F|  |TAMS 0x000000008b600000, 0x000000008b600000| Untracked 
| 183|0x000000008b700000, 0x000000008b700000, 0x000000008b800000|  0%| F|  |TAMS 0x000000008b700000, 0x000000008b700000| Untracked 
| 184|0x000000008b800000, 0x000000008b800000, 0x000000008b900000|  0%| F|  |TAMS 0x000000008b800000, 0x000000008b800000| Untracked 
| 185|0x000000008b900000, 0x000000008b900000, 0x000000008ba00000|  0%| F|  |TAMS 0x000000008b900000, 0x000000008b900000| Untracked 
| 186|0x000000008ba00000, 0x000000008ba00000, 0x000000008bb00000|  0%| F|  |TAMS 0x000000008ba00000, 0x000000008ba00000| Untracked 
| 187|0x000000008bb00000, 0x000000008bb00000, 0x000000008bc00000|  0%| F|  |TAMS 0x000000008bb00000, 0x000000008bb00000| Untracked 
| 188|0x000000008bc00000, 0x000000008bc00000, 0x000000008bd00000|  0%| F|  |TAMS 0x000000008bc00000, 0x000000008bc00000| Untracked 
| 189|0x000000008bd00000, 0x000000008bd00000, 0x000000008be00000|  0%| F|  |TAMS 0x000000008bd00000, 0x000000008bd00000| Untracked 
| 190|0x000000008be00000, 0x000000008be00000, 0x000000008bf00000|  0%| F|  |TAMS 0x000000008be00000, 0x000000008be00000| Untracked 
| 191|0x000000008bf00000, 0x000000008bf00000, 0x000000008c000000|  0%| F|  |TAMS 0x000000008bf00000, 0x000000008bf00000| Untracked 
| 192|0x000000008c000000, 0x000000008c000000, 0x000000008c100000|  0%| F|  |TAMS 0x000000008c000000, 0x000000008c000000| Untracked 
| 193|0x000000008c100000, 0x000000008c100000, 0x000000008c200000|  0%| F|  |TAMS 0x000000008c100000, 0x000000008c100000| Untracked 
| 194|0x000000008c200000, 0x000000008c200000, 0x000000008c300000|  0%| F|  |TAMS 0x000000008c200000, 0x000000008c200000| Untracked 
| 195|0x000000008c300000, 0x000000008c300000, 0x000000008c400000|  0%| F|  |TAMS 0x000000008c300000, 0x000000008c300000| Untracked 
| 196|0x000000008c400000, 0x000000008c400000, 0x000000008c500000|  0%| F|  |TAMS 0x000000008c400000, 0x000000008c400000| Untracked 
| 197|0x000000008c500000, 0x000000008c500000, 0x000000008c600000|  0%| F|  |TAMS 0x000000008c500000, 0x000000008c500000| Untracked 
| 198|0x000000008c600000, 0x000000008c600000, 0x000000008c700000|  0%| F|  |TAMS 0x000000008c600000, 0x000000008c600000| Untracked 
| 199|0x000000008c700000, 0x000000008c700000, 0x000000008c800000|  0%| F|  |TAMS 0x000000008c700000, 0x000000008c700000| Untracked 
| 200|0x000000008c800000, 0x000000008c800000, 0x000000008c900000|  0%| F|  |TAMS 0x000000008c800000, 0x000000008c800000| Untracked 
| 201|0x000000008c900000, 0x000000008c900000, 0x000000008ca00000|  0%| F|  |TAMS 0x000000008c900000, 0x000000008c900000| Untracked 
| 202|0x000000008ca00000, 0x000000008ca00000, 0x000000008cb00000|  0%| F|  |TAMS 0x000000008ca00000, 0x000000008ca00000| Untracked 
| 203|0x000000008cb00000, 0x000000008cb00000, 0x000000008cc00000|  0%| F|  |TAMS 0x000000008cb00000, 0x000000008cb00000| Untracked 
| 204|0x000000008cc00000, 0x000000008cc00000, 0x000000008cd00000|  0%| F|  |TAMS 0x000000008cc00000, 0x000000008cc00000| Untracked 
| 205|0x000000008cd00000, 0x000000008cd00000, 0x000000008ce00000|  0%| F|  |TAMS 0x000000008cd00000, 0x000000008cd00000| Untracked 
| 206|0x000000008ce00000, 0x000000008ce00000, 0x000000008cf00000|  0%| F|  |TAMS 0x000000008ce00000, 0x000000008ce00000| Untracked 
| 207|0x000000008cf00000, 0x000000008cf00000, 0x000000008d000000|  0%| F|  |TAMS 0x000000008cf00000, 0x000000008cf00000| Untracked 
| 208|0x000000008d000000, 0x000000008d000000, 0x000000008d100000|  0%| F|  |TAMS 0x000000008d000000, 0x000000008d000000| Untracked 
| 209|0x000000008d100000, 0x000000008d100000, 0x000000008d200000|  0%| F|  |TAMS 0x000000008d100000, 0x000000008d100000| Untracked 
| 210|0x000000008d200000, 0x000000008d200000, 0x000000008d300000|  0%| F|  |TAMS 0x000000008d200000, 0x000000008d200000| Untracked 
| 211|0x000000008d300000, 0x000000008d300000, 0x000000008d400000|  0%| F|  |TAMS 0x000000008d300000, 0x000000008d300000| Untracked 
| 212|0x000000008d400000, 0x000000008d400000, 0x000000008d500000|  0%| F|  |TAMS 0x000000008d400000, 0x000000008d400000| Untracked 
| 213|0x000000008d500000, 0x000000008d500000, 0x000000008d600000|  0%| F|  |TAMS 0x000000008d500000, 0x000000008d500000| Untracked 
| 214|0x000000008d600000, 0x000000008d600000, 0x000000008d700000|  0%| F|  |TAMS 0x000000008d600000, 0x000000008d600000| Untracked 
| 215|0x000000008d700000, 0x000000008d7a3f08, 0x000000008d800000| 64%| S|CS|TAMS 0x000000008d700000, 0x000000008d700000| Complete 
| 216|0x000000008d800000, 0x000000008d900000, 0x000000008d900000|100%| S|CS|TAMS 0x000000008d800000, 0x000000008d800000| Complete 
| 217|0x000000008d900000, 0x000000008da00000, 0x000000008da00000|100%| S|CS|TAMS 0x000000008d900000, 0x000000008d900000| Complete 
| 218|0x000000008da00000, 0x000000008da00000, 0x000000008db00000|  0%| F|  |TAMS 0x000000008da00000, 0x000000008da00000| Untracked 
| 219|0x000000008db00000, 0x000000008db00000, 0x000000008dc00000|  0%| F|  |TAMS 0x000000008db00000, 0x000000008db00000| Untracked 
| 220|0x000000008dc00000, 0x000000008dc00000, 0x000000008dd00000|  0%| F|  |TAMS 0x000000008dc00000, 0x000000008dc00000| Untracked 
| 221|0x000000008dd00000, 0x000000008dd00000, 0x000000008de00000|  0%| F|  |TAMS 0x000000008dd00000, 0x000000008dd00000| Untracked 
| 222|0x000000008de00000, 0x000000008de00000, 0x000000008df00000|  0%| F|  |TAMS 0x000000008de00000, 0x000000008de00000| Untracked 
| 223|0x000000008df00000, 0x000000008dff6378, 0x000000008e000000| 96%| E|  |TAMS 0x000000008df00000, 0x000000008df00000| Complete 
| 224|0x000000008e000000, 0x000000008e100000, 0x000000008e100000|100%| E|CS|TAMS 0x000000008e000000, 0x000000008e000000| Complete 

Card table byte_map: [0x0000017ca1430000,0x0000017ca1830000] _byte_map_base: 0x0000017ca1030000

Marking Bits (Prev, Next): (CMBitMap*) 0x0000017c8ebb7750, (CMBitMap*) 0x0000017c8ebb7710
 Prev Bits: [0x0000017ca3c30000, 0x0000017ca5c30000)
 Next Bits: [0x0000017ca1c30000, 0x0000017ca3c30000)

Polling page: 0x0000017c8cb70000

Metaspace:

Usage:
  Non-class:     79.02 MB used.
      Class:     12.15 MB used.
       Both:     91.17 MB used.

Virtual space:
  Non-class space:       80.00 MB reserved,      79.38 MB (>99%) committed,  10 nodes.
      Class space:        1.00 GB reserved,      12.44 MB (  1%) committed,  1 nodes.
             Both:        1.08 GB reserved,      91.81 MB (  8%) committed. 

Chunk freelists:
   Non-Class:  336.00 KB
       Class:  3.58 MB
        Both:  3.91 MB

MaxMetaspaceSize: unlimited
CompressedClassSpaceSize: 1.00 GB
Initial GC threshold: 21.00 MB
Current GC threshold: 140.88 MB
CDS: off
MetaspaceReclaimPolicy: balanced
 - commit_granule_bytes: 65536.
 - commit_granule_words: 8192.
 - virtual_space_node_default_size: 1048576.
 - enlarge_chunks_in_place: 1.
 - new_chunks_are_fully_committed: 0.
 - uncommit_free_chunks: 1.
 - use_allocation_guard: 0.
 - handle_deallocations: 1.


Internal statistics:

num_allocs_failed_limit: 5.
num_arena_births: 860.
num_arena_deaths: 0.
num_vsnodes_births: 11.
num_vsnodes_deaths: 0.
num_space_committed: 1469.
num_space_uncommitted: 0.
num_chunks_returned_to_freelist: 5.
num_chunks_taken_from_freelist: 4126.
num_chunk_merges: 5.
num_chunk_splits: 2753.
num_chunks_enlarged: 1860.
num_purges: 0.
num_inconsistent_stats: 0.

CodeHeap 'non-profiled nmethods': size=120000Kb used=4960Kb max_used=4960Kb free=115040Kb
 bounds [0x0000017c99b00000, 0x0000017c99fe0000, 0x0000017ca1030000]
CodeHeap 'profiled nmethods': size=120000Kb used=16789Kb max_used=16789Kb free=103210Kb
 bounds [0x0000017c92030000, 0x0000017c930a0000, 0x0000017c99560000]
CodeHeap 'non-nmethods': size=5760Kb used=2406Kb max_used=2502Kb free=3353Kb
 bounds [0x0000017c99560000, 0x0000017c997f0000, 0x0000017c99b00000]
 total_blobs=9303 nmethods=8357 adapters=858
 compilation: enabled
              stopped_count=0, restarted_count=0
 full_count=0

Compilation events (20 events):
Event: 136.098 Thread 0x0000017ca8143ca0 9216       1       org.gradle.tooling.internal.adapter.MethodInvocation::getDelegate (5 bytes)
Event: 136.098 Thread 0x0000017ca8143ca0 nmethod 9216 0x0000017c99fd6c90 code [0x0000017c99fd6e20, 0x0000017c99fd6ef8]
Event: 136.099 Thread 0x0000017ca8142390 nmethod 9210 0x0000017c99fd6f90 code [0x0000017c99fd7120, 0x0000017c99fd77f8]
Event: 136.099 Thread 0x0000017ca8142390 9211       4       java.lang.Class::privateGetPublicMethods (224 bytes)
Event: 136.100 Thread 0x0000017ca8143ca0 9217       1       com.amazon.ion.impl.bin.PooledBlockAllocatorProvider$PooledBlockAllocator::getBlockSize (5 bytes)
Event: 136.100 Thread 0x0000017ca8143ca0 nmethod 9217 0x0000017c99fd7a10 code [0x0000017c99fd7ba0, 0x0000017c99fd7c78]
Event: 136.103 Thread 0x0000017ca8143ca0 9220       3       org.gradle.tooling.internal.adapter.ProtocolToModelAdapter$InvocationHandlerImpl::invoke (176 bytes)
Event: 136.108 Thread 0x0000017ca8143ca0 nmethod 9220 0x0000017c9308c010 code [0x0000017c9308c620, 0x0000017c9308fa38]
Event: 136.108 Thread 0x0000017ca8143ca0 9223       3       org.gradle.tooling.internal.adapter.ProtocolToModelAdapter$SupportedPropertyInvoker::invoke (154 bytes)
Event: 136.110 Thread 0x0000017ca8143ca0 nmethod 9223 0x0000017c93090c10 code [0x0000017c93090f60, 0x0000017c93092198]
Event: 136.110 Thread 0x0000017ca8143ca0 9221       3       org.gradle.tooling.internal.adapter.ProtocolToModelAdapter::access$1300 (4 bytes)
Event: 136.110 Thread 0x0000017ca8143ca0 nmethod 9221 0x0000017c93092810 code [0x0000017c930929a0, 0x0000017c93092a98]
Event: 136.110 Thread 0x0000017ca8143ca0 9222       3       org.gradle.tooling.internal.adapter.ProtocolToModelAdapter::access$1400 (4 bytes)
Event: 136.111 Thread 0x0000017ca8143ca0 nmethod 9222 0x0000017c93092b10 code [0x0000017c93092ca0, 0x0000017c93092d98]
Event: 136.111 Thread 0x0000017ca8143ca0 9224       3       org.gradle.tooling.internal.adapter.ProtocolToModelAdapter$SafeMethodInvoker::invoke (118 bytes)
Event: 136.111 Thread 0x0000017ca8143ca0 nmethod 9224 0x0000017c93092e10 code [0x0000017c93093060, 0x0000017c93093a58]
Event: 136.112 Thread 0x0000017ca8143ca0 9225       3       org.gradle.tooling.internal.adapter.ProtocolToModelAdapter$PropertyCachingMethodInvoker::invoke (110 bytes)
Event: 136.113 Thread 0x0000017ca8143ca0 nmethod 9225 0x0000017c93093d10 code [0x0000017c93094000, 0x0000017c930950e8]
Event: 136.113 Thread 0x0000017ca8143ca0 9226       1       org.gradle.tooling.internal.adapter.ProtocolToModelAdapter$ViewGraphDetails::access$500 (5 bytes)
Event: 136.113 Thread 0x0000017ca8143ca0 nmethod 9226 0x0000017c99fd7d10 code [0x0000017c99fd7ea0, 0x0000017c99fd7f58]

GC Heap History (20 events):
Event: 120.812 GC heap before
{Heap before GC invocations=44 (full 0):
 garbage-first heap   total 184320K, used 159079K [0x0000000080000000, 0x0000000100000000)
  region size 1024K, 38 young (38912K), 1 survivors (1024K)
 Metaspace       used 71628K, committed 72256K, reserved 1114112K
  class space    used 9459K, committed 9728K, reserved 1048576K
}
Event: 120.820 GC heap after
{Heap after GC invocations=45 (full 0):
 garbage-first heap   total 184320K, used 124928K [0x0000000080000000, 0x0000000100000000)
  region size 1024K, 5 young (5120K), 5 survivors (5120K)
 Metaspace       used 71628K, committed 72256K, reserved 1114112K
  class space    used 9459K, committed 9728K, reserved 1048576K
}
Event: 122.030 GC heap before
{Heap before GC invocations=46 (full 0):
 garbage-first heap   total 211968K, used 153600K [0x0000000080000000, 0x0000000100000000)
  region size 1024K, 33 young (33792K), 5 survivors (5120K)
 Metaspace       used 74277K, committed 74880K, reserved 1114112K
  class space    used 9801K, committed 10048K, reserved 1048576K
}
Event: 122.040 GC heap after
{Heap after GC invocations=47 (full 0):
 garbage-first heap   total 211968K, used 121054K [0x0000000080000000, 0x0000000100000000)
  region size 1024K, 2 young (2048K), 2 survivors (2048K)
 Metaspace       used 74277K, committed 74880K, reserved 1114112K
  class space    used 9801K, committed 10048K, reserved 1048576K
}
Event: 122.420 GC heap before
{Heap before GC invocations=47 (full 0):
 garbage-first heap   total 211968K, used 129246K [0x0000000080000000, 0x0000000100000000)
  region size 1024K, 10 young (10240K), 2 survivors (2048K)
 Metaspace       used 75036K, committed 75648K, reserved 1122304K
  class space    used 9911K, committed 10176K, reserved 1048576K
}
Event: 122.425 GC heap after
{Heap after GC invocations=48 (full 0):
 garbage-first heap   total 211968K, used 121456K [0x0000000080000000, 0x0000000100000000)
  region size 1024K, 1 young (1024K), 1 survivors (1024K)
 Metaspace       used 75036K, committed 75648K, reserved 1122304K
  class space    used 9911K, committed 10176K, reserved 1048576K
}
Event: 123.719 GC heap before
{Heap before GC invocations=48 (full 0):
 garbage-first heap   total 211968K, used 170608K [0x0000000080000000, 0x0000000100000000)
  region size 1024K, 48 young (49152K), 1 survivors (1024K)
 Metaspace       used 76616K, committed 77248K, reserved 1122304K
  class space    used 10121K, committed 10432K, reserved 1048576K
}
Event: 123.728 GC heap after
{Heap after GC invocations=49 (full 0):
 garbage-first heap   total 211968K, used 124680K [0x0000000080000000, 0x0000000100000000)
  region size 1024K, 4 young (4096K), 4 survivors (4096K)
 Metaspace       used 76616K, committed 77248K, reserved 1122304K
  class space    used 10121K, committed 10432K, reserved 1048576K
}
Event: 126.116 GC heap before
{Heap before GC invocations=49 (full 0):
 garbage-first heap   total 211968K, used 172808K [0x0000000080000000, 0x0000000100000000)
  region size 1024K, 51 young (52224K), 4 survivors (4096K)
 Metaspace       used 82531K, committed 83136K, reserved 1122304K
  class space    used 11126K, committed 11392K, reserved 1048576K
}
Event: 126.127 GC heap after
{Heap after GC invocations=50 (full 0):
 garbage-first heap   total 211968K, used 127560K [0x0000000080000000, 0x0000000100000000)
  region size 1024K, 7 young (7168K), 7 survivors (7168K)
 Metaspace       used 82531K, committed 83136K, reserved 1122304K
  class space    used 11126K, committed 11392K, reserved 1048576K
}
Event: 128.308 GC heap before
{Heap before GC invocations=50 (full 0):
 garbage-first heap   total 211968K, used 154184K [0x0000000080000000, 0x0000000100000000)
  region size 1024K, 34 young (34816K), 7 survivors (7168K)
 Metaspace       used 85818K, committed 86528K, reserved 1130496K
  class space    used 11464K, committed 11776K, reserved 1048576K
}
Event: 128.325 GC heap after
{Heap after GC invocations=51 (full 0):
 garbage-first heap   total 211968K, used 131954K [0x0000000080000000, 0x0000000100000000)
  region size 1024K, 7 young (7168K), 7 survivors (7168K)
 Metaspace       used 85818K, committed 86528K, reserved 1130496K
  class space    used 11464K, committed 11776K, reserved 1048576K
}
Event: 134.332 GC heap before
{Heap before GC invocations=52 (full 0):
 garbage-first heap   total 230400K, used 202610K [0x0000000080000000, 0x0000000100000000)
  region size 1024K, 48 young (49152K), 7 survivors (7168K)
 Metaspace       used 89012K, committed 89664K, reserved 1130496K
  class space    used 11965K, committed 12288K, reserved 1048576K
}
Event: 134.348 GC heap after
{Heap after GC invocations=53 (full 0):
 garbage-first heap   total 230400K, used 169366K [0x0000000080000000, 0x0000000100000000)
  region size 1024K, 6 young (6144K), 6 survivors (6144K)
 Metaspace       used 89012K, committed 89664K, reserved 1130496K
  class space    used 11965K, committed 12288K, reserved 1048576K
}
Event: 134.531 GC heap before
{Heap before GC invocations=53 (full 0):
 garbage-first heap   total 230400K, used 174486K [0x0000000080000000, 0x0000000100000000)
  region size 1024K, 11 young (11264K), 6 survivors (6144K)
 Metaspace       used 89168K, committed 89792K, reserved 1130496K
  class space    used 11990K, committed 12288K, reserved 1048576K
}
Event: 134.538 GC heap after
{Heap after GC invocations=54 (full 0):
 garbage-first heap   total 230400K, used 171350K [0x0000000080000000, 0x0000000100000000)
  region size 1024K, 1 young (1024K), 1 survivors (1024K)
 Metaspace       used 89168K, committed 89792K, reserved 1130496K
  class space    used 11990K, committed 12288K, reserved 1048576K
}
Event: 135.469 GC heap before
{Heap before GC invocations=54 (full 0):
 garbage-first heap   total 230400K, used 195926K [0x0000000080000000, 0x0000000100000000)
  region size 1024K, 26 young (26624K), 1 survivors (1024K)
 Metaspace       used 90804K, committed 91520K, reserved 1130496K
  class space    used 12202K, committed 12544K, reserved 1048576K
}
Event: 135.474 GC heap after
{Heap after GC invocations=55 (full 0):
 garbage-first heap   total 230400K, used 172789K [0x0000000080000000, 0x0000000100000000)
  region size 1024K, 3 young (3072K), 3 survivors (3072K)
 Metaspace       used 90804K, committed 91520K, reserved 1130496K
  class space    used 12202K, committed 12544K, reserved 1048576K
}
Event: 136.030 GC heap before
{Heap before GC invocations=55 (full 0):
 garbage-first heap   total 230400K, used 177909K [0x0000000080000000, 0x0000000100000000)
  region size 1024K, 10 young (10240K), 3 survivors (3072K)
 Metaspace       used 92361K, committed 93056K, reserved 1130496K
  class space    used 12396K, committed 12736K, reserved 1048576K
}
Event: 136.036 GC heap after
{Heap after GC invocations=56 (full 0):
 garbage-first heap   total 230400K, used 173650K [0x0000000080000000, 0x0000000100000000)
  region size 1024K, 3 young (3072K), 3 survivors (3072K)
 Metaspace       used 92361K, committed 93056K, reserved 1130496K
  class space    used 12396K, committed 12736K, reserved 1048576K
}

Dll operation events (2 events):
Event: 0.409 Loaded shared library C:\Program Files\Android\Android Studio\jbr\bin\java.dll
Event: 3.725 Loaded shared library C:\Program Files\Android\Android Studio\jbr\bin\verify.dll

Deoptimization events (20 events):
Event: 135.480 Thread 0x0000017ca900b5d0 Uncommon trap: trap_request=0xffffffde fr.pc=0x0000017c99bbb1dc relative=0x000000000000057c
Event: 135.480 Thread 0x0000017ca900b5d0 Uncommon trap: reason=class_check action=maybe_recompile pc=0x0000017c99bbb1dc method=java.util.regex.Matcher.search(I)Z @ 121 c2
Event: 135.480 Thread 0x0000017ca900b5d0 DEOPT PACKING pc=0x0000017c99bbb1dc sp=0x00000005120fb0a0
Event: 135.480 Thread 0x0000017ca900b5d0 DEOPT UNPACKING pc=0x0000017c995b69a3 sp=0x00000005120fafe8 mode 2
Event: 135.480 Thread 0x0000017ca900b5d0 Uncommon trap: trap_request=0xffffffde fr.pc=0x0000017c99bbb1dc relative=0x000000000000057c
Event: 135.480 Thread 0x0000017ca900b5d0 Uncommon trap: reason=class_check action=maybe_recompile pc=0x0000017c99bbb1dc method=java.util.regex.Matcher.search(I)Z @ 121 c2
Event: 135.480 Thread 0x0000017ca900b5d0 DEOPT PACKING pc=0x0000017c99bbb1dc sp=0x00000005120fadf0
Event: 135.480 Thread 0x0000017ca900b5d0 DEOPT UNPACKING pc=0x0000017c995b69a3 sp=0x00000005120fad38 mode 2
Event: 135.788 Thread 0x0000017ca900b5d0 Uncommon trap: trap_request=0xffffffde fr.pc=0x0000017c99d27658 relative=0x0000000000000378
Event: 135.788 Thread 0x0000017ca900b5d0 Uncommon trap: reason=class_check action=maybe_recompile pc=0x0000017c99d27658 method=java.util.stream.AbstractPipeline.copyIntoWithCancel(Ljava/util/stream/Sink;Ljava/util/Spliterator;)Z @ 32 c2
Event: 135.788 Thread 0x0000017ca900b5d0 DEOPT PACKING pc=0x0000017c99d27658 sp=0x00000005120fb190
Event: 135.788 Thread 0x0000017ca900b5d0 DEOPT UNPACKING pc=0x0000017c995b69a3 sp=0x00000005120fb050 mode 2
Event: 135.788 Thread 0x0000017ca900b5d0 Uncommon trap: trap_request=0xffffffde fr.pc=0x0000017c99d280dc relative=0x000000000000027c
Event: 135.788 Thread 0x0000017ca900b5d0 Uncommon trap: reason=class_check action=maybe_recompile pc=0x0000017c99d280dc method=java.util.stream.AbstractPipeline.copyIntoWithCancel(Ljava/util/stream/Sink;Ljava/util/Spliterator;)Z @ 32 c2
Event: 135.788 Thread 0x0000017ca900b5d0 DEOPT PACKING pc=0x0000017c99d280dc sp=0x00000005120fb130
Event: 135.788 Thread 0x0000017ca900b5d0 DEOPT UNPACKING pc=0x0000017c995b69a3 sp=0x00000005120fb050 mode 2
Event: 135.788 Thread 0x0000017ca900b5d0 Uncommon trap: trap_request=0xffffffde fr.pc=0x0000017c99d13e70 relative=0x0000000000000230
Event: 135.788 Thread 0x0000017ca900b5d0 Uncommon trap: reason=class_check action=maybe_recompile pc=0x0000017c99d13e70 method=java.util.stream.AbstractPipeline.copyIntoWithCancel(Ljava/util/stream/Sink;Ljava/util/Spliterator;)Z @ 32 c2
Event: 135.788 Thread 0x0000017ca900b5d0 DEOPT PACKING pc=0x0000017c99d13e70 sp=0x00000005120fb0c0
Event: 135.788 Thread 0x0000017ca900b5d0 DEOPT UNPACKING pc=0x0000017c995b69a3 sp=0x00000005120fb050 mode 2

Classes unloaded (0 events):
No events

Classes redefined (0 events):
No events

Internal exceptions (20 events):
Event: 134.961 Thread 0x0000017ca900b5d0 Exception <a 'java/lang/ClassNotFoundException'{0x000000008d559670}: org/gradle/api/internal/project/ant/BasicAntBuilderCustomizer> (0x000000008d559670) 
thrown [s\src\hotspot\share\classfile\systemDictionary.cpp, line 256]
Event: 134.962 Thread 0x0000017ca900b5d0 Exception <a 'java/lang/ClassNotFoundException'{0x000000008d5756b0}: org/gradle/api/internal/project/DefaultAntBuilderCustomizer> (0x000000008d5756b0) 
thrown [s\src\hotspot\share\classfile\systemDictionary.cpp, line 256]
Event: 135.154 Thread 0x0000017ca900b5d0 Exception <a 'java/lang/ClassNotFoundException'{0x000000008d0744c8}: org/gradle/api/internal/tasks/DefaultTaskContainer_DecoratedBeanInfo> (0x000000008d0744c8) 
thrown [s\src\hotspot\share\classfile\systemDictionary.cpp, line 256]
Event: 135.155 Thread 0x0000017ca900b5d0 Exception <a 'java/lang/ClassNotFoundException'{0x000000008d07d3a0}: org/gradle/api/internal/tasks/DefaultTaskContainerBeanInfo> (0x000000008d07d3a0) 
thrown [s\src\hotspot\share\classfile\systemDictionary.cpp, line 256]
Event: 135.155 Thread 0x0000017ca900b5d0 Exception <a 'java/lang/ClassNotFoundException'{0x000000008d0867d0}: org/gradle/api/internal/tasks/DefaultTaskCollectionBeanInfo> (0x000000008d0867d0) 
thrown [s\src\hotspot\share\classfile\systemDictionary.cpp, line 256]
Event: 135.155 Thread 0x0000017ca900b5d0 Exception <a 'java/lang/ClassNotFoundException'{0x000000008d08fbe0}: org/gradle/api/internal/tasks/DefaultTaskCollectionCustomizer> (0x000000008d08fbe0) 
thrown [s\src\hotspot\share\classfile\systemDictionary.cpp, line 256]
Event: 135.157 Thread 0x0000017ca900b5d0 Exception <a 'java/lang/ClassNotFoundException'{0x000000008d0c5670}: org/gradle/api/internal/tasks/DefaultTaskContainerCustomizer> (0x000000008d0c5670) 
thrown [s\src\hotspot\share\classfile\systemDictionary.cpp, line 256]
Event: 135.158 Thread 0x0000017ca900b5d0 Exception <a 'java/lang/ClassNotFoundException'{0x000000008cf1f990}: org/gradle/api/internal/tasks/DefaultTaskContainer_DecoratedCustomizer> (0x000000008cf1f990) 
thrown [s\src\hotspot\share\classfile\systemDictionary.cpp, line 256]
Event: 135.175 Thread 0x0000017ca900b5d0 Exception <a 'java/lang/ClassNotFoundException'{0x000000008ce893c0}: java/util/ArrayListBeanInfo> (0x000000008ce893c0) 
thrown [s\src\hotspot\share\classfile\systemDictionary.cpp, line 256]
Event: 135.175 Thread 0x0000017ca900b5d0 Exception <a 'java/lang/ClassNotFoundException'{0x000000008ce8d918}: java/util/ArrayListCustomizer> (0x000000008ce8d918) 
thrown [s\src\hotspot\share\classfile\systemDictionary.cpp, line 256]
Event: 135.180 Thread 0x0000017ca900b5d0 Exception <a 'java/lang/ClassNotFoundException'{0x000000008cd17350}: java/util/CollectionBeanInfo> (0x000000008cd17350) 
thrown [s\src\hotspot\share\classfile\systemDictionary.cpp, line 256]
Event: 135.180 Thread 0x0000017ca900b5d0 Exception <a 'java/lang/ClassNotFoundException'{0x000000008cd1b8a8}: java/util/CollectionCustomizer> (0x000000008cd1b8a8) 
thrown [s\src\hotspot\share\classfile\systemDictionary.cpp, line 256]
Event: 135.187 Thread 0x0000017ca900b5d0 Exception <a 'java/lang/ClassNotFoundException'{0x000000008cd69850}: org/gradle/api/tasks/SourceSetBeanInfo> (0x000000008cd69850) 
thrown [s\src\hotspot\share\classfile\systemDictionary.cpp, line 256]
Event: 135.188 Thread 0x0000017ca900b5d0 Exception <a 'java/lang/ClassNotFoundException'{0x000000008cd731f0}: org/gradle/api/tasks/SourceSetCustomizer> (0x000000008cd731f0) 
thrown [s\src\hotspot\share\classfile\systemDictionary.cpp, line 256]
Event: 135.191 Thread 0x0000017ca900b5d0 Exception <a 'java/lang/ClassNotFoundException'{0x000000008cde2218}: java/util/LinkedHashMapBeanInfo> (0x000000008cde2218) 
thrown [s\src\hotspot\share\classfile\systemDictionary.cpp, line 256]
Event: 135.191 Thread 0x0000017ca900b5d0 Exception <a 'java/lang/ClassNotFoundException'{0x000000008cde6790}: java/util/HashMapBeanInfo> (0x000000008cde6790) 
thrown [s\src\hotspot\share\classfile\systemDictionary.cpp, line 256]
Event: 135.191 Thread 0x0000017ca900b5d0 Exception <a 'java/lang/ClassNotFoundException'{0x000000008cdeb260}: java/util/AbstractMapBeanInfo> (0x000000008cdeb260) 
thrown [s\src\hotspot\share\classfile\systemDictionary.cpp, line 256]
Event: 135.191 Thread 0x0000017ca900b5d0 Exception <a 'java/lang/ClassNotFoundException'{0x000000008cdef7d8}: java/util/AbstractMapCustomizer> (0x000000008cdef7d8) 
thrown [s\src\hotspot\share\classfile\systemDictionary.cpp, line 256]
Event: 135.192 Thread 0x0000017ca900b5d0 Exception <a 'java/lang/ClassNotFoundException'{0x000000008cdfe1b0}: java/util/HashMapCustomizer> (0x000000008cdfe1b0) 
thrown [s\src\hotspot\share\classfile\systemDictionary.cpp, line 256]
Event: 135.193 Thread 0x0000017ca900b5d0 Exception <a 'java/lang/ClassNotFoundException'{0x000000008cc1ab78}: java/util/LinkedHashMapCustomizer> (0x000000008cc1ab78) 
thrown [s\src\hotspot\share\classfile\systemDictionary.cpp, line 256]

VM Operations (20 events):
Event: 130.709 Executing VM operation: HandshakeAllThreads done
Event: 130.709 Executing VM operation: Cleanup
Event: 130.709 Executing VM operation: Cleanup done
Event: 130.710 Executing VM operation: HandshakeAllThreads
Event: 130.711 Executing VM operation: HandshakeAllThreads done
Event: 131.722 Executing VM operation: Cleanup
Event: 131.722 Executing VM operation: Cleanup done
Event: 132.733 Executing VM operation: Cleanup
Event: 132.733 Executing VM operation: Cleanup done
Event: 133.746 Executing VM operation: Cleanup
Event: 133.747 Executing VM operation: Cleanup done
Event: 134.332 Executing VM operation: G1CollectForAllocation
Event: 134.348 Executing VM operation: G1CollectForAllocation done
Event: 134.531 Executing VM operation: G1CollectForAllocation
Event: 134.538 Executing VM operation: G1CollectForAllocation done
Event: 135.469 Executing VM operation: G1CollectForAllocation
Event: 135.474 Executing VM operation: G1CollectForAllocation done
Event: 136.030 Executing VM operation: G1TryInitiateConcMark
Event: 136.036 Executing VM operation: G1TryInitiateConcMark done
Event: 136.189 Executing VM operation: G1Concurrent

Events (20 events):
Event: 135.191 loading class java/util/HashMapBeanInfo
Event: 135.191 loading class java/util/HashMapBeanInfo done
Event: 135.191 loading class java/util/HashMapBeanInfo
Event: 135.191 loading class java/util/HashMapBeanInfo done
Event: 135.191 loading class java/util/AbstractMapBeanInfo
Event: 135.191 loading class java/util/AbstractMapBeanInfo done
Event: 135.191 loading class java/util/AbstractMapBeanInfo
Event: 135.191 loading class java/util/AbstractMapBeanInfo done
Event: 135.191 loading class java/util/AbstractMapCustomizer
Event: 135.191 loading class java/util/AbstractMapCustomizer done
Event: 135.191 loading class java/util/AbstractMapCustomizer
Event: 135.191 loading class java/util/AbstractMapCustomizer done
Event: 135.191 loading class java/util/HashMapCustomizer
Event: 135.191 loading class java/util/HashMapCustomizer done
Event: 135.192 loading class java/util/HashMapCustomizer
Event: 135.192 loading class java/util/HashMapCustomizer done
Event: 135.192 loading class java/util/LinkedHashMapCustomizer
Event: 135.192 loading class java/util/LinkedHashMapCustomizer done
Event: 135.193 loading class java/util/LinkedHashMapCustomizer
Event: 135.193 loading class java/util/LinkedHashMapCustomizer done


Dynamic libraries:
0x00007ff7b1f40000 - 0x00007ff7b1f4a000 	C:\Program Files\Android\Android Studio\jbr\bin\java.exe
0x00007ff9b4eb0000 - 0x00007ff9b50a8000 	C:\Windows\SYSTEM32\ntdll.dll
0x00007ff9b44c0000 - 0x00007ff9b457f000 	C:\Windows\System32\KERNEL32.DLL
0x00007ff9b2750000 - 0x00007ff9b2a46000 	C:\Windows\System32\KERNELBASE.dll
0x00007ff9b2cc0000 - 0x00007ff9b2dc0000 	C:\Windows\System32\ucrtbase.dll
0x00007ff9af300000 - 0x00007ff9af317000 	C:\Program Files\Android\Android Studio\jbr\bin\jli.dll
0x00007ff9b31e0000 - 0x00007ff9b337d000 	C:\Windows\System32\USER32.dll
0x00007ff9b2c90000 - 0x00007ff9b2cb2000 	C:\Windows\System32\win32u.dll
0x00007ff9b4320000 - 0x00007ff9b434c000 	C:\Windows\System32\GDI32.dll
0x00007ff9b2df0000 - 0x00007ff9b2f05000 	C:\Windows\System32\gdi32full.dll
0x00007ff9b2590000 - 0x00007ff9b262d000 	C:\Windows\System32\msvcp_win.dll
0x00007ff9af210000 - 0x00007ff9af22b000 	C:\Program Files\Android\Android Studio\jbr\bin\VCRUNTIME140.dll
0x00007ff99bcf0000 - 0x00007ff99bf8a000 	C:\Windows\WinSxS\amd64_microsoft.windows.common-controls_6595b64144ccf1df_6.0.19041.1110_none_60b5254171f9507e\COMCTL32.dll
0x00007ff9b3030000 - 0x00007ff9b30ce000 	C:\Windows\System32\msvcrt.dll
0x00007ff9b4120000 - 0x00007ff9b4150000 	C:\Windows\System32\IMM32.DLL
0x00007ff9af2a0000 - 0x00007ff9af2ac000 	C:\Program Files\Android\Android Studio\jbr\bin\vcruntime140_1.dll
0x00007ff9a1dc0000 - 0x00007ff9a1e4d000 	C:\Program Files\Android\Android Studio\jbr\bin\msvcp140.dll
0x00007ff9650f0000 - 0x00007ff965d5d000 	C:\Program Files\Android\Android Studio\jbr\bin\server\jvm.dll
0x00007ff9b4cd0000 - 0x00007ff9b4d7f000 	C:\Windows\System32\ADVAPI32.dll
0x00007ff9b4150000 - 0x00007ff9b41ec000 	C:\Windows\System32\sechost.dll
0x00007ff9b34b0000 - 0x00007ff9b35d6000 	C:\Windows\System32\RPCRT4.dll
0x00007ff9a0390000 - 0x00007ff9a039a000 	C:\Windows\SYSTEM32\VERSION.dll
0x00007ff996df0000 - 0x00007ff996e17000 	C:\Windows\SYSTEM32\WINMM.dll
0x00007ff9af180000 - 0x00007ff9af189000 	C:\Windows\SYSTEM32\WSOCK32.dll
0x00007ff9b40a0000 - 0x00007ff9b410b000 	C:\Windows\System32\ws2_32.DLL
0x00007ff9b0440000 - 0x00007ff9b0452000 	C:\Windows\SYSTEM32\kernel.appcore.dll
0x00007ff9af170000 - 0x00007ff9af17a000 	C:\Program Files\Android\Android Studio\jbr\bin\jimage.dll
0x00007ff98c900000 - 0x00007ff98cae4000 	C:\Windows\SYSTEM32\DBGHELP.DLL
0x00007ff9883c0000 - 0x00007ff9883f4000 	C:\Windows\SYSTEM32\dbgcore.DLL
0x00007ff9b2aa0000 - 0x00007ff9b2b22000 	C:\Windows\System32\bcryptPrimitives.dll
0x00007ff9a9ae0000 - 0x00007ff9a9b05000 	C:\Program Files\Android\Android Studio\jbr\bin\java.dll
0x00007ff9ab870000 - 0x00007ff9ab888000 	C:\Program Files\Android\Android Studio\jbr\bin\zip.dll
0x00007ff9b4580000 - 0x00007ff9b4cc4000 	C:\Windows\System32\SHELL32.dll
0x00007ff9b0640000 - 0x00007ff9b0dd3000 	C:\Windows\SYSTEM32\windows.storage.dll
0x00007ff9b3d40000 - 0x00007ff9b4094000 	C:\Windows\System32\combase.dll
0x00007ff9b1f70000 - 0x00007ff9b1f9e000 	C:\Windows\SYSTEM32\Wldp.dll
0x00007ff9b3600000 - 0x00007ff9b36ad000 	C:\Windows\System32\SHCORE.dll
0x00007ff9b3ce0000 - 0x00007ff9b3d35000 	C:\Windows\System32\shlwapi.dll
0x00007ff9b24d0000 - 0x00007ff9b24ef000 	C:\Windows\SYSTEM32\profapi.dll
0x00007ff9ab2b0000 - 0x00007ff9ab2c9000 	C:\Program Files\Android\Android Studio\jbr\bin\net.dll
0x00007ff9a1fc0000 - 0x00007ff9a20ca000 	C:\Windows\SYSTEM32\WINHTTP.dll
0x00007ff9b1c60000 - 0x00007ff9b1cca000 	C:\Windows\system32\mswsock.dll
0x00007ff9a9c70000 - 0x00007ff9a9c86000 	C:\Program Files\Android\Android Studio\jbr\bin\nio.dll
0x00007ff9a89f0000 - 0x00007ff9a8a00000 	C:\Program Files\Android\Android Studio\jbr\bin\verify.dll
0x00007ff9af2b0000 - 0x00007ff9af2d7000 	C:\Users\Mauricio\.gradle\native\68d5fa5c4cc2d200863cafc0d521ce42e7d3e7ee720ec0a83991735586a16f82\windows-amd64\native-platform.dll
0x00007ff9a1c70000 - 0x00007ff9a1db4000 	C:\Users\Mauricio\.gradle\native\e376f236ea51e6404a007f0833ffe2c6e607c4080706a723a18a27aeea778392\windows-amd64\native-platform-file-events.dll
0x00007ff9aef50000 - 0x00007ff9aef59000 	C:\Program Files\Android\Android Studio\jbr\bin\management.dll
0x00007ff9a9b40000 - 0x00007ff9a9b4b000 	C:\Program Files\Android\Android Studio\jbr\bin\management_ext.dll
0x00007ff9b3cd0000 - 0x00007ff9b3cd8000 	C:\Windows\System32\PSAPI.DLL
0x00007ff9b1ec0000 - 0x00007ff9b1ed8000 	C:\Windows\SYSTEM32\CRYPTSP.dll
0x00007ff9b1580000 - 0x00007ff9b15b4000 	C:\Windows\system32\rsaenh.dll
0x00007ff9b2dc0000 - 0x00007ff9b2de7000 	C:\Windows\System32\bcrypt.dll
0x00007ff9b2450000 - 0x00007ff9b247e000 	C:\Windows\SYSTEM32\USERENV.dll
0x00007ff9b1ee0000 - 0x00007ff9b1eec000 	C:\Windows\SYSTEM32\CRYPTBASE.dll
0x00007ff9b1950000 - 0x00007ff9b198c000 	C:\Windows\SYSTEM32\IPHLPAPI.DLL
0x00007ff9b4e60000 - 0x00007ff9b4e68000 	C:\Windows\System32\NSI.dll
0x00007ff9a2250000 - 0x00007ff9a2267000 	C:\Windows\SYSTEM32\dhcpcsvc6.DLL
0x00007ff9a2340000 - 0x00007ff9a235d000 	C:\Windows\SYSTEM32\dhcpcsvc.DLL
0x00007ff9b1990000 - 0x00007ff9b1a5a000 	C:\Windows\SYSTEM32\DNSAPI.dll
0x00007ff9a35a0000 - 0x00007ff9a35a7000 	C:\Windows\system32\wshunix.dll
0x00007ff9a17b0000 - 0x00007ff9a17ba000 	C:\Windows\System32\rasadhlp.dll
0x00007ff9a1ed0000 - 0x00007ff9a1f52000 	C:\Windows\System32\fwpuclnt.dll

dbghelp: loaded successfully - version: 4.0.5 - missing functions: none
symbol engine: initialized successfully - sym options: 0x614 - pdb path: .;C:\Program Files\Android\Android Studio\jbr\bin;C:\Windows\SYSTEM32;C:\Windows\WinSxS\amd64_microsoft.windows.common-controls_6595b64144ccf1df_6.0.19041.1110_none_60b5254171f9507e;C:\Program Files\Android\Android Studio\jbr\bin\server;C:\Users\Mauricio\.gradle\native\68d5fa5c4cc2d200863cafc0d521ce42e7d3e7ee720ec0a83991735586a16f82\windows-amd64;C:\Users\Mauricio\.gradle\native\e376f236ea51e6404a007f0833ffe2c6e607c4080706a723a18a27aeea778392\windows-amd64

VM Arguments:
jvm_args: --add-opens=java.base/java.util=ALL-UNNAMED --add-opens=java.base/java.lang=ALL-UNNAMED --add-opens=java.base/java.lang.invoke=ALL-UNNAMED --add-opens=java.prefs/java.util.prefs=ALL-UNNAMED --add-opens=java.base/java.nio.charset=ALL-UNNAMED --add-opens=java.base/java.net=ALL-UNNAMED --add-opens=java.base/java.util.concurrent.atomic=ALL-UNNAMED -Xmx2048m -Dfile.encoding=UTF-8 -Duser.country=BR -Duser.language=pt -Duser.variant 
java_command: org.gradle.launcher.daemon.bootstrap.GradleDaemon 8.0
java_class_path (initial): C:\Users\Mauricio\.gradle\wrapper\dists\gradle-8.0-bin\ca5e32bp14vu59qr306oxotwh\gradle-8.0\lib\gradle-launcher-8.0.jar
Launcher Type: SUN_STANDARD

[Global flags]
     intx CICompilerCount                          = 3                                         {product} {ergonomic}
     uint ConcGCThreads                            = 1                                         {product} {ergonomic}
     uint G1ConcRefinementThreads                  = 4                                         {product} {ergonomic}
   size_t G1HeapRegionSize                         = 1048576                                   {product} {ergonomic}
    uintx GCDrainStackTargetSize                   = 64                                        {product} {ergonomic}
   size_t InitialHeapSize                          = 67108864                                  {product} {ergonomic}
   size_t MarkStackSize                            = 4194304                                   {product} {ergonomic}
   size_t MaxHeapSize                              = 2147483648                                {product} {command line}
   size_t MaxNewSize                               = 1287651328                                {product} {ergonomic}
   size_t MinHeapDeltaBytes                        = 1048576                                   {product} {ergonomic}
   size_t MinHeapSize                              = 8388608                                   {product} {ergonomic}
    uintx NonNMethodCodeHeapSize                   = 5832780                                {pd product} {ergonomic}
    uintx NonProfiledCodeHeapSize                  = 122912730                              {pd product} {ergonomic}
    uintx ProfiledCodeHeapSize                     = 122912730                              {pd product} {ergonomic}
    uintx ReservedCodeCacheSize                    = 251658240                              {pd product} {ergonomic}
     bool SegmentedCodeCache                       = true                                      {product} {ergonomic}
   size_t SoftMaxHeapSize                          = 2147483648                             {manageable} {ergonomic}
     bool UseCompressedClassPointers               = true                           {product lp64_product} {ergonomic}
     bool UseCompressedOops                        = true                           {product lp64_product} {ergonomic}
     bool UseG1GC                                  = true                                      {product} {ergonomic}
     bool UseLargePagesIndividualAllocation        = false                                  {pd product} {ergonomic}

Logging:
Log output configuration:
 #0: stdout all=warning uptime,level,tags
 #1: stderr all=off uptime,level,tags

Environment Variables:
PATH=C:\Program Files (x86)\Common Files\Oracle\Java\javapath;C:\Windows\system32;C:\Windows;C:\Windows\System32\Wbem;C:\Windows\System32\WindowsPowerShell\v1.0\;C:\Windows\System32\OpenSSH\;C:\Program Files\Microsoft SQL Server\Client SDK\ODBC\170\Tools\Binn\;C:\Program Files (x86)\Microsoft SQL Server\150\Tools\Binn\;C:\Program Files\Microsoft SQL Server\150\Tools\Binn\;C:\Program Files\Microsoft SQL Server\150\DTS\Binn\;C:\Program Files (x86)\Microsoft SQL Server\150\DTS\Binn\;C:\Program Files\Azure Data Studio\bin;C:\Users\Mauricio\AppData\Local\Microsoft\WindowsApps;;C:\Program Files\Azure Data Studio\bin;C:\Users\Mauricio\AppData\Local\Programs\Microsoft VS Code\bin
USERNAME=Mauricio
OS=Windows_NT
PROCESSOR_IDENTIFIER=Intel64 Family 6 Model 78 Stepping 3, GenuineIntel
TMP=C:\Users\Mauricio\AppData\Local\Temp
TEMP=C:\Users\Mauricio\AppData\Local\Temp



---------------  S Y S T E M  ---------------

OS:
 Windows 10 , 64 bit Build 19041 (10.0.19041.3031)
OS uptime: 0 days 21:31 hours

CPU: total 4 (initial active 4) (2 cores per cpu, 2 threads per core) family 6 model 78 stepping 3 microcode 0xcc, cx8, cmov, fxsr, ht, mmx, 3dnowpref, sse, sse2, sse3, ssse3, sse4.1, sse4.2, popcnt, lzcnt, tsc, tscinvbit, avx, avx2, aes, erms, clmul, bmi1, bmi2, rtm, adx, fma, vzeroupper, clflush, clflushopt

Memory: 4k page, system-wide physical 3977M (246M free)
TotalPageFile size 6025M (AvailPageFile size 69M)
current process WorkingSet (physical memory assigned to process): 367M, peak: 367M
current process commit charge ("private bytes"): 486M, peak: 550M

vm_info: OpenJDK 64-Bit Server VM (17.0.6+0-b2043.56-9586694) for windows-amd64 JRE (17.0.6+0-b2043.56-9586694), built on Feb  9 2023 20:06:20 by "androidbuild" with MS VC++ 16.10 / 16.11 (VS2019)

END.
