#
# There is insufficient memory for the Java Runtime Environment to continue.
# Native memory allocation (mmap) failed to map 162529280 bytes for G1 virtual space
# Possible reasons:
#   The system is out of physical RAM or swap space
#   The process is running with CompressedOops enabled, and the Java Heap may be blocking the growth of the native heap
# Possible solutions:
#   Reduce memory load on the system
#   Increase physical memory or swap space
#   Check if swap backing store is full
#   Decrease Java heap size (-Xmx/-Xms)
#   Decrease number of Java threads
#   Decrease Java thread stack sizes (-Xss)
#   Set larger code cache with -XX:ReservedCodeCacheSize=
#   JVM is running with Unscaled Compressed Oops mode in which the Java heap is
#     placed in the first 4GB address space. The Java Heap base address is the
#     maximum limit for the native heap growth. Please use -XX:HeapBaseMinAddress
#     to set the Java Heap base and to place the Java Heap above 4GB virtual address.
# This output file may be truncated or incomplete.
#
#  Out of Memory Error (os_windows.cpp:3769), pid=4140, tid=2636
#
# JRE version: OpenJDK Runtime Environment (17.0.6) (build 17.0.6+0-b2043.56-9586694)
# Java VM: OpenJDK 64-Bit Server VM (17.0.6+0-b2043.56-9586694, mixed mode, tiered, compressed oops, compressed class ptrs, g1 gc, windows-amd64)
# No core dump will be written. Minidumps are not enabled by default on client versions of Windows
#

---------------  S U M M A R Y ------------

Command Line: --add-opens=java.base/java.util=ALL-UNNAMED --add-opens=java.base/java.lang=ALL-UNNAMED --add-opens=java.base/java.lang.invoke=ALL-UNNAMED --add-opens=java.prefs/java.util.prefs=ALL-UNNAMED --add-opens=java.base/java.nio.charset=ALL-UNNAMED --add-opens=java.base/java.net=ALL-UNNAMED --add-opens=java.base/java.util.concurrent.atomic=ALL-UNNAMED -Xmx2048m -Dfile.encoding=UTF-8 -Duser.country=BR -Duser.language=pt -Duser.variant org.gradle.launcher.daemon.bootstrap.GradleDaemon 8.0

Host: Intel(R) Core(TM) i3-6100U CPU @ 2.30GHz, 4 cores, 3G,  Windows 10 , 64 bit Build 19041 (10.0.19041.3031)
Time: Tue Aug 15 11:45:46 2023 Hora oficial do Brasil elapsed time: 6263.622812 seconds (0d 1h 44m 23s)

---------------  T H R E A D  ---------------

Current thread (0x00000212c6936b00):  VMThread "VM Thread" [stack: 0x00000054a7d00000,0x00000054a7e00000] [id=2636]

Stack: [0x00000054a7d00000,0x00000054a7e00000]
Native frames: (J=compiled Java code, j=interpreted, Vv=VM code, C=native code)
V  [jvm.dll+0x683b4a]
V  [jvm.dll+0x842654]
V  [jvm.dll+0x843dfe]
V  [jvm.dll+0x844463]
V  [jvm.dll+0x249b75]
V  [jvm.dll+0x680a19]
V  [jvm.dll+0x674f0a]
V  [jvm.dll+0x309acb]
V  [jvm.dll+0x310f86]
V  [jvm.dll+0x3608ee]
V  [jvm.dll+0x360b1f]
V  [jvm.dll+0x2dfbf8]
V  [jvm.dll+0x2ddec4]
V  [jvm.dll+0x2dd4cc]
V  [jvm.dll+0x321f3b]
V  [jvm.dll+0x84893b]
V  [jvm.dll+0x849674]
V  [jvm.dll+0x849b8d]
V  [jvm.dll+0x849f64]
V  [jvm.dll+0x84a030]
V  [jvm.dll+0x7f25fa]
V  [jvm.dll+0x682985]
C  [ucrtbase.dll+0x21bb2]
C  [KERNEL32.DLL+0x17614]
C  [ntdll.dll+0x526f1]

VM_Operation (0x00000054a93fc620): G1CollectForAllocation, mode: safepoint, requested by thread 0x00000212cd92b3a0


---------------  P R O C E S S  ---------------

Threads class SMR info:
_java_thread_list=0x00000212cd0a5390, length=82, elements={
0x00000212ab41c4c0, 0x00000212c6921c30, 0x00000212c69239c0, 0x00000212c697f0d0,
0x00000212c69809a0, 0x00000212c6992920, 0x00000212c6993980, 0x00000212c6996790,
0x00000212c7407ac0, 0x00000212c7408b60, 0x00000212c7588030, 0x00000212c758c920,
0x00000212c809aeb0, 0x00000212c80991d0, 0x00000212c8099b70, 0x00000212c809bd20,
0x00000212c8098d00, 0x00000212c9876700, 0x00000212c9876230, 0x00000212c9879720,
0x00000212c9879250, 0x00000212c9879bf0, 0x00000212c98770a0, 0x00000212c98788b0,
0x00000212c9873bb0, 0x00000212c9874080, 0x00000212cbc5b220, 0x00000212cbc5b6f0,
0x00000212cd6ac640, 0x00000212cd92a530, 0x00000212c85f6880, 0x00000212c85f5540,
0x00000212c85f5070, 0x00000212cd92aa00, 0x00000212cd92aed0, 0x00000212cd92b3a0,
0x00000212cd92bd40, 0x00000212cd92b870, 0x00000212cc2aeb70, 0x00000212cc2af040,
0x00000212cd6b0000, 0x00000212cd6b0e70, 0x00000212cc2ae6a0, 0x00000212cd6b1340,
0x00000212cd6acfe0, 0x00000212cd6b2b50, 0x00000212cd6b34f0, 0x00000212cd6b1ce0,
0x00000212cd6b39c0, 0x00000212cd6aecc0, 0x00000212cc2af510, 0x00000212cc2ae1d0,
0x00000212cc2ac4f0, 0x00000212cc2ad360, 0x00000212cc2ac9c0, 0x00000212cc2ad830,
0x00000212cc2abb50, 0x00000212cc2add00, 0x00000212cc2ac020, 0x00000212cc2ace90,
0x00000212cd93e130, 0x00000212cd93f940, 0x00000212cd93dc60, 0x00000212cd93fe10,
0x00000212cd93cdf0, 0x00000212cd93e600, 0x00000212cd93ead0, 0x00000212cd9402e0,
0x00000212cd93efa0, 0x00000212cd93f470, 0x00000212cd93c920, 0x00000212cd93d2c0,
0x00000212cd93d790, 0x00000212cda6c060, 0x00000212cda6ca00, 0x00000212cda6ced0,
0x00000212cda6ebb0, 0x00000212cbb07ed0, 0x00000212cbb083a0, 0x00000212cbb08870,
0x00000212cbb07060, 0x00000212cbb07a00
}

Java Threads: ( => current thread )
  0x00000212ab41c4c0 JavaThread "main" [_thread_blocked, id=3508, stack(0x00000054a7700000,0x00000054a7800000)]
  0x00000212c6921c30 JavaThread "Reference Handler" daemon [_thread_blocked, id=4264, stack(0x00000054a7e00000,0x00000054a7f00000)]
  0x00000212c69239c0 JavaThread "Finalizer" daemon [_thread_blocked, id=5888, stack(0x00000054a7f00000,0x00000054a8000000)]
  0x00000212c697f0d0 JavaThread "Signal Dispatcher" daemon [_thread_blocked, id=4456, stack(0x00000054a8000000,0x00000054a8100000)]
  0x00000212c69809a0 JavaThread "Attach Listener" daemon [_thread_blocked, id=2608, stack(0x00000054a8100000,0x00000054a8200000)]
  0x00000212c6992920 JavaThread "Service Thread" daemon [_thread_blocked, id=6060, stack(0x00000054a8200000,0x00000054a8300000)]
  0x00000212c6993980 JavaThread "Monitor Deflation Thread" daemon [_thread_blocked, id=5156, stack(0x00000054a8300000,0x00000054a8400000)]
  0x00000212c6996790 JavaThread "C2 CompilerThread0" daemon [_thread_blocked, id=2672, stack(0x00000054a8400000,0x00000054a8500000)]
  0x00000212c7407ac0 JavaThread "C1 CompilerThread0" daemon [_thread_blocked, id=3812, stack(0x00000054a8500000,0x00000054a8600000)]
  0x00000212c7408b60 JavaThread "Sweeper thread" daemon [_thread_blocked, id=4756, stack(0x00000054a8600000,0x00000054a8700000)]
  0x00000212c7588030 JavaThread "Common-Cleaner" daemon [_thread_blocked, id=3864, stack(0x00000054a8700000,0x00000054a8800000)]
  0x00000212c758c920 JavaThread "Notification Thread" daemon [_thread_blocked, id=1712, stack(0x00000054a8800000,0x00000054a8900000)]
  0x00000212c809aeb0 JavaThread "Daemon health stats" [_thread_blocked, id=4872, stack(0x00000054a8e00000,0x00000054a8f00000)]
  0x00000212c80991d0 JavaThread "Incoming local TCP Connector on port 49969" [_thread_in_native, id=5476, stack(0x00000054a8a00000,0x00000054a8b00000)]
  0x00000212c8099b70 JavaThread "Daemon periodic checks" [_thread_blocked, id=5540, stack(0x00000054a8f00000,0x00000054a9000000)]
  0x00000212c809bd20 JavaThread "Cache worker for journal cache (C:\Users\Mauricio\.gradle\caches\journal-1)" [_thread_blocked, id=6032, stack(0x00000054a9800000,0x00000054a9900000)]
  0x00000212c8098d00 JavaThread "File lock request listener" [_thread_in_native, id=3420, stack(0x00000054a9900000,0x00000054a9a00000)]
  0x00000212c9876700 JavaThread "Cache worker for file hash cache (C:\Users\Mauricio\.gradle\caches\8.0\fileHashes)" [_thread_blocked, id=6072, stack(0x00000054a9a00000,0x00000054a9b00000)]
  0x00000212c9876230 JavaThread "File watcher server" daemon [_thread_blocked, id=1896, stack(0x00000054a9b00000,0x00000054a9c00000)]
  0x00000212c9879720 JavaThread "File watcher consumer" daemon [_thread_blocked, id=4996, stack(0x00000054a9c00000,0x00000054a9d00000)]
  0x00000212c9879250 JavaThread "Cache worker for file content cache (C:\Users\Mauricio\.gradle\caches\8.0\fileContent)" [_thread_blocked, id=1540, stack(0x00000054a9f00000,0x00000054aa000000)]
  0x00000212c9879bf0 JavaThread "Cache worker for execution history cache (C:\Users\Mauricio\.gradle\caches\8.0\executionHistory)" [_thread_blocked, id=4452, stack(0x00000054aa200000,0x00000054aa300000)]
  0x00000212c98770a0 JavaThread "jar transforms" [_thread_blocked, id=1156, stack(0x00000054aa300000,0x00000054aa400000)]
  0x00000212c98788b0 JavaThread "jar transforms Thread 2" [_thread_blocked, id=1784, stack(0x00000054aa400000,0x00000054aa500000)]
  0x00000212c9873bb0 JavaThread "jar transforms Thread 3" [_thread_blocked, id=3636, stack(0x00000054aa600000,0x00000054aa700000)]
  0x00000212c9874080 JavaThread "jar transforms Thread 4" [_thread_blocked, id=1424, stack(0x00000054aa700000,0x00000054aa800000)]
  0x00000212cbc5b220 JavaThread "Memory manager" [_thread_blocked, id=3088, stack(0x00000054ad400000,0x00000054ad500000)]
  0x00000212cbc5b6f0 JavaThread "pool-3-thread-1" [_thread_blocked, id=2360, stack(0x00000054ad600000,0x00000054ad700000)]
  0x00000212cd6ac640 JavaThread "Cache worker for Java compile cache (C:\Users\Mauricio\.gradle\caches\8.0\javaCompile)" [_thread_blocked, id=4980, stack(0x00000054add00000,0x00000054ade00000)]
  0x00000212cd92a530 JavaThread "Daemon Thread 2" [_thread_blocked, id=3516, stack(0x00000054a7400000,0x00000054a7500000)]
  0x00000212c85f6880 JavaThread "Handler for socket connection from /127.0.0.1:49969 to /127.0.0.1:52419" [_thread_in_native, id=4540, stack(0x00000054a7500000,0x00000054a7600000)]
  0x00000212c85f5540 JavaThread "Cancel handler" [_thread_blocked, id=2860, stack(0x00000054a7600000,0x00000054a7700000)]
  0x00000212c85f5070 JavaThread "Daemon worker Thread 2" [_thread_blocked, id=2892, stack(0x00000054a9000000,0x00000054a9100000)]
  0x00000212cd92aa00 JavaThread "Asynchronous log dispatcher for DefaultDaemonConnection: socket connection from /127.0.0.1:49969 to /127.0.0.1:52419" [_thread_blocked, id=3824, stack(0x00000054a9100000,0x00000054a9200000)]
  0x00000212cd92aed0 JavaThread "Stdin handler" [_thread_blocked, id=6844, stack(0x00000054a9200000,0x00000054a9300000)]
  0x00000212cd92b3a0 JavaThread "Daemon client event forwarder" [_thread_blocked, id=7016, stack(0x00000054a9300000,0x00000054a9400000)]
  0x00000212cd92bd40 JavaThread "Cache worker for checksums cache (C:\PROGRAMAS\ComprasAndroid\.gradle\8.0\checksums)" [_thread_blocked, id=4292, stack(0x00000054a9400000,0x00000054a9500000)]
  0x00000212cd92b870 JavaThread "Cache worker for cache directory md-rule (C:\Users\Mauricio\.gradle\caches\8.0\md-rule)" [_thread_blocked, id=6092, stack(0x00000054a9500000,0x00000054a9600000)]
  0x00000212cc2aeb70 JavaThread "Cache worker for file hash cache (C:\PROGRAMAS\ComprasAndroid\.gradle\8.0\fileHashes)" [_thread_blocked, id=4192, stack(0x00000054a9600000,0x00000054a9700000)]
  0x00000212cc2af040 JavaThread "Cache worker for cache directory md-supplier (C:\Users\Mauricio\.gradle\caches\8.0\md-supplier)" [_thread_blocked, id=6572, stack(0x00000054a9d00000,0x00000054a9e00000)]
  0x00000212cd6b0000 JavaThread "Cache worker for dependencies-accessors (C:\PROGRAMAS\ComprasAndroid\.gradle\8.0\dependencies-accessors)" [_thread_blocked, id=2352, stack(0x00000054a9e00000,0x00000054a9f00000)]
  0x00000212cd6b0e70 JavaThread "Cache worker for Build Output Cleanup Cache (C:\PROGRAMAS\ComprasAndroid\.gradle\buildOutputCleanup)" [_thread_blocked, id=4972, stack(0x00000054aa000000,0x00000054aa100000)]
  0x00000212cc2ae6a0 JavaThread "Unconstrained build operations" [_thread_blocked, id=3528, stack(0x00000054aa500000,0x00000054aa600000)]
  0x00000212cd6b1340 JavaThread "Unconstrained build operations Thread 2" [_thread_blocked, id=5204, stack(0x00000054aa800000,0x00000054aa900000)]
  0x00000212cd6acfe0 JavaThread "Unconstrained build operations Thread 3" [_thread_blocked, id=4788, stack(0x00000054aa900000,0x00000054aaa00000)]
  0x00000212cd6b2b50 JavaThread "Unconstrained build operations Thread 4" [_thread_blocked, id=904, stack(0x00000054aaa00000,0x00000054aab00000)]
  0x00000212cd6b34f0 JavaThread "Unconstrained build operations Thread 5" [_thread_blocked, id=6280, stack(0x00000054aab00000,0x00000054aac00000)]
  0x00000212cd6b1ce0 JavaThread "Unconstrained build operations Thread 6" [_thread_blocked, id=5652, stack(0x00000054aac00000,0x00000054aad00000)]
  0x00000212cd6b39c0 JavaThread "Unconstrained build operations Thread 7" [_thread_blocked, id=6476, stack(0x00000054aad00000,0x00000054aae00000)]
  0x00000212cd6aecc0 JavaThread "Unconstrained build operations Thread 8" [_thread_blocked, id=1068, stack(0x00000054aae00000,0x00000054aaf00000)]
  0x00000212cc2af510 JavaThread "Unconstrained build operations Thread 9" [_thread_blocked, id=1720, stack(0x00000054aaf00000,0x00000054ab000000)]
  0x00000212cc2ae1d0 JavaThread "Unconstrained build operations Thread 10" [_thread_blocked, id=6388, stack(0x00000054ab000000,0x00000054ab100000)]
  0x00000212cc2ac4f0 JavaThread "Unconstrained build operations Thread 11" [_thread_blocked, id=3680, stack(0x00000054ab100000,0x00000054ab200000)]
  0x00000212cc2ad360 JavaThread "Unconstrained build operations Thread 12" [_thread_blocked, id=6748, stack(0x00000054ab200000,0x00000054ab300000)]
  0x00000212cc2ac9c0 JavaThread "Unconstrained build operations Thread 13" [_thread_blocked, id=2332, stack(0x00000054ab300000,0x00000054ab400000)]
  0x00000212cc2ad830 JavaThread "Unconstrained build operations Thread 14" [_thread_blocked, id=5296, stack(0x00000054ab400000,0x00000054ab500000)]
  0x00000212cc2abb50 JavaThread "Unconstrained build operations Thread 15" [_thread_blocked, id=6000, stack(0x00000054ab500000,0x00000054ab600000)]
  0x00000212cc2add00 JavaThread "Unconstrained build operations Thread 16" [_thread_blocked, id=6100, stack(0x00000054ab600000,0x00000054ab700000)]
  0x00000212cc2ac020 JavaThread "Unconstrained build operations Thread 17" [_thread_blocked, id=4172, stack(0x00000054ab700000,0x00000054ab800000)]
  0x00000212cc2ace90 JavaThread "Unconstrained build operations Thread 18" [_thread_blocked, id=3024, stack(0x00000054ab800000,0x00000054ab900000)]
  0x00000212cd93e130 JavaThread "Unconstrained build operations Thread 19" [_thread_blocked, id=1744, stack(0x00000054ab900000,0x00000054aba00000)]
  0x00000212cd93f940 JavaThread "Unconstrained build operations Thread 20" [_thread_blocked, id=6244, stack(0x00000054aba00000,0x00000054abb00000)]
  0x00000212cd93dc60 JavaThread "Unconstrained build operations Thread 21" [_thread_blocked, id=2128, stack(0x00000054abb00000,0x00000054abc00000)]
  0x00000212cd93fe10 JavaThread "Unconstrained build operations Thread 22" [_thread_blocked, id=8, stack(0x00000054abc00000,0x00000054abd00000)]
  0x00000212cd93cdf0 JavaThread "Unconstrained build operations Thread 23" [_thread_blocked, id=3272, stack(0x00000054abd00000,0x00000054abe00000)]
  0x00000212cd93e600 JavaThread "Unconstrained build operations Thread 24" [_thread_blocked, id=1936, stack(0x00000054abe00000,0x00000054abf00000)]
  0x00000212cd93ead0 JavaThread "Unconstrained build operations Thread 25" [_thread_blocked, id=5828, stack(0x00000054abf00000,0x00000054ac000000)]
  0x00000212cd9402e0 JavaThread "Unconstrained build operations Thread 26" [_thread_blocked, id=4404, stack(0x00000054ac000000,0x00000054ac100000)]
  0x00000212cd93efa0 JavaThread "Unconstrained build operations Thread 27" [_thread_blocked, id=5220, stack(0x00000054ac100000,0x00000054ac200000)]
  0x00000212cd93f470 JavaThread "Unconstrained build operations Thread 28" [_thread_blocked, id=4252, stack(0x00000054ac200000,0x00000054ac300000)]
  0x00000212cd93c920 JavaThread "Unconstrained build operations Thread 29" [_thread_blocked, id=6788, stack(0x00000054ac300000,0x00000054ac400000)]
  0x00000212cd93d2c0 JavaThread "Unconstrained build operations Thread 30" [_thread_blocked, id=676, stack(0x00000054ac400000,0x00000054ac500000)]
  0x00000212cd93d790 JavaThread "Unconstrained build operations Thread 31" [_thread_blocked, id=5852, stack(0x00000054ac500000,0x00000054ac600000)]
  0x00000212cda6c060 JavaThread "Unconstrained build operations Thread 32" [_thread_blocked, id=1060, stack(0x00000054ac600000,0x00000054ac700000)]
  0x00000212cda6ca00 JavaThread "Unconstrained build operations Thread 33" [_thread_blocked, id=5984, stack(0x00000054ac700000,0x00000054ac800000)]
  0x00000212cda6ced0 JavaThread "Unconstrained build operations Thread 34" [_thread_blocked, id=5492, stack(0x00000054ac800000,0x00000054ac900000)]
  0x00000212cda6ebb0 JavaThread "Unconstrained build operations Thread 35" [_thread_blocked, id=876, stack(0x00000054ac900000,0x00000054aca00000)]
  0x00000212cbb07ed0 JavaThread "Unconstrained build operations Thread 36" [_thread_blocked, id=2240, stack(0x00000054aca00000,0x00000054acb00000)]
  0x00000212cbb083a0 JavaThread "Unconstrained build operations Thread 37" [_thread_blocked, id=4364, stack(0x00000054acb00000,0x00000054acc00000)]
  0x00000212cbb08870 JavaThread "Unconstrained build operations Thread 38" [_thread_blocked, id=2016, stack(0x00000054acc00000,0x00000054acd00000)]
  0x00000212cbb07060 JavaThread "Unconstrained build operations Thread 39" [_thread_blocked, id=6148, stack(0x00000054acd00000,0x00000054ace00000)]
  0x00000212cbb07a00 JavaThread "Unconstrained build operations Thread 40" [_thread_blocked, id=3104, stack(0x00000054ace00000,0x00000054acf00000)]

Other Threads:
=>0x00000212c6936b00 VMThread "VM Thread" [stack: 0x00000054a7d00000,0x00000054a7e00000] [id=2636]
  0x00000212c7590e00 WatcherThread [stack: 0x00000054a8900000,0x00000054a8a00000] [id=3312]
  0x00000212ab4784c0 GCTaskThread "GC Thread#0" [stack: 0x00000054a7800000,0x00000054a7900000] [id=6096]
  0x00000212c7a6c4e0 GCTaskThread "GC Thread#1" [stack: 0x00000054a8b00000,0x00000054a8c00000] [id=3036]
  0x00000212c7abf780 GCTaskThread "GC Thread#2" [stack: 0x00000054a8c00000,0x00000054a8d00000] [id=1272]
  0x00000212c8577ab0 GCTaskThread "GC Thread#3" [stack: 0x00000054a8d00000,0x00000054a8e00000] [id=5048]
  0x00000212ab489310 ConcurrentGCThread "G1 Main Marker" [stack: 0x00000054a7900000,0x00000054a7a00000] [id=3920]
  0x00000212ab48a3d0 ConcurrentGCThread "G1 Conc#0" [stack: 0x00000054a7a00000,0x00000054a7b00000] [id=1408]
  0x00000212ab4d6780 ConcurrentGCThread "G1 Refine#0" [stack: 0x00000054a7b00000,0x00000054a7c00000] [id=2284]
  0x00000212c89de190 ConcurrentGCThread "G1 Refine#1" [stack: 0x00000054a9700000,0x00000054a9800000] [id=1584]
  0x00000212c76f79d0 ConcurrentGCThread "G1 Refine#2" [stack: 0x00000054ad500000,0x00000054ad600000] [id=6124]
  0x00000212c76f9c50 ConcurrentGCThread "G1 Refine#3" [stack: 0x00000054ae200000,0x00000054ae300000] [id=5592]
  0x00000212ab4d80c0 ConcurrentGCThread "G1 Service" [stack: 0x00000054a7c00000,0x00000054a7d00000] [id=3208]

Threads with active compile tasks:
C2 CompilerThread0  6263787 15348       4       org.gradle.cache.internal.DefaultCacheAccess$UnitOfWorkFileAccess::readFile (14 bytes)

VM state: at safepoint (normal execution)

VM Mutex/Monitor currently owned by a thread:  ([mutex/lock_event])
[0x00000212ab4175d0] Threads_lock - owner thread: 0x00000212c6936b00
[0x00000212ab417ae0] Heap_lock - owner thread: 0x00000212cd92b3a0

Heap address: 0x0000000080000000, size: 2048 MB, Compressed Oops mode: 32-bit

CDS archive(s) not mapped
Compressed class space mapped at: 0x0000000100000000-0x0000000140000000, reserved size: 1073741824
Narrow klass base: 0x0000000000000000, Narrow klass shift: 3, Narrow klass range: 0x140000000

GC Precious Log:
 CPUs: 4 total, 4 available
 Memory: 3977M
 Large Page Support: Disabled
 NUMA Support: Disabled
 Compressed Oops: Enabled (32-bit)
 Heap Region Size: 1M
 Heap Min Capacity: 8M
 Heap Initial Capacity: 64M
 Heap Max Capacity: 2G
 Pre-touch: Disabled
 Parallel Workers: 4
 Concurrent Workers: 1
 Concurrent Refinement Workers: 4
 Periodic GC: Disabled

Heap:
 garbage-first heap   total 184320K, used 90513K [0x0000000080000000, 0x0000000100000000)
  region size 1024K, 1 young (1024K), 1 survivors (1024K)
 Metaspace       used 126947K, committed 127488K, reserved 1163264K
  class space    used 17105K, committed 17344K, reserved 1048576K

Heap Regions: E=young(eden), S=young(survivor), O=old, HS=humongous(starts), HC=humongous(continues), CS=collection set, F=free, OA=open archive, CA=closed archive, TAMS=top-at-mark-start (previous, next)
|   0|0x0000000080000000, 0x0000000080100000, 0x0000000080100000|100%| O|  |TAMS 0x0000000080100000, 0x0000000080000000| Untracked 
|   1|0x0000000080100000, 0x0000000080200000, 0x0000000080200000|100%| O|  |TAMS 0x0000000080200000, 0x0000000080100000| Untracked 
|   2|0x0000000080200000, 0x0000000080300000, 0x0000000080300000|100%|HS|  |TAMS 0x0000000080300000, 0x0000000080200000| Complete 
|   3|0x0000000080300000, 0x0000000080400000, 0x0000000080400000|100%|HC|  |TAMS 0x0000000080400000, 0x0000000080300000| Complete 
|   4|0x0000000080400000, 0x0000000080500000, 0x0000000080500000|100%|HC|  |TAMS 0x0000000080500000, 0x0000000080400000| Complete 
|   5|0x0000000080500000, 0x0000000080600000, 0x0000000080600000|100%|HC|  |TAMS 0x0000000080600000, 0x0000000080500000| Complete 
|   6|0x0000000080600000, 0x0000000080700000, 0x0000000080700000|100%| O|  |TAMS 0x0000000080700000, 0x0000000080600000| Untracked 
|   7|0x0000000080700000, 0x0000000080800000, 0x0000000080800000|100%| O|  |TAMS 0x0000000080800000, 0x0000000080700000| Untracked 
|   8|0x0000000080800000, 0x0000000080900000, 0x0000000080900000|100%| O|  |TAMS 0x0000000080900000, 0x0000000080800000| Untracked 
|   9|0x0000000080900000, 0x0000000080a00000, 0x0000000080a00000|100%| O|  |TAMS 0x0000000080a00000, 0x0000000080900000| Untracked 
|  10|0x0000000080a00000, 0x0000000080b00000, 0x0000000080b00000|100%| O|  |TAMS 0x0000000080b00000, 0x0000000080a00000| Untracked 
|  11|0x0000000080b00000, 0x0000000080c00000, 0x0000000080c00000|100%| O|  |TAMS 0x0000000080c00000, 0x0000000080b00000| Untracked 
|  12|0x0000000080c00000, 0x0000000080d00000, 0x0000000080d00000|100%| O|  |TAMS 0x0000000080d00000, 0x0000000080c00000| Untracked 
|  13|0x0000000080d00000, 0x0000000080e00000, 0x0000000080e00000|100%| O|  |TAMS 0x0000000080e00000, 0x0000000080d00000| Untracked 
|  14|0x0000000080e00000, 0x0000000080f00000, 0x0000000080f00000|100%| O|  |TAMS 0x0000000080f00000, 0x0000000080e00000| Untracked 
|  15|0x0000000080f00000, 0x0000000081000000, 0x0000000081000000|100%| O|  |TAMS 0x0000000081000000, 0x0000000080f00000| Untracked 
|  16|0x0000000081000000, 0x0000000081100000, 0x0000000081100000|100%| O|  |TAMS 0x0000000081100000, 0x0000000081000000| Untracked 
|  17|0x0000000081100000, 0x0000000081200000, 0x0000000081200000|100%| O|  |TAMS 0x0000000081200000, 0x0000000081100000| Untracked 
|  18|0x0000000081200000, 0x0000000081300000, 0x0000000081300000|100%| O|  |TAMS 0x0000000081300000, 0x0000000081200000| Untracked 
|  19|0x0000000081300000, 0x0000000081400000, 0x0000000081400000|100%| O|  |TAMS 0x0000000081400000, 0x0000000081300000| Untracked 
|  20|0x0000000081400000, 0x0000000081500000, 0x0000000081500000|100%| O|  |TAMS 0x0000000081500000, 0x0000000081400000| Untracked 
|  21|0x0000000081500000, 0x0000000081600000, 0x0000000081600000|100%| O|  |TAMS 0x0000000081600000, 0x0000000081500000| Untracked 
|  22|0x0000000081600000, 0x0000000081700000, 0x0000000081700000|100%| O|  |TAMS 0x0000000081700000, 0x0000000081600000| Untracked 
|  23|0x0000000081700000, 0x0000000081800000, 0x0000000081800000|100%| O|  |TAMS 0x0000000081800000, 0x0000000081700000| Untracked 
|  24|0x0000000081800000, 0x0000000081900000, 0x0000000081900000|100%| O|  |TAMS 0x0000000081900000, 0x0000000081800000| Untracked 
|  25|0x0000000081900000, 0x0000000081a00000, 0x0000000081a00000|100%| O|  |TAMS 0x0000000081900000, 0x0000000081900000| Untracked 
|  26|0x0000000081a00000, 0x0000000081b00000, 0x0000000081b00000|100%| O|  |TAMS 0x0000000081b00000, 0x0000000081a00000| Untracked 
|  27|0x0000000081b00000, 0x0000000081c00000, 0x0000000081c00000|100%| O|  |TAMS 0x0000000081c00000, 0x0000000081b00000| Untracked 
|  28|0x0000000081c00000, 0x0000000081d00000, 0x0000000081d00000|100%| O|  |TAMS 0x0000000081d00000, 0x0000000081c00000| Untracked 
|  29|0x0000000081d00000, 0x0000000081e00000, 0x0000000081e00000|100%| O|  |TAMS 0x0000000081d00000, 0x0000000081d00000| Untracked 
|  30|0x0000000081e00000, 0x0000000081f00000, 0x0000000081f00000|100%| O|  |TAMS 0x0000000081f00000, 0x0000000081e00000| Untracked 
|  31|0x0000000081f00000, 0x0000000081f00000, 0x0000000082000000|  0%| F|  |TAMS 0x0000000081f00000, 0x0000000081f00000| Untracked 
|  32|0x0000000082000000, 0x0000000082100000, 0x0000000082100000|100%| O|  |TAMS 0x0000000082100000, 0x0000000082000000| Complete 
|  33|0x0000000082100000, 0x0000000082200000, 0x0000000082200000|100%|HS|  |TAMS 0x0000000082200000, 0x0000000082100000| Complete 
|  34|0x0000000082200000, 0x0000000082300000, 0x0000000082300000|100%|HS|  |TAMS 0x0000000082300000, 0x0000000082200000| Complete 
|  35|0x0000000082300000, 0x0000000082400000, 0x0000000082400000|100%| O|  |TAMS 0x0000000082400000, 0x0000000082300000| Complete 
|  36|0x0000000082400000, 0x0000000082500000, 0x0000000082500000|100%| O|  |TAMS 0x0000000082400000, 0x0000000082400000| Untracked 
|  37|0x0000000082500000, 0x0000000082600000, 0x0000000082600000|100%| O|  |TAMS 0x0000000082600000, 0x0000000082500000| Untracked 
|  38|0x0000000082600000, 0x0000000082700000, 0x0000000082700000|100%| O|  |TAMS 0x0000000082700000, 0x0000000082600000| Complete 
|  39|0x0000000082700000, 0x0000000082800000, 0x0000000082800000|100%| O|  |TAMS 0x0000000082800000, 0x0000000082700000| Untracked 
|  40|0x0000000082800000, 0x0000000082900000, 0x0000000082900000|100%| O|  |TAMS 0x0000000082900000, 0x0000000082800000| Untracked 
|  41|0x0000000082900000, 0x0000000082a00000, 0x0000000082a00000|100%| O|  |TAMS 0x0000000082a00000, 0x0000000082900000| Untracked 
|  42|0x0000000082a00000, 0x0000000082b00000, 0x0000000082b00000|100%| O|  |TAMS 0x0000000082b00000, 0x0000000082a00000| Untracked 
|  43|0x0000000082b00000, 0x0000000082c00000, 0x0000000082c00000|100%| O|  |TAMS 0x0000000082c00000, 0x0000000082b00000| Untracked 
|  44|0x0000000082c00000, 0x0000000082d00000, 0x0000000082d00000|100%| O|  |TAMS 0x0000000082d00000, 0x0000000082c00000| Untracked 
|  45|0x0000000082d00000, 0x0000000082e00000, 0x0000000082e00000|100%| O|  |TAMS 0x0000000082e00000, 0x0000000082d00000| Untracked 
|  46|0x0000000082e00000, 0x0000000082f00000, 0x0000000082f00000|100%| O|  |TAMS 0x0000000082f00000, 0x0000000082e00000| Complete 
|  47|0x0000000082f00000, 0x0000000083000000, 0x0000000083000000|100%| O|  |TAMS 0x0000000083000000, 0x0000000082f00000| Untracked 
|  48|0x0000000083000000, 0x0000000083000000, 0x0000000083100000|  0%| F|  |TAMS 0x0000000083000000, 0x0000000083000000| Untracked 
|  49|0x0000000083100000, 0x0000000083200000, 0x0000000083200000|100%| O|  |TAMS 0x0000000083100000, 0x0000000083100000| Untracked 
|  50|0x0000000083200000, 0x0000000083300000, 0x0000000083300000|100%| O|  |TAMS 0x0000000083300000, 0x0000000083200000| Untracked 
|  51|0x0000000083300000, 0x0000000083400000, 0x0000000083400000|100%| O|  |TAMS 0x0000000083344c00, 0x0000000083300000| Untracked 
|  52|0x0000000083400000, 0x0000000083500000, 0x0000000083500000|100%| O|  |TAMS 0x0000000083500000, 0x0000000083400000| Untracked 
|  53|0x0000000083500000, 0x0000000083600000, 0x0000000083600000|100%| O|  |TAMS 0x0000000083600000, 0x0000000083500000| Untracked 
|  54|0x0000000083600000, 0x000000008367c000, 0x0000000083700000| 48%| O|  |TAMS 0x0000000083600000, 0x0000000083600000| Untracked 
|  55|0x0000000083700000, 0x0000000083700000, 0x0000000083800000|  0%| F|  |TAMS 0x0000000083700000, 0x0000000083700000| Untracked 
|  56|0x0000000083800000, 0x0000000083900000, 0x0000000083900000|100%| O|  |TAMS 0x0000000083900000, 0x0000000083800000| Complete 
|  57|0x0000000083900000, 0x0000000083a00000, 0x0000000083a00000|100%| O|  |TAMS 0x0000000083a00000, 0x0000000083900000| Complete 
|  58|0x0000000083a00000, 0x0000000083b00000, 0x0000000083b00000|100%| O|  |TAMS 0x0000000083b00000, 0x0000000083a00000| Complete 
|  59|0x0000000083b00000, 0x0000000083c00000, 0x0000000083c00000|100%| O|  |TAMS 0x0000000083b00000, 0x0000000083b00000| Untracked 
|  60|0x0000000083c00000, 0x0000000083d00000, 0x0000000083d00000|100%| O|  |TAMS 0x0000000083c00000, 0x0000000083c00000| Untracked 
|  61|0x0000000083d00000, 0x0000000083e00000, 0x0000000083e00000|100%| O|  |TAMS 0x0000000083e00000, 0x0000000083d00000| Untracked 
|  62|0x0000000083e00000, 0x0000000083f00000, 0x0000000083f00000|100%| O|  |TAMS 0x0000000083f00000, 0x0000000083e00000| Complete 
|  63|0x0000000083f00000, 0x0000000084000000, 0x0000000084000000|100%| O|  |TAMS 0x0000000084000000, 0x0000000083f00000| Untracked 
|  64|0x0000000084000000, 0x0000000084100000, 0x0000000084100000|100%| O|  |TAMS 0x0000000084100000, 0x0000000084000000| Untracked 
|  65|0x0000000084100000, 0x0000000084100000, 0x0000000084200000|  0%| F|  |TAMS 0x0000000084100000, 0x0000000084100000| Untracked 
|  66|0x0000000084200000, 0x0000000084300000, 0x0000000084300000|100%| O|  |TAMS 0x0000000084200000, 0x0000000084200000| Untracked 
|  67|0x0000000084300000, 0x0000000084400000, 0x0000000084400000|100%| O|  |TAMS 0x0000000084300000, 0x0000000084300000| Untracked 
|  68|0x0000000084400000, 0x0000000084500000, 0x0000000084500000|100%| O|  |TAMS 0x0000000084400000, 0x0000000084400000| Untracked 
|  69|0x0000000084500000, 0x0000000084600000, 0x0000000084600000|100%| O|  |TAMS 0x0000000084500000, 0x0000000084500000| Untracked 
|  70|0x0000000084600000, 0x0000000084700000, 0x0000000084700000|100%| O|  |TAMS 0x0000000084700000, 0x0000000084600000| Complete 
|  71|0x0000000084700000, 0x0000000084700000, 0x0000000084800000|  0%| F|  |TAMS 0x0000000084700000, 0x0000000084700000| Untracked 
|  72|0x0000000084800000, 0x0000000084900000, 0x0000000084900000|100%| O|  |TAMS 0x0000000084900000, 0x0000000084800000| Untracked 
|  73|0x0000000084900000, 0x0000000084a00000, 0x0000000084a00000|100%| O|  |TAMS 0x0000000084a00000, 0x0000000084900000| Untracked 
|  74|0x0000000084a00000, 0x0000000084b00000, 0x0000000084b00000|100%| O|  |TAMS 0x0000000084b00000, 0x0000000084a00000| Untracked 
|  75|0x0000000084b00000, 0x0000000084c00000, 0x0000000084c00000|100%| O|  |TAMS 0x0000000084c00000, 0x0000000084b00000| Complete 
|  76|0x0000000084c00000, 0x0000000084c00000, 0x0000000084d00000|  0%| F|  |TAMS 0x0000000084c00000, 0x0000000084c00000| Untracked 
|  77|0x0000000084d00000, 0x0000000084e00000, 0x0000000084e00000|100%| O|  |TAMS 0x0000000084e00000, 0x0000000084d00000| Untracked 
|  78|0x0000000084e00000, 0x0000000084f00000, 0x0000000084f00000|100%| O|  |TAMS 0x0000000084f00000, 0x0000000084e00000| Untracked 
|  79|0x0000000084f00000, 0x0000000085000000, 0x0000000085000000|100%| O|  |TAMS 0x0000000085000000, 0x0000000084f00000| Untracked 
|  80|0x0000000085000000, 0x0000000085100000, 0x0000000085100000|100%| O|  |TAMS 0x0000000085100000, 0x0000000085000000| Untracked 
|  81|0x0000000085100000, 0x0000000085100000, 0x0000000085200000|  0%| F|  |TAMS 0x0000000085100000, 0x0000000085100000| Untracked 
|  82|0x0000000085200000, 0x0000000085300000, 0x0000000085300000|100%| O|  |TAMS 0x0000000085300000, 0x0000000085200000| Complete 
|  83|0x0000000085300000, 0x0000000085400000, 0x0000000085400000|100%| O|  |TAMS 0x0000000085400000, 0x0000000085300000| Untracked 
|  84|0x0000000085400000, 0x0000000085500000, 0x0000000085500000|100%| O|  |TAMS 0x0000000085500000, 0x0000000085400000| Complete 
|  85|0x0000000085500000, 0x0000000085600000, 0x0000000085600000|100%| O|  |TAMS 0x0000000085600000, 0x0000000085500000| Untracked 
|  86|0x0000000085600000, 0x0000000085600000, 0x0000000085700000|  0%| F|  |TAMS 0x0000000085600000, 0x0000000085600000| Untracked 
|  87|0x0000000085700000, 0x0000000085700000, 0x0000000085800000|  0%| F|  |TAMS 0x0000000085700000, 0x0000000085700000| Untracked 
|  88|0x0000000085800000, 0x0000000085900000, 0x0000000085900000|100%| O|  |TAMS 0x0000000085900000, 0x0000000085800000| Untracked 
|  89|0x0000000085900000, 0x0000000085a00000, 0x0000000085a00000|100%| O|  |TAMS 0x0000000085a00000, 0x0000000085900000| Untracked 
|  90|0x0000000085a00000, 0x0000000085a00000, 0x0000000085b00000|  0%| F|  |TAMS 0x0000000085a00000, 0x0000000085a00000| Untracked 
|  91|0x0000000085b00000, 0x0000000085c00000, 0x0000000085c00000|100%| O|  |TAMS 0x0000000085c00000, 0x0000000085b00000| Untracked 
|  92|0x0000000085c00000, 0x0000000085d00000, 0x0000000085d00000|100%| O|  |TAMS 0x0000000085d00000, 0x0000000085c00000| Untracked 
|  93|0x0000000085d00000, 0x0000000085d00000, 0x0000000085e00000|  0%| F|  |TAMS 0x0000000085d00000, 0x0000000085d00000| Untracked 
|  94|0x0000000085e00000, 0x0000000085e00000, 0x0000000085f00000|  0%| F|  |TAMS 0x0000000085e00000, 0x0000000085e00000| Untracked 
|  95|0x0000000085f00000, 0x0000000085f00000, 0x0000000086000000|  0%| F|  |TAMS 0x0000000085f00000, 0x0000000085f00000| Untracked 
|  96|0x0000000086000000, 0x0000000086000000, 0x0000000086100000|  0%| F|  |TAMS 0x0000000086000000, 0x0000000086000000| Untracked 
|  97|0x0000000086100000, 0x0000000086200000, 0x0000000086200000|100%| O|  |TAMS 0x0000000086200000, 0x0000000086100000| Untracked 
|  98|0x0000000086200000, 0x0000000086300000, 0x0000000086300000|100%| O|  |TAMS 0x0000000086300000, 0x0000000086200000| Complete 
|  99|0x0000000086300000, 0x0000000086400000, 0x0000000086400000|100%| O|  |TAMS 0x0000000086400000, 0x0000000086300000| Untracked 
| 100|0x0000000086400000, 0x0000000086500000, 0x0000000086500000|100%| O|  |TAMS 0x0000000086500000, 0x0000000086400000| Untracked 
| 101|0x0000000086500000, 0x0000000086600000, 0x0000000086600000|100%| O|  |TAMS 0x0000000086600000, 0x0000000086500000| Untracked 
| 102|0x0000000086600000, 0x0000000086600000, 0x0000000086700000|  0%| F|  |TAMS 0x0000000086600000, 0x0000000086600000| Untracked 
| 103|0x0000000086700000, 0x0000000086700000, 0x0000000086800000|  0%| F|  |TAMS 0x0000000086700000, 0x0000000086700000| Untracked 
| 104|0x0000000086800000, 0x0000000086800000, 0x0000000086900000|  0%| F|  |TAMS 0x0000000086800000, 0x0000000086800000| Untracked 
| 105|0x0000000086900000, 0x0000000086900000, 0x0000000086a00000|  0%| F|  |TAMS 0x0000000086900000, 0x0000000086900000| Untracked 
| 106|0x0000000086a00000, 0x0000000086a00000, 0x0000000086b00000|  0%| F|  |TAMS 0x0000000086a00000, 0x0000000086a00000| Untracked 
| 107|0x0000000086b00000, 0x0000000086b00000, 0x0000000086c00000|  0%| F|  |TAMS 0x0000000086b00000, 0x0000000086b00000| Untracked 
| 108|0x0000000086c00000, 0x0000000086c00000, 0x0000000086d00000|  0%| F|  |TAMS 0x0000000086c00000, 0x0000000086c00000| Untracked 
| 109|0x0000000086d00000, 0x0000000086d00000, 0x0000000086e00000|  0%| F|  |TAMS 0x0000000086d00000, 0x0000000086d00000| Untracked 
| 110|0x0000000086e00000, 0x0000000086e00000, 0x0000000086f00000|  0%| F|  |TAMS 0x0000000086e00000, 0x0000000086e00000| Untracked 
| 111|0x0000000086f00000, 0x0000000086f00000, 0x0000000087000000|  0%| F|  |TAMS 0x0000000086f00000, 0x0000000086f00000| Untracked 
| 112|0x0000000087000000, 0x0000000087000000, 0x0000000087100000|  0%| F|  |TAMS 0x0000000087000000, 0x0000000087000000| Untracked 
| 113|0x0000000087100000, 0x0000000087100000, 0x0000000087200000|  0%| F|  |TAMS 0x0000000087100000, 0x0000000087100000| Untracked 
| 114|0x0000000087200000, 0x0000000087200000, 0x0000000087300000|  0%| F|  |TAMS 0x0000000087200000, 0x0000000087200000| Untracked 
| 115|0x0000000087300000, 0x0000000087300000, 0x0000000087400000|  0%| F|  |TAMS 0x0000000087300000, 0x0000000087300000| Untracked 
| 116|0x0000000087400000, 0x0000000087400000, 0x0000000087500000|  0%| F|  |TAMS 0x0000000087400000, 0x0000000087400000| Untracked 
| 117|0x0000000087500000, 0x0000000087500000, 0x0000000087600000|  0%| F|  |TAMS 0x0000000087500000, 0x0000000087500000| Untracked 
| 118|0x0000000087600000, 0x0000000087600000, 0x0000000087700000|  0%| F|  |TAMS 0x0000000087600000, 0x0000000087600000| Untracked 
| 119|0x0000000087700000, 0x0000000087700000, 0x0000000087800000|  0%| F|  |TAMS 0x0000000087700000, 0x0000000087700000| Untracked 
| 120|0x0000000087800000, 0x0000000087800000, 0x0000000087900000|  0%| F|  |TAMS 0x0000000087800000, 0x0000000087800000| Untracked 
| 121|0x0000000087900000, 0x0000000087900000, 0x0000000087a00000|  0%| F|  |TAMS 0x0000000087900000, 0x0000000087900000| Untracked 
| 122|0x0000000087a00000, 0x0000000087a00000, 0x0000000087b00000|  0%| F|  |TAMS 0x0000000087a00000, 0x0000000087a00000| Untracked 
| 123|0x0000000087b00000, 0x0000000087b00000, 0x0000000087c00000|  0%| F|  |TAMS 0x0000000087b00000, 0x0000000087b00000| Untracked 
| 124|0x0000000087c00000, 0x0000000087c00000, 0x0000000087d00000|  0%| F|  |TAMS 0x0000000087c00000, 0x0000000087c00000| Untracked 
| 125|0x0000000087d00000, 0x0000000087d00000, 0x0000000087e00000|  0%| F|  |TAMS 0x0000000087d00000, 0x0000000087d00000| Untracked 
| 126|0x0000000087e00000, 0x0000000087e00000, 0x0000000087f00000|  0%| F|  |TAMS 0x0000000087e00000, 0x0000000087e00000| Untracked 
| 127|0x0000000087f00000, 0x0000000087f00000, 0x0000000088000000|  0%| F|  |TAMS 0x0000000087f00000, 0x0000000087f00000| Untracked 
| 128|0x0000000088000000, 0x0000000088000000, 0x0000000088100000|  0%| F|  |TAMS 0x0000000088000000, 0x0000000088000000| Untracked 
| 129|0x0000000088100000, 0x0000000088100000, 0x0000000088200000|  0%| F|  |TAMS 0x0000000088100000, 0x0000000088100000| Untracked 
| 130|0x0000000088200000, 0x0000000088200000, 0x0000000088300000|  0%| F|  |TAMS 0x0000000088200000, 0x0000000088200000| Untracked 
| 131|0x0000000088300000, 0x0000000088300000, 0x0000000088400000|  0%| F|  |TAMS 0x0000000088300000, 0x0000000088300000| Untracked 
| 132|0x0000000088400000, 0x0000000088400000, 0x0000000088500000|  0%| F|  |TAMS 0x0000000088400000, 0x0000000088400000| Untracked 
| 133|0x0000000088500000, 0x0000000088500000, 0x0000000088600000|  0%| F|  |TAMS 0x0000000088500000, 0x0000000088500000| Untracked 
| 134|0x0000000088600000, 0x0000000088600000, 0x0000000088700000|  0%| F|  |TAMS 0x0000000088600000, 0x0000000088600000| Untracked 
| 135|0x0000000088700000, 0x0000000088700000, 0x0000000088800000|  0%| F|  |TAMS 0x0000000088700000, 0x0000000088700000| Untracked 
| 136|0x0000000088800000, 0x0000000088800000, 0x0000000088900000|  0%| F|  |TAMS 0x0000000088800000, 0x0000000088800000| Untracked 
| 137|0x0000000088900000, 0x0000000088900000, 0x0000000088a00000|  0%| F|  |TAMS 0x0000000088900000, 0x0000000088900000| Untracked 
| 138|0x0000000088a00000, 0x0000000088a00000, 0x0000000088b00000|  0%| F|  |TAMS 0x0000000088a00000, 0x0000000088a00000| Untracked 
| 139|0x0000000088b00000, 0x0000000088b00000, 0x0000000088c00000|  0%| F|  |TAMS 0x0000000088b00000, 0x0000000088b00000| Untracked 
| 140|0x0000000088c00000, 0x0000000088c00000, 0x0000000088d00000|  0%| F|  |TAMS 0x0000000088c00000, 0x0000000088c00000| Untracked 
| 141|0x0000000088d00000, 0x0000000088d00000, 0x0000000088e00000|  0%| F|  |TAMS 0x0000000088d00000, 0x0000000088d00000| Untracked 
| 142|0x0000000088e00000, 0x0000000088e00000, 0x0000000088f00000|  0%| F|  |TAMS 0x0000000088e00000, 0x0000000088e00000| Untracked 
| 143|0x0000000088f00000, 0x0000000088f00000, 0x0000000089000000|  0%| F|  |TAMS 0x0000000088f00000, 0x0000000088f00000| Untracked 
| 144|0x0000000089000000, 0x0000000089000000, 0x0000000089100000|  0%| F|  |TAMS 0x0000000089000000, 0x0000000089000000| Untracked 
| 145|0x0000000089100000, 0x0000000089100000, 0x0000000089200000|  0%| F|  |TAMS 0x0000000089100000, 0x0000000089100000| Untracked 
| 146|0x0000000089200000, 0x0000000089200000, 0x0000000089300000|  0%| F|  |TAMS 0x0000000089200000, 0x0000000089200000| Untracked 
| 147|0x0000000089300000, 0x0000000089300000, 0x0000000089400000|  0%| F|  |TAMS 0x0000000089300000, 0x0000000089300000| Untracked 
| 148|0x0000000089400000, 0x0000000089400000, 0x0000000089500000|  0%| F|  |TAMS 0x0000000089400000, 0x0000000089400000| Untracked 
| 149|0x0000000089500000, 0x0000000089500000, 0x0000000089600000|  0%| F|  |TAMS 0x0000000089500000, 0x0000000089500000| Untracked 
| 150|0x0000000089600000, 0x0000000089600000, 0x0000000089700000|  0%| F|  |TAMS 0x0000000089600000, 0x0000000089600000| Untracked 
| 151|0x0000000089700000, 0x0000000089700000, 0x0000000089800000|  0%| F|  |TAMS 0x0000000089700000, 0x0000000089700000| Untracked 
| 152|0x0000000089800000, 0x0000000089800000, 0x0000000089900000|  0%| F|  |TAMS 0x0000000089800000, 0x0000000089800000| Untracked 
| 153|0x0000000089900000, 0x0000000089900000, 0x0000000089a00000|  0%| F|  |TAMS 0x0000000089900000, 0x0000000089900000| Untracked 
| 154|0x0000000089a00000, 0x0000000089a00000, 0x0000000089b00000|  0%| F|  |TAMS 0x0000000089a00000, 0x0000000089a00000| Untracked 
| 155|0x0000000089b00000, 0x0000000089b00000, 0x0000000089c00000|  0%| F|  |TAMS 0x0000000089b00000, 0x0000000089b00000| Untracked 
| 156|0x0000000089c00000, 0x0000000089c00000, 0x0000000089d00000|  0%| F|  |TAMS 0x0000000089c00000, 0x0000000089c00000| Untracked 
| 157|0x0000000089d00000, 0x0000000089d00000, 0x0000000089e00000|  0%| F|  |TAMS 0x0000000089d00000, 0x0000000089d00000| Untracked 
| 158|0x0000000089e00000, 0x0000000089e00000, 0x0000000089f00000|  0%| F|  |TAMS 0x0000000089e00000, 0x0000000089e00000| Untracked 
| 159|0x0000000089f00000, 0x0000000089f00000, 0x000000008a000000|  0%| F|  |TAMS 0x0000000089f00000, 0x0000000089f00000| Untracked 
| 160|0x000000008a000000, 0x000000008a000000, 0x000000008a100000|  0%| F|  |TAMS 0x000000008a000000, 0x000000008a000000| Untracked 
| 161|0x000000008a100000, 0x000000008a100000, 0x000000008a200000|  0%| F|  |TAMS 0x000000008a100000, 0x000000008a100000| Untracked 
| 162|0x000000008a200000, 0x000000008a200000, 0x000000008a300000|  0%| F|  |TAMS 0x000000008a200000, 0x000000008a200000| Untracked 
| 163|0x000000008a300000, 0x000000008a300000, 0x000000008a400000|  0%| F|  |TAMS 0x000000008a300000, 0x000000008a300000| Untracked 
| 164|0x000000008a400000, 0x000000008a400000, 0x000000008a500000|  0%| F|  |TAMS 0x000000008a400000, 0x000000008a400000| Untracked 
| 165|0x000000008a500000, 0x000000008a500000, 0x000000008a600000|  0%| F|  |TAMS 0x000000008a500000, 0x000000008a500000| Untracked 
| 166|0x000000008a600000, 0x000000008a600000, 0x000000008a700000|  0%| F|  |TAMS 0x000000008a600000, 0x000000008a600000| Untracked 
| 167|0x000000008a700000, 0x000000008a700000, 0x000000008a800000|  0%| F|  |TAMS 0x000000008a700000, 0x000000008a700000| Untracked 
| 168|0x000000008a800000, 0x000000008a800000, 0x000000008a900000|  0%| F|  |TAMS 0x000000008a800000, 0x000000008a800000| Untracked 
| 169|0x000000008a900000, 0x000000008a900000, 0x000000008aa00000|  0%| F|  |TAMS 0x000000008a900000, 0x000000008a900000| Untracked 
| 170|0x000000008aa00000, 0x000000008aa00000, 0x000000008ab00000|  0%| F|  |TAMS 0x000000008aa00000, 0x000000008aa00000| Untracked 
| 171|0x000000008ab00000, 0x000000008abe87d8, 0x000000008ac00000| 90%| S|CS|TAMS 0x000000008ab00000, 0x000000008ab00000| Complete 
| 172|0x000000008ac00000, 0x000000008ac00000, 0x000000008ad00000|  0%| F|  |TAMS 0x000000008ac00000, 0x000000008ac00000| Untracked 
| 173|0x000000008ad00000, 0x000000008ad00000, 0x000000008ae00000|  0%| F|  |TAMS 0x000000008ad00000, 0x000000008ad00000| Untracked 
| 174|0x000000008ae00000, 0x000000008ae00000, 0x000000008af00000|  0%| F|  |TAMS 0x000000008ae00000, 0x000000008ae00000| Untracked 
| 175|0x000000008af00000, 0x000000008af00000, 0x000000008b000000|  0%| F|  |TAMS 0x000000008af00000, 0x000000008af00000| Untracked 
| 176|0x000000008b000000, 0x000000008b000000, 0x000000008b100000|  0%| F|  |TAMS 0x000000008b000000, 0x000000008b000000| Untracked 
| 177|0x000000008b100000, 0x000000008b100000, 0x000000008b200000|  0%| F|  |TAMS 0x000000008b100000, 0x000000008b100000| Untracked 
| 178|0x000000008b200000, 0x000000008b200000, 0x000000008b300000|  0%| F|  |TAMS 0x000000008b200000, 0x000000008b200000| Untracked 
| 179|0x000000008b300000, 0x000000008b300000, 0x000000008b400000|  0%| F|  |TAMS 0x000000008b300000, 0x000000008b300000| Untracked 

Card table byte_map: [0x00000212bfb10000,0x00000212bff10000] _byte_map_base: 0x00000212bf710000

Marking Bits (Prev, Next): (CMBitMap*) 0x00000212ab478a20, (CMBitMap*) 0x00000212ab4789e0
 Prev Bits: [0x00000212c2310000, 0x00000212c4310000)
 Next Bits: [0x00000212c0310000, 0x00000212c2310000)

Polling page: 0x00000212ab4f0000

Metaspace:

Usage:
  Non-class:    107.27 MB used.
      Class:     16.70 MB used.
       Both:    123.97 MB used.

Virtual space:
  Non-class space:      112.00 MB reserved,     107.56 MB ( 96%) committed,  14 nodes.
      Class space:        1.00 GB reserved,      16.94 MB (  2%) committed,  1 nodes.
             Both:        1.11 GB reserved,     124.50 MB ( 11%) committed. 

Chunk freelists:
   Non-Class:  260.00 KB
       Class:  3.06 MB
        Both:  3.32 MB

MaxMetaspaceSize: unlimited
CompressedClassSpaceSize: 1.00 GB
Initial GC threshold: 21.00 MB
Current GC threshold: 200.00 MB
CDS: off
MetaspaceReclaimPolicy: balanced
 - commit_granule_bytes: 65536.
 - commit_granule_words: 8192.
 - virtual_space_node_default_size: 1048576.
 - enlarge_chunks_in_place: 1.
 - new_chunks_are_fully_committed: 0.
 - uncommit_free_chunks: 1.
 - use_allocation_guard: 0.
 - handle_deallocations: 1.


Internal statistics:

num_allocs_failed_limit: 21.
num_arena_births: 1168.
num_arena_deaths: 384.
num_vsnodes_births: 15.
num_vsnodes_deaths: 0.
num_space_committed: 1992.
num_space_uncommitted: 0.
num_chunks_returned_to_freelist: 515.
num_chunks_taken_from_freelist: 5862.
num_chunk_merges: 203.
num_chunk_splits: 3900.
num_chunks_enlarged: 2745.
num_purges: 6.
num_inconsistent_stats: 0.

CodeHeap 'non-profiled nmethods': size=120000Kb used=7295Kb max_used=7308Kb free=112704Kb
 bounds [0x00000212b7bc0000, 0x00000212b82f0000, 0x00000212bf0f0000]
CodeHeap 'profiled nmethods': size=120000Kb used=24507Kb max_used=24614Kb free=95492Kb
 bounds [0x00000212b00f0000, 0x00000212b1900000, 0x00000212b7620000]
CodeHeap 'non-nmethods': size=5760Kb used=2456Kb max_used=2510Kb free=3303Kb
 bounds [0x00000212b7620000, 0x00000212b78b0000, 0x00000212b7bc0000]
 total_blobs=13828 nmethods=12823 adapters=917
 compilation: enabled
              stopped_count=0, restarted_count=0
 full_count=0

Compilation events (20 events):
Event: 6263.425 Thread 0x00000212c7407ac0 15365   !   3       com.google.common.cache.LocalCache::processPendingNotifications (47 bytes)
Event: 6263.426 Thread 0x00000212c7407ac0 nmethod 15365 0x00000212b0f40990 code [0x00000212b0f40b80, 0x00000212b0f411a8]
Event: 6263.438 Thread 0x00000212c7407ac0 15366       3       org.gradle.internal.hash.Hashing::defaultFunction (4 bytes)
Event: 6263.438 Thread 0x00000212c7407ac0 nmethod 15366 0x00000212b04ed010 code [0x00000212b04ed1a0, 0x00000212b04ed298]
Event: 6263.442 Thread 0x00000212c7407ac0 15368       1       org.gradle.internal.fingerprint.classpath.impl.ClasspathFingerprintingStrategy::access$700 (5 bytes)
Event: 6263.442 Thread 0x00000212c7407ac0 nmethod 15368 0x00000212b7ce6a90 code [0x00000212b7ce6c20, 0x00000212b7ce6cd8]
Event: 6263.442 Thread 0x00000212c7407ac0 15369       1       org.gradle.internal.fingerprint.classpath.impl.ClasspathFingerprintingStrategy::access$500 (5 bytes)
Event: 6263.442 Thread 0x00000212c7407ac0 nmethod 15369 0x00000212b7ce6790 code [0x00000212b7ce6920, 0x00000212b7ce69d8]
Event: 6263.442 Thread 0x00000212c7407ac0 15370       1       org.gradle.internal.fingerprint.classpath.impl.ClasspathFingerprintingStrategy::access$600 (5 bytes)
Event: 6263.442 Thread 0x00000212c7407ac0 nmethod 15370 0x00000212b7ce6490 code [0x00000212b7ce6620, 0x00000212b7ce66d8]
Event: 6263.443 Thread 0x00000212c7407ac0 15371   !   3       org.gradle.internal.snapshot.FileSystemLeafSnapshot::accept (36 bytes)
Event: 6263.444 Thread 0x00000212c7407ac0 nmethod 15371 0x00000212b0278990 code [0x00000212b0278bc0, 0x00000212b02795a8]
Event: 6263.444 Thread 0x00000212c7407ac0 15372       3       org.gradle.internal.snapshot.RegularFileSnapshot::accept (8 bytes)
Event: 6263.444 Thread 0x00000212c7407ac0 nmethod 15372 0x00000212b0f40510 code [0x00000212b0f406c0, 0x00000212b0f40888]
Event: 6263.444 Thread 0x00000212c7407ac0 15373       3       org.gradle.internal.fingerprint.classpath.impl.ClasspathFingerprintingStrategy$ClasspathFingerprintingVisitor::visitEntry (20 bytes)
Event: 6263.444 Thread 0x00000212c7407ac0 nmethod 15373 0x00000212b0278290 code [0x00000212b0278460, 0x00000212b0278868]
Event: 6263.445 Thread 0x00000212c7407ac0 15375       3       org.gradle.internal.service.DefaultServiceRegistry$CompositeServiceProvider::getFactory (49 bytes)
Event: 6263.445 Thread 0x00000212c7407ac0 nmethod 15375 0x00000212b0277c90 code [0x00000212b0277e40, 0x00000212b0278168]
Event: 6263.448 Thread 0x00000212c7407ac0 15376       1       org.gradle.api.internal.provider.Collectors$ElementFromProvider::size (2 bytes)
Event: 6263.448 Thread 0x00000212c7407ac0 nmethod 15376 0x00000212b7ce6190 code [0x00000212b7ce6320, 0x00000212b7ce63f8]

GC Heap History (20 events):
Event: 4749.603 GC heap after
{Heap after GC invocations=61 (full 0):
 garbage-first heap   total 184320K, used 96960K [0x0000000080000000, 0x0000000100000000)
  region size 1024K, 1 young (1024K), 1 survivors (1024K)
 Metaspace       used 121586K, committed 122880K, reserved 1155072K
  class space    used 16403K, committed 16896K, reserved 1048576K
}
Event: 5195.186 GC heap before
{Heap before GC invocations=61 (full 0):
 garbage-first heap   total 184320K, used 105152K [0x0000000080000000, 0x0000000100000000)
  region size 1024K, 9 young (9216K), 1 survivors (1024K)
 Metaspace       used 121587K, committed 122880K, reserved 1155072K
  class space    used 16403K, committed 16896K, reserved 1048576K
}
Event: 5195.353 GC heap after
{Heap after GC invocations=62 (full 0):
 garbage-first heap   total 184320K, used 95403K [0x0000000080000000, 0x0000000100000000)
  region size 1024K, 1 young (1024K), 1 survivors (1024K)
 Metaspace       used 121587K, committed 122880K, reserved 1155072K
  class space    used 16403K, committed 16896K, reserved 1048576K
}
Event: 5624.517 GC heap before
{Heap before GC invocations=62 (full 0):
 garbage-first heap   total 184320K, used 103595K [0x0000000080000000, 0x0000000100000000)
  region size 1024K, 9 young (9216K), 1 survivors (1024K)
 Metaspace       used 121589K, committed 122880K, reserved 1155072K
  class space    used 16403K, committed 16896K, reserved 1048576K
}
Event: 5624.759 GC heap after
{Heap after GC invocations=63 (full 0):
 garbage-first heap   total 184320K, used 93981K [0x0000000080000000, 0x0000000100000000)
  region size 1024K, 1 young (1024K), 1 survivors (1024K)
 Metaspace       used 121589K, committed 122880K, reserved 1155072K
  class space    used 16403K, committed 16896K, reserved 1048576K
}
Event: 6074.518 GC heap before
{Heap before GC invocations=63 (full 0):
 garbage-first heap   total 184320K, used 101149K [0x0000000080000000, 0x0000000100000000)
  region size 1024K, 9 young (9216K), 1 survivors (1024K)
 Metaspace       used 121589K, committed 122880K, reserved 1155072K
  class space    used 16403K, committed 16896K, reserved 1048576K
}
Event: 6074.764 GC heap after
{Heap after GC invocations=64 (full 0):
 garbage-first heap   total 184320K, used 92630K [0x0000000080000000, 0x0000000100000000)
  region size 1024K, 1 young (1024K), 1 survivors (1024K)
 Metaspace       used 121589K, committed 122880K, reserved 1155072K
  class space    used 16403K, committed 16896K, reserved 1048576K
}
Event: 6248.076 GC heap before
{Heap before GC invocations=64 (full 0):
 garbage-first heap   total 184320K, used 99798K [0x0000000080000000, 0x0000000100000000)
  region size 1024K, 9 young (9216K), 1 survivors (1024K)
 Metaspace       used 121629K, committed 122880K, reserved 1155072K
  class space    used 16409K, committed 16896K, reserved 1048576K
}
Event: 6248.422 GC heap after
{Heap after GC invocations=65 (full 0):
 garbage-first heap   total 184320K, used 92300K [0x0000000080000000, 0x0000000100000000)
  region size 1024K, 2 young (2048K), 2 survivors (2048K)
 Metaspace       used 121629K, committed 122880K, reserved 1155072K
  class space    used 16409K, committed 16896K, reserved 1048576K
}
Event: 6251.988 GC heap before
{Heap before GC invocations=65 (full 0):
 garbage-first heap   total 184320K, used 99468K [0x0000000080000000, 0x0000000100000000)
  region size 1024K, 9 young (9216K), 2 survivors (2048K)
 Metaspace       used 121819K, committed 122944K, reserved 1155072K
  class space    used 16434K, committed 16896K, reserved 1048576K
}
Event: 6252.148 GC heap after
{Heap after GC invocations=66 (full 0):
 garbage-first heap   total 184320K, used 92435K [0x0000000080000000, 0x0000000100000000)
  region size 1024K, 2 young (2048K), 2 survivors (2048K)
 Metaspace       used 121819K, committed 122944K, reserved 1155072K
  class space    used 16434K, committed 16896K, reserved 1048576K
}
Event: 6254.961 GC heap before
{Heap before GC invocations=66 (full 0):
 garbage-first heap   total 184320K, used 99603K [0x0000000080000000, 0x0000000100000000)
  region size 1024K, 9 young (9216K), 2 survivors (2048K)
 Metaspace       used 122043K, committed 122944K, reserved 1155072K
  class space    used 16452K, committed 16896K, reserved 1048576K
}
Event: 6255.036 GC heap after
{Heap after GC invocations=67 (full 0):
 garbage-first heap   total 184320K, used 94122K [0x0000000080000000, 0x0000000100000000)
  region size 1024K, 2 young (2048K), 2 survivors (2048K)
 Metaspace       used 122043K, committed 122944K, reserved 1155072K
  class space    used 16452K, committed 16896K, reserved 1048576K
}
Event: 6258.735 GC heap before
{Heap before GC invocations=68 (full 0):
 garbage-first heap   total 184320K, used 101290K [0x0000000080000000, 0x0000000100000000)
  region size 1024K, 9 young (9216K), 2 survivors (2048K)
 Metaspace       used 123971K, committed 124608K, reserved 1163264K
  class space    used 16683K, committed 16960K, reserved 1048576K
}
Event: 6258.810 GC heap after
{Heap after GC invocations=69 (full 0):
 garbage-first heap   total 184320K, used 95295K [0x0000000080000000, 0x0000000100000000)
  region size 1024K, 2 young (2048K), 2 survivors (2048K)
 Metaspace       used 123971K, committed 124608K, reserved 1163264K
  class space    used 16683K, committed 16960K, reserved 1048576K
}
Event: 6259.413 GC heap before
{Heap before GC invocations=69 (full 0):
 garbage-first heap   total 184320K, used 102463K [0x0000000080000000, 0x0000000100000000)
  region size 1024K, 9 young (9216K), 2 survivors (2048K)
 Metaspace       used 124703K, committed 125312K, reserved 1163264K
  class space    used 16803K, committed 17088K, reserved 1048576K
}
Event: 6259.570 GC heap after
{Heap after GC invocations=70 (full 0):
 garbage-first heap   total 184320K, used 93698K [0x0000000080000000, 0x0000000100000000)
  region size 1024K, 2 young (2048K), 2 survivors (2048K)
 Metaspace       used 124703K, committed 125312K, reserved 1163264K
  class space    used 16803K, committed 17088K, reserved 1048576K
}
Event: 6261.581 GC heap before
{Heap before GC invocations=70 (full 0):
 garbage-first heap   total 184320K, used 99842K [0x0000000080000000, 0x0000000100000000)
  region size 1024K, 9 young (9216K), 2 survivors (2048K)
 Metaspace       used 126904K, committed 127488K, reserved 1163264K
  class space    used 17102K, committed 17344K, reserved 1048576K
}
Event: 6261.613 GC heap after
{Heap after GC invocations=71 (full 0):
 garbage-first heap   total 184320K, used 92372K [0x0000000080000000, 0x0000000100000000)
  region size 1024K, 2 young (2048K), 2 survivors (2048K)
 Metaspace       used 126904K, committed 127488K, reserved 1163264K
  class space    used 17102K, committed 17344K, reserved 1048576K
}
Event: 6263.449 GC heap before
{Heap before GC invocations=71 (full 0):
 garbage-first heap   total 184320K, used 98516K [0x0000000080000000, 0x0000000100000000)
  region size 1024K, 9 young (9216K), 2 survivors (2048K)
 Metaspace       used 126947K, committed 127488K, reserved 1163264K
  class space    used 17105K, committed 17344K, reserved 1048576K
}

Dll operation events (2 events):
Event: 0.277 Loaded shared library C:\Program Files\Android\Android Studio\jbr\bin\java.dll
Event: 1.962 Loaded shared library C:\Program Files\Android\Android Studio\jbr\bin\verify.dll

Deoptimization events (20 events):
Event: 6261.050 Thread 0x00000212c85f5070 Uncommon trap: trap_request=0xffffffbe fr.pc=0x00000212b82093d8 relative=0x0000000000000b18
Event: 6261.050 Thread 0x00000212c85f5070 Uncommon trap: reason=profile_predicate action=maybe_recompile pc=0x00000212b82093d8 method=java.math.MutableBigInteger.add(Ljava/math/MutableBigInteger;)V @ 68 c2
Event: 6261.050 Thread 0x00000212c85f5070 DEOPT PACKING pc=0x00000212b82093d8 sp=0x00000054a90f6750
Event: 6261.050 Thread 0x00000212c85f5070 DEOPT UNPACKING pc=0x00000212b76769a3 sp=0x00000054a90f66e0 mode 2
Event: 6261.095 Thread 0x00000212c85f5070 Uncommon trap: trap_request=0xffffff45 fr.pc=0x00000212b80e4bf4 relative=0x0000000000000554
Event: 6261.095 Thread 0x00000212c85f5070 Uncommon trap: reason=unstable_if action=reinterpret pc=0x00000212b80e4bf4 method=java.util.ArrayList.toArray([Ljava/lang/Object;)[Ljava/lang/Object; @ 45 c2
Event: 6261.095 Thread 0x00000212c85f5070 DEOPT PACKING pc=0x00000212b80e4bf4 sp=0x00000054a90f72e0
Event: 6261.095 Thread 0x00000212c85f5070 DEOPT UNPACKING pc=0x00000212b76769a3 sp=0x00000054a90f72e8 mode 2
Event: 6261.105 Thread 0x00000212c85f5070 Uncommon trap: trap_request=0xffffff45 fr.pc=0x00000212b7c99bd4 relative=0x00000000000000b4
Event: 6261.105 Thread 0x00000212c85f5070 Uncommon trap: reason=unstable_if action=reinterpret pc=0x00000212b7c99bd4 method=java.time.LocalDate.create(III)Ljava/time/LocalDate; @ 3 c2
Event: 6261.105 Thread 0x00000212c85f5070 DEOPT PACKING pc=0x00000212b7c99bd4 sp=0x00000054a90f68e0
Event: 6261.105 Thread 0x00000212c85f5070 DEOPT UNPACKING pc=0x00000212b76769a3 sp=0x00000054a90f6870 mode 2
Event: 6263.391 Thread 0x00000212c98788b0 Uncommon trap: trap_request=0xffffff45 fr.pc=0x00000212b7f5834c relative=0x0000000000000a6c
Event: 6263.391 Thread 0x00000212c98788b0 Uncommon trap: reason=unstable_if action=reinterpret pc=0x00000212b7f5834c method=java.util.concurrent.ConcurrentLinkedQueue.poll()Ljava/lang/Object; @ 24 c2
Event: 6263.391 Thread 0x00000212c98788b0 DEOPT PACKING pc=0x00000212b7f5834c sp=0x00000054aa4fe890
Event: 6263.391 Thread 0x00000212c98788b0 DEOPT UNPACKING pc=0x00000212b76769a3 sp=0x00000054aa4fe7c8 mode 2
Event: 6263.396 Thread 0x00000212c98788b0 Uncommon trap: trap_request=0xffffff45 fr.pc=0x00000212b7ea08cc relative=0x00000000000005ac
Event: 6263.396 Thread 0x00000212c98788b0 Uncommon trap: reason=unstable_if action=reinterpret pc=0x00000212b7ea08cc method=java.util.concurrent.ConcurrentLinkedQueue.updateHead(Ljava/util/concurrent/ConcurrentLinkedQueue$Node;Ljava/util/concurrent/ConcurrentLinkedQueue$Node;)V @ 14 c2
Event: 6263.396 Thread 0x00000212c98788b0 DEOPT PACKING pc=0x00000212b7ea08cc sp=0x00000054aa4fe810
Event: 6263.396 Thread 0x00000212c98788b0 DEOPT UNPACKING pc=0x00000212b76769a3 sp=0x00000054aa4fe750 mode 2

Classes unloaded (20 events):
Event: 3429.049 Thread 0x00000212c6936b00 Unloading class 0x0000000100200400 'java/lang/invoke/LambdaForm$DMH+0x0000000100200400'
Event: 3429.061 Thread 0x00000212c6936b00 Unloading class 0x00000001001bdc00 'java/lang/invoke/LambdaForm$DMH+0x00000001001bdc00'
Event: 3429.061 Thread 0x00000212c6936b00 Unloading class 0x00000001001bd800 'java/lang/invoke/LambdaForm$MH+0x00000001001bd800'
Event: 3429.061 Thread 0x00000212c6936b00 Unloading class 0x00000001001bd400 'java/lang/invoke/LambdaForm$MH+0x00000001001bd400'
Event: 3429.061 Thread 0x00000212c6936b00 Unloading class 0x00000001001bd000 'java/lang/invoke/LambdaForm$MH+0x00000001001bd000'
Event: 3429.061 Thread 0x00000212c6936b00 Unloading class 0x00000001001bcc00 'java/lang/invoke/LambdaForm$MH+0x00000001001bcc00'
Event: 3429.061 Thread 0x00000212c6936b00 Unloading class 0x00000001001bc800 'java/lang/invoke/LambdaForm$MH+0x00000001001bc800'
Event: 3429.061 Thread 0x00000212c6936b00 Unloading class 0x00000001001bc400 'java/lang/invoke/LambdaForm$MH+0x00000001001bc400'
Event: 3429.080 Thread 0x00000212c6936b00 Unloading class 0x00000001001bc000 'java/lang/invoke/LambdaForm$MH+0x00000001001bc000'
Event: 3429.080 Thread 0x00000212c6936b00 Unloading class 0x0000000100192800 'java/lang/invoke/LambdaForm$MH+0x0000000100192800'
Event: 3429.080 Thread 0x00000212c6936b00 Unloading class 0x0000000100192000 'java/lang/invoke/LambdaForm$MH+0x0000000100192000'
Event: 3429.091 Thread 0x00000212c6936b00 Unloading class 0x0000000100191c00 'java/lang/invoke/LambdaForm$MH+0x0000000100191c00'
Event: 3429.091 Thread 0x00000212c6936b00 Unloading class 0x0000000100191800 'java/lang/invoke/LambdaForm$MH+0x0000000100191800'
Event: 3429.091 Thread 0x00000212c6936b00 Unloading class 0x0000000100191400 'java/lang/invoke/LambdaForm$MH+0x0000000100191400'
Event: 3429.091 Thread 0x00000212c6936b00 Unloading class 0x0000000100190c00 'java/lang/invoke/LambdaForm$MH+0x0000000100190c00'
Event: 3429.091 Thread 0x00000212c6936b00 Unloading class 0x00000001000a6c00 'java/lang/invoke/LambdaForm$MH+0x00000001000a6c00'
Event: 3429.091 Thread 0x00000212c6936b00 Unloading class 0x00000001000a6800 'java/lang/invoke/LambdaForm$MH+0x00000001000a6800'
Event: 3429.091 Thread 0x00000212c6936b00 Unloading class 0x00000001000a6000 'java/lang/invoke/LambdaForm$MH+0x00000001000a6000'
Event: 3429.091 Thread 0x00000212c6936b00 Unloading class 0x00000001000a4400 'java/lang/invoke/LambdaForm$MH+0x00000001000a4400'
Event: 6255.637 Thread 0x00000212c6936b00 Unloading class 0x00000001009f8c00 'jdk/internal/reflect/GeneratedMethodAccessor16'

Classes redefined (0 events):
No events

Internal exceptions (20 events):
Event: 60.846 Thread 0x00000212c809b380 Exception <a 'sun/nio/fs/WindowsException'{0x0000000088173ed8}> (0x0000000088173ed8) 
thrown [s\src\hotspot\share\prims\jni.cpp, line 517]
Event: 60.846 Thread 0x00000212c809b380 Exception <a 'sun/nio/fs/WindowsException'{0x0000000088174238}> (0x0000000088174238) 
thrown [s\src\hotspot\share\prims\jni.cpp, line 517]
Event: 60.846 Thread 0x00000212c809b380 Exception <a 'sun/nio/fs/WindowsException'{0x0000000088176058}> (0x0000000088176058) 
thrown [s\src\hotspot\share\prims\jni.cpp, line 517]
Event: 60.886 Thread 0x00000212cd5398b0 Exception <a 'sun/nio/fs/WindowsException'{0x0000000088000f30}> (0x0000000088000f30) 
thrown [s\src\hotspot\share\prims\jni.cpp, line 517]
Event: 65.195 Thread 0x00000212c8099b70 Implicit null exception at 0x00000212b7bf9b72 to 0x00000212b7bfa18c
Event: 65.195 Thread 0x00000212c8099b70 Implicit null exception at 0x00000212b7d4fe72 to 0x00000212b7d505a4
Event: 6240.382 Thread 0x00000212c85f6880 Implicit null exception at 0x00000212b7d88172 to 0x00000212b7d8838c
Event: 6243.798 Thread 0x00000212c85f5070 Implicit null exception at 0x00000212b8283b4c to 0x00000212b8289958
Event: 6244.001 Thread 0x00000212c85f5070 Implicit null exception at 0x00000212b7da510b to 0x00000212b7da5558
Event: 6246.859 Thread 0x00000212c85f5070 Implicit null exception at 0x00000212b7d4d30f to 0x00000212b7d4dfc0
Event: 6247.661 Thread 0x00000212c85f5070 Implicit null exception at 0x00000212b80107eb to 0x00000212b80108ac
Event: 6247.692 Thread 0x00000212c85f5070 Implicit null exception at 0x00000212b7eddc8b to 0x00000212b7ede0ac
Event: 6249.125 Thread 0x00000212cd92b3a0 Exception <a 'java/lang/NoSuchMethodError'{0x000000008b09a638}: static Lorg/gradle/internal/build/event/types/DefaultOperationStartedProgressEvent;.<clinit>()V> (0x000000008b09a638) 
thrown [s\src\hotspot\share\prims\jni.cpp, line 1108]
Event: 6249.277 Thread 0x00000212cd92b3a0 Exception <a 'java/lang/NoSuchMethodError'{0x000000008b09bbc0}: static Lorg/gradle/internal/build/event/types/AbstractProgressEvent;.<clinit>()V> (0x000000008b09bbc0) 
thrown [s\src\hotspot\share\prims\jni.cpp, line 1108]
Event: 6249.330 Thread 0x00000212cd92b3a0 Exception <a 'java/lang/NoSuchMethodError'{0x000000008b0b9d38}: static Lorg/gradle/internal/build/event/types/DefaultProjectConfigurationDescriptor;.<clinit>()V> (0x000000008b0b9d38) 
thrown [s\src\hotspot\share\prims\jni.cpp, line 1108]
Event: 6249.363 Thread 0x00000212cd92b3a0 Exception <a 'java/lang/NoSuchMethodError'{0x000000008b0bc320}: static Lorg/gradle/internal/build/event/types/DefaultOperationDescriptor;.<clinit>()V> (0x000000008b0bc320) 
thrown [s\src\hotspot\share\prims\jni.cpp, line 1108]
Event: 6249.519 Thread 0x00000212cd92b3a0 Exception <a 'java/lang/NoSuchMethodError'{0x000000008b0ef000}: static Lorg/gradle/internal/operations/OperationIdentifier;.<clinit>()V> (0x000000008b0ef000) 
thrown [s\src\hotspot\share\prims\jni.cpp, line 1108]
Event: 6251.131 Thread 0x00000212c85f5070 Exception <a 'java/lang/NoSuchMethodError'{0x000000008ae1c0a0}: 'java.lang.Object java.lang.invoke.DelegatingMethodHandle$Holder.reinvoke_L(java.lang.Object, java.lang.Object, java.lang.Object, java.lang.Object, java.lang.Object, java.lang.Object, java.lang.Object, java.lang.Object, java.lang.Object, java.lang.Object, java.lang.Object, java.lang.Object, java.lang.Object, java.lang.Object, java.lang.Object, java.lang.Object, java.lang.Object, java.lang.Object, java.lang.Object, java.lang.Object, java.lang.O
Event: 6253.875 Thread 0x00000212c85f5070 Implicit null exception at 0x00000212b7f5c62b to 0x00000212b7f5f900
Event: 6263.445 Thread 0x00000212cd92b3a0 Exception <a 'java/lang/NoSuchMethodError'{0x000000008ade6480}: static Lorg/gradle/internal/build/event/types/DefaultOperationFinishedProgressEvent;.<clinit>()V> (0x000000008ade6480) 
thrown [s\src\hotspot\share\prims\jni.cpp, line 1108]

VM Operations (20 events):
Event: 6256.927 Executing VM operation: G1Concurrent done
Event: 6257.158 Executing VM operation: G1Concurrent
Event: 6257.407 Executing VM operation: G1Concurrent done
Event: 6258.419 Executing VM operation: Cleanup
Event: 6258.419 Executing VM operation: Cleanup done
Event: 6258.554 Executing VM operation: HandshakeAllThreads
Event: 6258.554 Executing VM operation: HandshakeAllThreads done
Event: 6258.735 Executing VM operation: G1CollectForAllocation
Event: 6258.810 Executing VM operation: G1CollectForAllocation done
Event: 6259.045 Executing VM operation: HandshakeAllThreads
Event: 6259.045 Executing VM operation: HandshakeAllThreads done
Event: 6259.413 Executing VM operation: G1CollectForAllocation
Event: 6259.570 Executing VM operation: G1CollectForAllocation done
Event: 6260.583 Executing VM operation: Cleanup
Event: 6260.583 Executing VM operation: Cleanup done
Event: 6261.581 Executing VM operation: G1CollectForAllocation
Event: 6261.613 Executing VM operation: G1CollectForAllocation done
Event: 6262.624 Executing VM operation: Cleanup
Event: 6262.624 Executing VM operation: Cleanup done
Event: 6263.449 Executing VM operation: G1CollectForAllocation

Events (20 events):
Event: 6261.418 Thread 0x00000212cd93dc60 Thread added: 0x00000212cd93dc60
Event: 6261.418 Thread 0x00000212cd93fe10 Thread added: 0x00000212cd93fe10
Event: 6261.418 Thread 0x00000212cd93cdf0 Thread added: 0x00000212cd93cdf0
Event: 6261.418 Thread 0x00000212cd93e600 Thread added: 0x00000212cd93e600
Event: 6261.418 Thread 0x00000212cd93ead0 Thread added: 0x00000212cd93ead0
Event: 6261.418 Thread 0x00000212cd9402e0 Thread added: 0x00000212cd9402e0
Event: 6261.418 Thread 0x00000212cd93efa0 Thread added: 0x00000212cd93efa0
Event: 6261.418 Thread 0x00000212cd93f470 Thread added: 0x00000212cd93f470
Event: 6261.419 Thread 0x00000212cd93c920 Thread added: 0x00000212cd93c920
Event: 6261.419 Thread 0x00000212cd93d2c0 Thread added: 0x00000212cd93d2c0
Event: 6261.419 Thread 0x00000212cd93d790 Thread added: 0x00000212cd93d790
Event: 6261.419 Thread 0x00000212cda6c060 Thread added: 0x00000212cda6c060
Event: 6261.419 Thread 0x00000212cda6ca00 Thread added: 0x00000212cda6ca00
Event: 6261.419 Thread 0x00000212cda6ced0 Thread added: 0x00000212cda6ced0
Event: 6261.420 Thread 0x00000212cda6ebb0 Thread added: 0x00000212cda6ebb0
Event: 6261.420 Thread 0x00000212cbb07ed0 Thread added: 0x00000212cbb07ed0
Event: 6261.420 Thread 0x00000212cbb083a0 Thread added: 0x00000212cbb083a0
Event: 6261.421 Thread 0x00000212cbb08870 Thread added: 0x00000212cbb08870
Event: 6261.421 Thread 0x00000212cbb07060 Thread added: 0x00000212cbb07060
Event: 6261.421 Thread 0x00000212cbb07a00 Thread added: 0x00000212cbb07a00


Dynamic libraries:
0x00007ff695c60000 - 0x00007ff695c6a000 	C:\Program Files\Android\Android Studio\jbr\bin\java.exe
0x00007ff991a70000 - 0x00007ff991c68000 	C:\Windows\SYSTEM32\ntdll.dll
0x00007ff98fca0000 - 0x00007ff98fd5f000 	C:\Windows\System32\KERNEL32.DLL
0x00007ff98f3d0000 - 0x00007ff98f6c6000 	C:\Windows\System32\KERNELBASE.dll
0x00007ff98f9d0000 - 0x00007ff98fad0000 	C:\Windows\System32\ucrtbase.dll
0x00007ff9710b0000 - 0x00007ff9710c7000 	C:\Program Files\Android\Android Studio\jbr\bin\jli.dll
0x00007ff9906f0000 - 0x00007ff99088d000 	C:\Windows\System32\USER32.dll
0x00007ff979c40000 - 0x00007ff979eda000 	C:\Windows\WinSxS\amd64_microsoft.windows.common-controls_6595b64144ccf1df_6.0.19041.1110_none_60b5254171f9507e\COMCTL32.dll
0x00007ff98f870000 - 0x00007ff98f892000 	C:\Windows\System32\win32u.dll
0x00007ff990120000 - 0x00007ff9901be000 	C:\Windows\System32\msvcrt.dll
0x00007ff9902d0000 - 0x00007ff9902fc000 	C:\Windows\System32\GDI32.dll
0x00007ff98f2b0000 - 0x00007ff98f3c5000 	C:\Windows\System32\gdi32full.dll
0x00007ff98f7d0000 - 0x00007ff98f86d000 	C:\Windows\System32\msvcp_win.dll
0x00007ff96a480000 - 0x00007ff96a49b000 	C:\Program Files\Android\Android Studio\jbr\bin\VCRUNTIME140.dll
0x00007ff991500000 - 0x00007ff991530000 	C:\Windows\System32\IMM32.DLL
0x00007ff975400000 - 0x00007ff97540c000 	C:\Program Files\Android\Android Studio\jbr\bin\vcruntime140_1.dll
0x00007ff9641c0000 - 0x00007ff96424d000 	C:\Program Files\Android\Android Studio\jbr\bin\msvcp140.dll
0x00007ff957130000 - 0x00007ff957d9d000 	C:\Program Files\Android\Android Studio\jbr\bin\server\jvm.dll
0x00007ff990300000 - 0x00007ff9903af000 	C:\Windows\System32\ADVAPI32.dll
0x00007ff990500000 - 0x00007ff99059c000 	C:\Windows\System32\sechost.dll
0x00007ff9918a0000 - 0x00007ff9919c6000 	C:\Windows\System32\RPCRT4.dll
0x00007ff9718c0000 - 0x00007ff9718e7000 	C:\Windows\SYSTEM32\WINMM.dll
0x00007ff980a40000 - 0x00007ff980a4a000 	C:\Windows\SYSTEM32\VERSION.dll
0x00007ff989de0000 - 0x00007ff989de9000 	C:\Windows\SYSTEM32\WSOCK32.dll
0x00007ff9903b0000 - 0x00007ff99041b000 	C:\Windows\System32\ws2_32.DLL
0x00007ff98d000000 - 0x00007ff98d012000 	C:\Windows\SYSTEM32\kernel.appcore.dll
0x00007ff989dd0000 - 0x00007ff989dda000 	C:\Program Files\Android\Android Studio\jbr\bin\jimage.dll
0x00007ff968e80000 - 0x00007ff969064000 	C:\Windows\SYSTEM32\DBGHELP.DLL
0x00007ff966040000 - 0x00007ff966074000 	C:\Windows\SYSTEM32\dbgcore.DLL
0x00007ff98f6d0000 - 0x00007ff98f752000 	C:\Windows\System32\bcryptPrimitives.dll
0x00007ff9734a0000 - 0x00007ff9734c5000 	C:\Program Files\Android\Android Studio\jbr\bin\java.dll
0x00007ff973480000 - 0x00007ff973498000 	C:\Program Files\Android\Android Studio\jbr\bin\zip.dll
0x00007ff990db0000 - 0x00007ff9914f4000 	C:\Windows\System32\SHELL32.dll
0x00007ff98d200000 - 0x00007ff98d993000 	C:\Windows\SYSTEM32\windows.storage.dll
0x00007ff991540000 - 0x00007ff991894000 	C:\Windows\System32\combase.dll
0x00007ff98eb30000 - 0x00007ff98eb5e000 	C:\Windows\SYSTEM32\Wldp.dll
0x00007ff9901c0000 - 0x00007ff99026d000 	C:\Windows\System32\SHCORE.dll
0x00007ff98fad0000 - 0x00007ff98fb25000 	C:\Windows\System32\shlwapi.dll
0x00007ff98f090000 - 0x00007ff98f0af000 	C:\Windows\SYSTEM32\profapi.dll
0x00007ff967f40000 - 0x00007ff967f59000 	C:\Program Files\Android\Android Studio\jbr\bin\net.dll
0x00007ff981a90000 - 0x00007ff981b9a000 	C:\Windows\SYSTEM32\WINHTTP.dll
0x00007ff98e820000 - 0x00007ff98e88a000 	C:\Windows\system32\mswsock.dll
0x00007ff967f20000 - 0x00007ff967f36000 	C:\Program Files\Android\Android Studio\jbr\bin\nio.dll
0x00007ff967e80000 - 0x00007ff967e90000 	C:\Program Files\Android\Android Studio\jbr\bin\verify.dll
0x00007ff96a430000 - 0x00007ff96a457000 	C:\Users\Mauricio\.gradle\native\68d5fa5c4cc2d200863cafc0d521ce42e7d3e7ee720ec0a83991735586a16f82\windows-amd64\native-platform.dll
0x00007ff955bb0000 - 0x00007ff955cf4000 	C:\Users\Mauricio\.gradle\native\e376f236ea51e6404a007f0833ffe2c6e607c4080706a723a18a27aeea778392\windows-amd64\native-platform-file-events.dll
0x00007ff969dc0000 - 0x00007ff969dc9000 	C:\Program Files\Android\Android Studio\jbr\bin\management.dll
0x00007ff969bd0000 - 0x00007ff969bdb000 	C:\Program Files\Android\Android Studio\jbr\bin\management_ext.dll
0x00007ff991530000 - 0x00007ff991538000 	C:\Windows\System32\PSAPI.DLL
0x00007ff98ea10000 - 0x00007ff98ea28000 	C:\Windows\SYSTEM32\CRYPTSP.dll
0x00007ff98e140000 - 0x00007ff98e174000 	C:\Windows\system32\rsaenh.dll
0x00007ff98f8a0000 - 0x00007ff98f8c7000 	C:\Windows\System32\bcrypt.dll
0x00007ff98f010000 - 0x00007ff98f03e000 	C:\Windows\SYSTEM32\USERENV.dll
0x00007ff98ea30000 - 0x00007ff98ea3c000 	C:\Windows\SYSTEM32\CRYPTBASE.dll
0x00007ff98e510000 - 0x00007ff98e54c000 	C:\Windows\SYSTEM32\IPHLPAPI.DLL
0x00007ff9905b0000 - 0x00007ff9905b8000 	C:\Windows\System32\NSI.dll
0x00007ff981d20000 - 0x00007ff981d37000 	C:\Windows\SYSTEM32\dhcpcsvc6.DLL
0x00007ff981df0000 - 0x00007ff981e0d000 	C:\Windows\SYSTEM32\dhcpcsvc.DLL
0x00007ff98e550000 - 0x00007ff98e61a000 	C:\Windows\SYSTEM32\DNSAPI.dll
0x00007ff966f10000 - 0x00007ff966f17000 	C:\Windows\system32\wshunix.dll
0x00007ff981980000 - 0x00007ff98198a000 	C:\Windows\System32\rasadhlp.dll
0x00007ff981620000 - 0x00007ff9816a2000 	C:\Windows\System32\fwpuclnt.dll

dbghelp: loaded successfully - version: 4.0.5 - missing functions: none
symbol engine: initialized successfully - sym options: 0x614 - pdb path: .;C:\Program Files\Android\Android Studio\jbr\bin;C:\Windows\SYSTEM32;C:\Windows\WinSxS\amd64_microsoft.windows.common-controls_6595b64144ccf1df_6.0.19041.1110_none_60b5254171f9507e;C:\Program Files\Android\Android Studio\jbr\bin\server;C:\Users\Mauricio\.gradle\native\68d5fa5c4cc2d200863cafc0d521ce42e7d3e7ee720ec0a83991735586a16f82\windows-amd64;C:\Users\Mauricio\.gradle\native\e376f236ea51e6404a007f0833ffe2c6e607c4080706a723a18a27aeea778392\windows-amd64

VM Arguments:
jvm_args: --add-opens=java.base/java.util=ALL-UNNAMED --add-opens=java.base/java.lang=ALL-UNNAMED --add-opens=java.base/java.lang.invoke=ALL-UNNAMED --add-opens=java.prefs/java.util.prefs=ALL-UNNAMED --add-opens=java.base/java.nio.charset=ALL-UNNAMED --add-opens=java.base/java.net=ALL-UNNAMED --add-opens=java.base/java.util.concurrent.atomic=ALL-UNNAMED -Xmx2048m -Dfile.encoding=UTF-8 -Duser.country=BR -Duser.language=pt -Duser.variant 
java_command: org.gradle.launcher.daemon.bootstrap.GradleDaemon 8.0
java_class_path (initial): C:\Users\Mauricio\.gradle\wrapper\dists\gradle-8.0-bin\ca5e32bp14vu59qr306oxotwh\gradle-8.0\lib\gradle-launcher-8.0.jar
Launcher Type: SUN_STANDARD

[Global flags]
     intx CICompilerCount                          = 3                                         {product} {ergonomic}
     uint ConcGCThreads                            = 1                                         {product} {ergonomic}
     uint G1ConcRefinementThreads                  = 4                                         {product} {ergonomic}
   size_t G1HeapRegionSize                         = 1048576                                   {product} {ergonomic}
    uintx GCDrainStackTargetSize                   = 64                                        {product} {ergonomic}
   size_t InitialHeapSize                          = 67108864                                  {product} {ergonomic}
   size_t MarkStackSize                            = 4194304                                   {product} {ergonomic}
   size_t MaxHeapSize                              = 2147483648                                {product} {command line}
   size_t MaxNewSize                               = 1287651328                                {product} {ergonomic}
   size_t MinHeapDeltaBytes                        = 1048576                                   {product} {ergonomic}
   size_t MinHeapSize                              = 8388608                                   {product} {ergonomic}
    uintx NonNMethodCodeHeapSize                   = 5832780                                {pd product} {ergonomic}
    uintx NonProfiledCodeHeapSize                  = 122912730                              {pd product} {ergonomic}
    uintx ProfiledCodeHeapSize                     = 122912730                              {pd product} {ergonomic}
    uintx ReservedCodeCacheSize                    = 251658240                              {pd product} {ergonomic}
     bool SegmentedCodeCache                       = true                                      {product} {ergonomic}
   size_t SoftMaxHeapSize                          = 2147483648                             {manageable} {ergonomic}
     bool UseCompressedClassPointers               = true                           {product lp64_product} {ergonomic}
     bool UseCompressedOops                        = true                           {product lp64_product} {ergonomic}
     bool UseG1GC                                  = true                                      {product} {ergonomic}
     bool UseLargePagesIndividualAllocation        = false                                  {pd product} {ergonomic}

Logging:
Log output configuration:
 #0: stdout all=warning uptime,level,tags
 #1: stderr all=off uptime,level,tags

Environment Variables:
PATH=C:\Program Files (x86)\Common Files\Oracle\Java\javapath;C:\Windows\system32;C:\Windows;C:\Windows\System32\Wbem;C:\Windows\System32\WindowsPowerShell\v1.0\;C:\Windows\System32\OpenSSH\;C:\Program Files\Microsoft SQL Server\Client SDK\ODBC\170\Tools\Binn\;C:\Program Files (x86)\Microsoft SQL Server\150\Tools\Binn\;C:\Program Files\Microsoft SQL Server\150\Tools\Binn\;C:\Program Files\Microsoft SQL Server\150\DTS\Binn\;C:\Program Files (x86)\Microsoft SQL Server\150\DTS\Binn\;C:\Program Files\Azure Data Studio\bin;C:\Users\Mauricio\AppData\Local\Microsoft\WindowsApps;;C:\Program Files\Azure Data Studio\bin;C:\Users\Mauricio\AppData\Local\Programs\Microsoft VS Code\bin
USERNAME=Mauricio
OS=Windows_NT
PROCESSOR_IDENTIFIER=Intel64 Family 6 Model 78 Stepping 3, GenuineIntel
TMP=C:\Users\Mauricio\AppData\Local\Temp
TEMP=C:\Users\Mauricio\AppData\Local\Temp



---------------  S Y S T E M  ---------------

OS:
 Windows 10 , 64 bit Build 19041 (10.0.19041.3031)
OS uptime: 0 days 2:11 hours

CPU: total 4 (initial active 4) (2 cores per cpu, 2 threads per core) family 6 model 78 stepping 3 microcode 0xcc, cx8, cmov, fxsr, ht, mmx, 3dnowpref, sse, sse2, sse3, ssse3, sse4.1, sse4.2, popcnt, lzcnt, tsc, tscinvbit, avx, avx2, aes, erms, clmul, bmi1, bmi2, rtm, adx, fma, vzeroupper, clflush, clflushopt

Memory: 4k page, system-wide physical 3977M (276M free)
TotalPageFile size 6025M (AvailPageFile size 145M)
current process WorkingSet (physical memory assigned to process): 328M, peak: 462M
current process commit charge ("private bytes"): 492M, peak: 645M

vm_info: OpenJDK 64-Bit Server VM (17.0.6+0-b2043.56-9586694) for windows-amd64 JRE (17.0.6+0-b2043.56-9586694), built on Feb  9 2023 20:06:20 by "androidbuild" with MS VC++ 16.10 / 16.11 (VS2019)

END.
